Timing Violation Report Max Delay Analysis

SmartTime Version 
Microsemi Corporation - Microsemi Libero Software Release  (Version 12.700.0.19)
Date: Wed Sep 11 15:55:56 2019


Design: top
Family: PolarFire
Die: MPF300TS
Package: FCG1152
Temperature Range: -40 - 100 C
Voltage Range: 1.0185 - 1.0815 V
Speed Grade: -1
Design State: Post-Layout
Data source: Production
Operating Conditions: slow_lv_ht
Scenario for Timing Analysis: timing_analysis


Path 1
  From: DDR3_0_0/MSC_i_0/MSC_i_1/MSC_i_4/MSC_i_190/MSC_i_191/qm_active_index[0]:CLK
  To:   DDR3_0_0/MSC_i_0/MSC_i_1/MSC_i_4/MSC_i_190/MSC_i_191/pch_bank_addr[0]:EN
  Delay (ns):              3.595
  Slack (ns):              2.229
  Arrival (ns):           10.011
  Required (ns):          12.240

Path 2
  From: DDR3_0_0/MSC_i_0/MSC_i_1/MSC_i_4/MSC_i_190/MSC_i_191/qm_active_index[2]:CLK
  To:   DDR3_0_0/MSC_i_0/MSC_i_1/MSC_i_4/MSC_i_190/MSC_i_191/pch_bank_addr[0]:EN
  Delay (ns):              3.581
  Slack (ns):              2.243
  Arrival (ns):            9.997
  Required (ns):          12.240

Path 3
  From: DDR3_0_0/MSC_i_0/MSC_i_1/MSC_i_4/MSC_i_190/MSC_i_191/qm_active_index[3]:CLK
  To:   DDR3_0_0/MSC_i_0/MSC_i_1/MSC_i_4/MSC_i_190/MSC_i_191/pch_bank_addr[0]:EN
  Delay (ns):              3.561
  Slack (ns):              2.263
  Arrival (ns):            9.977
  Required (ns):          12.240

Path 4
  From: DDR3_0_0/MSC_i_0/MSC_i_1/MSC_i_4/MSC_i_190/init_sm[2]:CLK
  To:   DDR3_0_0/MSC_i_0/MSC_i_1/MSC_i_4/MSC_i_190/MSC_i_191/pch_bank_addr[0]:EN
  Delay (ns):              3.449
  Slack (ns):              2.303
  Arrival (ns):            9.898
  Required (ns):          12.201

Path 5
  From: DDR3_0_0/MSC_i_0/MSC_i_1/MSC_i_4/MSC_i_190/init_sm[4]:CLK
  To:   DDR3_0_0/MSC_i_0/MSC_i_1/MSC_i_4/MSC_i_190/MSC_i_191/pch_bank_addr[0]:EN
  Delay (ns):              3.436
  Slack (ns):              2.316
  Arrival (ns):            9.885
  Required (ns):          12.201

Path 6
  From: DDR3_0_0/MSC_i_0/MSC_i_1/MSC_i_4/MSC_i_190/MSC_i_191/qm_active_index[1]:CLK
  To:   DDR3_0_0/MSC_i_0/MSC_i_1/MSC_i_4/MSC_i_190/MSC_i_191/pch_bank_addr[0]:EN
  Delay (ns):              3.491
  Slack (ns):              2.333
  Arrival (ns):            9.907
  Required (ns):          12.240

Path 7
  From: DDR3_0_0/MSC_i_0/MSC_i_1/MSC_i_4/MSC_i_190/init_sm[3]:CLK
  To:   DDR3_0_0/MSC_i_0/MSC_i_1/MSC_i_4/MSC_i_190/MSC_i_191/pch_bank_addr[0]:EN
  Delay (ns):              3.419
  Slack (ns):              2.333
  Arrival (ns):            9.868
  Required (ns):          12.201

Path 8
  From: DDR3_0_0/MSC_i_0/MSC_i_1/MSC_i_4/MSC_i_190/MSC_i_191/qm_active_index[0]:CLK
  To:   DDR3_0_0/MSC_i_0/MSC_i_1/MSC_i_4/MSC_i_190/MSC_i_191/pch_bank_addr[2]:EN
  Delay (ns):              3.483
  Slack (ns):              2.356
  Arrival (ns):            9.899
  Required (ns):          12.255

Path 9
  From: DDR3_0_0/MSC_i_0/MSC_i_1/MSC_i_4/MSC_i_190/MSC_i_191/wr_ack[2]:CLK
  To:   DDR3_0_0/MSC_i_0/MSC_i_1/MSC_i_4/MSC_i_190/MSC_i_191/pch_bank_addr[0]:EN
  Delay (ns):              3.452
  Slack (ns):              2.360
  Arrival (ns):            9.880
  Required (ns):          12.240

Path 10
  From: DDR3_0_0/MSC_i_0/MSC_i_1/MSC_i_4/MSC_i_190/MSC_i_191/qm_active_index[2]:CLK
  To:   DDR3_0_0/MSC_i_0/MSC_i_1/MSC_i_4/MSC_i_190/MSC_i_191/pch_bank_addr[2]:EN
  Delay (ns):              3.469
  Slack (ns):              2.370
  Arrival (ns):            9.885
  Required (ns):          12.255

Path 11
  From: DDR3_0_0/MSC_i_0/MSC_i_1/MSC_i_4/MSC_i_190/MSC_i_191/MSC_i_208/rw_queued:CLK
  To:   DDR3_0_0/MSC_i_0/MSC_i_1/MSC_i_4/MSC_i_190/MSC_i_191/pch_bank_addr[0]:EN
  Delay (ns):              3.429
  Slack (ns):              2.381
  Arrival (ns):            9.859
  Required (ns):          12.240

Path 12
  From: DDR3_0_0/MSC_i_0/MSC_i_1/MSC_i_4/MSC_i_190/init_sm[5]:CLK
  To:   DDR3_0_0/MSC_i_0/MSC_i_1/MSC_i_4/MSC_i_190/MSC_i_191/pch_bank_addr[0]:EN
  Delay (ns):              3.375
  Slack (ns):              2.383
  Arrival (ns):            9.818
  Required (ns):          12.201

Path 13
  From: DDR3_0_0/MSC_i_0/MSC_i_1/MSC_i_4/MSC_i_190/MSC_i_191/rw_count[2]:CLK
  To:   DDR3_0_0/MSC_i_0/MSC_i_1/MSC_i_4/MSC_i_190/MSC_i_191/pch_bank_addr[0]:EN
  Delay (ns):              3.444
  Slack (ns):              2.387
  Arrival (ns):            9.853
  Required (ns):          12.240

Path 14
  From: DDR3_0_0/MSC_i_0/MSC_i_1/MSC_i_4/MSC_i_190/MSC_i_191/qm_active_index[3]:CLK
  To:   DDR3_0_0/MSC_i_0/MSC_i_1/MSC_i_4/MSC_i_190/MSC_i_191/pch_bank_addr[2]:EN
  Delay (ns):              3.449
  Slack (ns):              2.390
  Arrival (ns):            9.865
  Required (ns):          12.255

Path 15
  From: DDR3_0_0/MSC_i_0/MSC_i_1/MSC_i_4/MSC_i_190/user_pchall_req:CLK
  To:   DDR3_0_0/MSC_i_0/MSC_i_1/MSC_i_4/MSC_i_190/MSC_i_191/pch_bank_addr[0]:EN
  Delay (ns):              3.428
  Slack (ns):              2.394
  Arrival (ns):            9.846
  Required (ns):          12.240

Path 16
  From: DDR3_0_0/MSC_i_0/MSC_i_1/MSC_i_4/MSC_i_190/init_sm[1]:CLK
  To:   DDR3_0_0/MSC_i_0/MSC_i_1/MSC_i_4/MSC_i_190/MSC_i_191/pch_bank_addr[0]:EN
  Delay (ns):              3.356
  Slack (ns):              2.397
  Arrival (ns):            9.804
  Required (ns):          12.201

Path 17
  From: DDR3_0_0/MSC_i_0/MSC_i_1/MSC_i_4/MSC_i_190/init_sm[0]:CLK
  To:   DDR3_0_0/MSC_i_0/MSC_i_1/MSC_i_4/MSC_i_190/MSC_i_191/pch_bank_addr[0]:EN
  Delay (ns):              3.350
  Slack (ns):              2.402
  Arrival (ns):            9.799
  Required (ns):          12.201

Path 18
  From: DDR3_0_0/MSC_i_0/MSC_i_1/MSC_i_225/MSC_i_226/cal_init_mr_addr_1[0]:CLK
  To:   DDR3_0_0/MSC_i_0/MSC_i_1/MSC_i_4/MSC_i_190/MSC_i_191/pch_bank_addr[0]:EN
  Delay (ns):              3.356
  Slack (ns):              2.404
  Arrival (ns):            9.797
  Required (ns):          12.201

Path 19
  From: DDR3_0_0/MSC_i_0/MSC_i_1/MSC_i_4/MSC_i_190/init_sm[2]:CLK
  To:   DDR3_0_0/MSC_i_0/MSC_i_1/MSC_i_4/MSC_i_190/MSC_i_191/pch_bank_addr[2]:EN
  Delay (ns):              3.337
  Slack (ns):              2.405
  Arrival (ns):            9.786
  Required (ns):          12.191

Path 20
  From: DDR3_0_0/MSC_i_0/MSC_i_1/MSC_i_4/MSC_i_190/init_sm[4]:CLK
  To:   DDR3_0_0/MSC_i_0/MSC_i_1/MSC_i_4/MSC_i_190/MSC_i_191/pch_bank_addr[2]:EN
  Delay (ns):              3.324
  Slack (ns):              2.418
  Arrival (ns):            9.773
  Required (ns):          12.191

Path 21
  From: DDR3_0_0/MSC_i_0/MSC_i_1/MSC_i_225/MSC_i_226/cal_select:CLK
  To:   DDR3_0_0/MSC_i_0/MSC_i_1/MSC_i_4/MSC_i_190/MSC_i_191/pch_bank_addr[0]:EN
  Delay (ns):              3.341
  Slack (ns):              2.420
  Arrival (ns):            9.781
  Required (ns):          12.201

Path 22
  From: DDR3_0_0/MSC_i_0/MSC_i_1/MSC_i_225/MSC_i_226/cal_init_mr_addr_1[1]:CLK
  To:   DDR3_0_0/MSC_i_0/MSC_i_1/MSC_i_4/MSC_i_190/MSC_i_191/pch_bank_addr[0]:EN
  Delay (ns):              3.339
  Slack (ns):              2.421
  Arrival (ns):            9.780
  Required (ns):          12.201

Path 23
  From: DDR3_0_0/MSC_i_0/MSC_i_1/MSC_i_4/MSC_i_190/init_sm[3]:CLK
  To:   DDR3_0_0/MSC_i_0/MSC_i_1/MSC_i_4/MSC_i_190/MSC_i_191/pch_bank_addr[2]:EN
  Delay (ns):              3.307
  Slack (ns):              2.435
  Arrival (ns):            9.756
  Required (ns):          12.191

Path 24
  From: DDR3_0_0/MSC_i_0/MSC_i_1/MSC_i_4/MSC_i_190/MSC_i_191/qm_active_index[1]:CLK
  To:   DDR3_0_0/MSC_i_0/MSC_i_1/MSC_i_4/MSC_i_190/MSC_i_191/pch_bank_addr[2]:EN
  Delay (ns):              3.379
  Slack (ns):              2.460
  Arrival (ns):            9.795
  Required (ns):          12.255

Path 25
  From: DDR3_0_0/MSC_i_0/MSC_i_1/MSC_i_225/MSC_i_226/cal_init_mr_addr_1[2]:CLK
  To:   DDR3_0_0/MSC_i_0/MSC_i_1/MSC_i_4/MSC_i_190/MSC_i_191/pch_bank_addr[0]:EN
  Delay (ns):              3.279
  Slack (ns):              2.481
  Arrival (ns):            9.720
  Required (ns):          12.201

Path 26
  From: DDR3_0_0/MSC_i_0/MSC_i_1/MSC_i_225/MSC_i_226/cal_init_mr_addr_1[5]:CLK
  To:   DDR3_0_0/MSC_i_0/MSC_i_1/MSC_i_4/MSC_i_190/MSC_i_191/pch_bank_addr[0]:EN
  Delay (ns):              3.334
  Slack (ns):              2.484
  Arrival (ns):            9.756
  Required (ns):          12.240

Path 27
  From: DDR3_0_0/MSC_i_0/MSC_i_1/MSC_i_4/MSC_i_190/init_sm[5]:CLK
  To:   DDR3_0_0/MSC_i_0/MSC_i_1/MSC_i_4/MSC_i_190/MSC_i_191/pch_bank_addr[2]:EN
  Delay (ns):              3.263
  Slack (ns):              2.485
  Arrival (ns):            9.706
  Required (ns):          12.191

Path 28
  From: DDR3_0_0/MSC_i_0/MSC_i_1/MSC_i_4/MSC_i_190/MSC_i_191/wr_ack[2]:CLK
  To:   DDR3_0_0/MSC_i_0/MSC_i_1/MSC_i_4/MSC_i_190/MSC_i_191/pch_bank_addr[2]:EN
  Delay (ns):              3.340
  Slack (ns):              2.487
  Arrival (ns):            9.768
  Required (ns):          12.255

Path 29
  From: DDR3_0_0/MSC_i_0/MSC_i_1/MSC_i_4/MSC_i_190/MSC_i_191/rw_count[2]:CLK
  To:   DDR3_0_0/MSC_i_0/MSC_i_1/MSC_i_4/MSC_i_190/MSC_i_191/pch_bank_addr[2]:EN
  Delay (ns):              3.332
  Slack (ns):              2.489
  Arrival (ns):            9.741
  Required (ns):          12.230

Path 30
  From: DDR3_0_0/MSC_i_0/MSC_i_1/MSC_i_4/MSC_i_190/MSC_i_191/mpr_mode_reg:CLK
  To:   DDR3_0_0/MSC_i_0/MSC_i_1/MSC_i_4/MSC_i_190/MSC_i_191/pch_bank_addr[0]:EN
  Delay (ns):              3.328
  Slack (ns):              2.497
  Arrival (ns):            9.743
  Required (ns):          12.240

Path 31
  From: DDR3_0_0/MSC_i_0/MSC_i_1/MSC_i_4/MSC_i_190/init_sm[1]:CLK
  To:   DDR3_0_0/MSC_i_0/MSC_i_1/MSC_i_4/MSC_i_190/MSC_i_191/pch_bank_addr[2]:EN
  Delay (ns):              3.244
  Slack (ns):              2.499
  Arrival (ns):            9.692
  Required (ns):          12.191

Path 32
  From: DDR3_0_0/MSC_i_0/MSC_i_1/MSC_i_4/MSC_i_190/init_sm[0]:CLK
  To:   DDR3_0_0/MSC_i_0/MSC_i_1/MSC_i_4/MSC_i_190/MSC_i_191/pch_bank_addr[2]:EN
  Delay (ns):              3.238
  Slack (ns):              2.504
  Arrival (ns):            9.687
  Required (ns):          12.191

Path 33
  From: DDR3_0_0/MSC_i_0/MSC_i_1/MSC_i_4/MSC_i_190/reset_removal_sr[3]:CLK
  To:   DDR3_0_0/MSC_i_0/MSC_i_1/MSC_i_4/MSC_i_190/MSC_i_191/pch_bank_addr[0]:EN
  Delay (ns):              3.307
  Slack (ns):              2.505
  Arrival (ns):            9.735
  Required (ns):          12.240

Path 34
  From: DDR3_0_0/MSC_i_0/MSC_i_1/MSC_i_225/MSC_i_226/cal_init_mr_addr_1[0]:CLK
  To:   DDR3_0_0/MSC_i_0/MSC_i_1/MSC_i_4/MSC_i_190/MSC_i_191/pch_bank_addr[2]:EN
  Delay (ns):              3.244
  Slack (ns):              2.506
  Arrival (ns):            9.685
  Required (ns):          12.191

Path 35
  From: DDR3_0_0/MSC_i_0/MSC_i_1/MSC_i_4/MSC_i_190/MSC_i_191/MSC_i_208/rw_queued:CLK
  To:   DDR3_0_0/MSC_i_0/MSC_i_1/MSC_i_4/MSC_i_190/MSC_i_191/pch_bank_addr[2]:EN
  Delay (ns):              3.317
  Slack (ns):              2.508
  Arrival (ns):            9.747
  Required (ns):          12.255

Path 36
  From: DDR3_0_0/MSC_i_0/MSC_i_1/MSC_i_4/MSC_i_190/user_mr_w_req:CLK
  To:   DDR3_0_0/MSC_i_0/MSC_i_1/MSC_i_4/MSC_i_190/MSC_i_191/pch_bank_addr[0]:EN
  Delay (ns):              3.255
  Slack (ns):              2.508
  Arrival (ns):            9.693
  Required (ns):          12.201

Path 37
  From: DDR3_0_0/MSC_i_0/MSC_i_1/MSC_i_4/MSC_i_190/user_pchall_req:CLK
  To:   DDR3_0_0/MSC_i_0/MSC_i_1/MSC_i_4/MSC_i_190/MSC_i_191/pch_bank_addr[2]:EN
  Delay (ns):              3.316
  Slack (ns):              2.508
  Arrival (ns):            9.734
  Required (ns):          12.242

Path 38
  From: DDR3_0_0/MSC_i_0/MSC_i_1/MSC_i_4/MSC_i_190/MSC_i_191/wr_ack[0]:CLK
  To:   DDR3_0_0/MSC_i_0/MSC_i_1/MSC_i_4/MSC_i_190/MSC_i_191/pch_bank_addr[0]:EN
  Delay (ns):              3.299
  Slack (ns):              2.511
  Arrival (ns):            9.729
  Required (ns):          12.240

Path 39
  From: DDR3_0_0/MSC_i_0/MSC_i_1/MSC_i_4/MSC_i_190/init_sm[4]:CLK
  To:   DDR3_0_0/MSC_i_0/MSC_i_1/MSC_i_4/MSC_i_190/MSC_i_191/precharge_ob[0]:D
  Delay (ns):              3.356
  Slack (ns):              2.515
  Arrival (ns):            9.805
  Required (ns):          12.320

Path 40
  From: DDR3_0_0/MSC_i_0/MSC_i_1/MSC_i_4/MSC_i_190/init_sm[4]:CLK
  To:   DDR3_0_0/MSC_i_0/MSC_i_1/MSC_i_4/MSC_i_190/MSC_i_191/precharge_ob[1]:D
  Delay (ns):              3.353
  Slack (ns):              2.518
  Arrival (ns):            9.802
  Required (ns):          12.320

Path 41
  From: DDR3_0_0/MSC_i_0/MSC_i_1/MSC_i_225/MSC_i_226/cal_select:CLK
  To:   DDR3_0_0/MSC_i_0/MSC_i_1/MSC_i_4/MSC_i_190/MSC_i_191/pch_bank_addr[2]:EN
  Delay (ns):              3.229
  Slack (ns):              2.522
  Arrival (ns):            9.669
  Required (ns):          12.191

Path 42
  From: DDR3_0_0/MSC_i_0/MSC_i_1/MSC_i_225/MSC_i_226/cal_init_mr_addr_1[1]:CLK
  To:   DDR3_0_0/MSC_i_0/MSC_i_1/MSC_i_4/MSC_i_190/MSC_i_191/pch_bank_addr[2]:EN
  Delay (ns):              3.227
  Slack (ns):              2.523
  Arrival (ns):            9.668
  Required (ns):          12.191

Path 43
  From: DDR3_0_0/MSC_i_0/MSC_i_1/MSC_i_4/MSC_i_190/MSC_i_191/rw_count[3]:CLK
  To:   DDR3_0_0/MSC_i_0/MSC_i_1/MSC_i_4/MSC_i_190/MSC_i_191/pch_bank_addr[0]:EN
  Delay (ns):              3.306
  Slack (ns):              2.525
  Arrival (ns):            9.715
  Required (ns):          12.240

Path 44
  From: DDR3_0_0/MSC_i_0/MSC_i_1/MSC_i_4/MSC_i_190/init_sm[4]:CLK
  To:   DDR3_0_0/MSC_i_0/MSC_i_1/MSC_i_4/MSC_i_190/MSC_i_191/precharge_ob[2]:D
  Delay (ns):              3.342
  Slack (ns):              2.528
  Arrival (ns):            9.791
  Required (ns):          12.319

Path 45
  From: DDR3_0_0/MSC_i_0/MSC_i_1/MSC_i_4/MSC_i_190/init_sm[4]:CLK
  To:   DDR3_0_0/MSC_i_0/MSC_i_1/MSC_i_4/MSC_i_190/MSC_i_191/precharge_ob[3]:D
  Delay (ns):              3.341
  Slack (ns):              2.530
  Arrival (ns):            9.790
  Required (ns):          12.320

Path 46
  From: DDR3_0_0/MSC_i_0/MSC_i_1/MSC_i_225/MSC_i_226/cal_init_mr_addr_1[4]:CLK
  To:   DDR3_0_0/MSC_i_0/MSC_i_1/MSC_i_4/MSC_i_190/MSC_i_191/pch_bank_addr[0]:EN
  Delay (ns):              3.284
  Slack (ns):              2.534
  Arrival (ns):            9.706
  Required (ns):          12.240

Path 47
  From: DDR3_0_0/MSC_i_0/MSC_i_1/MSC_i_4/MSC_i_190/init_sm[3]:CLK
  To:   DDR3_0_0/MSC_i_0/MSC_i_1/MSC_i_4/MSC_i_190/MSC_i_191/precharge_ob[0]:D
  Delay (ns):              3.337
  Slack (ns):              2.534
  Arrival (ns):            9.786
  Required (ns):          12.320

Path 48
  From: DDR3_0_0/MSC_i_0/MSC_i_1/MSC_i_4/MSC_i_190/init_sm[3]:CLK
  To:   DDR3_0_0/MSC_i_0/MSC_i_1/MSC_i_4/MSC_i_190/MSC_i_191/precharge_ob[1]:D
  Delay (ns):              3.334
  Slack (ns):              2.537
  Arrival (ns):            9.783
  Required (ns):          12.320

Path 49
  From: DDR3_0_0/MSC_i_0/MSC_i_1/MSC_i_4/MSC_i_190/init_sm[4]:CLK
  To:   DDR3_0_0/MSC_i_0/MSC_i_1/MSC_i_4/MSC_i_190/MSC_i_191/precharge_cs[0]:D
  Delay (ns):              3.331
  Slack (ns):              2.539
  Arrival (ns):            9.780
  Required (ns):          12.319

Path 50
  From: DDR3_0_0/MSC_i_0/MSC_i_1/MSC_i_4/MSC_i_190/MSC_i_191/MSC_i_204/rw_queued:CLK
  To:   DDR3_0_0/MSC_i_0/MSC_i_1/MSC_i_4/MSC_i_190/MSC_i_191/pch_bank_addr[0]:EN
  Delay (ns):              3.264
  Slack (ns):              2.546
  Arrival (ns):            9.694
  Required (ns):          12.240

Path 51
  From: DDR3_0_0/MSC_i_0/MSC_i_1/MSC_i_4/MSC_i_190/init_sm[3]:CLK
  To:   DDR3_0_0/MSC_i_0/MSC_i_1/MSC_i_4/MSC_i_190/MSC_i_191/precharge_ob[2]:D
  Delay (ns):              3.323
  Slack (ns):              2.547
  Arrival (ns):            9.772
  Required (ns):          12.319

Path 52
  From: DDR3_0_0/MSC_i_0/MSC_i_1/MSC_i_4/MSC_i_190/init_sm[3]:CLK
  To:   DDR3_0_0/MSC_i_0/MSC_i_1/MSC_i_4/MSC_i_190/MSC_i_191/precharge_ob[3]:D
  Delay (ns):              3.322
  Slack (ns):              2.549
  Arrival (ns):            9.771
  Required (ns):          12.320

Path 53
  From: DDR3_0_0/MSC_i_0/MSC_i_1/MSC_i_4/MSC_i_190/init_sm[3]:CLK
  To:   DDR3_0_0/MSC_i_0/MSC_i_1/MSC_i_4/MSC_i_190/MSC_i_191/precharge_cs[0]:D
  Delay (ns):              3.312
  Slack (ns):              2.558
  Arrival (ns):            9.761
  Required (ns):          12.319

Path 54
  From: DDR3_0_0/MSC_i_0/MSC_i_1/MSC_i_225/MSC_i_226/cal_init_mr_addr_1[3]:CLK
  To:   DDR3_0_0/MSC_i_0/MSC_i_1/MSC_i_4/MSC_i_190/MSC_i_191/pch_bank_addr[0]:EN
  Delay (ns):              3.247
  Slack (ns):              2.571
  Arrival (ns):            9.669
  Required (ns):          12.240

Path 55
  From: DDR3_0_0/MSC_i_0/MSC_i_1/MSC_i_4/MSC_i_190/MSC_i_191/wr_ack[1]:CLK
  To:   DDR3_0_0/MSC_i_0/MSC_i_1/MSC_i_4/MSC_i_190/MSC_i_191/pch_bank_addr[0]:EN
  Delay (ns):              3.254
  Slack (ns):              2.571
  Arrival (ns):            9.669
  Required (ns):          12.240

Path 56
  From: DDR3_0_0/MSC_i_0/MSC_i_1/MSC_i_4/MSC_i_190/init_sm[2]:CLK
  To:   DDR3_0_0/MSC_i_0/MSC_i_1/MSC_i_4/MSC_i_190/MSC_i_191/precharge_ob[0]:D
  Delay (ns):              3.299
  Slack (ns):              2.572
  Arrival (ns):            9.748
  Required (ns):          12.320

Path 57
  From: DDR3_0_0/MSC_i_0/MSC_i_1/MSC_i_4/MSC_i_190/init_sm[2]:CLK
  To:   DDR3_0_0/MSC_i_0/MSC_i_1/MSC_i_4/MSC_i_190/MSC_i_191/precharge_ob[1]:D
  Delay (ns):              3.296
  Slack (ns):              2.575
  Arrival (ns):            9.745
  Required (ns):          12.320

Path 58
  From: DDR3_0_0/MSC_i_0/MSC_i_1/MSC_i_4/MSC_i_190/rf_req:CLK
  To:   DDR3_0_0/MSC_i_0/MSC_i_1/MSC_i_4/MSC_i_190/MSC_i_191/pch_bank_addr[0]:EN
  Delay (ns):              3.182
  Slack (ns):              2.577
  Arrival (ns):            9.624
  Required (ns):          12.201

Path 59
  From: DDR3_0_0/MSC_i_0/MSC_i_1/MSC_i_4/MSC_i_190/MSC_i_191/rw:CLK
  To:   DDR3_0_0/MSC_i_0/MSC_i_1/MSC_i_4/MSC_i_190/MSC_i_191/pch_bank_addr[0]:EN
  Delay (ns):              3.252
  Slack (ns):              2.579
  Arrival (ns):            9.661
  Required (ns):          12.240

Path 60
  From: DDR3_0_0/MSC_i_0/MSC_i_1/MSC_i_4/MSC_i_190/init_sm[5]:CLK
  To:   DDR3_0_0/MSC_i_0/MSC_i_1/MSC_i_4/MSC_i_190/MSC_i_191/precharge_ob[0]:D
  Delay (ns):              3.295
  Slack (ns):              2.582
  Arrival (ns):            9.738
  Required (ns):          12.320

Path 61
  From: DDR3_0_0/MSC_i_0/MSC_i_1/MSC_i_225/MSC_i_226/cal_init_mr_addr_1[2]:CLK
  To:   DDR3_0_0/MSC_i_0/MSC_i_1/MSC_i_4/MSC_i_190/MSC_i_191/pch_bank_addr[2]:EN
  Delay (ns):              3.167
  Slack (ns):              2.583
  Arrival (ns):            9.608
  Required (ns):          12.191

Path 62
  From: DDR3_0_0/MSC_i_0/MSC_i_1/MSC_i_4/MSC_i_190/init_sm[5]:CLK
  To:   DDR3_0_0/MSC_i_0/MSC_i_1/MSC_i_4/MSC_i_190/MSC_i_191/precharge_ob[1]:D
  Delay (ns):              3.292
  Slack (ns):              2.585
  Arrival (ns):            9.735
  Required (ns):          12.320

Path 63
  From: DDR3_0_0/MSC_i_0/MSC_i_1/MSC_i_4/MSC_i_190/init_sm[2]:CLK
  To:   DDR3_0_0/MSC_i_0/MSC_i_1/MSC_i_4/MSC_i_190/MSC_i_191/precharge_ob[2]:D
  Delay (ns):              3.284
  Slack (ns):              2.586
  Arrival (ns):            9.733
  Required (ns):          12.319

Path 64
  From: DDR3_0_0/MSC_i_0/MSC_i_1/MSC_i_4/MSC_i_190/init_sm[2]:CLK
  To:   DDR3_0_0/MSC_i_0/MSC_i_1/MSC_i_4/MSC_i_190/MSC_i_191/precharge_ob[3]:D
  Delay (ns):              3.283
  Slack (ns):              2.588
  Arrival (ns):            9.732
  Required (ns):          12.320

Path 65
  From: DDR3_0_0/MSC_i_0/MSC_i_1/MSC_i_4/MSC_i_190/init_sm[5]:CLK
  To:   DDR3_0_0/MSC_i_0/MSC_i_1/MSC_i_4/MSC_i_190/MSC_i_191/precharge_ob[2]:D
  Delay (ns):              3.281
  Slack (ns):              2.595
  Arrival (ns):            9.724
  Required (ns):          12.319

Path 66
  From: DDR3_0_0/MSC_i_0/MSC_i_1/MSC_i_4/MSC_i_190/init_sm[5]:CLK
  To:   DDR3_0_0/MSC_i_0/MSC_i_1/MSC_i_4/MSC_i_190/MSC_i_191/precharge_ob[3]:D
  Delay (ns):              3.280
  Slack (ns):              2.597
  Arrival (ns):            9.723
  Required (ns):          12.320

Path 67
  From: DDR3_0_0/MSC_i_0/MSC_i_1/MSC_i_225/MSC_i_226/cal_init_mr_addr_1[5]:CLK
  To:   DDR3_0_0/MSC_i_0/MSC_i_1/MSC_i_4/MSC_i_190/MSC_i_191/pch_bank_addr[2]:EN
  Delay (ns):              3.222
  Slack (ns):              2.598
  Arrival (ns):            9.644
  Required (ns):          12.242

Path 68
  From: DDR3_0_0/MSC_i_0/MSC_i_1/MSC_i_4/MSC_i_190/init_sm[2]:CLK
  To:   DDR3_0_0/MSC_i_0/MSC_i_1/MSC_i_4/MSC_i_190/MSC_i_191/precharge_cs[0]:D
  Delay (ns):              3.272
  Slack (ns):              2.598
  Arrival (ns):            9.721
  Required (ns):          12.319

Path 69
  From: DDR3_0_0/MSC_i_0/MSC_i_1/MSC_i_4/MSC_i_190/init_sm[5]:CLK
  To:   DDR3_0_0/MSC_i_0/MSC_i_1/MSC_i_4/MSC_i_190/MSC_i_191/precharge_cs[0]:D
  Delay (ns):              3.270
  Slack (ns):              2.606
  Arrival (ns):            9.713
  Required (ns):          12.319

Path 70
  From: DDR3_0_0/MSC_i_0/MSC_i_1/MSC_i_4/MSC_i_190/reset_removal_sr[3]:CLK
  To:   DDR3_0_0/MSC_i_0/MSC_i_1/MSC_i_4/MSC_i_190/MSC_i_191/pch_bank_addr[2]:EN
  Delay (ns):              3.195
  Slack (ns):              2.607
  Arrival (ns):            9.623
  Required (ns):          12.230

Path 71
  From: DDR3_0_0/MSC_i_0/MSC_i_1/MSC_i_4/MSC_i_190/init_sm[0]:CLK
  To:   DDR3_0_0/MSC_i_0/MSC_i_1/MSC_i_4/MSC_i_190/MSC_i_191/precharge_ob[0]:D
  Delay (ns):              3.263
  Slack (ns):              2.608
  Arrival (ns):            9.712
  Required (ns):          12.320

Path 72
  From: DDR3_0_0/MSC_i_0/MSC_i_1/MSC_i_4/MSC_i_190/user_mr_w_req:CLK
  To:   DDR3_0_0/MSC_i_0/MSC_i_1/MSC_i_4/MSC_i_190/MSC_i_191/pch_bank_addr[2]:EN
  Delay (ns):              3.143
  Slack (ns):              2.610
  Arrival (ns):            9.581
  Required (ns):          12.191

Path 73
  From: DDR3_0_0/MSC_i_0/MSC_i_1/MSC_i_4/MSC_i_190/MSC_i_191/mpr_mode_reg:CLK
  To:   DDR3_0_0/MSC_i_0/MSC_i_1/MSC_i_4/MSC_i_190/MSC_i_191/pch_bank_addr[2]:EN
  Delay (ns):              3.216
  Slack (ns):              2.611
  Arrival (ns):            9.631
  Required (ns):          12.242

Path 74
  From: DDR3_0_0/MSC_i_0/MSC_i_1/MSC_i_4/MSC_i_190/init_sm[0]:CLK
  To:   DDR3_0_0/MSC_i_0/MSC_i_1/MSC_i_4/MSC_i_190/MSC_i_191/precharge_ob[1]:D
  Delay (ns):              3.260
  Slack (ns):              2.611
  Arrival (ns):            9.709
  Required (ns):          12.320

Path 75
  From: DDR3_0_0/MSC_i_0/MSC_i_1/MSC_i_4/MSC_i_190/mr_reload_sm[3]:CLK
  To:   DDR3_0_0/MSC_i_0/MSC_i_1/MSC_i_4/MSC_i_190/MSC_i_191/pch_bank_addr[0]:EN
  Delay (ns):              3.207
  Slack (ns):              2.612
  Arrival (ns):            9.628
  Required (ns):          12.240

Path 76
  From: DDR3_0_0/MSC_i_0/MSC_i_1/MSC_i_225/MSC_i_226/cal_init_mr_addr_1[1]:CLK
  To:   DDR3_0_0/MSC_i_0/MSC_i_1/MSC_i_4/MSC_i_190/MSC_i_191/precharge_ob[0]:D
  Delay (ns):              3.259
  Slack (ns):              2.620
  Arrival (ns):            9.700
  Required (ns):          12.320

Path 77
  From: DDR3_0_0/MSC_i_0/MSC_i_1/MSC_i_4/MSC_i_190/init_sm[0]:CLK
  To:   DDR3_0_0/MSC_i_0/MSC_i_1/MSC_i_4/MSC_i_190/MSC_i_191/precharge_ob[2]:D
  Delay (ns):              3.249
  Slack (ns):              2.621
  Arrival (ns):            9.698
  Required (ns):          12.319

Path 78
  From: DDR3_0_0/MSC_i_0/MSC_i_1/MSC_i_225/MSC_i_226/cal_init_mr_addr_1[1]:CLK
  To:   DDR3_0_0/MSC_i_0/MSC_i_1/MSC_i_4/MSC_i_190/MSC_i_191/precharge_ob[1]:D
  Delay (ns):              3.256
  Slack (ns):              2.623
  Arrival (ns):            9.697
  Required (ns):          12.320

Path 79
  From: DDR3_0_0/MSC_i_0/MSC_i_1/MSC_i_4/MSC_i_190/MSC_i_191/rw_count[1]:CLK
  To:   DDR3_0_0/MSC_i_0/MSC_i_1/MSC_i_4/MSC_i_190/MSC_i_191/pch_bank_addr[0]:EN
  Delay (ns):              3.209
  Slack (ns):              2.623
  Arrival (ns):            9.617
  Required (ns):          12.240

Path 80
  From: DDR3_0_0/MSC_i_0/MSC_i_1/MSC_i_4/MSC_i_190/init_sm[0]:CLK
  To:   DDR3_0_0/MSC_i_0/MSC_i_1/MSC_i_4/MSC_i_190/MSC_i_191/precharge_ob[3]:D
  Delay (ns):              3.248
  Slack (ns):              2.623
  Arrival (ns):            9.697
  Required (ns):          12.320

Path 81
  From: DDR3_0_0/MSC_i_0/MSC_i_1/MSC_i_4/MSC_i_190/MSC_i_191/rw_count[3]:CLK
  To:   DDR3_0_0/MSC_i_0/MSC_i_1/MSC_i_4/MSC_i_190/MSC_i_191/pch_bank_addr[2]:EN
  Delay (ns):              3.194
  Slack (ns):              2.627
  Arrival (ns):            9.603
  Required (ns):          12.230

Path 82
  From: DDR3_0_0/MSC_i_0/MSC_i_1/MSC_i_4/MSC_i_190/MSC_i_191/zq_cal_busy:CLK
  To:   DDR3_0_0/MSC_i_0/MSC_i_1/MSC_i_4/MSC_i_190/MSC_i_191/pch_bank_addr[0]:EN
  Delay (ns):              3.149
  Slack (ns):              2.629
  Arrival (ns):            9.572
  Required (ns):          12.201

Path 83
  From: DDR3_0_0/MSC_i_0/MSC_i_1/MSC_i_4/MSC_i_190/mr_reload_sm[5]:CLK
  To:   DDR3_0_0/MSC_i_0/MSC_i_1/MSC_i_4/MSC_i_190/MSC_i_191/pch_bank_addr[0]:EN
  Delay (ns):              3.125
  Slack (ns):              2.630
  Arrival (ns):            9.571
  Required (ns):          12.201

Path 84
  From: DDR3_0_0/MSC_i_0/MSC_i_1/MSC_i_4/MSC_i_190/init_sm[0]:CLK
  To:   DDR3_0_0/MSC_i_0/MSC_i_1/MSC_i_4/MSC_i_190/MSC_i_191/precharge_cs[0]:D
  Delay (ns):              3.238
  Slack (ns):              2.632
  Arrival (ns):            9.687
  Required (ns):          12.319

Path 85
  From: DDR3_0_0/MSC_i_0/MSC_i_1/MSC_i_225/MSC_i_226/cal_init_mr_addr_1[1]:CLK
  To:   DDR3_0_0/MSC_i_0/MSC_i_1/MSC_i_4/MSC_i_190/MSC_i_191/precharge_ob[2]:D
  Delay (ns):              3.245
  Slack (ns):              2.633
  Arrival (ns):            9.686
  Required (ns):          12.319

Path 86
  From: DDR3_0_0/MSC_i_0/MSC_i_1/MSC_i_4/MSC_i_190/MSC_i_191/MSC_i_192/MSC_i_193/rank_wtr_expired:CLK
  To:   DDR3_0_0/MSC_i_0/MSC_i_1/MSC_i_4/MSC_i_190/MSC_i_191/pch_bank_addr[0]:EN
  Delay (ns):              3.198
  Slack (ns):              2.633
  Arrival (ns):            9.607
  Required (ns):          12.240

Path 87
  From: DDR3_0_0/MSC_i_0/MSC_i_1/MSC_i_225/MSC_i_226/cal_init_mr_addr_1[1]:CLK
  To:   DDR3_0_0/MSC_i_0/MSC_i_1/MSC_i_4/MSC_i_190/MSC_i_191/precharge_ob[3]:D
  Delay (ns):              3.244
  Slack (ns):              2.635
  Arrival (ns):            9.685
  Required (ns):          12.320

Path 88
  From: DDR3_0_0/MSC_i_0/MSC_i_1/MSC_i_4/MSC_i_190/MSC_i_191/dowrite:CLK
  To:   DDR3_0_0/MSC_i_0/MSC_i_1/MSC_i_4/MSC_i_190/MSC_i_191/pch_bank_addr[0]:EN
  Delay (ns):              3.173
  Slack (ns):              2.638
  Arrival (ns):            9.602
  Required (ns):          12.240

Path 89
  From: DDR3_0_0/MSC_i_0/MSC_i_1/MSC_i_4/MSC_i_190/MSC_i_191/wr_ack[0]:CLK
  To:   DDR3_0_0/MSC_i_0/MSC_i_1/MSC_i_4/MSC_i_190/MSC_i_191/pch_bank_addr[2]:EN
  Delay (ns):              3.187
  Slack (ns):              2.638
  Arrival (ns):            9.617
  Required (ns):          12.255

Path 90
  From: DDR3_0_0/MSC_i_0/MSC_i_1/MSC_i_225/MSC_i_226/cal_init_mr_addr_1[1]:CLK
  To:   DDR3_0_0/MSC_i_0/MSC_i_1/MSC_i_4/MSC_i_190/MSC_i_191/precharge_cs[0]:D
  Delay (ns):              3.234
  Slack (ns):              2.644
  Arrival (ns):            9.675
  Required (ns):          12.319

Path 91
  From: DDR3_0_0/MSC_i_0/MSC_i_1/MSC_i_225/MSC_i_226/cal_init_mr_addr_1[4]:CLK
  To:   DDR3_0_0/MSC_i_0/MSC_i_1/MSC_i_4/MSC_i_190/MSC_i_191/pch_bank_addr[2]:EN
  Delay (ns):              3.172
  Slack (ns):              2.648
  Arrival (ns):            9.594
  Required (ns):          12.242

Path 92
  From: DDR3_0_0/MSC_i_0/MSC_i_1/MSC_i_4/MSC_i_190/init_sm[1]:CLK
  To:   DDR3_0_0/MSC_i_0/MSC_i_1/MSC_i_4/MSC_i_190/MSC_i_191/precharge_ob[0]:D
  Delay (ns):              3.223
  Slack (ns):              2.649
  Arrival (ns):            9.671
  Required (ns):          12.320

Path 93
  From: DDR3_0_0/MSC_i_0/MSC_i_1/MSC_i_4/MSC_i_190/mr_reload_sm[2]:CLK
  To:   DDR3_0_0/MSC_i_0/MSC_i_1/MSC_i_4/MSC_i_190/MSC_i_191/pch_bank_addr[0]:EN
  Delay (ns):              3.169
  Slack (ns):              2.650
  Arrival (ns):            9.590
  Required (ns):          12.240

Path 94
  From: DDR3_0_0/MSC_i_0/MSC_i_1/MSC_i_4/MSC_i_190/init_sm[1]:CLK
  To:   DDR3_0_0/MSC_i_0/MSC_i_1/MSC_i_4/MSC_i_190/MSC_i_191/precharge_ob[1]:D
  Delay (ns):              3.220
  Slack (ns):              2.652
  Arrival (ns):            9.668
  Required (ns):          12.320

Path 95
  From: DDR3_0_0/MSC_i_0/MSC_i_1/MSC_i_225/MSC_i_226/cal_select:CLK
  To:   DDR3_0_0/MSC_i_0/MSC_i_1/MSC_i_4/MSC_i_190/MSC_i_191/precharge_ob[0]:D
  Delay (ns):              3.220
  Slack (ns):              2.660
  Arrival (ns):            9.660
  Required (ns):          12.320

Path 96
  From: DDR3_0_0/MSC_i_0/MSC_i_1/MSC_i_4/MSC_i_190/init_sm[1]:CLK
  To:   DDR3_0_0/MSC_i_0/MSC_i_1/MSC_i_4/MSC_i_190/MSC_i_191/precharge_ob[2]:D
  Delay (ns):              3.209
  Slack (ns):              2.662
  Arrival (ns):            9.657
  Required (ns):          12.319

Path 97
  From: DDR3_0_0/MSC_i_0/MSC_i_1/MSC_i_225/MSC_i_226/cal_select:CLK
  To:   DDR3_0_0/MSC_i_0/MSC_i_1/MSC_i_4/MSC_i_190/MSC_i_191/precharge_ob[1]:D
  Delay (ns):              3.217
  Slack (ns):              2.663
  Arrival (ns):            9.657
  Required (ns):          12.320

Path 98
  From: DDR3_0_0/MSC_i_0/MSC_i_1/MSC_i_4/MSC_i_190/init_sm[1]:CLK
  To:   DDR3_0_0/MSC_i_0/MSC_i_1/MSC_i_4/MSC_i_190/MSC_i_191/precharge_ob[3]:D
  Delay (ns):              3.208
  Slack (ns):              2.664
  Arrival (ns):            9.656
  Required (ns):          12.320

Path 99
  From: DDR3_0_0/MSC_i_0/MSC_i_1/MSC_i_225/MSC_i_226/cal_init_mr_addr_1[0]:CLK
  To:   DDR3_0_0/MSC_i_0/MSC_i_1/MSC_i_4/MSC_i_190/MSC_i_191/precharge_ob[0]:D
  Delay (ns):              3.208
  Slack (ns):              2.671
  Arrival (ns):            9.649
  Required (ns):          12.320

Path 100
  From: DDR3_0_0/MSC_i_0/MSC_i_1/MSC_i_225/MSC_i_226/cal_select:CLK
  To:   DDR3_0_0/MSC_i_0/MSC_i_1/MSC_i_4/MSC_i_190/MSC_i_191/precharge_ob[2]:D
  Delay (ns):              3.206
  Slack (ns):              2.673
  Arrival (ns):            9.646
  Required (ns):          12.319

