Timing Violation Report Min Delay Analysis

SmartTime Version 
Microsemi Corporation - Microsemi Libero Software Release  (Version 12.700.0.19)
Date: Thu Sep 19 20:02:41 2019


Design: top
Family: PolarFire
Die: MPF300TS
Package: FCG1152
Temperature Range: -40 - 100 C
Voltage Range: 1.0185 - 1.0815 V
Speed Grade: -1
Design State: Post-Layout
Data source: Production
Operating Conditions: fast_hv_lt
Scenario for Timing Analysis: timing_analysis


Path 1
  From: DDR3_0_0/MSC_i_0/MSC_i_1/MSC_i_4/MSC_i_8/cmd_fifo_wr_data_reg3[50]:CLK
  To:   DDR3_0_0/MSC_i_0/MSC_i_1/MSC_i_4/MSC_i_8/cmd_fifo_wr_data_reg4[50]:D
  Delay (ns):              0.166
  Slack (ns):              0.026
  Arrival (ns):            3.760
  Required (ns):           3.734

Path 2
  From: DDR3_0_0/MSC_i_0/MSC_i_1/MSC_i_4/MSC_i_8/cmd_fifo_wr_data_reg3[49]:CLK
  To:   DDR3_0_0/MSC_i_0/MSC_i_1/MSC_i_4/MSC_i_8/cmd_fifo_wr_data_reg4[49]:D
  Delay (ns):              0.167
  Slack (ns):              0.027
  Arrival (ns):            3.761
  Required (ns):           3.734

Path 3
  From: DDR3_0_0/MSC_i_0/MSC_i_1/MSC_i_4/MSC_i_8/cmd_fifo_wr_data_reg3[62]:CLK
  To:   DDR3_0_0/MSC_i_0/MSC_i_1/MSC_i_4/MSC_i_8/cmd_fifo_wr_data_reg4[62]:D
  Delay (ns):              0.169
  Slack (ns):              0.032
  Arrival (ns):            3.765
  Required (ns):           3.733

Path 4
  From: DDR3_0_0/MSC_i_0/MSC_i_1/MSC_i_4/MSC_i_8/cmd_fifo_wr_data_reg3[64]:CLK
  To:   DDR3_0_0/MSC_i_0/MSC_i_1/MSC_i_4/MSC_i_8/cmd_fifo_wr_data_reg4[64]:D
  Delay (ns):              0.169
  Slack (ns):              0.032
  Arrival (ns):            3.765
  Required (ns):           3.733

Path 5
  From: DDR3_0_0/MSC_i_0/MSC_i_1/MSC_i_4/MSC_i_8/cmd_fifo_wr_data_reg3[51]:CLK
  To:   DDR3_0_0/MSC_i_0/MSC_i_1/MSC_i_4/MSC_i_8/cmd_fifo_wr_data_reg4[51]:D
  Delay (ns):              0.178
  Slack (ns):              0.038
  Arrival (ns):            3.772
  Required (ns):           3.734

Path 6
  From: DDR3_0_0/MSC_i_0/MSC_i_1/MSC_i_4/MSC_i_8/cmd_fifo_wr_data_reg3[57]:CLK
  To:   DDR3_0_0/MSC_i_0/MSC_i_1/MSC_i_4/MSC_i_8/cmd_fifo_wr_data_reg4[57]:D
  Delay (ns):              0.180
  Slack (ns):              0.040
  Arrival (ns):            3.774
  Required (ns):           3.734

Path 7
  From: DDR3_0_0/MSC_i_0/MSC_i_1/MSC_i_4/MSC_i_8/cmd_fifo_wr_data_reg2[86]:CLK
  To:   DDR3_0_0/MSC_i_0/MSC_i_1/MSC_i_4/MSC_i_8/cmd_fifo_wr_data_reg3[86]:D
  Delay (ns):              0.180
  Slack (ns):              0.041
  Arrival (ns):            3.773
  Required (ns):           3.732

Path 8
  From: DDR3_0_0/MSC_i_0/MSC_i_1/MSC_i_4/MSC_i_8/cmd_fifo_wr_data_reg3[53]:CLK
  To:   DDR3_0_0/MSC_i_0/MSC_i_1/MSC_i_4/MSC_i_8/cmd_fifo_wr_data_reg4[53]:D
  Delay (ns):              0.182
  Slack (ns):              0.042
  Arrival (ns):            3.776
  Required (ns):           3.734

Path 9
  From: DDR3_0_0/MSC_i_0/MSC_i_1/MSC_i_4/MSC_i_8/cmd_fifo_wr_data_reg3[59]:CLK
  To:   DDR3_0_0/MSC_i_0/MSC_i_1/MSC_i_4/MSC_i_8/cmd_fifo_wr_data_reg4[59]:D
  Delay (ns):              0.182
  Slack (ns):              0.042
  Arrival (ns):            3.776
  Required (ns):           3.734

Path 10
  From: DDR3_0_0/MSC_i_0/MSC_i_1/MSC_i_4/MSC_i_8/cmd_fifo_wr_data_reg3[67]:CLK
  To:   DDR3_0_0/MSC_i_0/MSC_i_1/MSC_i_4/MSC_i_8/cmd_fifo_wr_data_reg4[67]:D
  Delay (ns):              0.179
  Slack (ns):              0.042
  Arrival (ns):            3.775
  Required (ns):           3.733

Path 11
  From: DDR3_0_0/MSC_i_0/MSC_i_1/MSC_i_4/MSC_i_8/cmd_fifo_wr_data_reg3[61]:CLK
  To:   DDR3_0_0/MSC_i_0/MSC_i_1/MSC_i_4/MSC_i_8/cmd_fifo_wr_data_reg4[61]:D
  Delay (ns):              0.180
  Slack (ns):              0.043
  Arrival (ns):            3.776
  Required (ns):           3.733

Path 12
  From: DDR3_0_0/MSC_i_0/MSC_i_1/MSC_i_4/MSC_i_8/MSC_i_21/MSC_i_22/MSC_i_24/din_gray_r[8]:CLK
  To:   DDR3_0_0/MSC_i_0/MSC_i_1/MSC_i_4/MSC_i_8/MSC_i_21/MSC_i_22/MSC_i_24/MSC_i_26/MSC_i_29/s0:D
  Delay (ns):              0.181
  Slack (ns):              0.046
  Arrival (ns):            3.778
  Required (ns):           3.732

Path 13
  From: DDR3_0_0/MSC_i_0/MSC_i_1/MSC_i_4/MSC_i_8/cmd_fifo_wr_data_reg2[88]:CLK
  To:   DDR3_0_0/MSC_i_0/MSC_i_1/MSC_i_4/MSC_i_8/cmd_fifo_wr_data_reg3[88]:D
  Delay (ns):              0.183
  Slack (ns):              0.046
  Arrival (ns):            3.777
  Required (ns):           3.731

Path 14
  From: DDR3_0_0/MSC_i_0/MSC_i_1/MSC_i_4/MSC_i_8/cmd_fifo_wr_data_reg3[70]:CLK
  To:   DDR3_0_0/MSC_i_0/MSC_i_1/MSC_i_4/MSC_i_8/cmd_fifo_wr_data_reg4[70]:D
  Delay (ns):              0.184
  Slack (ns):              0.047
  Arrival (ns):            3.780
  Required (ns):           3.733

Path 15
  From: DDR3_0_0/MSC_i_0/MSC_i_1/MSC_i_4/MSC_i_8/cmd_fifo_wr_data_reg3[68]:CLK
  To:   DDR3_0_0/MSC_i_0/MSC_i_1/MSC_i_4/MSC_i_8/cmd_fifo_wr_data_reg4[68]:D
  Delay (ns):              0.185
  Slack (ns):              0.048
  Arrival (ns):            3.781
  Required (ns):           3.733

Path 16
  From: MiV_Processor_0/MiV_Processor_0/ChiselTop0/tile/frontend/s1_pc[14]:CLK
  To:   MiV_Processor_0/MiV_Processor_0/ChiselTop0/tile/frontend/s2_pc_Z[14]:D
  Delay (ns):              0.191
  Slack (ns):              0.060
  Arrival (ns):            1.944
  Required (ns):           1.884

Path 17
  From: AXI4_Interconnect_0/AXI4_Interconnect_0/MstConvertor_loop[1].mstrconv/mstrDWC/genblk1.MstUpConv/DWC_AWChan/SLAVE_AADDR[28]:CLK
  To:   AXI4_Interconnect_0/AXI4_Interconnect_0/MstConvertor_loop[1].mstrconv/rgsl/genblk1.awrs/holdDat[59]:D
  Delay (ns):              0.131
  Slack (ns):              0.063
  Arrival (ns):            1.862
  Required (ns):           1.799

Path 18
  From: AXI4_Interconnect_0/AXI4_Interconnect_0/SlvConvertor_loop[0].slvcnv/rgsl/genblk2.arrs/sDat[18]:CLK
  To:   LSRAM_0/COREAXI4SRAM_0/U_LSRAM_COREAXI4SRAM_0_CoreAXI4SRAM_SLVIF/ARBURST_slvif_Z[0]:D
  Delay (ns):              0.131
  Slack (ns):              0.063
  Arrival (ns):            1.893
  Required (ns):           1.830

Path 19
  From: DDR3_0_0/MSC_i_0/MSC_i_1/MSC_i_4/MSC_i_138/hold_i_data[4]:CLK
  To:   DDR3_0_0/MSC_i_0/MSC_i_1/MSC_i_4/MSC_i_138/o_data[12]:D
  Delay (ns):              0.130
  Slack (ns):              0.063
  Arrival (ns):            3.741
  Required (ns):           3.678

Path 20
  From: DDR3_0_0/MSC_i_0/MSC_i_1/MSC_i_4/MSC_i_190/MSC_i_191/MSC_i_203/lat_n0.resettable.data_shifter_2_[119]:CLK
  To:   DDR3_0_0/MSC_i_0/MSC_i_1/MSC_i_4/MSC_i_222/dfi_address_r1[9]:D
  Delay (ns):              0.130
  Slack (ns):              0.063
  Arrival (ns):            3.747
  Required (ns):           3.684

Path 21
  From: MiV_Processor_0/MiV_Processor_0/ChiselTop0/plic/MIV_RV32IMA_L1_AHB_QUEUE/ram_data[0][15]:CLK
  To:   MiV_Processor_0/MiV_Processor_0/ChiselTop0/plic/enables_0_15:D
  Delay (ns):              0.131
  Slack (ns):              0.063
  Arrival (ns):            1.884
  Required (ns):           1.821

Path 22
  From: AXI4_Interconnect_0/AXI4_Interconnect_0/MstConvertor_loop[1].mstrconv/genblk2.mstAHBtoAXI4Conv/AHB_SM_i/AXI4_Write_Ctrl_inst/int_masterAWADDR[16]:CLK
  To:   AXI4_Interconnect_0/AXI4_Interconnect_0/MstConvertor_loop[1].mstrconv/mstrDWC/genblk1.MstUpConv/DWC_UpConv_preCalcAChannel_aw_inst/MASTER_AADDR_out[16]:D
  Delay (ns):              0.131
  Slack (ns):              0.064
  Arrival (ns):            1.866
  Required (ns):           1.802

Path 23
  From: DDR3_0_0/MSC_i_0/MSC_i_1/MSC_i_4/MSC_i_183/MSC_i_186/lat_n0.nonresettable.data_shifter[0][1]:CLK
  To:   DDR3_0_0/MSC_i_0/MSC_i_1/MSC_i_4/MSC_i_183/MSC_i_186/lat_n0.nonresettable.data_shifter[1][1]:D
  Delay (ns):              0.131
  Slack (ns):              0.064
  Arrival (ns):            3.730
  Required (ns):           3.666

Path 24
  From: DDR3_0_0/MSC_i_0/MSC_i_1/MSC_i_4/MSC_i_190/MSC_i_191/MSC_i_206/data_shifter_gen[15].data_shifter[15][1]:CLK
  To:   DDR3_0_0/MSC_i_0/MSC_i_1/MSC_i_4/MSC_i_190/MSC_i_191/MSC_i_206/data_shifter_gen[14].data_shifter[14][1]:D
  Delay (ns):              0.131
  Slack (ns):              0.064
  Arrival (ns):            3.743
  Required (ns):           3.679

Path 25
  From: DDR3_0_0/MSC_i_0/MSC_i_1/MSC_i_4/MSC_i_190/MSC_i_191/MSC_i_206/data_shifter_gen[35].data_shifter[35][1]:CLK
  To:   DDR3_0_0/MSC_i_0/MSC_i_1/MSC_i_4/MSC_i_190/MSC_i_191/MSC_i_206/data_shifter_gen[34].data_shifter[34][1]:D
  Delay (ns):              0.131
  Slack (ns):              0.064
  Arrival (ns):            3.740
  Required (ns):           3.676

Path 26
  From: DDR3_0_0/MSC_i_0/MSC_i_1/MSC_i_4/MSC_i_190/MSC_i_191/MSC_i_206/data_shifter_gen[39].data_shifter[39][1]:CLK
  To:   DDR3_0_0/MSC_i_0/MSC_i_1/MSC_i_4/MSC_i_190/MSC_i_191/MSC_i_206/data_shifter_gen[38].data_shifter[38][1]:D
  Delay (ns):              0.131
  Slack (ns):              0.064
  Arrival (ns):            3.741
  Required (ns):           3.677

Path 27
  From: DDR3_0_0/MSC_i_0/MSC_i_1/MSC_i_4/MSC_i_8/MSC_i_72/MSC_i_73/MSC_i_75/MSC_i_77/MSC_i_81/s0:CLK
  To:   DDR3_0_0/MSC_i_0/MSC_i_1/MSC_i_4/MSC_i_8/MSC_i_72/MSC_i_73/MSC_i_75/MSC_i_77/MSC_i_81/s1:D
  Delay (ns):              0.131
  Slack (ns):              0.064
  Arrival (ns):            3.716
  Required (ns):           3.652

Path 28
  From: DDR3_0_0/MSC_i_0/MSC_i_1/MSC_i_4/MSC_i_8/l_req_tag_int[11]:CLK
  To:   DDR3_0_0/MSC_i_0/MSC_i_1/MSC_i_4/MSC_i_213/MSC_i_216/data_r1[66]:D
  Delay (ns):              0.204
  Slack (ns):              0.064
  Arrival (ns):            3.807
  Required (ns):           3.743

Path 29
  From: DDR3_0_0/DDRPHY_BLK_0/IOD_TRAINING_0/COREDDR_TIP_INT_U/TIP_CTRL_BLK/LEVELLING/IOG_IF/move_int[3]:CLK
  To:   DDR3_0_0/DDRPHY_BLK_0/IOD_TRAINING_0/COREDDR_TIP_INT_U/MOVE[3]:D
  Delay (ns):              0.132
  Slack (ns):              0.065
  Arrival (ns):            3.724
  Required (ns):           3.659

Path 30
  From: DDR3_0_0/DDRPHY_BLK_0/IOD_TRAINING_0/COREDDR_TIP_INT_U/dfi_rddata_en_p0_1:CLK
  To:   DDR3_0_0/DDRPHY_BLK_0/IOD_TRAINING_0/COREDDR_TIP_INT_U/dfi_rddata_en_p0_2:D
  Delay (ns):              0.131
  Slack (ns):              0.065
  Arrival (ns):            3.715
  Required (ns):           3.650

Path 31
  From: DDR3_0_0/MSC_i_0/MSC_i_1/MSC_i_4/MSC_i_224/data_shifter_gen[1].data_shifter[1][60]:CLK
  To:   DDR3_0_0/DDRPHY_BLK_0/IOD_TRAINING_0/COREDDR_TIP_INT_U/TIP_CTRL_BLK/PHY_SIG_MOD/iog_dq_txdata_in_reg[37]:D
  Delay (ns):              0.132
  Slack (ns):              0.065
  Arrival (ns):            3.741
  Required (ns):           3.676

Path 32
  From: MiV_Processor_0/MiV_Processor_0/ChiselTop0/debug_1/dmOuter/dmInner_TLAsyncCrossingSource/MIV_RV32IMA_L1_AHB_ASYNC_QUEUE_SOURCE/MIV_RV32IMA_L1_AHB_ASYNC_VALID_SYNC/source_valid/sync_3/reg_0/q:CLK
  To:   MiV_Processor_0/MiV_Processor_0/ChiselTop0/debug_1/dmOuter/dmInner_TLAsyncCrossingSource/MIV_RV32IMA_L1_AHB_ASYNC_QUEUE_SOURCE/MIV_RV32IMA_L1_AHB_ASYNC_VALID_SYNC/source_valid/sync_2/reg_0/q:D
  Delay (ns):              0.133
  Slack (ns):              0.065
  Arrival (ns):            3.877
  Required (ns):           3.812

Path 33
  From: AXI4_Interconnect_0/AXI4_Interconnect_0/SlvConvertor_loop[1].slvcnv/slvCDC/genblk1.genblk1.cdc_WChan/rdPtr_s1[1]:CLK
  To:   AXI4_Interconnect_0/AXI4_Interconnect_0/SlvConvertor_loop[1].slvcnv/slvCDC/genblk1.genblk1.cdc_WChan/rdPtr_s2[1]:D
  Delay (ns):              0.180
  Slack (ns):              0.066
  Arrival (ns):            1.945
  Required (ns):           1.879

Path 34
  From: DDR3_0_0/MSC_i_0/MSC_i_1/MSC_i_4/MSC_i_138/MSC_i_139/s0:CLK
  To:   DDR3_0_0/MSC_i_0/MSC_i_1/MSC_i_4/MSC_i_138/MSC_i_139/s1:D
  Delay (ns):              0.133
  Slack (ns):              0.066
  Arrival (ns):            3.743
  Required (ns):           3.677

Path 35
  From: DDR3_0_0/MSC_i_0/MSC_i_1/MSC_i_4/MSC_i_190/MSC_i_191/MSC_i_203/lat_n0.resettable.data_shifter_1_[113]:CLK
  To:   DDR3_0_0/MSC_i_0/MSC_i_1/MSC_i_4/MSC_i_190/MSC_i_191/MSC_i_203/lat_n0.resettable.data_shifter_2_[113]:D
  Delay (ns):              0.134
  Slack (ns):              0.066
  Arrival (ns):            3.748
  Required (ns):           3.682

Path 36
  From: DDR3_0_0/MSC_i_0/MSC_i_1/MSC_i_4/MSC_i_190/MSC_i_191/MSC_i_206/data_shifter_gen[23].data_shifter[23][1]:CLK
  To:   DDR3_0_0/MSC_i_0/MSC_i_1/MSC_i_4/MSC_i_190/MSC_i_191/MSC_i_206/data_shifter_gen[22].data_shifter[22][1]:D
  Delay (ns):              0.133
  Slack (ns):              0.066
  Arrival (ns):            3.749
  Required (ns):           3.683

Path 37
  From: DDR3_0_0/MSC_i_0/MSC_i_1/MSC_i_4/MSC_i_190/MSC_i_191/w_valid_sh[12]:CLK
  To:   DDR3_0_0/MSC_i_0/MSC_i_1/MSC_i_4/MSC_i_190/MSC_i_191/w_valid_sh[13]:D
  Delay (ns):              0.134
  Slack (ns):              0.066
  Arrival (ns):            3.741
  Required (ns):           3.675

Path 38
  From: DDR3_0_0/MSC_i_0/MSC_i_1/MSC_i_4/MSC_i_8/cmd_fifo_wr_data_reg2[17]:CLK
  To:   DDR3_0_0/MSC_i_0/MSC_i_1/MSC_i_4/MSC_i_8/cmd_fifo_wr_data_reg3[17]:D
  Delay (ns):              0.134
  Slack (ns):              0.066
  Arrival (ns):            3.726
  Required (ns):           3.660

Path 39
  From: MiV_Processor_0/MiV_Processor_0/ChiselTop0/debug_1/dmOuter/source1/ridx_gray/sync_1/reg_0/q:CLK
  To:   MiV_Processor_0/MiV_Processor_0/ChiselTop0/debug_1/dmOuter/source1/ridx_gray/sync_0/reg_0/q:D
  Delay (ns):              0.132
  Slack (ns):              0.066
  Arrival (ns):            3.883
  Required (ns):           3.817

Path 40
  From: AXI4_Interconnect_0/AXI4_Interconnect_0/MstConvertor_loop[0].mstrconv/genblk2.mstAHBtoAXI4Conv/AHB_SM_i/AXI4_Read_Ctrl_inst/int_masterARADDR[30]:CLK
  To:   AXI4_Interconnect_0/AXI4_Interconnect_0/MstConvertor_loop[0].mstrconv/mstrDWC/genblk1.MstUpConv/DWC_UpConv_preCalcAChannel_ar_inst/MASTER_AADDR_out[30]:D
  Delay (ns):              0.135
  Slack (ns):              0.067
  Arrival (ns):            1.879
  Required (ns):           1.812

Path 41
  From: AXI4_Interconnect_0/AXI4_Interconnect_0/MstConvertor_loop[1].mstrconv/mstrDWC/genblk1.MstUpConv/DWC_UpConv_preCalcAChannel_ar_inst/MASTER_AADDR_out[10]:CLK
  To:   AXI4_Interconnect_0/AXI4_Interconnect_0/MstConvertor_loop[1].mstrconv/mstrDWC/genblk1.MstUpConv/DWC_ARChan/SLAVE_AADDR[10]:D
  Delay (ns):              0.134
  Slack (ns):              0.067
  Arrival (ns):            1.874
  Required (ns):           1.807

Path 42
  From: AXI4_Interconnect_0/AXI4_Interconnect_0/MstConvertor_loop[1].mstrconv/mstrDWC/genblk1.MstUpConv/DWC_UpConv_preCalcAChannel_ar_inst/MASTER_AADDR_out[25]:CLK
  To:   AXI4_Interconnect_0/AXI4_Interconnect_0/MstConvertor_loop[1].mstrconv/mstrDWC/genblk1.MstUpConv/DWC_ARChan/SLAVE_AADDR[25]:D
  Delay (ns):              0.134
  Slack (ns):              0.067
  Arrival (ns):            1.874
  Required (ns):           1.807

Path 43
  From: DDR3_0_0/MSC_i_0/MSC_i_1/MSC_i_4/MSC_i_190/MSC_i_191/MSC_i_203/lat_n0.resettable.data_shifter_1_[117]:CLK
  To:   DDR3_0_0/MSC_i_0/MSC_i_1/MSC_i_4/MSC_i_190/MSC_i_191/MSC_i_203/lat_n0.resettable.data_shifter_2_[117]:D
  Delay (ns):              0.134
  Slack (ns):              0.067
  Arrival (ns):            3.750
  Required (ns):           3.683

Path 44
  From: DDR3_0_0/MSC_i_0/MSC_i_1/MSC_i_4/MSC_i_222/dfi_odt_p0_r1[0]:CLK
  To:   DDR3_0_0/MSC_i_0/MSC_i_1/MSC_i_4/MSC_i_222/dfi_odt_p1_r2[0]:D
  Delay (ns):              0.134
  Slack (ns):              0.067
  Arrival (ns):            3.737
  Required (ns):           3.670

Path 45
  From: DDR3_0_0/MSC_i_0/MSC_i_1/MSC_i_4/MSC_i_222/dfi_we_n_r1:CLK
  To:   DDR3_0_0/MSC_i_0/MSC_i_1/MSC_i_4/MSC_i_222/dfi_we_n_r2:D
  Delay (ns):              0.134
  Slack (ns):              0.067
  Arrival (ns):            3.745
  Required (ns):           3.678

Path 46
  From: DDR3_0_0/MSC_i_0/MSC_i_1/MSC_i_4/MSC_i_224/data_shifter_gen[1].data_shifter[1][45]:CLK
  To:   DDR3_0_0/DDRPHY_BLK_0/IOD_TRAINING_0/COREDDR_TIP_INT_U/TIP_CTRL_BLK/PHY_SIG_MOD/iog_dq_txdata_in_reg[44]:D
  Delay (ns):              0.134
  Slack (ns):              0.067
  Arrival (ns):            3.727
  Required (ns):           3.660

Path 47
  From: DDR3_0_0/MSC_i_0/MSC_i_1/MSC_i_4/MSC_i_8/cmd_fifo_wr_data_reg2[72]:CLK
  To:   DDR3_0_0/MSC_i_0/MSC_i_1/MSC_i_4/MSC_i_8/cmd_fifo_wr_data_reg3[72]:D
  Delay (ns):              0.132
  Slack (ns):              0.067
  Arrival (ns):            3.729
  Required (ns):           3.662

Path 48
  From: DDR3_0_0/MSC_i_0/MSC_i_1/MSC_i_4/MSC_i_8/wr_data_packed[61]:CLK
  To:   DDR3_0_0/MSC_i_0/MSC_i_1/MSC_i_4/MSC_i_8/wr_data_fifo_wr_data[61]:D
  Delay (ns):              0.134
  Slack (ns):              0.067
  Arrival (ns):            3.743
  Required (ns):           3.676

Path 49
  From: MiV_Processor_0/MiV_Processor_0/ChiselTop0/debug_1/dmInner/MIV_RV32IMA_L1_AHB_ASYNC_QUEUE_SINK/widx_gray/sync_1/reg_0/q:CLK
  To:   MiV_Processor_0/MiV_Processor_0/ChiselTop0/debug_1/dmInner/MIV_RV32IMA_L1_AHB_ASYNC_QUEUE_SINK/widx_gray/sync_0/reg_0/q:D
  Delay (ns):              0.134
  Slack (ns):              0.067
  Arrival (ns):            1.908
  Required (ns):           1.841

Path 50
  From: MiV_Processor_0/MiV_Processor_0/ChiselTop0/debug_1/dmInner/dmiXing/MIV_RV32IMA_L1_AHB_ASYNC_QUEUE_SINK/MIV_RV32IMA_L1_AHB_ASYNC_VALID_SYNC_2/source_valid/sync_2/reg_0/q:CLK
  To:   MiV_Processor_0/MiV_Processor_0/ChiselTop0/debug_1/dmInner/dmiXing/MIV_RV32IMA_L1_AHB_ASYNC_QUEUE_SINK/MIV_RV32IMA_L1_AHB_ASYNC_VALID_SYNC_2/source_valid/sync_1/reg_0/q:D
  Delay (ns):              0.134
  Slack (ns):              0.067
  Arrival (ns):            1.907
  Required (ns):           1.840

Path 51
  From: MiV_Processor_0/MiV_Processor_0/ChiselTop0/dtm/dmiAccessChain/regs_24:CLK
  To:   MiV_Processor_0/MiV_Processor_0/ChiselTop0/dtm/dmiReqReg_data[22]:D
  Delay (ns):              0.134
  Slack (ns):              0.067
  Arrival (ns):            3.858
  Required (ns):           3.791

Path 52
  From: UART_apb_0/UART_apb_0/uUART/tx_hold_reg[2]:CLK
  To:   UART_apb_0/UART_apb_0/uUART/make_TX/tx_byte[2]:D
  Delay (ns):              0.135
  Slack (ns):              0.067
  Arrival (ns):            1.867
  Required (ns):           1.800

Path 53
  From: DDR3_0_0/MSC_i_0/MSC_i_1/MSC_i_4/MSC_i_190/MSC_i_191/MSC_i_203/lat_n0.resettable.data_shifter_2_[117]:CLK
  To:   DDR3_0_0/MSC_i_0/MSC_i_1/MSC_i_4/MSC_i_222/dfi_address_r1[7]:D
  Delay (ns):              0.135
  Slack (ns):              0.068
  Arrival (ns):            3.751
  Required (ns):           3.683

Path 54
  From: DDR3_0_0/MSC_i_0/MSC_i_1/MSC_i_4/MSC_i_222/dfi_bank_r1[2]:CLK
  To:   DDR3_0_0/MSC_i_0/MSC_i_1/MSC_i_4/MSC_i_222/dfi_bank_r2[2]:D
  Delay (ns):              0.135
  Slack (ns):              0.068
  Arrival (ns):            3.746
  Required (ns):           3.678

Path 55
  From: DDR3_0_0/MSC_i_0/MSC_i_1/MSC_i_4/MSC_i_224/data_shifter_gen[1].data_shifter[1][57]:CLK
  To:   DDR3_0_0/DDRPHY_BLK_0/IOD_TRAINING_0/COREDDR_TIP_INT_U/TIP_CTRL_BLK/PHY_SIG_MOD/iog_dq_txdata_in_reg[13]:D
  Delay (ns):              0.136
  Slack (ns):              0.068
  Arrival (ns):            3.730
  Required (ns):           3.662

Path 56
  From: MiV_Processor_0/MiV_Processor_0/ChiselTop0/plic/MIV_RV32IMA_L1_AHB_QUEUE/ram_data[0][10]:CLK
  To:   MiV_Processor_0/MiV_Processor_0/ChiselTop0/plic/enables_0_10:D
  Delay (ns):              0.136
  Slack (ns):              0.068
  Arrival (ns):            1.889
  Required (ns):           1.821

Path 57
  From: AXI4_Interconnect_0/AXI4_Interconnect_0/MstConvertor_loop[0].mstrconv/mstrDWC/genblk1.MstUpConv/DWC_UpConv_preCalcAChannel_ar_inst/mask_wrap_addr_pre[3]:CLK
  To:   AXI4_Interconnect_0/AXI4_Interconnect_0/MstConvertor_loop[0].mstrconv/mstrDWC/genblk1.MstUpConv/DWC_ARChan/mask_wrap_addr_reg[3]:D
  Delay (ns):              0.135
  Slack (ns):              0.069
  Arrival (ns):            1.877
  Required (ns):           1.808

Path 58
  From: DDR3_0_0/DDRPHY_BLK_0/IOD_TRAINING_0/COREDDR_TIP_INT_U/TIP_CTRL_BLK/LEVELLING/RDLVL/RDLVL_SMS/genblk1[0].RDLVL_TRAIN/dq_align_dqs_optimization/visual_dq_dqs_optimisation_current[16]:CLK
  To:   DDR3_0_0/DDRPHY_BLK_0/IOD_TRAINING_0/COREDDR_TIP_INT_U/TIP_CTRL_BLK/LEVELLING/RDLVL/RDLVL_SMS/genblk1[0].RDLVL_TRAIN/dq_align_dqs_optimization/visual_dq_dqs_optimisation_current[15]:D
  Delay (ns):              0.136
  Slack (ns):              0.069
  Arrival (ns):            3.733
  Required (ns):           3.664

Path 59
  From: DDR3_0_0/MSC_i_0/MSC_i_1/MSC_i_4/MSC_i_190/MSC_i_191/MSC_i_203/lat_n0.resettable.data_shifter_0_[122]:CLK
  To:   DDR3_0_0/MSC_i_0/MSC_i_1/MSC_i_4/MSC_i_190/MSC_i_191/MSC_i_203/lat_n0.resettable.data_shifter_1_[122]:D
  Delay (ns):              0.136
  Slack (ns):              0.069
  Arrival (ns):            3.741
  Required (ns):           3.672

Path 60
  From: DDR3_0_0/MSC_i_0/MSC_i_1/MSC_i_4/MSC_i_190/MSC_i_191/MSC_i_203/lat_n0.resettable.data_shifter_2_[118]:CLK
  To:   DDR3_0_0/MSC_i_0/MSC_i_1/MSC_i_4/MSC_i_222/dfi_address_r1[8]:D
  Delay (ns):              0.136
  Slack (ns):              0.069
  Arrival (ns):            3.752
  Required (ns):           3.683

Path 61
  From: DDR3_0_0/MSC_i_0/MSC_i_1/MSC_i_4/MSC_i_190/MSC_i_191/MSC_i_206/data_shifter_gen[26].data_shifter[26][1]:CLK
  To:   DDR3_0_0/MSC_i_0/MSC_i_1/MSC_i_4/MSC_i_190/MSC_i_191/MSC_i_206/data_shifter_gen[25].data_shifter[25][1]:D
  Delay (ns):              0.136
  Slack (ns):              0.069
  Arrival (ns):            3.752
  Required (ns):           3.683

Path 62
  From: DDR3_0_0/MSC_i_0/MSC_i_1/MSC_i_4/MSC_i_190/MSC_i_191/MSC_i_206/data_shifter_gen[27].data_shifter[27][1]:CLK
  To:   DDR3_0_0/MSC_i_0/MSC_i_1/MSC_i_4/MSC_i_190/MSC_i_191/MSC_i_206/data_shifter_gen[26].data_shifter[26][1]:D
  Delay (ns):              0.136
  Slack (ns):              0.069
  Arrival (ns):            3.752
  Required (ns):           3.683

Path 63
  From: DDR3_0_0/MSC_i_0/MSC_i_1/MSC_i_4/MSC_i_190/MSC_i_191/MSC_i_206/data_shifter_gen[28].data_shifter[28][1]:CLK
  To:   DDR3_0_0/MSC_i_0/MSC_i_1/MSC_i_4/MSC_i_190/MSC_i_191/MSC_i_206/data_shifter_gen[27].data_shifter[27][1]:D
  Delay (ns):              0.177
  Slack (ns):              0.069
  Arrival (ns):            3.786
  Required (ns):           3.717

Path 64
  From: DDR3_0_0/MSC_i_0/MSC_i_1/MSC_i_4/MSC_i_190/MSC_i_191/w_valid_attr_sh_gen[0].w_valid_attr_sh[0][6]:CLK
  To:   DDR3_0_0/MSC_i_0/MSC_i_1/MSC_i_4/MSC_i_190/MSC_i_191/w_valid_attr_sh_gen[0].w_valid_attr_sh[0][7]:D
  Delay (ns):              0.134
  Slack (ns):              0.069
  Arrival (ns):            3.735
  Required (ns):           3.666

Path 65
  From: DDR3_0_0/MSC_i_0/MSC_i_1/MSC_i_4/MSC_i_190/MSC_i_191/w_valid_attr_sh_gen[1].w_valid_attr_sh[1][0]:CLK
  To:   DDR3_0_0/MSC_i_0/MSC_i_1/MSC_i_4/MSC_i_190/MSC_i_191/w_valid_attr_sh_gen[1].w_valid_attr_sh[1][1]:D
  Delay (ns):              0.136
  Slack (ns):              0.069
  Arrival (ns):            3.758
  Required (ns):           3.689

Path 66
  From: DDR3_0_0/MSC_i_0/MSC_i_1/MSC_i_4/MSC_i_190/MSC_i_191/w_valid_attr_sh_gen[1].w_valid_attr_sh[1][16]:CLK
  To:   DDR3_0_0/MSC_i_0/MSC_i_1/MSC_i_4/MSC_i_190/MSC_i_191/w_valid_attr_sh_gen[1].w_valid_attr_sh[1][17]:D
  Delay (ns):              0.134
  Slack (ns):              0.069
  Arrival (ns):            3.757
  Required (ns):           3.688

Path 67
  From: DDR3_0_0/MSC_i_0/MSC_i_1/MSC_i_4/MSC_i_190/MSC_i_191/w_valid_attr_sh_gen[1].w_valid_attr_sh[1][1]:CLK
  To:   DDR3_0_0/MSC_i_0/MSC_i_1/MSC_i_4/MSC_i_190/MSC_i_191/w_valid_attr_sh_gen[1].w_valid_attr_sh[1][2]:D
  Delay (ns):              0.136
  Slack (ns):              0.069
  Arrival (ns):            3.758
  Required (ns):           3.689

Path 68
  From: DDR3_0_0/MSC_i_0/MSC_i_1/MSC_i_4/MSC_i_224/data_shifter_gen[1].data_shifter[1][65]:CLK
  To:   DDR3_0_0/DDRPHY_BLK_0/IOD_TRAINING_0/COREDDR_TIP_INT_U/TIP_CTRL_BLK/PHY_SIG_MOD/iog_dq_txdata_in_reg[77]:D
  Delay (ns):              0.134
  Slack (ns):              0.069
  Arrival (ns):            3.724
  Required (ns):           3.655

Path 69
  From: DDR3_0_0/MSC_i_0/MSC_i_1/MSC_i_4/MSC_i_8/MSC_i_21/MSC_i_22/MSC_i_37/din_gray_r[9]:CLK
  To:   DDR3_0_0/MSC_i_0/MSC_i_1/MSC_i_4/MSC_i_8/MSC_i_21/MSC_i_22/MSC_i_37/MSC_i_39/MSC_i_40/s0:D
  Delay (ns):              0.136
  Slack (ns):              0.069
  Arrival (ns):            3.724
  Required (ns):           3.655

Path 70
  From: DDR3_0_0/MSC_i_0/MSC_i_1/MSC_i_4/MSC_i_8/cmd_fifo_wr_data_reg3[18]:CLK
  To:   DDR3_0_0/MSC_i_0/MSC_i_1/MSC_i_4/MSC_i_8/cmd_fifo_wr_data_reg4[18]:D
  Delay (ns):              0.134
  Slack (ns):              0.069
  Arrival (ns):            3.743
  Required (ns):           3.674

Path 71
  From: MiV_Processor_0/MiV_Processor_0/ChiselTop0/debug_1/dmInner/dmiXing/MIV_RV32IMA_L1_AHB_ASYNC_QUEUE_SINK/MIV_RV32IMA_L1_AHB_ASYNC_VALID_SYNC/sink_valid/sync_2/reg_0/q:CLK
  To:   MiV_Processor_0/MiV_Processor_0/ChiselTop0/debug_1/dmInner/dmiXing/MIV_RV32IMA_L1_AHB_ASYNC_QUEUE_SINK/MIV_RV32IMA_L1_AHB_ASYNC_VALID_SYNC/sink_valid/sync_1/reg_0/q:D
  Delay (ns):              0.136
  Slack (ns):              0.069
  Arrival (ns):            1.906
  Required (ns):           1.837

Path 72
  From: MiV_Processor_0/MiV_Processor_0/ChiselTop0/debug_1/dmOuter/dmInner_TLAsyncCrossingSource/MIV_RV32IMA_L1_AHB_ASYNC_QUEUE_SINK/MIV_RV32IMA_L1_AHB_ASYNC_VALID_SYNC/sink_valid/sync_2/reg_0/q:CLK
  To:   MiV_Processor_0/MiV_Processor_0/ChiselTop0/debug_1/dmOuter/dmInner_TLAsyncCrossingSource/MIV_RV32IMA_L1_AHB_ASYNC_QUEUE_SINK/MIV_RV32IMA_L1_AHB_ASYNC_VALID_SYNC/sink_valid/sync_1/reg_0/q:D
  Delay (ns):              0.136
  Slack (ns):              0.069
  Arrival (ns):            3.880
  Required (ns):           3.811

Path 73
  From: MiV_Processor_0/MiV_Processor_0/ChiselTop0/tile/dcache/s2_victim_tag[3]:CLK
  To:   MiV_Processor_0/MiV_Processor_0/ChiselTop0/tile/dcache/probe_bits_address[16]:D
  Delay (ns):              0.136
  Slack (ns):              0.069
  Arrival (ns):            1.882
  Required (ns):           1.813

Path 74
  From: AXI4_Interconnect_0/AXI4_Interconnect_0/MstConvertor_loop[1].mstrconv/genblk2.mstAHBtoAXI4Conv/AHB_SM_i/AXI4_Write_Ctrl_inst/int_masterAWADDR[25]:CLK
  To:   AXI4_Interconnect_0/AXI4_Interconnect_0/MstConvertor_loop[1].mstrconv/mstrDWC/genblk1.MstUpConv/DWC_UpConv_preCalcAChannel_aw_inst/MASTER_AADDR_out[25]:D
  Delay (ns):              0.135
  Slack (ns):              0.070
  Arrival (ns):            1.872
  Required (ns):           1.802

Path 75
  From: DDR3_0_0/DDRPHY_BLK_0/IOD_TRAINING_0/COREDDR_TIP_INT_U/TIP_CTRL_BLK/LEVELLING/IOG_IF/load_int[8]:CLK
  To:   DDR3_0_0/DDRPHY_BLK_0/IOD_TRAINING_0/COREDDR_TIP_INT_U/LOAD[8]:D
  Delay (ns):              0.137
  Slack (ns):              0.070
  Arrival (ns):            3.729
  Required (ns):           3.659

Path 76
  From: DDR3_0_0/DDRPHY_BLK_0/IOD_TRAINING_0/COREDDR_TIP_INT_U/TIP_CTRL_BLK/LEVELLING/WRLVL/wrlvl_instances[0].uWrlvl/dq_in_reg[0]:CLK
  To:   DDR3_0_0/DDRPHY_BLK_0/IOD_TRAINING_0/COREDDR_TIP_INT_U/TIP_CTRL_BLK/LEVELLING/WRLVL/wrlvl_instances[0].uWrlvl/dq_in_reg_2[0]:D
  Delay (ns):              0.136
  Slack (ns):              0.070
  Arrival (ns):            3.731
  Required (ns):           3.661

Path 77
  From: DDR3_0_0/MSC_i_0/MSC_i_1/MSC_i_4/MSC_i_190/MSC_i_191/MSC_i_203/lat_n0.resettable.data_shifter_2_[111]:CLK
  To:   DDR3_0_0/MSC_i_0/MSC_i_1/MSC_i_4/MSC_i_222/dfi_address_r1[1]:D
  Delay (ns):              0.137
  Slack (ns):              0.070
  Arrival (ns):            3.753
  Required (ns):           3.683

Path 78
  From: DDR3_0_0/MSC_i_0/MSC_i_1/MSC_i_4/MSC_i_190/MSC_i_191/MSC_i_206/data_shifter_gen[34].data_shifter[34][1]:CLK
  To:   DDR3_0_0/MSC_i_0/MSC_i_1/MSC_i_4/MSC_i_190/MSC_i_191/MSC_i_206/data_shifter_gen[33].data_shifter[33][1]:D
  Delay (ns):              0.137
  Slack (ns):              0.070
  Arrival (ns):            3.746
  Required (ns):           3.676

Path 79
  From: DDR3_0_0/MSC_i_0/MSC_i_1/MSC_i_4/MSC_i_190/MSC_i_191/w_valid_attr_sh_gen[1].w_valid_attr_sh[1][7]:CLK
  To:   DDR3_0_0/MSC_i_0/MSC_i_1/MSC_i_4/MSC_i_190/MSC_i_191/w_valid_attr_sh_gen[1].w_valid_attr_sh[1][8]:D
  Delay (ns):              0.136
  Slack (ns):              0.070
  Arrival (ns):            3.744
  Required (ns):           3.674

Path 80
  From: DDR3_0_0/MSC_i_0/MSC_i_1/MSC_i_4/MSC_i_190/MSC_i_191/w_valid_sh[3]:CLK
  To:   DDR3_0_0/MSC_i_0/MSC_i_1/MSC_i_4/MSC_i_190/MSC_i_191/w_valid_sh[4]:D
  Delay (ns):              0.135
  Slack (ns):              0.070
  Arrival (ns):            3.744
  Required (ns):           3.674

Path 81
  From: DDR3_0_0/MSC_i_0/MSC_i_1/MSC_i_4/MSC_i_8/MSC_i_72/MSC_i_73/MSC_i_75/MSC_i_77/MSC_i_79/s0:CLK
  To:   DDR3_0_0/MSC_i_0/MSC_i_1/MSC_i_4/MSC_i_8/MSC_i_72/MSC_i_73/MSC_i_75/MSC_i_77/MSC_i_79/s1:D
  Delay (ns):              0.138
  Slack (ns):              0.070
  Arrival (ns):            3.723
  Required (ns):           3.653

Path 82
  From: DDR3_0_0/MSC_i_0/MSC_i_1/MSC_i_4/MSC_i_8/cmd_fifo_wr_data_reg3[15]:CLK
  To:   DDR3_0_0/MSC_i_0/MSC_i_1/MSC_i_4/MSC_i_8/cmd_fifo_wr_data_reg4[15]:D
  Delay (ns):              0.137
  Slack (ns):              0.070
  Arrival (ns):            3.742
  Required (ns):           3.672

Path 83
  From: DDR3_0_0/MSC_i_0/MSC_i_1/MSC_i_4/MSC_i_8/cmd_fifo_wr_data_reg3[75]:CLK
  To:   DDR3_0_0/MSC_i_0/MSC_i_1/MSC_i_4/MSC_i_8/cmd_fifo_wr_data_reg4[75]:D
  Delay (ns):              0.137
  Slack (ns):              0.070
  Arrival (ns):            3.738
  Required (ns):           3.668

Path 84
  From: MiV_Processor_0/MiV_Processor_0/ChiselTop0/converter/_T_272[13]:CLK
  To:   AXI4_Interconnect_0/AXI4_Interconnect_0/MstConvertor_loop[0].mstrconv/mstrDWC/genblk1.MstUpConv/DWC_WChan/WriteDataCtrl/genblk3[1].ds_data_out[13]:D
  Delay (ns):              0.135
  Slack (ns):              0.070
  Arrival (ns):            1.893
  Required (ns):           1.823

Path 85
  From: MiV_Processor_0/MiV_Processor_0/ChiselTop0/debug_1/dmOuter/dmInner_TLAsyncCrossingSource/MIV_RV32IMA_L1_AHB_ASYNC_QUEUE_SOURCE/MIV_RV32IMA_L1_AHB_ASYNC_VALID_SYNC/source_valid/sync_1/reg_0/q:CLK
  To:   MiV_Processor_0/MiV_Processor_0/ChiselTop0/debug_1/dmOuter/dmInner_TLAsyncCrossingSource/MIV_RV32IMA_L1_AHB_ASYNC_QUEUE_SOURCE/MIV_RV32IMA_L1_AHB_ASYNC_VALID_SYNC/source_valid/sync_0/reg_0/q:D
  Delay (ns):              0.138
  Slack (ns):              0.070
  Arrival (ns):            3.882
  Required (ns):           3.812

Path 86
  From: MiV_Processor_0/MiV_Processor_0/ChiselTop0/dtm/dtmInfoChain/regs_30:CLK
  To:   MiV_Processor_0/MiV_Processor_0/ChiselTop0/dtm/dtmInfoChain/regs_29:D
  Delay (ns):              0.136
  Slack (ns):              0.070
  Arrival (ns):            3.861
  Required (ns):           3.791

Path 87
  From: MiV_Processor_0/MiV_Processor_0/ChiselTop0/dtm/idcodeChain/regs_29:CLK
  To:   MiV_Processor_0/MiV_Processor_0/ChiselTop0/dtm/idcodeChain/regs_28:D
  Delay (ns):              0.137
  Slack (ns):              0.070
  Arrival (ns):            3.885
  Required (ns):           3.815

Path 88
  From: AXI4_Interconnect_0/AXI4_Interconnect_0/MstConvertor_loop[0].mstrconv/genblk2.mstAHBtoAXI4Conv/AHB_SM_i/AXI4_Read_Ctrl_inst/int_masterARADDR[10]:CLK
  To:   AXI4_Interconnect_0/AXI4_Interconnect_0/MstConvertor_loop[0].mstrconv/mstrDWC/genblk1.MstUpConv/DWC_UpConv_preCalcAChannel_ar_inst/MASTER_AADDR_out[10]:D
  Delay (ns):              0.138
  Slack (ns):              0.071
  Arrival (ns):            1.882
  Required (ns):           1.811

Path 89
  From: AXI4_Interconnect_0/AXI4_Interconnect_0/MstConvertor_loop[1].mstrconv/mstrDWC/genblk1.MstUpConv/DWC_RChan/genblk1.data_fifo/data_out_reg[28]:CLK
  To:   AXI4_Interconnect_0/AXI4_Interconnect_0/MstConvertor_loop[1].mstrconv/genblk2.mstAHBtoAXI4Conv/AHB_SM_i/AHBL_Ctrl_inst/MASTER_HRDATA[28]:D
  Delay (ns):              0.136
  Slack (ns):              0.071
  Arrival (ns):            1.896
  Required (ns):           1.825

Path 90
  From: AXI4_Interconnect_0/AXI4_Interconnect_0/MstConvertor_loop[1].mstrconv/mstrDWC/genblk1.MstUpConv/DWC_UpConv_preCalcAChannel_aw_inst/MASTER_AADDR_out[11]:CLK
  To:   AXI4_Interconnect_0/AXI4_Interconnect_0/MstConvertor_loop[1].mstrconv/mstrDWC/genblk1.MstUpConv/DWC_AWChan/SLAVE_AADDR[11]:D
  Delay (ns):              0.138
  Slack (ns):              0.071
  Arrival (ns):            1.870
  Required (ns):           1.799

Path 91
  From: DDR3_0_0/DDRPHY_BLK_0/IOD_TRAINING_0/COREDDR_TIP_INT_U/TIP_CTRL_BLK/LEVELLING/IOG_IF/move_int[0]:CLK
  To:   DDR3_0_0/DDRPHY_BLK_0/IOD_TRAINING_0/COREDDR_TIP_INT_U/MOVE[0]:D
  Delay (ns):              0.136
  Slack (ns):              0.071
  Arrival (ns):            3.718
  Required (ns):           3.647

Path 92
  From: DDR3_0_0/DDRPHY_BLK_0/IOD_TRAINING_0/COREDDR_TIP_INT_U/TIP_CTRL_BLK/LEVELLING/RDLVL/RDLVL_SMS/genblk1[0].RDLVL_TRAIN/dq_align_dqs_optimization/visual_dq_dqs_optimisation_current[3]:CLK
  To:   DDR3_0_0/DDRPHY_BLK_0/IOD_TRAINING_0/COREDDR_TIP_INT_U/TIP_CTRL_BLK/LEVELLING/RDLVL/RDLVL_SMS/genblk1[0].RDLVL_TRAIN/dq_align_dqs_optimization/visual_dq_dqs_optimisation_current[1]:D
  Delay (ns):              0.137
  Slack (ns):              0.071
  Arrival (ns):            3.736
  Required (ns):           3.665

Path 93
  From: DDR3_0_0/MSC_i_0/MSC_i_1/MSC_i_2/MSC_i_3/s0:CLK
  To:   DDR3_0_0/MSC_i_0/MSC_i_1/MSC_i_2/MSC_i_3/s1:D
  Delay (ns):              0.135
  Slack (ns):              0.071
  Arrival (ns):            3.746
  Required (ns):           3.675

Path 94
  From: DDR3_0_0/MSC_i_0/MSC_i_1/MSC_i_4/MSC_i_190/MSC_i_191/MSC_i_203/lat_n0.resettable.data_shifter_1_[107]:CLK
  To:   DDR3_0_0/MSC_i_0/MSC_i_1/MSC_i_4/MSC_i_190/MSC_i_191/MSC_i_203/lat_n0.resettable.data_shifter_2_[107]:D
  Delay (ns):              0.138
  Slack (ns):              0.071
  Arrival (ns):            3.760
  Required (ns):           3.689

Path 95
  From: DDR3_0_0/MSC_i_0/MSC_i_1/MSC_i_4/MSC_i_190/MSC_i_191/MSC_i_203/lat_n0.resettable.data_shifter_2_[123]:CLK
  To:   DDR3_0_0/MSC_i_0/MSC_i_1/MSC_i_4/MSC_i_222/dfi_address_r1[13]:D
  Delay (ns):              0.138
  Slack (ns):              0.071
  Arrival (ns):            3.754
  Required (ns):           3.683

Path 96
  From: DDR3_0_0/MSC_i_0/MSC_i_1/MSC_i_4/MSC_i_190/MSC_i_191/MSC_i_203/lat_n0.resettable.data_shifter_2_[33]:CLK
  To:   DDR3_0_0/MSC_i_0/MSC_i_1/MSC_i_4/MSC_i_222/dfi_odt_p0_r1[0]:D
  Delay (ns):              0.138
  Slack (ns):              0.071
  Arrival (ns):            3.741
  Required (ns):           3.670

Path 97
  From: DDR3_0_0/MSC_i_0/MSC_i_1/MSC_i_4/MSC_i_190/MSC_i_191/MSC_i_206/data_shifter_gen[18].data_shifter[18][1]:CLK
  To:   DDR3_0_0/MSC_i_0/MSC_i_1/MSC_i_4/MSC_i_190/MSC_i_191/MSC_i_206/data_shifter_gen[17].data_shifter[17][1]:D
  Delay (ns):              0.138
  Slack (ns):              0.071
  Arrival (ns):            3.754
  Required (ns):           3.683

Path 98
  From: DDR3_0_0/MSC_i_0/MSC_i_1/MSC_i_4/MSC_i_190/MSC_i_191/MSC_i_206/data_shifter_gen[32].data_shifter[32][1]:CLK
  To:   DDR3_0_0/MSC_i_0/MSC_i_1/MSC_i_4/MSC_i_190/MSC_i_191/MSC_i_206/data_shifter_gen[31].data_shifter[31][1]:D
  Delay (ns):              0.138
  Slack (ns):              0.071
  Arrival (ns):            3.747
  Required (ns):           3.676

Path 99
  From: DDR3_0_0/MSC_i_0/MSC_i_1/MSC_i_4/MSC_i_190/MSC_i_191/r_valid_sh[2]:CLK
  To:   DDR3_0_0/MSC_i_0/MSC_i_1/MSC_i_4/MSC_i_190/MSC_i_191/r_valid_sh[3]:D
  Delay (ns):              0.138
  Slack (ns):              0.071
  Arrival (ns):            3.760
  Required (ns):           3.689

Path 100
  From: DDR3_0_0/MSC_i_0/MSC_i_1/MSC_i_4/MSC_i_190/MSC_i_191/w_valid_attr_sh_gen[1].w_valid_attr_sh[1][12]:CLK
  To:   DDR3_0_0/MSC_i_0/MSC_i_1/MSC_i_4/MSC_i_190/MSC_i_191/w_valid_attr_sh_gen[1].w_valid_attr_sh[1][13]:D
  Delay (ns):              0.136
  Slack (ns):              0.071
  Arrival (ns):            3.759
  Required (ns):           3.688

