Timing Violation Report Max Delay Analysis

SmartTime Version v12.2
Microsemi Corporation - Microsemi Libero Software Release v12.2 (Version 12.700.0.21)
Date: Mon Nov 25 16:37:22 2019


Design: top
Family: PolarFire
Die: MPF300TS
Package: FCG1152
Temperature Range: -40 - 100 C
Voltage Range: 1.0185 - 1.0815 V
Speed Grade: -1
Design State: Post-Layout
Data source: Production
Operating Conditions: slow_lv_ht
Scenario for Timing Analysis: timing_analysis


Path 1
  From: DDR3_0_0/MSC_i_0/MSC_i_1/MSC_i_4/MSC_i_190/init_sm[0]:CLK
  To:   DDR3_0_0/MSC_i_0/MSC_i_1/MSC_i_4/MSC_i_190/MSC_i_191/dowrite_attr[0]:EN
  Delay (ns):              3.343
  Slack (ns):              2.444
  Arrival (ns):            9.807
  Required (ns):          12.251

Path 2
  From: DDR3_0_0/MSC_i_0/MSC_i_1/MSC_i_4/MSC_i_190/init_sm[0]:CLK
  To:   DDR3_0_0/MSC_i_0/MSC_i_1/MSC_i_4/MSC_i_190/MSC_i_191/pch_bank_addr[0]:EN
  Delay (ns):              3.330
  Slack (ns):              2.467
  Arrival (ns):            9.794
  Required (ns):          12.261

Path 3
  From: DDR3_0_0/MSC_i_0/MSC_i_1/MSC_i_225/MSC_i_226/cal_init_mr_addr_1[4]:CLK
  To:   DDR3_0_0/MSC_i_0/MSC_i_1/MSC_i_4/MSC_i_190/MSC_i_191/dowrite_attr[0]:EN
  Delay (ns):              3.313
  Slack (ns):              2.471
  Arrival (ns):            9.780
  Required (ns):          12.251

Path 4
  From: DDR3_0_0/MSC_i_0/MSC_i_1/MSC_i_4/MSC_i_8/MSC_i_51/MSC_i_52/MSC_i_62/s1:CLK
  To:   DDR3_0_0/MSC_i_0/MSC_i_1/MSC_i_4/MSC_i_8/MSC_i_104/MSC_i_105/gen_dc_level.wr_ready:D
  Delay (ns):              3.439
  Slack (ns):              2.477
  Arrival (ns):            9.860
  Required (ns):          12.337

Path 5
  From: DDR3_0_0/MSC_i_0/MSC_i_1/MSC_i_4/MSC_i_190/init_sm[0]:CLK
  To:   DDR3_0_0/MSC_i_0/MSC_i_1/MSC_i_4/MSC_i_190/MSC_i_191/dorw[1]:SLn
  Delay (ns):              3.453
  Slack (ns):              2.479
  Arrival (ns):            9.917
  Required (ns):          12.396

Path 6
  From: DDR3_0_0/MSC_i_0/MSC_i_1/MSC_i_4/MSC_i_8/MSC_i_51/MSC_i_52/MSC_i_62/s1:CLK
  To:   DDR3_0_0/MSC_i_0/MSC_i_1/MSC_i_4/MSC_i_8/MSC_i_104/MSC_i_135/mem_mem_0_1/INST_RAM1K20_IP:B_WEN[0]
  Delay (ns):              2.735
  Slack (ns):              2.496
  Arrival (ns):            9.156
  Required (ns):          11.652

Path 7
  From: DDR3_0_0/MSC_i_0/MSC_i_1/MSC_i_4/MSC_i_8/MSC_i_51/MSC_i_52/MSC_i_62/s1:CLK
  To:   DDR3_0_0/MSC_i_0/MSC_i_1/MSC_i_4/MSC_i_8/MSC_i_104/MSC_i_135/mem_mem_0_4/INST_RAM1K20_IP:B_WEN[0]
  Delay (ns):              2.748
  Slack (ns):              2.498
  Arrival (ns):            9.169
  Required (ns):          11.667

Path 8
  From: DDR3_0_0/MSC_i_0/MSC_i_1/MSC_i_225/MSC_i_226/cal_init_mr_addr_1[4]:CLK
  To:   DDR3_0_0/MSC_i_0/MSC_i_1/MSC_i_4/MSC_i_190/MSC_i_191/pch_bank_addr[0]:EN
  Delay (ns):              3.291
  Slack (ns):              2.503
  Arrival (ns):            9.758
  Required (ns):          12.261

Path 9
  From: DDR3_0_0/MSC_i_0/MSC_i_1/MSC_i_4/MSC_i_190/init_sm[4]:CLK
  To:   DDR3_0_0/MSC_i_0/MSC_i_1/MSC_i_4/MSC_i_190/MSC_i_191/dowrite_attr[0]:EN
  Delay (ns):              3.281
  Slack (ns):              2.506
  Arrival (ns):            9.745
  Required (ns):          12.251

Path 10
  From: DDR3_0_0/MSC_i_0/MSC_i_1/MSC_i_225/MSC_i_226/cal_init_mr_addr_1[3]:CLK
  To:   DDR3_0_0/MSC_i_0/MSC_i_1/MSC_i_4/MSC_i_190/MSC_i_191/dowrite_attr[0]:EN
  Delay (ns):              3.275
  Slack (ns):              2.509
  Arrival (ns):            9.742
  Required (ns):          12.251

Path 11
  From: DDR3_0_0/MSC_i_0/MSC_i_1/MSC_i_4/MSC_i_8/MSC_i_51/MSC_i_52/MSC_i_62/s1:CLK
  To:   DDR3_0_0/MSC_i_0/MSC_i_1/MSC_i_4/MSC_i_8/MSC_i_104/MSC_i_135/mem_mem_0_0/INST_RAM1K20_IP:B_WEN[0]
  Delay (ns):              2.718
  Slack (ns):              2.513
  Arrival (ns):            9.139
  Required (ns):          11.652

Path 12
  From: DDR3_0_0/MSC_i_0/MSC_i_1/MSC_i_225/MSC_i_226/cal_init_mr_addr_1[4]:CLK
  To:   DDR3_0_0/MSC_i_0/MSC_i_1/MSC_i_4/MSC_i_190/MSC_i_191/dorw[1]:SLn
  Delay (ns):              3.423
  Slack (ns):              2.519
  Arrival (ns):            9.890
  Required (ns):          12.409

Path 13
  From: DDR3_0_0/MSC_i_0/MSC_i_1/MSC_i_4/MSC_i_8/MSC_i_51/MSC_i_52/MSC_i_62/s1:CLK
  To:   DDR3_0_0/MSC_i_0/MSC_i_1/MSC_i_4/MSC_i_8/MSC_i_104/MSC_i_135/mem_mem_0_1/INST_RAM1K20_IP:B_WEN[1]
  Delay (ns):              2.736
  Slack (ns):              2.519
  Arrival (ns):            9.157
  Required (ns):          11.676

Path 14
  From: DDR3_0_0/MSC_i_0/MSC_i_1/MSC_i_4/MSC_i_8/MSC_i_51/MSC_i_52/MSC_i_62/s1:CLK
  To:   DDR3_0_0/MSC_i_0/MSC_i_1/MSC_i_4/MSC_i_8/MSC_i_104/MSC_i_135/mem_mem_0_4/INST_RAM1K20_IP:B_WEN[1]
  Delay (ns):              2.748
  Slack (ns):              2.522
  Arrival (ns):            9.169
  Required (ns):          11.691

Path 15
  From: DDR3_0_0/MSC_i_0/MSC_i_1/MSC_i_225/MSC_i_226/cal_init_mr_addr_1[5]:CLK
  To:   DDR3_0_0/MSC_i_0/MSC_i_1/MSC_i_4/MSC_i_190/MSC_i_191/dowrite_attr[0]:EN
  Delay (ns):              3.260
  Slack (ns):              2.524
  Arrival (ns):            9.727
  Required (ns):          12.251

Path 16
  From: DDR3_0_0/MSC_i_0/MSC_i_1/MSC_i_4/MSC_i_190/init_sm[2]:CLK
  To:   DDR3_0_0/MSC_i_0/MSC_i_1/MSC_i_4/MSC_i_190/MSC_i_191/dowrite_attr[0]:EN
  Delay (ns):              3.263
  Slack (ns):              2.525
  Arrival (ns):            9.726
  Required (ns):          12.251

Path 17
  From: DDR3_0_0/MSC_i_0/MSC_i_1/MSC_i_4/MSC_i_8/MSC_i_51/MSC_i_52/MSC_i_62/s1:CLK
  To:   DDR3_0_0/MSC_i_0/MSC_i_1/MSC_i_4/MSC_i_8/MSC_i_104/MSC_i_135/mem_mem_0_0/INST_RAM1K20_IP:B_WEN[1]
  Delay (ns):              2.719
  Slack (ns):              2.536
  Arrival (ns):            9.140
  Required (ns):          11.676

Path 18
  From: DDR3_0_0/MSC_i_0/MSC_i_1/MSC_i_4/MSC_i_190/init_sm[4]:CLK
  To:   DDR3_0_0/MSC_i_0/MSC_i_1/MSC_i_4/MSC_i_190/MSC_i_191/dorw[1]:SLn
  Delay (ns):              3.391
  Slack (ns):              2.541
  Arrival (ns):            9.855
  Required (ns):          12.396

Path 19
  From: DDR3_0_0/MSC_i_0/MSC_i_1/MSC_i_225/MSC_i_226/cal_init_mr_addr_1[0]:CLK
  To:   DDR3_0_0/MSC_i_0/MSC_i_1/MSC_i_4/MSC_i_190/MSC_i_191/dowrite_attr[0]:EN
  Delay (ns):              3.248
  Slack (ns):              2.547
  Arrival (ns):            9.704
  Required (ns):          12.251

Path 20
  From: DDR3_0_0/MSC_i_0/MSC_i_1/MSC_i_4/MSC_i_190/init_sm[2]:CLK
  To:   DDR3_0_0/MSC_i_0/MSC_i_1/MSC_i_4/MSC_i_190/MSC_i_191/pch_bank_addr[0]:EN
  Delay (ns):              3.251
  Slack (ns):              2.547
  Arrival (ns):            9.714
  Required (ns):          12.261

Path 21
  From: DDR3_0_0/MSC_i_0/MSC_i_1/MSC_i_225/MSC_i_226/cal_init_mr_addr_1[3]:CLK
  To:   DDR3_0_0/MSC_i_0/MSC_i_1/MSC_i_4/MSC_i_190/MSC_i_191/dorw[1]:SLn
  Delay (ns):              3.385
  Slack (ns):              2.557
  Arrival (ns):            9.852
  Required (ns):          12.409

Path 22
  From: DDR3_0_0/MSC_i_0/MSC_i_1/MSC_i_4/MSC_i_190/init_sm[2]:CLK
  To:   DDR3_0_0/MSC_i_0/MSC_i_1/MSC_i_4/MSC_i_190/MSC_i_191/dorw[1]:SLn
  Delay (ns):              3.373
  Slack (ns):              2.560
  Arrival (ns):            9.836
  Required (ns):          12.396

Path 23
  From: DDR3_0_0/MSC_i_0/MSC_i_1/MSC_i_225/MSC_i_226/cal_init_mr_addr_1[0]:CLK
  To:   DDR3_0_0/MSC_i_0/MSC_i_1/MSC_i_4/MSC_i_190/MSC_i_191/dorw[1]:SLn
  Delay (ns):              3.358
  Slack (ns):              2.570
  Arrival (ns):            9.814
  Required (ns):          12.384

Path 24
  From: DDR3_0_0/MSC_i_0/MSC_i_1/MSC_i_225/MSC_i_226/cal_init_mr_addr_1[3]:CLK
  To:   DDR3_0_0/MSC_i_0/MSC_i_1/MSC_i_4/MSC_i_190/MSC_i_191/pch_bank_addr[0]:EN
  Delay (ns):              3.224
  Slack (ns):              2.570
  Arrival (ns):            9.691
  Required (ns):          12.261

Path 25
  From: DDR3_0_0/MSC_i_0/MSC_i_1/MSC_i_225/MSC_i_226/cal_init_mr_addr_1[5]:CLK
  To:   DDR3_0_0/MSC_i_0/MSC_i_1/MSC_i_4/MSC_i_190/MSC_i_191/dorw[1]:SLn
  Delay (ns):              3.370
  Slack (ns):              2.572
  Arrival (ns):            9.837
  Required (ns):          12.409

Path 26
  From: DDR3_0_0/MSC_i_0/MSC_i_1/MSC_i_225/MSC_i_226/cal_init_mr_addr_1[5]:CLK
  To:   DDR3_0_0/MSC_i_0/MSC_i_1/MSC_i_4/MSC_i_190/MSC_i_191/pch_bank_addr[0]:EN
  Delay (ns):              3.215
  Slack (ns):              2.579
  Arrival (ns):            9.682
  Required (ns):          12.261

Path 27
  From: DDR3_0_0/MSC_i_0/MSC_i_1/MSC_i_4/MSC_i_190/init_sm[4]:CLK
  To:   DDR3_0_0/MSC_i_0/MSC_i_1/MSC_i_4/MSC_i_190/MSC_i_191/pch_bank_addr[0]:EN
  Delay (ns):              3.212
  Slack (ns):              2.585
  Arrival (ns):            9.676
  Required (ns):          12.261

Path 28
  From: DDR3_0_0/MSC_i_0/MSC_i_1/MSC_i_4/MSC_i_190/user_mr_w_req:CLK
  To:   DDR3_0_0/MSC_i_0/MSC_i_1/MSC_i_4/MSC_i_190/MSC_i_191/dowrite_attr[0]:EN
  Delay (ns):              3.183
  Slack (ns):              2.603
  Arrival (ns):            9.648
  Required (ns):          12.251

Path 29
  From: DDR3_0_0/MSC_i_0/MSC_i_1/MSC_i_225/MSC_i_226/cal_select:CLK
  To:   DDR3_0_0/MSC_i_0/MSC_i_1/MSC_i_4/MSC_i_190/MSC_i_191/dowrite_attr[0]:EN
  Delay (ns):              3.186
  Slack (ns):              2.604
  Arrival (ns):            9.647
  Required (ns):          12.251

Path 30
  From: DDR3_0_0/MSC_i_0/MSC_i_1/MSC_i_225/MSC_i_226/cal_init_mr_addr_1[0]:CLK
  To:   DDR3_0_0/MSC_i_0/MSC_i_1/MSC_i_4/MSC_i_190/MSC_i_191/pch_bank_addr[0]:EN
  Delay (ns):              3.184
  Slack (ns):              2.621
  Arrival (ns):            9.640
  Required (ns):          12.261

Path 31
  From: DDR3_0_0/MSC_i_0/MSC_i_1/MSC_i_225/MSC_i_226/cal_select:CLK
  To:   DDR3_0_0/MSC_i_0/MSC_i_1/MSC_i_4/MSC_i_190/MSC_i_191/dorw[1]:SLn
  Delay (ns):              3.296
  Slack (ns):              2.627
  Arrival (ns):            9.757
  Required (ns):          12.384

Path 32
  From: DDR3_0_0/MSC_i_0/MSC_i_1/MSC_i_4/MSC_i_190/init_sm[3]:CLK
  To:   DDR3_0_0/MSC_i_0/MSC_i_1/MSC_i_4/MSC_i_190/MSC_i_191/dowrite_attr[0]:EN
  Delay (ns):              3.164
  Slack (ns):              2.628
  Arrival (ns):            9.623
  Required (ns):          12.251

Path 33
  From: DDR3_0_0/MSC_i_0/MSC_i_1/MSC_i_4/MSC_i_190/user_mr_w_req:CLK
  To:   DDR3_0_0/MSC_i_0/MSC_i_1/MSC_i_4/MSC_i_190/MSC_i_191/pch_bank_addr[0]:EN
  Delay (ns):              3.150
  Slack (ns):              2.646
  Arrival (ns):            9.615
  Required (ns):          12.261

Path 34
  From: DDR3_0_0/MSC_i_0/MSC_i_1/MSC_i_225/MSC_i_226/cal_select:CLK
  To:   DDR3_0_0/MSC_i_0/MSC_i_1/MSC_i_4/MSC_i_190/MSC_i_191/pch_bank_addr[0]:EN
  Delay (ns):              3.151
  Slack (ns):              2.649
  Arrival (ns):            9.612
  Required (ns):          12.261

Path 35
  From: DDR3_0_0/MSC_i_0/MSC_i_1/MSC_i_4/MSC_i_190/init_sm[5]:CLK
  To:   DDR3_0_0/MSC_i_0/MSC_i_1/MSC_i_4/MSC_i_190/MSC_i_191/dowrite_attr[0]:EN
  Delay (ns):              3.138
  Slack (ns):              2.649
  Arrival (ns):            9.602
  Required (ns):          12.251

Path 36
  From: DDR3_0_0/MSC_i_0/MSC_i_1/MSC_i_4/MSC_i_190/user_mr_w_req:CLK
  To:   DDR3_0_0/MSC_i_0/MSC_i_1/MSC_i_4/MSC_i_190/MSC_i_191/dorw[1]:SLn
  Delay (ns):              3.293
  Slack (ns):              2.651
  Arrival (ns):            9.758
  Required (ns):          12.409

Path 37
  From: DDR3_0_0/MSC_i_0/MSC_i_1/MSC_i_4/MSC_i_190/init_sm[3]:CLK
  To:   DDR3_0_0/MSC_i_0/MSC_i_1/MSC_i_4/MSC_i_190/MSC_i_191/dorw[1]:SLn
  Delay (ns):              3.274
  Slack (ns):              2.663
  Arrival (ns):            9.733
  Required (ns):          12.396

Path 38
  From: DDR3_0_0/MSC_i_0/MSC_i_1/MSC_i_4/MSC_i_190/MSC_i_191/qm_active_index[2]:CLK
  To:   DDR3_0_0/MSC_i_0/MSC_i_1/MSC_i_4/MSC_i_190/MSC_i_191/pch_bank_addr[0]:EN
  Delay (ns):              3.118
  Slack (ns):              2.665
  Arrival (ns):            9.596
  Required (ns):          12.261

Path 39
  From: DDR3_0_0/MSC_i_0/MSC_i_1/MSC_i_4/MSC_i_190/MSC_i_191/qm_active_index[1]:CLK
  To:   DDR3_0_0/MSC_i_0/MSC_i_1/MSC_i_4/MSC_i_190/MSC_i_191/dowrite_attr[0]:EN
  Delay (ns):              3.107
  Slack (ns):              2.666
  Arrival (ns):            9.585
  Required (ns):          12.251

Path 40
  From: DDR3_0_0/MSC_i_0/MSC_i_1/MSC_i_4/MSC_i_8/MSC_i_72/MSC_i_73/MSC_i_74/rd_addr[0]:CLK
  To:   DDR3_0_0/MSC_i_0/MSC_i_1/MSC_i_4/MSC_i_8/rd_data_asm_fifo_wr_data[35]:D
  Delay (ns):              3.258
  Slack (ns):              2.668
  Arrival (ns):            9.663
  Required (ns):          12.331

Path 41
  From: DDR3_0_0/MSC_i_0/MSC_i_1/MSC_i_225/MSC_i_226/cal_init_mr_addr_1[2]:CLK
  To:   DDR3_0_0/MSC_i_0/MSC_i_1/MSC_i_4/MSC_i_190/MSC_i_191/dowrite_attr[0]:EN
  Delay (ns):              3.125
  Slack (ns):              2.669
  Arrival (ns):            9.582
  Required (ns):          12.251

Path 42
  From: DDR3_0_0/MSC_i_0/MSC_i_1/MSC_i_4/MSC_i_8/MSC_i_72/MSC_i_73/MSC_i_74/rd_addr[0]:CLK
  To:   DDR3_0_0/MSC_i_0/MSC_i_1/MSC_i_4/MSC_i_8/rd_data_asm_fifo_wr_data[19]:D
  Delay (ns):              3.248
  Slack (ns):              2.678
  Arrival (ns):            9.653
  Required (ns):          12.331

Path 43
  From: DDR3_0_0/MSC_i_0/MSC_i_1/MSC_i_4/MSC_i_190/MSC_i_191/qm_active_index[1]:CLK
  To:   DDR3_0_0/MSC_i_0/MSC_i_1/MSC_i_4/MSC_i_190/MSC_i_191/pch_bank_addr[0]:EN
  Delay (ns):              3.102
  Slack (ns):              2.681
  Arrival (ns):            9.580
  Required (ns):          12.261

Path 44
  From: DDR3_0_0/MSC_i_0/MSC_i_1/MSC_i_4/MSC_i_8/MSC_i_72/MSC_i_73/MSC_i_74/rd_addr[0]:CLK
  To:   DDR3_0_0/MSC_i_0/MSC_i_1/MSC_i_4/MSC_i_8/rd_data_asm_fifo_wr_data[16]:D
  Delay (ns):              3.245
  Slack (ns):              2.681
  Arrival (ns):            9.650
  Required (ns):          12.331

Path 45
  From: DDR3_0_0/MSC_i_0/MSC_i_1/MSC_i_4/MSC_i_8/MSC_i_72/MSC_i_73/MSC_i_74/rd_addr[0]:CLK
  To:   DDR3_0_0/MSC_i_0/MSC_i_1/MSC_i_4/MSC_i_8/rd_data_asm_fifo_wr_data[26]:D
  Delay (ns):              3.245
  Slack (ns):              2.681
  Arrival (ns):            9.650
  Required (ns):          12.331

Path 46
  From: DDR3_0_0/MSC_i_0/MSC_i_1/MSC_i_4/MSC_i_190/init_sm[5]:CLK
  To:   DDR3_0_0/MSC_i_0/MSC_i_1/MSC_i_4/MSC_i_190/MSC_i_191/dorw[1]:SLn
  Delay (ns):              3.248
  Slack (ns):              2.684
  Arrival (ns):            9.712
  Required (ns):          12.396

Path 47
  From: DDR3_0_0/MSC_i_0/MSC_i_1/MSC_i_4/MSC_i_190/MSC_i_191/qm_active_index[1]:CLK
  To:   DDR3_0_0/MSC_i_0/MSC_i_1/MSC_i_4/MSC_i_190/MSC_i_191/dorw[1]:SLn
  Delay (ns):              3.217
  Slack (ns):              2.689
  Arrival (ns):            9.695
  Required (ns):          12.384

Path 48
  From: DDR3_0_0/MSC_i_0/MSC_i_1/MSC_i_225/MSC_i_226/cal_init_mr_addr_1[2]:CLK
  To:   DDR3_0_0/MSC_i_0/MSC_i_1/MSC_i_4/MSC_i_190/MSC_i_191/dorw[1]:SLn
  Delay (ns):              3.235
  Slack (ns):              2.692
  Arrival (ns):            9.692
  Required (ns):          12.384

Path 49
  From: DDR3_0_0/MSC_i_0/MSC_i_1/MSC_i_225/MSC_i_226/cal_init_mr_addr_1[1]:CLK
  To:   DDR3_0_0/MSC_i_0/MSC_i_1/MSC_i_4/MSC_i_190/MSC_i_191/dowrite_attr[0]:EN
  Delay (ns):              3.097
  Slack (ns):              2.697
  Arrival (ns):            9.554
  Required (ns):          12.251

Path 50
  From: DDR3_0_0/MSC_i_0/MSC_i_1/MSC_i_4/MSC_i_190/MSC_i_191/MSC_i_208/rw_queued:CLK
  To:   DDR3_0_0/MSC_i_0/MSC_i_1/MSC_i_4/MSC_i_183/write_count[10]:D
  Delay (ns):              3.252
  Slack (ns):              2.702
  Arrival (ns):            9.708
  Required (ns):          12.410

Path 51
  From: DDR3_0_0/MSC_i_0/MSC_i_1/MSC_i_4/MSC_i_190/init_sm[0]:CLK
  To:   DDR3_0_0/MSC_i_0/MSC_i_1/MSC_i_4/MSC_i_190/MSC_i_191/dowrite_attr[0]:SLn
  Delay (ns):              3.153
  Slack (ns):              2.702
  Arrival (ns):            9.617
  Required (ns):          12.319

Path 52
  From: DDR3_0_0/MSC_i_0/MSC_i_1/MSC_i_4/MSC_i_190/init_sm[0]:CLK
  To:   DDR3_0_0/MSC_i_0/MSC_i_1/MSC_i_4/MSC_i_190/MSC_i_191/pch_bank_addr[1]:EN
  Delay (ns):              3.087
  Slack (ns):              2.702
  Arrival (ns):            9.551
  Required (ns):          12.253

Path 53
  From: DDR3_0_0/MSC_i_0/MSC_i_1/MSC_i_4/MSC_i_190/init_sm[0]:CLK
  To:   DDR3_0_0/MSC_i_0/MSC_i_1/MSC_i_4/MSC_i_190/MSC_i_191/pch_bank_addr[2]:EN
  Delay (ns):              3.086
  Slack (ns):              2.702
  Arrival (ns):            9.550
  Required (ns):          12.252

Path 54
  From: DDR3_0_0/MSC_i_0/MSC_i_1/MSC_i_4/MSC_i_190/init_sm[0]:CLK
  To:   DDR3_0_0/MSC_i_0/MSC_i_1/MSC_i_4/MSC_i_190/MSC_i_191/pch_chip_cs[0]:EN
  Delay (ns):              3.087
  Slack (ns):              2.702
  Arrival (ns):            9.551
  Required (ns):          12.253

Path 55
  From: DDR3_0_0/MSC_i_0/MSC_i_1/MSC_i_4/MSC_i_190/init_sm[3]:CLK
  To:   DDR3_0_0/MSC_i_0/MSC_i_1/MSC_i_4/MSC_i_190/MSC_i_191/pch_bank_addr[0]:EN
  Delay (ns):              3.099
  Slack (ns):              2.703
  Arrival (ns):            9.558
  Required (ns):          12.261

Path 56
  From: DDR3_0_0/MSC_i_0/MSC_i_1/MSC_i_4/MSC_i_190/MSC_i_191/qm_active_index[3]:CLK
  To:   DDR3_0_0/MSC_i_0/MSC_i_1/MSC_i_4/MSC_i_190/MSC_i_191/pch_bank_addr[0]:EN
  Delay (ns):              3.076
  Slack (ns):              2.707
  Arrival (ns):            9.554
  Required (ns):          12.261

Path 57
  From: DDR3_0_0/MSC_i_0/MSC_i_1/MSC_i_4/MSC_i_8/MSC_i_72/MSC_i_73/MSC_i_74/rd_addr[0]:CLK
  To:   DDR3_0_0/MSC_i_0/MSC_i_1/MSC_i_4/MSC_i_8/rd_data_asm_fifo_wr_data[21]:D
  Delay (ns):              3.211
  Slack (ns):              2.709
  Arrival (ns):            9.616
  Required (ns):          12.325

Path 58
  From: DDR3_0_0/MSC_i_0/MSC_i_1/MSC_i_4/MSC_i_8/MSC_i_72/MSC_i_73/MSC_i_74/rd_addr[0]:CLK
  To:   DDR3_0_0/MSC_i_0/MSC_i_1/MSC_i_4/MSC_i_8/rd_data_asm_fifo_wr_data[56]:D
  Delay (ns):              3.210
  Slack (ns):              2.710
  Arrival (ns):            9.615
  Required (ns):          12.325

Path 59
  From: DDR3_0_0/MSC_i_0/MSC_i_1/MSC_i_225/MSC_i_226/cal_select:CLK
  To:   DDR3_0_0/MSC_i_0/MSC_i_1/MSC_i_4/MSC_i_183/write_count[10]:D
  Delay (ns):              3.175
  Slack (ns):              2.711
  Arrival (ns):            9.636
  Required (ns):          12.347

Path 60
  From: DDR3_0_0/MSC_i_0/MSC_i_1/MSC_i_4/MSC_i_8/MSC_i_72/MSC_i_73/MSC_i_74/rd_addr[0]:CLK
  To:   DDR3_0_0/MSC_i_0/MSC_i_1/MSC_i_4/MSC_i_8/rd_data_asm_fifo_wr_data[55]:D
  Delay (ns):              3.209
  Slack (ns):              2.711
  Arrival (ns):            9.614
  Required (ns):          12.325

Path 61
  From: DDR3_0_0/MSC_i_0/MSC_i_1/MSC_i_225/MSC_i_226/cal_init_mr_addr_1[2]:CLK
  To:   DDR3_0_0/MSC_i_0/MSC_i_1/MSC_i_4/MSC_i_190/MSC_i_191/pch_bank_addr[0]:EN
  Delay (ns):              3.089
  Slack (ns):              2.715
  Arrival (ns):            9.546
  Required (ns):          12.261

Path 62
  From: DDR3_0_0/MSC_i_0/MSC_i_1/MSC_i_4/MSC_i_190/init_sm[1]:CLK
  To:   DDR3_0_0/MSC_i_0/MSC_i_1/MSC_i_4/MSC_i_190/MSC_i_191/dowrite_attr[0]:EN
  Delay (ns):              3.072
  Slack (ns):              2.715
  Arrival (ns):            9.536
  Required (ns):          12.251

Path 63
  From: DDR3_0_0/MSC_i_0/MSC_i_1/MSC_i_4/MSC_i_8/MSC_i_72/MSC_i_73/MSC_i_74/rd_addr[0]:CLK
  To:   DDR3_0_0/MSC_i_0/MSC_i_1/MSC_i_4/MSC_i_8/rd_data_asm_fifo_wr_data[22]:D
  Delay (ns):              3.199
  Slack (ns):              2.715
  Arrival (ns):            9.604
  Required (ns):          12.319

Path 64
  From: DDR3_0_0/MSC_i_0/MSC_i_1/MSC_i_4/MSC_i_190/mr_reload_sm[4]:CLK
  To:   DDR3_0_0/MSC_i_0/MSC_i_1/MSC_i_4/MSC_i_190/MSC_i_191/dowrite_attr[0]:EN
  Delay (ns):              3.082
  Slack (ns):              2.716
  Arrival (ns):            9.535
  Required (ns):          12.251

Path 65
  From: DDR3_0_0/MSC_i_0/MSC_i_1/MSC_i_4/MSC_i_8/MSC_i_72/MSC_i_73/MSC_i_74/rd_addr[0]:CLK
  To:   DDR3_0_0/MSC_i_0/MSC_i_1/MSC_i_4/MSC_i_8/rd_data_asm_fifo_wr_data[44]:D
  Delay (ns):              3.201
  Slack (ns):              2.718
  Arrival (ns):            9.606
  Required (ns):          12.324

Path 66
  From: DDR3_0_0/MSC_i_0/MSC_i_1/MSC_i_4/MSC_i_190/MSC_i_191/qm_active_index[2]:CLK
  To:   DDR3_0_0/MSC_i_0/MSC_i_1/MSC_i_4/MSC_i_190/MSC_i_191/dowrite_attr[0]:EN
  Delay (ns):              3.054
  Slack (ns):              2.719
  Arrival (ns):            9.532
  Required (ns):          12.251

Path 67
  From: DDR3_0_0/MSC_i_0/MSC_i_1/MSC_i_4/MSC_i_8/MSC_i_72/MSC_i_73/MSC_i_74/rd_addr[0]:CLK
  To:   DDR3_0_0/MSC_i_0/MSC_i_1/MSC_i_4/MSC_i_8/rd_data_asm_fifo_wr_data[5]:D
  Delay (ns):              3.200
  Slack (ns):              2.719
  Arrival (ns):            9.605
  Required (ns):          12.324

Path 68
  From: DDR3_0_0/MSC_i_0/MSC_i_1/MSC_i_225/MSC_i_226/cal_init_mr_addr_1[1]:CLK
  To:   DDR3_0_0/MSC_i_0/MSC_i_1/MSC_i_4/MSC_i_190/MSC_i_191/dorw[1]:SLn
  Delay (ns):              3.207
  Slack (ns):              2.720
  Arrival (ns):            9.664
  Required (ns):          12.384

Path 69
  From: DDR3_0_0/MSC_i_0/MSC_i_1/MSC_i_4/MSC_i_190/MSC_i_191/MSC_i_204/rw_queued:CLK
  To:   DDR3_0_0/MSC_i_0/MSC_i_1/MSC_i_4/MSC_i_183/write_count[10]:D
  Delay (ns):              3.228
  Slack (ns):              2.720
  Arrival (ns):            9.690
  Required (ns):          12.410

Path 70
  From: DDR3_0_0/MSC_i_0/MSC_i_1/MSC_i_4/MSC_i_190/MSC_i_191/qm_active_index[0]:CLK
  To:   DDR3_0_0/MSC_i_0/MSC_i_1/MSC_i_4/MSC_i_190/MSC_i_191/pch_bank_addr[0]:EN
  Delay (ns):              3.057
  Slack (ns):              2.726
  Arrival (ns):            9.535
  Required (ns):          12.261

Path 71
  From: DDR3_0_0/MSC_i_0/MSC_i_1/MSC_i_4/MSC_i_190/MSC_i_191/qm_active_index[3]:CLK
  To:   DDR3_0_0/MSC_i_0/MSC_i_1/MSC_i_4/MSC_i_190/MSC_i_191/dowrite_attr[0]:EN
  Delay (ns):              3.046
  Slack (ns):              2.727
  Arrival (ns):            9.524
  Required (ns):          12.251

Path 72
  From: DDR3_0_0/MSC_i_0/MSC_i_1/MSC_i_225/MSC_i_226/cal_init_mr_addr_1[4]:CLK
  To:   DDR3_0_0/MSC_i_0/MSC_i_1/MSC_i_4/MSC_i_190/MSC_i_191/dowrite_attr[0]:SLn
  Delay (ns):              3.123
  Slack (ns):              2.729
  Arrival (ns):            9.590
  Required (ns):          12.319

Path 73
  From: DDR3_0_0/MSC_i_0/MSC_i_1/MSC_i_4/MSC_i_190/mr_reload_sm[4]:CLK
  To:   DDR3_0_0/MSC_i_0/MSC_i_1/MSC_i_4/MSC_i_190/MSC_i_191/pch_bank_addr[0]:EN
  Delay (ns):              3.075
  Slack (ns):              2.733
  Arrival (ns):            9.528
  Required (ns):          12.261

Path 74
  From: DDR3_0_0/MSC_i_0/MSC_i_1/MSC_i_4/MSC_i_190/MSC_i_191/MSC_i_208/pending_cmd:CLK
  To:   DDR3_0_0/MSC_i_0/MSC_i_1/MSC_i_4/MSC_i_183/write_count[10]:D
  Delay (ns):              3.211
  Slack (ns):              2.737
  Arrival (ns):            9.673
  Required (ns):          12.410

Path 75
  From: DDR3_0_0/MSC_i_0/MSC_i_1/MSC_i_4/MSC_i_190/MSC_i_191/wr_ack[0]:CLK
  To:   DDR3_0_0/MSC_i_0/MSC_i_1/MSC_i_4/MSC_i_183/write_count[10]:D
  Delay (ns):              3.211
  Slack (ns):              2.737
  Arrival (ns):            9.673
  Required (ns):          12.410

Path 76
  From: DDR3_0_0/MSC_i_0/MSC_i_1/MSC_i_4/MSC_i_8/MSC_i_72/MSC_i_73/MSC_i_74/d0[8]:CLK
  To:   DDR3_0_0/MSC_i_0/MSC_i_1/MSC_i_4/MSC_i_8/rd_data_asm_fifo_wr_data[35]:D
  Delay (ns):              3.189
  Slack (ns):              2.737
  Arrival (ns):            9.594
  Required (ns):          12.331

Path 77
  From: DDR3_0_0/MSC_i_0/MSC_i_1/MSC_i_225/MSC_i_226/cal_init_mr_addr_1[4]:CLK
  To:   DDR3_0_0/MSC_i_0/MSC_i_1/MSC_i_4/MSC_i_190/MSC_i_191/pch_bank_addr[1]:EN
  Delay (ns):              3.048
  Slack (ns):              2.738
  Arrival (ns):            9.515
  Required (ns):          12.253

Path 78
  From: DDR3_0_0/MSC_i_0/MSC_i_1/MSC_i_225/MSC_i_226/cal_init_mr_addr_1[4]:CLK
  To:   DDR3_0_0/MSC_i_0/MSC_i_1/MSC_i_4/MSC_i_190/MSC_i_191/pch_bank_addr[2]:EN
  Delay (ns):              3.047
  Slack (ns):              2.738
  Arrival (ns):            9.514
  Required (ns):          12.252

Path 79
  From: DDR3_0_0/MSC_i_0/MSC_i_1/MSC_i_225/MSC_i_226/cal_init_mr_addr_1[4]:CLK
  To:   DDR3_0_0/MSC_i_0/MSC_i_1/MSC_i_4/MSC_i_190/MSC_i_191/pch_chip_cs[0]:EN
  Delay (ns):              3.048
  Slack (ns):              2.738
  Arrival (ns):            9.515
  Required (ns):          12.253

Path 80
  From: DDR3_0_0/MSC_i_0/MSC_i_1/MSC_i_4/MSC_i_190/MSC_i_191/qm_active_index[2]:CLK
  To:   DDR3_0_0/MSC_i_0/MSC_i_1/MSC_i_4/MSC_i_190/MSC_i_191/dorw[1]:SLn
  Delay (ns):              3.164
  Slack (ns):              2.742
  Arrival (ns):            9.642
  Required (ns):          12.384

Path 81
  From: DDR3_0_0/MSC_i_0/MSC_i_1/MSC_i_4/MSC_i_190/MSC_i_191/qm_active_index[0]:CLK
  To:   DDR3_0_0/MSC_i_0/MSC_i_1/MSC_i_4/MSC_i_190/MSC_i_191/dowrite_attr[0]:EN
  Delay (ns):              3.029
  Slack (ns):              2.744
  Arrival (ns):            9.507
  Required (ns):          12.251

Path 82
  From: DDR3_0_0/MSC_i_0/MSC_i_1/MSC_i_4/MSC_i_190/MSC_i_191/wr_ack[2]:CLK
  To:   DDR3_0_0/MSC_i_0/MSC_i_1/MSC_i_4/MSC_i_183/write_count[10]:D
  Delay (ns):              3.202
  Slack (ns):              2.744
  Arrival (ns):            9.666
  Required (ns):          12.410

Path 83
  From: DDR3_0_0/MSC_i_0/MSC_i_1/MSC_i_4/MSC_i_8/MSC_i_72/MSC_i_73/MSC_i_74/d0[8]:CLK
  To:   DDR3_0_0/MSC_i_0/MSC_i_1/MSC_i_4/MSC_i_8/rd_data_asm_fifo_wr_data[19]:D
  Delay (ns):              3.179
  Slack (ns):              2.747
  Arrival (ns):            9.584
  Required (ns):          12.331

Path 84
  From: DDR3_0_0/MSC_i_0/MSC_i_1/MSC_i_4/MSC_i_8/MSC_i_72/MSC_i_73/MSC_i_74/rd_addr[1]:CLK
  To:   DDR3_0_0/MSC_i_0/MSC_i_1/MSC_i_4/MSC_i_8/rd_data_asm_fifo_wr_data[35]:D
  Delay (ns):              3.177
  Slack (ns):              2.749
  Arrival (ns):            9.582
  Required (ns):          12.331

Path 85
  From: DDR3_0_0/MSC_i_0/MSC_i_1/MSC_i_4/MSC_i_190/MSC_i_191/qm_active_index[3]:CLK
  To:   DDR3_0_0/MSC_i_0/MSC_i_1/MSC_i_4/MSC_i_190/MSC_i_191/dorw[1]:SLn
  Delay (ns):              3.156
  Slack (ns):              2.750
  Arrival (ns):            9.634
  Required (ns):          12.384

Path 86
  From: DDR3_0_0/MSC_i_0/MSC_i_1/MSC_i_4/MSC_i_190/init_sm[1]:CLK
  To:   DDR3_0_0/MSC_i_0/MSC_i_1/MSC_i_4/MSC_i_190/MSC_i_191/dorw[1]:SLn
  Delay (ns):              3.182
  Slack (ns):              2.750
  Arrival (ns):            9.646
  Required (ns):          12.396

Path 87
  From: DDR3_0_0/MSC_i_0/MSC_i_1/MSC_i_4/MSC_i_8/MSC_i_72/MSC_i_73/MSC_i_74/d0[8]:CLK
  To:   DDR3_0_0/MSC_i_0/MSC_i_1/MSC_i_4/MSC_i_8/rd_data_asm_fifo_wr_data[16]:D
  Delay (ns):              3.176
  Slack (ns):              2.750
  Arrival (ns):            9.581
  Required (ns):          12.331

Path 88
  From: DDR3_0_0/MSC_i_0/MSC_i_1/MSC_i_4/MSC_i_8/MSC_i_72/MSC_i_73/MSC_i_74/d0[8]:CLK
  To:   DDR3_0_0/MSC_i_0/MSC_i_1/MSC_i_4/MSC_i_8/rd_data_asm_fifo_wr_data[26]:D
  Delay (ns):              3.176
  Slack (ns):              2.750
  Arrival (ns):            9.581
  Required (ns):          12.331

Path 89
  From: DDR3_0_0/MSC_i_0/MSC_i_1/MSC_i_4/MSC_i_190/init_sm[4]:CLK
  To:   DDR3_0_0/MSC_i_0/MSC_i_1/MSC_i_4/MSC_i_190/nwl_timer2[13]:D
  Delay (ns):              3.216
  Slack (ns):              2.751
  Arrival (ns):            9.680
  Required (ns):          12.431

Path 90
  From: DDR3_0_0/MSC_i_0/MSC_i_1/MSC_i_4/MSC_i_190/mr_reload_sm[4]:CLK
  To:   DDR3_0_0/MSC_i_0/MSC_i_1/MSC_i_4/MSC_i_190/MSC_i_191/dorw[1]:SLn
  Delay (ns):              3.192
  Slack (ns):              2.751
  Arrival (ns):            9.645
  Required (ns):          12.396

Path 91
  From: DDR3_0_0/MSC_i_0/MSC_i_1/MSC_i_4/MSC_i_190/MSC_i_191/MSC_i_204/pending_cmd:CLK
  To:   DDR3_0_0/MSC_i_0/MSC_i_1/MSC_i_4/MSC_i_183/write_count[10]:D
  Delay (ns):              3.194
  Slack (ns):              2.754
  Arrival (ns):            9.656
  Required (ns):          12.410

Path 92
  From: DDR3_0_0/MSC_i_0/MSC_i_1/MSC_i_4/MSC_i_190/MSC_i_191/MSC_i_208/rw_queued:CLK
  To:   DDR3_0_0/MSC_i_0/MSC_i_1/MSC_i_4/MSC_i_183/write_count[8]:D
  Delay (ns):              3.198
  Slack (ns):              2.755
  Arrival (ns):            9.654
  Required (ns):          12.409

Path 93
  From: DDR3_0_0/MSC_i_0/MSC_i_1/MSC_i_4/MSC_i_8/MSC_i_72/MSC_i_73/MSC_i_74/rd_addr[1]:CLK
  To:   DDR3_0_0/MSC_i_0/MSC_i_1/MSC_i_4/MSC_i_8/rd_data_asm_fifo_wr_data[19]:D
  Delay (ns):              3.167
  Slack (ns):              2.759
  Arrival (ns):            9.572
  Required (ns):          12.331

Path 94
  From: DDR3_0_0/MSC_i_0/MSC_i_1/MSC_i_4/MSC_i_8/MSC_i_72/MSC_i_73/MSC_i_74/rd_addr[1]:CLK
  To:   DDR3_0_0/MSC_i_0/MSC_i_1/MSC_i_4/MSC_i_8/rd_data_asm_fifo_wr_data[16]:D
  Delay (ns):              3.164
  Slack (ns):              2.762
  Arrival (ns):            9.569
  Required (ns):          12.331

Path 95
  From: DDR3_0_0/MSC_i_0/MSC_i_1/MSC_i_4/MSC_i_8/MSC_i_72/MSC_i_73/MSC_i_74/rd_addr[1]:CLK
  To:   DDR3_0_0/MSC_i_0/MSC_i_1/MSC_i_4/MSC_i_8/rd_data_asm_fifo_wr_data[26]:D
  Delay (ns):              3.164
  Slack (ns):              2.762
  Arrival (ns):            9.569
  Required (ns):          12.331

Path 96
  From: DDR3_0_0/MSC_i_0/MSC_i_1/MSC_i_225/MSC_i_226/cal_select:CLK
  To:   DDR3_0_0/MSC_i_0/MSC_i_1/MSC_i_4/MSC_i_183/write_count[8]:D
  Delay (ns):              3.121
  Slack (ns):              2.764
  Arrival (ns):            9.582
  Required (ns):          12.346

Path 97
  From: DDR3_0_0/MSC_i_0/MSC_i_1/MSC_i_4/MSC_i_190/init_sm[0]:CLK
  To:   DDR3_0_0/MSC_i_0/MSC_i_1/MSC_i_4/MSC_i_190/MSC_i_191/dowrite_attr[1]:SLn
  Delay (ns):              3.146
  Slack (ns):              2.764
  Arrival (ns):            9.610
  Required (ns):          12.374

Path 98
  From: DDR3_0_0/MSC_i_0/MSC_i_1/MSC_i_4/MSC_i_190/init_sm[4]:CLK
  To:   DDR3_0_0/MSC_i_0/MSC_i_1/MSC_i_4/MSC_i_190/MSC_i_191/dowrite_attr[0]:SLn
  Delay (ns):              3.091
  Slack (ns):              2.764
  Arrival (ns):            9.555
  Required (ns):          12.319

Path 99
  From: DDR3_0_0/MSC_i_0/MSC_i_1/MSC_i_225/MSC_i_226/cal_init_mr_addr_1[3]:CLK
  To:   DDR3_0_0/MSC_i_0/MSC_i_1/MSC_i_4/MSC_i_190/MSC_i_191/dowrite_attr[0]:SLn
  Delay (ns):              3.085
  Slack (ns):              2.767
  Arrival (ns):            9.552
  Required (ns):          12.319

Path 100
  From: DDR3_0_0/MSC_i_0/MSC_i_1/MSC_i_4/MSC_i_190/MSC_i_191/qm_active_index[0]:CLK
  To:   DDR3_0_0/MSC_i_0/MSC_i_1/MSC_i_4/MSC_i_190/MSC_i_191/dorw[1]:SLn
  Delay (ns):              3.139
  Slack (ns):              2.767
  Arrival (ns):            9.617
  Required (ns):          12.384

