Timing Violation Report Max Delay Analysis

SmartTime Version v12.2
Microsemi Corporation - Microsemi Libero Software Release v12.2 (Version 12.700.0.21)
Date: Mon Oct 21 10:38:14 2019


Design: top
Family: PolarFire
Die: MPF300TS
Package: FCG1152
Temperature Range: -40 - 100 C
Voltage Range: 1.0185 - 1.0815 V
Speed Grade: -1
Design State: Post-Layout
Data source: Production
Operating Conditions: slow_lv_ht
Scenario for Timing Analysis: timing_analysis


Path 1
  From: DDR3_0_0/MSC_i_0/MSC_i_1/MSC_i_4/MSC_i_8/MSC_i_104/MSC_i_105/MSC_i_107/MSC_i_109/MSC_i_110/s1:CLK
  To:   DDR3_0_0/MSC_i_0/MSC_i_1/MSC_i_4/MSC_i_8/MSC_i_104/MSC_i_105/gen_dc_level.ram_rd_valid_int:D
  Delay (ns):              3.270
  Slack (ns):              2.651
  Arrival (ns):            9.698
  Required (ns):          12.349

Path 2
  From: DDR3_0_0/MSC_i_0/MSC_i_1/MSC_i_4/MSC_i_8/MSC_i_104/MSC_i_105/gen_dc_level.ram_rd_valid_int:CLK
  To:   DDR3_0_0/MSC_i_0/MSC_i_1/MSC_i_4/MSC_i_8/MSC_i_104/MSC_i_105/gen_dc_level.ram_rd_valid_int:D
  Delay (ns):              3.295
  Slack (ns):              2.705
  Arrival (ns):            9.745
  Required (ns):          12.450

Path 3
  From: DDR3_0_0/MSC_i_0/MSC_i_1/MSC_i_4/MSC_i_8/MSC_i_72/MSC_i_73/gen_dc_level.ram_rd_valid_int:CLK
  To:   DDR3_0_0/MSC_i_0/MSC_i_1/MSC_i_4/MSC_i_8/MSC_i_72/MSC_i_73/gen_dc_level.ram_rd_valid_int:D
  Delay (ns):              3.239
  Slack (ns):              2.761
  Arrival (ns):            9.655
  Required (ns):          12.416

Path 4
  From: DDR3_0_0/MSC_i_0/MSC_i_1/MSC_i_4/MSC_i_8/MSC_i_72/MSC_i_73/MSC_i_74/rd_addr[0]:CLK
  To:   DDR3_0_0/MSC_i_0/MSC_i_1/MSC_i_4/MSC_i_8/rd_data_asm_fifo_wr_data[28]:D
  Delay (ns):              3.160
  Slack (ns):              2.766
  Arrival (ns):            9.590
  Required (ns):          12.356

Path 5
  From: DDR3_0_0/MSC_i_0/MSC_i_1/MSC_i_4/MSC_i_8/MSC_i_72/MSC_i_73/MSC_i_74/rd_addr[0]:CLK
  To:   DDR3_0_0/MSC_i_0/MSC_i_1/MSC_i_4/MSC_i_8/rd_data_asm_fifo_wr_data[56]:D
  Delay (ns):              3.160
  Slack (ns):              2.766
  Arrival (ns):            9.590
  Required (ns):          12.356

Path 6
  From: DDR3_0_0/MSC_i_0/MSC_i_1/MSC_i_4/MSC_i_8/MSC_i_72/MSC_i_73/MSC_i_74/rd_addr[0]:CLK
  To:   DDR3_0_0/MSC_i_0/MSC_i_1/MSC_i_4/MSC_i_8/rd_data_asm_fifo_wr_data[60]:D
  Delay (ns):              3.159
  Slack (ns):              2.767
  Arrival (ns):            9.589
  Required (ns):          12.356

Path 7
  From: DDR3_0_0/MSC_i_0/MSC_i_1/MSC_i_4/MSC_i_8/MSC_i_72/MSC_i_73/MSC_i_74/rd_addr[0]:CLK
  To:   DDR3_0_0/MSC_i_0/MSC_i_1/MSC_i_4/MSC_i_8/rd_data_asm_fifo_wr_data[42]:D
  Delay (ns):              3.158
  Slack (ns):              2.768
  Arrival (ns):            9.588
  Required (ns):          12.356

Path 8
  From: DDR3_0_0/MSC_i_0/MSC_i_1/MSC_i_4/MSC_i_8/MSC_i_72/MSC_i_73/MSC_i_74/rd_addr[0]:CLK
  To:   DDR3_0_0/MSC_i_0/MSC_i_1/MSC_i_4/MSC_i_8/rd_data_asm_fifo_wr_data[48]:D
  Delay (ns):              3.163
  Slack (ns):              2.773
  Arrival (ns):            9.593
  Required (ns):          12.366

Path 9
  From: DDR3_0_0/MSC_i_0/MSC_i_1/MSC_i_4/MSC_i_8/MSC_i_72/MSC_i_73/MSC_i_74/rd_addr[0]:CLK
  To:   DDR3_0_0/MSC_i_0/MSC_i_1/MSC_i_4/MSC_i_8/rd_data_asm_fifo_wr_data[58]:D
  Delay (ns):              3.159
  Slack (ns):              2.777
  Arrival (ns):            9.589
  Required (ns):          12.366

Path 10
  From: DDR3_0_0/MSC_i_0/MSC_i_1/MSC_i_4/MSC_i_8/MSC_i_72/MSC_i_73/MSC_i_74/rd_addr[0]:CLK
  To:   DDR3_0_0/MSC_i_0/MSC_i_1/MSC_i_4/MSC_i_8/rd_data_asm_fifo_wr_data[13]:D
  Delay (ns):              3.158
  Slack (ns):              2.779
  Arrival (ns):            9.588
  Required (ns):          12.367

Path 11
  From: DDR3_0_0/MSC_i_0/MSC_i_1/MSC_i_4/MSC_i_8/MSC_i_72/MSC_i_73/MSC_i_75/MSC_i_77/MSC_i_80/s1:CLK
  To:   DDR3_0_0/MSC_i_0/MSC_i_1/MSC_i_4/MSC_i_8/MSC_i_72/MSC_i_73/gen_dc_level.ram_rd_valid_int:D
  Delay (ns):              3.132
  Slack (ns):              2.807
  Arrival (ns):            9.548
  Required (ns):          12.355

Path 12
  From: DDR3_0_0/MSC_i_0/MSC_i_1/MSC_i_4/MSC_i_8/MSC_i_72/MSC_i_73/MSC_i_74/rd_addr[0]:CLK
  To:   DDR3_0_0/MSC_i_0/MSC_i_1/MSC_i_4/MSC_i_8/rd_data_asm_fifo_wr_data[3]:D
  Delay (ns):              3.112
  Slack (ns):              2.812
  Arrival (ns):            9.542
  Required (ns):          12.354

Path 13
  From: DDR3_0_0/MSC_i_0/MSC_i_1/MSC_i_4/MSC_i_183/wrtq_rd_ptr[0]:CLK
  To:   DDR3_0_0/MSC_i_0/MSC_i_1/MSC_i_4/MSC_i_183/wrtq_wr_count[4]:SLn
  Delay (ns):              3.099
  Slack (ns):              2.814
  Arrival (ns):            9.570
  Required (ns):          12.384

Path 14
  From: DDR3_0_0/MSC_i_0/MSC_i_1/MSC_i_4/MSC_i_8/MSC_i_72/MSC_i_73/MSC_i_74/rd_addr[0]:CLK
  To:   DDR3_0_0/MSC_i_0/MSC_i_1/MSC_i_4/MSC_i_8/rd_data_asm_fifo_wr_data[38]:D
  Delay (ns):              3.110
  Slack (ns):              2.814
  Arrival (ns):            9.540
  Required (ns):          12.354

Path 15
  From: DDR3_0_0/MSC_i_0/MSC_i_1/MSC_i_4/MSC_i_8/MSC_i_72/MSC_i_73/MSC_i_74/rd_addr[0]:CLK
  To:   DDR3_0_0/MSC_i_0/MSC_i_1/MSC_i_4/MSC_i_8/rd_data_asm_fifo_wr_data[43]:D
  Delay (ns):              3.110
  Slack (ns):              2.814
  Arrival (ns):            9.540
  Required (ns):          12.354

Path 16
  From: DDR3_0_0/MSC_i_0/MSC_i_1/MSC_i_4/MSC_i_8/MSC_i_104/MSC_i_105/MSC_i_106/wr_ready:CLK
  To:   DDR3_0_0/MSC_i_0/MSC_i_1/MSC_i_4/MSC_i_8/MSC_i_104/MSC_i_105/gen_dc_level.ram_rd_valid_int:D
  Delay (ns):              3.083
  Slack (ns):              2.815
  Arrival (ns):            9.534
  Required (ns):          12.349

Path 17
  From: DDR3_0_0/MSC_i_0/MSC_i_1/MSC_i_4/MSC_i_183/wrtq_rd_ptr[0]:CLK
  To:   DDR3_0_0/MSC_i_0/MSC_i_1/MSC_i_4/MSC_i_183/wrtq_wr_count[0]:SLn
  Delay (ns):              3.096
  Slack (ns):              2.816
  Arrival (ns):            9.567
  Required (ns):          12.383

Path 18
  From: DDR3_0_0/MSC_i_0/MSC_i_1/MSC_i_4/MSC_i_8/MSC_i_72/MSC_i_73/MSC_i_74/rd_addr[0]:CLK
  To:   DDR3_0_0/MSC_i_0/MSC_i_1/MSC_i_4/MSC_i_8/rd_data_asm_fifo_wr_data[63]:D
  Delay (ns):              3.117
  Slack (ns):              2.816
  Arrival (ns):            9.547
  Required (ns):          12.363

Path 19
  From: DDR3_0_0/MSC_i_0/MSC_i_1/MSC_i_4/MSC_i_183/wrtq_rd_ptr[0]:CLK
  To:   DDR3_0_0/MSC_i_0/MSC_i_1/MSC_i_4/MSC_i_183/wrtq_wr_count[6]:SLn
  Delay (ns):              3.096
  Slack (ns):              2.817
  Arrival (ns):            9.567
  Required (ns):          12.384

Path 20
  From: DDR3_0_0/MSC_i_0/MSC_i_1/MSC_i_4/MSC_i_183/wrtq_rd_ptr[0]:CLK
  To:   DDR3_0_0/MSC_i_0/MSC_i_1/MSC_i_4/MSC_i_183/wrtq_wr_count[7]:SLn
  Delay (ns):              3.095
  Slack (ns):              2.818
  Arrival (ns):            9.566
  Required (ns):          12.384

Path 21
  From: DDR3_0_0/MSC_i_0/MSC_i_1/MSC_i_4/MSC_i_8/MSC_i_72/MSC_i_73/MSC_i_74/rd_addr[0]:CLK
  To:   DDR3_0_0/MSC_i_0/MSC_i_1/MSC_i_4/MSC_i_8/rd_data_asm_fifo_wr_data[14]:D
  Delay (ns):              3.118
  Slack (ns):              2.818
  Arrival (ns):            9.548
  Required (ns):          12.366

Path 22
  From: DDR3_0_0/MSC_i_0/MSC_i_1/MSC_i_4/MSC_i_8/MSC_i_72/MSC_i_73/MSC_i_74/rd_addr[0]:CLK
  To:   DDR3_0_0/MSC_i_0/MSC_i_1/MSC_i_4/MSC_i_8/rd_data_asm_fifo_wr_data[10]:D
  Delay (ns):              3.117
  Slack (ns):              2.819
  Arrival (ns):            9.547
  Required (ns):          12.366

Path 23
  From: DDR3_0_0/MSC_i_0/MSC_i_1/MSC_i_4/MSC_i_8/MSC_i_72/MSC_i_73/MSC_i_74/rd_addr[0]:CLK
  To:   DDR3_0_0/MSC_i_0/MSC_i_1/MSC_i_4/MSC_i_8/rd_data_asm_fifo_wr_data[59]:D
  Delay (ns):              3.109
  Slack (ns):              2.820
  Arrival (ns):            9.539
  Required (ns):          12.359

Path 24
  From: DDR3_0_0/MSC_i_0/MSC_i_1/MSC_i_4/MSC_i_8/MSC_i_72/MSC_i_73/MSC_i_74/rd_addr[0]:CLK
  To:   DDR3_0_0/MSC_i_0/MSC_i_1/MSC_i_4/MSC_i_8/rd_data_asm_fifo_wr_data[8]:D
  Delay (ns):              3.114
  Slack (ns):              2.822
  Arrival (ns):            9.544
  Required (ns):          12.366

Path 25
  From: DDR3_0_0/MSC_i_0/MSC_i_1/MSC_i_4/MSC_i_8/MSC_i_72/MSC_i_73/MSC_i_74/rd_addr[0]:CLK
  To:   DDR3_0_0/MSC_i_0/MSC_i_1/MSC_i_4/MSC_i_8/rd_data_asm_fifo_wr_data[49]:D
  Delay (ns):              3.106
  Slack (ns):              2.823
  Arrival (ns):            9.536
  Required (ns):          12.359

Path 26
  From: DDR3_0_0/MSC_i_0/MSC_i_1/MSC_i_4/MSC_i_8/MSC_i_72/MSC_i_73/MSC_i_74/rd_addr[0]:CLK
  To:   DDR3_0_0/MSC_i_0/MSC_i_1/MSC_i_4/MSC_i_8/rd_data_asm_fifo_wr_data[4]:D
  Delay (ns):              3.114
  Slack (ns):              2.823
  Arrival (ns):            9.544
  Required (ns):          12.367

Path 27
  From: DDR3_0_0/MSC_i_0/MSC_i_1/MSC_i_4/MSC_i_8/MSC_i_72/MSC_i_73/MSC_i_74/rd_addr[0]:CLK
  To:   DDR3_0_0/MSC_i_0/MSC_i_1/MSC_i_4/MSC_i_8/rd_data_asm_fifo_wr_data[54]:D
  Delay (ns):              3.106
  Slack (ns):              2.823
  Arrival (ns):            9.536
  Required (ns):          12.359

Path 28
  From: DDR3_0_0/MSC_i_0/MSC_i_1/MSC_i_4/MSC_i_8/MSC_i_72/MSC_i_73/MSC_i_74/rd_addr[0]:CLK
  To:   DDR3_0_0/MSC_i_0/MSC_i_1/MSC_i_4/MSC_i_8/rd_data_asm_fifo_wr_data[62]:D
  Delay (ns):              3.091
  Slack (ns):              2.835
  Arrival (ns):            9.521
  Required (ns):          12.356

Path 29
  From: DDR3_0_0/MSC_i_0/MSC_i_1/MSC_i_4/MSC_i_8/MSC_i_72/MSC_i_73/MSC_i_74/rd_addr[0]:CLK
  To:   DDR3_0_0/MSC_i_0/MSC_i_1/MSC_i_4/MSC_i_8/rd_data_asm_fifo_wr_data[40]:D
  Delay (ns):              3.090
  Slack (ns):              2.836
  Arrival (ns):            9.520
  Required (ns):          12.356

Path 30
  From: DDR3_0_0/MSC_i_0/MSC_i_1/MSC_i_4/MSC_i_8/MSC_i_72/MSC_i_73/MSC_i_74/rd_addr[0]:CLK
  To:   DDR3_0_0/MSC_i_0/MSC_i_1/MSC_i_4/MSC_i_8/build_en_reg:D
  Delay (ns):              3.120
  Slack (ns):              2.837
  Arrival (ns):            9.550
  Required (ns):          12.387

Path 31
  From: DDR3_0_0/MSC_i_0/MSC_i_1/MSC_i_4/MSC_i_8/MSC_i_72/MSC_i_73/MSC_i_74/rd_addr[0]:CLK
  To:   DDR3_0_0/MSC_i_0/MSC_i_1/MSC_i_4/MSC_i_8/rd_data_asm_fifo_wr_data[6]:D
  Delay (ns):              3.089
  Slack (ns):              2.837
  Arrival (ns):            9.519
  Required (ns):          12.356

Path 32
  From: DDR3_0_0/MSC_i_0/MSC_i_1/MSC_i_4/MSC_i_8/MSC_i_72/MSC_i_73/MSC_i_75/MSC_i_77/MSC_i_78/s1:CLK
  To:   DDR3_0_0/MSC_i_0/MSC_i_1/MSC_i_4/MSC_i_8/MSC_i_72/MSC_i_73/gen_dc_level.ram_rd_valid_int:D
  Delay (ns):              3.102
  Slack (ns):              2.837
  Arrival (ns):            9.518
  Required (ns):          12.355

Path 33
  From: DDR3_0_0/MSC_i_0/MSC_i_1/MSC_i_4/MSC_i_8/MSC_i_72/MSC_i_73/MSC_i_74/rd_addr[0]:CLK
  To:   DDR3_0_0/MSC_i_0/MSC_i_1/MSC_i_4/MSC_i_8/rd_data_asm_fifo_wr_data[52]:D
  Delay (ns):              3.087
  Slack (ns):              2.839
  Arrival (ns):            9.517
  Required (ns):          12.356

Path 34
  From: MiV_AXI_0/MiV_AXI_0/ChiselTop0/tile/core/div/remainder_0[16]:CLK
  To:   MiV_AXI_0/MiV_AXI_0/ChiselTop0/tile/core/div/remainder[61]:D
  Delay (ns):              6.067
  Slack (ns):              2.844
  Arrival (ns):            9.240
  Required (ns):          12.084

Path 35
  From: DDR3_0_0/MSC_i_0/MSC_i_1/MSC_i_4/MSC_i_8/MSC_i_72/MSC_i_73/MSC_i_74/wr_ready:CLK
  To:   DDR3_0_0/MSC_i_0/MSC_i_1/MSC_i_4/MSC_i_8/MSC_i_72/MSC_i_73/gen_dc_level.ram_rd_valid_int:D
  Delay (ns):              3.095
  Slack (ns):              2.855
  Arrival (ns):            9.500
  Required (ns):          12.355

Path 36
  From: DDR3_0_0/MSC_i_0/MSC_i_1/MSC_i_4/MSC_i_190/init_sm[2]:CLK
  To:   DDR3_0_0/MSC_i_0/MSC_i_1/MSC_i_4/MSC_i_190/MSC_i_191/rowaddr_act[15]:EN
  Delay (ns):              2.904
  Slack (ns):              2.858
  Arrival (ns):            9.393
  Required (ns):          12.251

Path 37
  From: DDR3_0_0/MSC_i_0/MSC_i_1/MSC_i_4/MSC_i_8/MSC_i_72/MSC_i_73/MSC_i_74/rd_addr[0]:CLK
  To:   DDR3_0_0/MSC_i_0/MSC_i_1/MSC_i_4/MSC_i_8/rd_data_asm_fifo_wr_data[18]:D
  Delay (ns):              3.073
  Slack (ns):              2.858
  Arrival (ns):            9.503
  Required (ns):          12.361

Path 38
  From: DDR3_0_0/MSC_i_0/MSC_i_1/MSC_i_4/MSC_i_8/MSC_i_72/MSC_i_73/MSC_i_74/rd_addr[0]:CLK
  To:   DDR3_0_0/MSC_i_0/MSC_i_1/MSC_i_4/MSC_i_8/rd_data_asm_fifo_wr_data[15]:D
  Delay (ns):              3.071
  Slack (ns):              2.860
  Arrival (ns):            9.501
  Required (ns):          12.361

Path 39
  From: DDR3_0_0/MSC_i_0/MSC_i_1/MSC_i_4/MSC_i_8/MSC_i_72/MSC_i_73/MSC_i_74/rd_addr[0]:CLK
  To:   DDR3_0_0/MSC_i_0/MSC_i_1/MSC_i_4/MSC_i_8/rd_data_asm_fifo_wr_data[19]:D
  Delay (ns):              3.070
  Slack (ns):              2.861
  Arrival (ns):            9.500
  Required (ns):          12.361

Path 40
  From: DDR3_0_0/MSC_i_0/MSC_i_1/MSC_i_4/MSC_i_8/MSC_i_72/MSC_i_73/MSC_i_74/rd_addr[0]:CLK
  To:   DDR3_0_0/MSC_i_0/MSC_i_1/MSC_i_4/MSC_i_8/rd_data_asm_fifo_wr_data[50]:D
  Delay (ns):              3.070
  Slack (ns):              2.861
  Arrival (ns):            9.500
  Required (ns):          12.361

Path 41
  From: DDR3_0_0/MSC_i_0/MSC_i_1/MSC_i_4/MSC_i_8/MSC_i_72/MSC_i_73/MSC_i_74/rd_addr[0]:CLK
  To:   DDR3_0_0/MSC_i_0/MSC_i_1/MSC_i_4/MSC_i_8/rd_data_asm_fifo_wr_data[34]:D
  Delay (ns):              3.069
  Slack (ns):              2.862
  Arrival (ns):            9.499
  Required (ns):          12.361

Path 42
  From: DDR3_0_0/MSC_i_0/MSC_i_1/MSC_i_4/MSC_i_8/MSC_i_72/MSC_i_73/MSC_i_74/rd_addr[0]:CLK
  To:   DDR3_0_0/MSC_i_0/MSC_i_1/MSC_i_4/MSC_i_8/rd_data_asm_fifo_wr_data[0]:D
  Delay (ns):              3.073
  Slack (ns):              2.864
  Arrival (ns):            9.503
  Required (ns):          12.367

Path 43
  From: DDR3_0_0/MSC_i_0/MSC_i_1/MSC_i_4/MSC_i_8/MSC_i_72/MSC_i_73/MSC_i_74/rd_addr[0]:CLK
  To:   DDR3_0_0/MSC_i_0/MSC_i_1/MSC_i_4/MSC_i_8/rd_data_asm_fifo_wr_data[35]:D
  Delay (ns):              3.073
  Slack (ns):              2.864
  Arrival (ns):            9.503
  Required (ns):          12.367

Path 44
  From: DDR3_0_0/MSC_i_0/MSC_i_1/MSC_i_4/MSC_i_8/MSC_i_72/MSC_i_73/MSC_i_74/rd_addr[0]:CLK
  To:   DDR3_0_0/MSC_i_0/MSC_i_1/MSC_i_4/MSC_i_8/rd_data_asm_fifo_wr_data[22]:D
  Delay (ns):              3.061
  Slack (ns):              2.865
  Arrival (ns):            9.491
  Required (ns):          12.356

Path 45
  From: DDR3_0_0/MSC_i_0/MSC_i_1/MSC_i_4/MSC_i_8/MSC_i_72/MSC_i_73/MSC_i_74/rd_addr[0]:CLK
  To:   DDR3_0_0/MSC_i_0/MSC_i_1/MSC_i_4/MSC_i_8/rd_data_asm_fifo_wr_data[17]:D
  Delay (ns):              3.072
  Slack (ns):              2.866
  Arrival (ns):            9.502
  Required (ns):          12.368

Path 46
  From: DDR3_0_0/MSC_i_0/MSC_i_1/MSC_i_4/MSC_i_8/MSC_i_72/MSC_i_73/MSC_i_74/rd_addr[0]:CLK
  To:   DDR3_0_0/MSC_i_0/MSC_i_1/MSC_i_4/MSC_i_8/rd_data_asm_fifo_wr_data[61]:D
  Delay (ns):              3.058
  Slack (ns):              2.866
  Arrival (ns):            9.488
  Required (ns):          12.354

Path 47
  From: DDR3_0_0/MSC_i_0/MSC_i_1/MSC_i_4/MSC_i_8/MSC_i_72/MSC_i_73/MSC_i_74/rd_addr[0]:CLK
  To:   DDR3_0_0/MSC_i_0/MSC_i_1/MSC_i_4/MSC_i_8/rd_data_asm_fifo_wr_data[9]:D
  Delay (ns):              3.071
  Slack (ns):              2.866
  Arrival (ns):            9.501
  Required (ns):          12.367

Path 48
  From: DDR3_0_0/MSC_i_0/MSC_i_1/MSC_i_4/MSC_i_8/MSC_i_72/MSC_i_73/MSC_i_74/rd_addr[0]:CLK
  To:   DDR3_0_0/MSC_i_0/MSC_i_1/MSC_i_4/MSC_i_8/rd_data_asm_fifo_wr_data[36]:D
  Delay (ns):              3.059
  Slack (ns):              2.867
  Arrival (ns):            9.489
  Required (ns):          12.356

Path 49
  From: DDR3_0_0/MSC_i_0/MSC_i_1/MSC_i_4/MSC_i_8/MSC_i_72/MSC_i_73/MSC_i_74/rd_addr[0]:CLK
  To:   DDR3_0_0/MSC_i_0/MSC_i_1/MSC_i_4/MSC_i_8/rd_data_asm_fifo_wr_data[29]:D
  Delay (ns):              3.058
  Slack (ns):              2.868
  Arrival (ns):            9.488
  Required (ns):          12.356

Path 50
  From: DDR3_0_0/MSC_i_0/MSC_i_1/MSC_i_4/MSC_i_8/MSC_i_72/MSC_i_73/MSC_i_74/rd_addr[0]:CLK
  To:   DDR3_0_0/MSC_i_0/MSC_i_1/MSC_i_4/MSC_i_8/rd_data_asm_fifo_wr_data[7]:D
  Delay (ns):              3.058
  Slack (ns):              2.868
  Arrival (ns):            9.488
  Required (ns):          12.356

Path 51
  From: DDR3_0_0/MSC_i_0/MSC_i_1/MSC_i_4/MSC_i_8/MSC_i_72/MSC_i_73/MSC_i_74/rd_addr[0]:CLK
  To:   DDR3_0_0/MSC_i_0/MSC_i_1/MSC_i_4/MSC_i_8/rd_data_asm_fifo_wr_data[30]:D
  Delay (ns):              3.057
  Slack (ns):              2.869
  Arrival (ns):            9.487
  Required (ns):          12.356

Path 52
  From: MiV_AXI_0/MiV_AXI_0/ChiselTop0/tile/core/div/remainder[15]:CLK
  To:   MiV_AXI_0/MiV_AXI_0/ChiselTop0/tile/core/div/remainder[61]:D
  Delay (ns):              6.042
  Slack (ns):              2.869
  Arrival (ns):            9.215
  Required (ns):          12.084

Path 53
  From: DDR3_0_0/MSC_i_0/MSC_i_1/MSC_i_4/MSC_i_183/wrtq_rd_ptr[1]:CLK
  To:   DDR3_0_0/MSC_i_0/MSC_i_1/MSC_i_4/MSC_i_183/wrtq_wr_count[4]:SLn
  Delay (ns):              3.041
  Slack (ns):              2.872
  Arrival (ns):            9.512
  Required (ns):          12.384

Path 54
  From: DDR3_0_0/MSC_i_0/MSC_i_1/MSC_i_4/MSC_i_183/wrtq_rd_ptr[1]:CLK
  To:   DDR3_0_0/MSC_i_0/MSC_i_1/MSC_i_4/MSC_i_183/wrtq_wr_count[0]:SLn
  Delay (ns):              3.038
  Slack (ns):              2.874
  Arrival (ns):            9.509
  Required (ns):          12.383

Path 55
  From: DDR3_0_0/MSC_i_0/MSC_i_1/MSC_i_4/MSC_i_183/wrtq_rd_ptr[1]:CLK
  To:   DDR3_0_0/MSC_i_0/MSC_i_1/MSC_i_4/MSC_i_183/wrtq_wr_count[6]:SLn
  Delay (ns):              3.038
  Slack (ns):              2.875
  Arrival (ns):            9.509
  Required (ns):          12.384

Path 56
  From: DDR3_0_0/MSC_i_0/MSC_i_1/MSC_i_4/MSC_i_183/wrtq_rd_ptr[1]:CLK
  To:   DDR3_0_0/MSC_i_0/MSC_i_1/MSC_i_4/MSC_i_183/wrtq_wr_count[7]:SLn
  Delay (ns):              3.037
  Slack (ns):              2.876
  Arrival (ns):            9.508
  Required (ns):          12.384

Path 57
  From: DDR3_0_0/MSC_i_0/MSC_i_1/MSC_i_4/MSC_i_183/wrtq_rd_ptr[2]:CLK
  To:   DDR3_0_0/MSC_i_0/MSC_i_1/MSC_i_4/MSC_i_183/wrtq_wr_count[4]:SLn
  Delay (ns):              3.036
  Slack (ns):              2.877
  Arrival (ns):            9.507
  Required (ns):          12.384

Path 58
  From: MiV_AXI_0/MiV_AXI_0/ChiselTop0/tile/core/div/remainder_0[16]:CLK
  To:   MiV_AXI_0/MiV_AXI_0/ChiselTop0/tile/core/div/remainder[63]:D
  Delay (ns):              6.034
  Slack (ns):              2.877
  Arrival (ns):            9.207
  Required (ns):          12.084

Path 59
  From: DDR3_0_0/MSC_i_0/MSC_i_1/MSC_i_4/MSC_i_183/wrtq_rd_ptr[2]:CLK
  To:   DDR3_0_0/MSC_i_0/MSC_i_1/MSC_i_4/MSC_i_183/wrtq_wr_count[0]:SLn
  Delay (ns):              3.033
  Slack (ns):              2.879
  Arrival (ns):            9.504
  Required (ns):          12.383

Path 60
  From: DDR3_0_0/MSC_i_0/MSC_i_1/MSC_i_4/MSC_i_183/wrtq_rd_ptr[2]:CLK
  To:   DDR3_0_0/MSC_i_0/MSC_i_1/MSC_i_4/MSC_i_183/wrtq_wr_count[6]:SLn
  Delay (ns):              3.033
  Slack (ns):              2.880
  Arrival (ns):            9.504
  Required (ns):          12.384

Path 61
  From: DDR3_0_0/MSC_i_0/MSC_i_1/MSC_i_4/MSC_i_183/wrtq_rd_ptr[2]:CLK
  To:   DDR3_0_0/MSC_i_0/MSC_i_1/MSC_i_4/MSC_i_183/wrtq_wr_count[7]:SLn
  Delay (ns):              3.032
  Slack (ns):              2.881
  Arrival (ns):            9.503
  Required (ns):          12.384

Path 62
  From: DDR3_0_0/MSC_i_0/MSC_i_1/MSC_i_4/MSC_i_190/init_sm[3]:CLK
  To:   DDR3_0_0/MSC_i_0/MSC_i_1/MSC_i_4/MSC_i_190/MSC_i_191/rowaddr_act[15]:EN
  Delay (ns):              2.878
  Slack (ns):              2.888
  Arrival (ns):            9.363
  Required (ns):          12.251

Path 63
  From: DDR3_0_0/MSC_i_0/MSC_i_1/MSC_i_225/MSC_i_226/cal_init_mr_addr_1[4]:CLK
  To:   DDR3_0_0/MSC_i_0/MSC_i_1/MSC_i_4/MSC_i_190/MSC_i_191/rowaddr_act[15]:EN
  Delay (ns):              2.897
  Slack (ns):              2.889
  Arrival (ns):            9.362
  Required (ns):          12.251

Path 64
  From: MiV_AXI_0/MiV_AXI_0/ChiselTop0/tile/core/div/divisor[2]:CLK
  To:   MiV_AXI_0/MiV_AXI_0/ChiselTop0/tile/core/div/remainder[61]:D
  Delay (ns):              6.022
  Slack (ns):              2.891
  Arrival (ns):            9.193
  Required (ns):          12.084

Path 65
  From: MiV_AXI_0/MiV_AXI_0/ChiselTop0/tile/core/div/remainder[15]:CLK
  To:   MiV_AXI_0/MiV_AXI_0/ChiselTop0/tile/core/div/remainder[63]:D
  Delay (ns):              6.009
  Slack (ns):              2.902
  Arrival (ns):            9.182
  Required (ns):          12.084

Path 66
  From: DDR3_0_0/MSC_i_0/MSC_i_1/MSC_i_4/MSC_i_8/MSC_i_51/MSC_i_52/MSC_i_63/s1:CLK
  To:   DDR3_0_0/MSC_i_0/MSC_i_1/MSC_i_4/MSC_i_8/MSC_i_21/MSC_i_22/gen_dc_level.wr_aready:D
  Delay (ns):              2.999
  Slack (ns):              2.903
  Arrival (ns):            9.459
  Required (ns):          12.362

Path 67
  From: DDR3_0_0/MSC_i_0/MSC_i_1/MSC_i_4/MSC_i_8/MSC_i_72/MSC_i_73/MSC_i_74/rd_addr[0]:CLK
  To:   DDR3_0_0/MSC_i_0/MSC_i_1/MSC_i_4/MSC_i_8/rd_data_asm_fifo_wr_data[31]:D
  Delay (ns):              3.031
  Slack (ns):              2.904
  Arrival (ns):            9.461
  Required (ns):          12.365

Path 68
  From: MiV_AXI_0/MiV_AXI_0/ChiselTop0/tile/core/div/divisor[0]:CLK
  To:   MiV_AXI_0/MiV_AXI_0/ChiselTop0/tile/core/div/remainder[61]:D
  Delay (ns):              6.009
  Slack (ns):              2.904
  Arrival (ns):            9.180
  Required (ns):          12.084

Path 69
  From: DDR3_0_0/MSC_i_0/MSC_i_1/MSC_i_4/MSC_i_8/MSC_i_72/MSC_i_73/MSC_i_74/rd_addr[0]:CLK
  To:   DDR3_0_0/MSC_i_0/MSC_i_1/MSC_i_4/MSC_i_8/rd_data_asm_fifo_wr_data[51]:D
  Delay (ns):              3.028
  Slack (ns):              2.907
  Arrival (ns):            9.458
  Required (ns):          12.365

Path 70
  From: DDR3_0_0/MSC_i_0/MSC_i_1/MSC_i_4/MSC_i_8/MSC_i_72/MSC_i_73/MSC_i_74/rd_addr[0]:CLK
  To:   DDR3_0_0/MSC_i_0/MSC_i_1/MSC_i_4/MSC_i_8/rd_data_asm_fifo_wr_data[45]:D
  Delay (ns):              3.023
  Slack (ns):              2.909
  Arrival (ns):            9.453
  Required (ns):          12.362

Path 71
  From: DDR3_0_0/MSC_i_0/MSC_i_1/MSC_i_4/MSC_i_8/MSC_i_72/MSC_i_73/MSC_i_74/rd_addr[0]:CLK
  To:   DDR3_0_0/MSC_i_0/MSC_i_1/MSC_i_4/MSC_i_8/rd_data_asm_fifo_wr_data[1]:D
  Delay (ns):              3.021
  Slack (ns):              2.911
  Arrival (ns):            9.451
  Required (ns):          12.362

Path 72
  From: DDR3_0_0/MSC_i_0/MSC_i_1/MSC_i_4/MSC_i_8/MSC_i_72/MSC_i_73/MSC_i_74/rd_addr[0]:CLK
  To:   DDR3_0_0/MSC_i_0/MSC_i_1/MSC_i_4/MSC_i_8/rd_data_asm_fifo_wr_data[2]:D
  Delay (ns):              3.020
  Slack (ns):              2.912
  Arrival (ns):            9.450
  Required (ns):          12.362

Path 73
  From: DDR3_0_0/MSC_i_0/MSC_i_1/MSC_i_4/MSC_i_8/MSC_i_72/MSC_i_73/MSC_i_74/rd_addr[0]:CLK
  To:   DDR3_0_0/MSC_i_0/MSC_i_1/MSC_i_4/MSC_i_8/rd_data_asm_fifo_wr_data[41]:D
  Delay (ns):              3.019
  Slack (ns):              2.913
  Arrival (ns):            9.449
  Required (ns):          12.362

Path 74
  From: MiV_AXI_0/MiV_AXI_0/ChiselTop0/tile/core/div/remainder[1]:CLK
  To:   MiV_AXI_0/MiV_AXI_0/ChiselTop0/tile/core/div/remainder[61]:D
  Delay (ns):              5.999
  Slack (ns):              2.915
  Arrival (ns):            9.169
  Required (ns):          12.084

Path 75
  From: MiV_AXI_0/MiV_AXI_0/ChiselTop0/tile/core/div/remainder[2]:CLK
  To:   MiV_AXI_0/MiV_AXI_0/ChiselTop0/tile/core/div/remainder[61]:D
  Delay (ns):              5.998
  Slack (ns):              2.916
  Arrival (ns):            9.168
  Required (ns):          12.084

Path 76
  From: MiV_AXI_0/MiV_AXI_0/ChiselTop0/tile/core/div/remainder[11]:CLK
  To:   MiV_AXI_0/MiV_AXI_0/ChiselTop0/tile/core/div/remainder[61]:D
  Delay (ns):              5.989
  Slack (ns):              2.919
  Arrival (ns):            9.165
  Required (ns):          12.084

Path 77
  From: DDR3_0_0/MSC_i_0/MSC_i_1/MSC_i_4/MSC_i_8/MSC_i_21/MSC_i_22/gen_dc_level.ram_rd_valid_int:CLK
  To:   DDR3_0_0/MSC_i_0/MSC_i_1/MSC_i_4/MSC_i_8/MSC_i_21/MSC_i_22/gen_dc_level.ram_rd_valid_int:D
  Delay (ns):              3.079
  Slack (ns):              2.921
  Arrival (ns):            9.550
  Required (ns):          12.471

Path 78
  From: DDR3_0_0/MSC_i_0/MSC_i_1/MSC_i_4/MSC_i_8/MSC_i_72/MSC_i_73/MSC_i_74/rd_addr[0]:CLK
  To:   DDR3_0_0/MSC_i_0/MSC_i_1/MSC_i_4/MSC_i_8/rd_data_asm_fifo_wr_data[26]:D
  Delay (ns):              3.007
  Slack (ns):              2.924
  Arrival (ns):            9.437
  Required (ns):          12.361

Path 79
  From: MiV_AXI_0/MiV_AXI_0/ChiselTop0/tile/core/div/divisor[2]:CLK
  To:   MiV_AXI_0/MiV_AXI_0/ChiselTop0/tile/core/div/remainder[63]:D
  Delay (ns):              5.989
  Slack (ns):              2.924
  Arrival (ns):            9.160
  Required (ns):          12.084

Path 80
  From: DDR3_0_0/MSC_i_0/MSC_i_1/MSC_i_4/MSC_i_8/MSC_i_72/MSC_i_73/MSC_i_74/rd_addr[0]:CLK
  To:   DDR3_0_0/MSC_i_0/MSC_i_1/MSC_i_4/MSC_i_8/rd_data_asm_fifo_wr_data[12]:D
  Delay (ns):              3.005
  Slack (ns):              2.926
  Arrival (ns):            9.435
  Required (ns):          12.361

Path 81
  From: DDR3_0_0/MSC_i_0/MSC_i_1/MSC_i_4/MSC_i_8/MSC_i_72/MSC_i_73/MSC_i_74/rd_addr[0]:CLK
  To:   DDR3_0_0/MSC_i_0/MSC_i_1/MSC_i_4/MSC_i_8/rd_data_asm_fifo_wr_data[23]:D
  Delay (ns):              3.005
  Slack (ns):              2.926
  Arrival (ns):            9.435
  Required (ns):          12.361

Path 82
  From: MiV_AXI_0/MiV_AXI_0/ChiselTop0/tile/core/div/remainder[12]:CLK
  To:   MiV_AXI_0/MiV_AXI_0/ChiselTop0/tile/core/div/remainder[61]:D
  Delay (ns):              5.985
  Slack (ns):              2.926
  Arrival (ns):            9.158
  Required (ns):          12.084

Path 83
  From: DDR3_0_0/MSC_i_0/MSC_i_1/MSC_i_4/MSC_i_8/MSC_i_72/MSC_i_73/MSC_i_74/rd_addr[0]:CLK
  To:   DDR3_0_0/MSC_i_0/MSC_i_1/MSC_i_4/MSC_i_8/rd_data_asm_fifo_wr_data[55]:D
  Delay (ns):              3.000
  Slack (ns):              2.927
  Arrival (ns):            9.430
  Required (ns):          12.357

Path 84
  From: DDR3_0_0/MSC_i_0/MSC_i_1/MSC_i_4/MSC_i_183/MSC_i_187/burst_xfer_active:CLK
  To:   DDR3_0_0/MSC_i_0/MSC_i_1/MSC_i_4/MSC_i_183/MSC_i_187/raddr_int[26]:D
  Delay (ns):              3.047
  Slack (ns):              2.928
  Arrival (ns):            9.505
  Required (ns):          12.433

Path 85
  From: DDR3_0_0/MSC_i_0/MSC_i_1/MSC_i_4/MSC_i_183/MSC_i_187/burst_xfer_active:CLK
  To:   DDR3_0_0/MSC_i_0/MSC_i_1/MSC_i_4/MSC_i_183/MSC_i_187/raddr_int[28]:D
  Delay (ns):              3.046
  Slack (ns):              2.928
  Arrival (ns):            9.504
  Required (ns):          12.432

Path 86
  From: DDR3_0_0/MSC_i_0/MSC_i_1/MSC_i_4/MSC_i_8/MSC_i_72/MSC_i_73/MSC_i_74/rd_addr[0]:CLK
  To:   DDR3_0_0/MSC_i_0/MSC_i_1/MSC_i_4/MSC_i_8/rd_data_asm_fifo_wr_data[21]:D
  Delay (ns):              2.999
  Slack (ns):              2.928
  Arrival (ns):            9.429
  Required (ns):          12.357

Path 87
  From: MiV_AXI_0/MiV_AXI_0/ChiselTop0/tile/core/div/divisor[3]:CLK
  To:   MiV_AXI_0/MiV_AXI_0/ChiselTop0/tile/core/div/remainder[61]:D
  Delay (ns):              5.985
  Slack (ns):              2.928
  Arrival (ns):            9.156
  Required (ns):          12.084

Path 88
  From: DDR3_0_0/MSC_i_0/MSC_i_1/MSC_i_4/MSC_i_183/MSC_i_187/burst_xfer_active:CLK
  To:   DDR3_0_0/MSC_i_0/MSC_i_1/MSC_i_4/MSC_i_183/MSC_i_187/raddr_int[23]:D
  Delay (ns):              3.045
  Slack (ns):              2.929
  Arrival (ns):            9.503
  Required (ns):          12.432

Path 89
  From: DDR3_0_0/MSC_i_0/MSC_i_1/MSC_i_4/MSC_i_8/MSC_i_72/MSC_i_73/MSC_i_74/rd_addr[0]:CLK
  To:   DDR3_0_0/MSC_i_0/MSC_i_1/MSC_i_4/MSC_i_8/rd_data_asm_fifo_wr_data[24]:D
  Delay (ns):              3.002
  Slack (ns):              2.929
  Arrival (ns):            9.432
  Required (ns):          12.361

Path 90
  From: DDR3_0_0/MSC_i_0/MSC_i_1/MSC_i_4/MSC_i_8/MSC_i_72/MSC_i_73/MSC_i_74/rd_addr[0]:CLK
  To:   DDR3_0_0/MSC_i_0/MSC_i_1/MSC_i_4/MSC_i_8/rd_data_asm_fifo_wr_data[27]:D
  Delay (ns):              2.998
  Slack (ns):              2.929
  Arrival (ns):            9.428
  Required (ns):          12.357

Path 91
  From: DDR3_0_0/MSC_i_0/MSC_i_1/MSC_i_4/MSC_i_8/MSC_i_72/MSC_i_73/MSC_i_74/rd_addr[0]:CLK
  To:   DDR3_0_0/MSC_i_0/MSC_i_1/MSC_i_4/MSC_i_8/rd_data_asm_fifo_wr_data[11]:D
  Delay (ns):              2.996
  Slack (ns):              2.931
  Arrival (ns):            9.426
  Required (ns):          12.357

Path 92
  From: DDR3_0_0/MSC_i_0/MSC_i_1/MSC_i_4/MSC_i_8/MSC_i_72/MSC_i_73/MSC_i_74/rd_addr[0]:CLK
  To:   DDR3_0_0/MSC_i_0/MSC_i_1/MSC_i_4/MSC_i_8/rd_data_asm_fifo_wr_data[20]:D
  Delay (ns):              2.996
  Slack (ns):              2.931
  Arrival (ns):            9.426
  Required (ns):          12.357

Path 93
  From: DDR3_0_0/MSC_i_0/MSC_i_1/MSC_i_4/MSC_i_183/MSC_i_187/burst_xfer_active:CLK
  To:   DDR3_0_0/MSC_i_0/MSC_i_1/MSC_i_4/MSC_i_183/MSC_i_187/raddr_int[19]:D
  Delay (ns):              3.042
  Slack (ns):              2.933
  Arrival (ns):            9.500
  Required (ns):          12.433

Path 94
  From: DDR3_0_0/MSC_i_0/MSC_i_1/MSC_i_4/MSC_i_190/init_sm[2]:CLK
  To:   DDR3_0_0/MSC_i_0/MSC_i_1/MSC_i_4/MSC_i_190/MSC_i_191/qm_active_index[1]:D
  Delay (ns):              2.940
  Slack (ns):              2.934
  Arrival (ns):            9.429
  Required (ns):          12.363

Path 95
  From: DDR3_0_0/MSC_i_0/MSC_i_1/MSC_i_4/MSC_i_190/init_sm[2]:CLK
  To:   DDR3_0_0/MSC_i_0/MSC_i_1/MSC_i_4/MSC_i_190/MSC_i_191/qm_active_index[3]:D
  Delay (ns):              2.937
  Slack (ns):              2.937
  Arrival (ns):            9.426
  Required (ns):          12.363

Path 96
  From: MiV_AXI_0/MiV_AXI_0/ChiselTop0/tile/core/div/divisor[0]:CLK
  To:   MiV_AXI_0/MiV_AXI_0/ChiselTop0/tile/core/div/remainder[63]:D
  Delay (ns):              5.976
  Slack (ns):              2.937
  Arrival (ns):            9.147
  Required (ns):          12.084

Path 97
  From: DDR3_0_0/MSC_i_0/MSC_i_1/MSC_i_4/MSC_i_190/MSC_i_191/dowrite:CLK
  To:   DDR3_0_0/MSC_i_0/MSC_i_1/MSC_i_4/MSC_i_183/wrtq_wr_count[4]:SLn
  Delay (ns):              2.900
  Slack (ns):              2.938
  Arrival (ns):            9.384
  Required (ns):          12.322

Path 98
  From: DDR3_0_0/MSC_i_0/MSC_i_1/MSC_i_4/MSC_i_190/init_sm[2]:CLK
  To:   DDR3_0_0/MSC_i_0/MSC_i_1/MSC_i_4/MSC_i_190/MSC_i_191/qm_active_index[2]:D
  Delay (ns):              2.935
  Slack (ns):              2.939
  Arrival (ns):            9.424
  Required (ns):          12.363

Path 99
  From: DDR3_0_0/MSC_i_0/MSC_i_1/MSC_i_4/MSC_i_183/MSC_i_187/burst_xfer_active:CLK
  To:   DDR3_0_0/MSC_i_0/MSC_i_1/MSC_i_4/MSC_i_183/MSC_i_187/raddr_int[20]:D
  Delay (ns):              3.033
  Slack (ns):              2.941
  Arrival (ns):            9.491
  Required (ns):          12.432

Path 100
  From: DDR3_0_0/MSC_i_0/MSC_i_1/MSC_i_4/MSC_i_190/MSC_i_191/dowrite:CLK
  To:   DDR3_0_0/MSC_i_0/MSC_i_1/MSC_i_4/MSC_i_183/wrtq_wr_count[0]:SLn
  Delay (ns):              2.896
  Slack (ns):              2.941
  Arrival (ns):            9.380
  Required (ns):          12.321

