Timing Violation Report Max Delay Analysis

SmartTime Version v12.3
Microsemi Corporation - Microsemi Libero Software Release v12.3 (Version 12.800.0.16)
Date: Thu Mar 12 21:18:48 2020


Design: top
Family: PolarFire
Die: MPF300TS
Package: FCG1152
Temperature Range: -40 - 100 C
Voltage Range: 0.97 - 1.03 V
Speed Grade: -1
Design State: Post-Layout
Data source: Production
Multi Corner Report Operating Conditions: slow_lv_ht, slow_lv_lt, fast_hv_lt
Scenario for Timing Analysis: timing_analysis


Path 1
  From: MiV_AXI_0/MiV_AXI_0/ChiselTop0/tile/core/div/remainder[9]:CLK
  To:   MiV_AXI_0/MiV_AXI_0/ChiselTop0/tile/core/div/remainder[54]:D
  Delay (ns):              6.838
  Slack (ns):              2.066
  Arrival (ns):           10.114
  Required (ns):          12.180
  Operating Conditions: slow_lv_lt

Path 2
  From: MiV_AXI_0/MiV_AXI_0/ChiselTop0/tile/core/div/remainder[5]:CLK
  To:   MiV_AXI_0/MiV_AXI_0/ChiselTop0/tile/core/div/remainder[54]:D
  Delay (ns):              6.832
  Slack (ns):              2.068
  Arrival (ns):           10.268
  Required (ns):          12.336
  Operating Conditions: slow_lv_ht

Path 3
  From: MiV_AXI_0/MiV_AXI_0/ChiselTop0/tile/core/div/remainder[2]:CLK
  To:   MiV_AXI_0/MiV_AXI_0/ChiselTop0/tile/core/div/remainder[54]:D
  Delay (ns):              6.845
  Slack (ns):              2.073
  Arrival (ns):           10.304
  Required (ns):          12.377
  Operating Conditions: slow_lv_ht

Path 4
  From: MiV_AXI_0/MiV_AXI_0/ChiselTop0/tile/core/div/remainder[11]:CLK
  To:   MiV_AXI_0/MiV_AXI_0/ChiselTop0/tile/core/div/remainder[54]:D
  Delay (ns):              6.826
  Slack (ns):              2.078
  Arrival (ns):           10.102
  Required (ns):          12.180
  Operating Conditions: slow_lv_lt

Path 5
  From: MiV_AXI_0/MiV_AXI_0/ChiselTop0/tile/core/div/divisor[3]:CLK
  To:   MiV_AXI_0/MiV_AXI_0/ChiselTop0/tile/core/div/remainder[54]:D
  Delay (ns):              6.810
  Slack (ns):              2.093
  Arrival (ns):           10.087
  Required (ns):          12.180
  Operating Conditions: slow_lv_lt

Path 6
  From: MiV_AXI_0/MiV_AXI_0/ChiselTop0/tile/core/div/remainder[7]:CLK
  To:   MiV_AXI_0/MiV_AXI_0/ChiselTop0/tile/core/div/remainder[54]:D
  Delay (ns):              6.825
  Slack (ns):              2.093
  Arrival (ns):           10.130
  Required (ns):          12.223
  Operating Conditions: slow_lv_lt

Path 7
  From: MiV_AXI_0/MiV_AXI_0/ChiselTop0/tile/core/div/remainder[15]:CLK
  To:   MiV_AXI_0/MiV_AXI_0/ChiselTop0/tile/core/div/remainder[54]:D
  Delay (ns):              6.805
  Slack (ns):              2.099
  Arrival (ns):           10.081
  Required (ns):          12.180
  Operating Conditions: slow_lv_lt

Path 8
  From: MiV_AXI_0/MiV_AXI_0/ChiselTop0/tile/core/div/divisor[0]:CLK
  To:   MiV_AXI_0/MiV_AXI_0/ChiselTop0/tile/core/div/remainder[54]:D
  Delay (ns):              6.802
  Slack (ns):              2.101
  Arrival (ns):           10.079
  Required (ns):          12.180
  Operating Conditions: slow_lv_lt

Path 9
  From: MiV_AXI_0/MiV_AXI_0/ChiselTop0/tile/core/div/remainder[9]:CLK
  To:   MiV_AXI_0/MiV_AXI_0/ChiselTop0/tile/core/div/remainder[52]:D
  Delay (ns):              6.802
  Slack (ns):              2.102
  Arrival (ns):           10.078
  Required (ns):          12.180
  Operating Conditions: slow_lv_lt

Path 10
  From: MiV_AXI_0/MiV_AXI_0/ChiselTop0/tile/core/div/divisor[7]:CLK
  To:   MiV_AXI_0/MiV_AXI_0/ChiselTop0/tile/core/div/remainder[54]:D
  Delay (ns):              6.809
  Slack (ns):              2.109
  Arrival (ns):           10.114
  Required (ns):          12.223
  Operating Conditions: slow_lv_lt

Path 11
  From: MiV_AXI_0/MiV_AXI_0/ChiselTop0/tile/core/div/remainder[5]:CLK
  To:   MiV_AXI_0/MiV_AXI_0/ChiselTop0/tile/core/div/remainder[52]:D
  Delay (ns):              6.792
  Slack (ns):              2.111
  Arrival (ns):           10.069
  Required (ns):          12.180
  Operating Conditions: slow_lv_lt

Path 12
  From: MiV_AXI_0/MiV_AXI_0/ChiselTop0/tile/core/div/remainder[2]:CLK
  To:   MiV_AXI_0/MiV_AXI_0/ChiselTop0/tile/core/div/remainder[52]:D
  Delay (ns):              6.808
  Slack (ns):              2.113
  Arrival (ns):           10.110
  Required (ns):          12.223
  Operating Conditions: slow_lv_lt

Path 13
  From: MiV_AXI_0/MiV_AXI_0/ChiselTop0/tile/core/div/remainder[11]:CLK
  To:   MiV_AXI_0/MiV_AXI_0/ChiselTop0/tile/core/div/remainder[52]:D
  Delay (ns):              6.790
  Slack (ns):              2.114
  Arrival (ns):           10.066
  Required (ns):          12.180
  Operating Conditions: slow_lv_lt

Path 14
  From: MiV_AXI_0/MiV_AXI_0/ChiselTop0/tile/core/div/remainder[9]:CLK
  To:   MiV_AXI_0/MiV_AXI_0/ChiselTop0/tile/core/div/remainder[61]:D
  Delay (ns):              6.788
  Slack (ns):              2.122
  Arrival (ns):           10.064
  Required (ns):          12.186
  Operating Conditions: slow_lv_lt

Path 15
  From: MiV_AXI_0/MiV_AXI_0/ChiselTop0/tile/core/div/remainder[5]:CLK
  To:   MiV_AXI_0/MiV_AXI_0/ChiselTop0/tile/core/div/remainder[61]:D
  Delay (ns):              6.784
  Slack (ns):              2.122
  Arrival (ns):           10.220
  Required (ns):          12.342
  Operating Conditions: slow_lv_ht

Path 16
  From: MiV_AXI_0/MiV_AXI_0/ChiselTop0/tile/core/div/remainder[9]:CLK
  To:   MiV_AXI_0/MiV_AXI_0/ChiselTop0/tile/core/div/remainder[62]:D
  Delay (ns):              6.781
  Slack (ns):              2.123
  Arrival (ns):           10.057
  Required (ns):          12.180
  Operating Conditions: slow_lv_lt

Path 17
  From: MiV_AXI_0/MiV_AXI_0/ChiselTop0/tile/core/div/remainder_0[16]:CLK
  To:   MiV_AXI_0/MiV_AXI_0/ChiselTop0/tile/core/div/remainder[54]:D
  Delay (ns):              6.794
  Slack (ns):              2.125
  Arrival (ns):           10.098
  Required (ns):          12.223
  Operating Conditions: slow_lv_lt

Path 18
  From: MiV_AXI_0/MiV_AXI_0/ChiselTop0/tile/core/div/remainder[2]:CLK
  To:   MiV_AXI_0/MiV_AXI_0/ChiselTop0/tile/core/div/remainder[61]:D
  Delay (ns):              6.797
  Slack (ns):              2.127
  Arrival (ns):           10.256
  Required (ns):          12.383
  Operating Conditions: slow_lv_ht

Path 19
  From: MiV_AXI_0/MiV_AXI_0/ChiselTop0/tile/core/div/divisor[8]:CLK
  To:   MiV_AXI_0/MiV_AXI_0/ChiselTop0/tile/core/div/remainder[54]:D
  Delay (ns):              6.790
  Slack (ns):              2.128
  Arrival (ns):           10.095
  Required (ns):          12.223
  Operating Conditions: slow_lv_lt

Path 20
  From: MiV_AXI_0/MiV_AXI_0/ChiselTop0/tile/core/div/remainder[5]:CLK
  To:   MiV_AXI_0/MiV_AXI_0/ChiselTop0/tile/core/div/remainder[62]:D
  Delay (ns):              6.772
  Slack (ns):              2.128
  Arrival (ns):           10.208
  Required (ns):          12.336
  Operating Conditions: slow_lv_ht

Path 21
  From: MiV_AXI_0/MiV_AXI_0/ChiselTop0/tile/core/div/divisor[3]:CLK
  To:   MiV_AXI_0/MiV_AXI_0/ChiselTop0/tile/core/div/remainder[52]:D
  Delay (ns):              6.774
  Slack (ns):              2.129
  Arrival (ns):           10.051
  Required (ns):          12.180
  Operating Conditions: slow_lv_lt

Path 22
  From: MiV_AXI_0/MiV_AXI_0/ChiselTop0/tile/core/div/remainder[7]:CLK
  To:   MiV_AXI_0/MiV_AXI_0/ChiselTop0/tile/core/div/remainder[52]:D
  Delay (ns):              6.789
  Slack (ns):              2.129
  Arrival (ns):           10.094
  Required (ns):          12.223
  Operating Conditions: slow_lv_lt

Path 23
  From: MiV_AXI_0/MiV_AXI_0/ChiselTop0/tile/core/div/remainder[13]:CLK
  To:   MiV_AXI_0/MiV_AXI_0/ChiselTop0/tile/core/div/remainder[54]:D
  Delay (ns):              6.788
  Slack (ns):              2.131
  Arrival (ns):           10.092
  Required (ns):          12.223
  Operating Conditions: slow_lv_lt

Path 24
  From: MiV_AXI_0/MiV_AXI_0/ChiselTop0/tile/core/div/remainder[2]:CLK
  To:   MiV_AXI_0/MiV_AXI_0/ChiselTop0/tile/core/div/remainder[62]:D
  Delay (ns):              6.785
  Slack (ns):              2.133
  Arrival (ns):           10.244
  Required (ns):          12.377
  Operating Conditions: slow_lv_ht

Path 25
  From: MiV_AXI_0/MiV_AXI_0/ChiselTop0/tile/core/div/remainder[11]:CLK
  To:   MiV_AXI_0/MiV_AXI_0/ChiselTop0/tile/core/div/remainder[61]:D
  Delay (ns):              6.776
  Slack (ns):              2.134
  Arrival (ns):           10.052
  Required (ns):          12.186
  Operating Conditions: slow_lv_lt

Path 26
  From: MiV_AXI_0/MiV_AXI_0/ChiselTop0/tile/core/div/remainder[8]:CLK
  To:   MiV_AXI_0/MiV_AXI_0/ChiselTop0/tile/core/div/remainder[54]:D
  Delay (ns):              6.769
  Slack (ns):              2.135
  Arrival (ns):           10.045
  Required (ns):          12.180
  Operating Conditions: slow_lv_lt

Path 27
  From: MiV_AXI_0/MiV_AXI_0/ChiselTop0/tile/core/div/remainder[15]:CLK
  To:   MiV_AXI_0/MiV_AXI_0/ChiselTop0/tile/core/div/remainder[52]:D
  Delay (ns):              6.769
  Slack (ns):              2.135
  Arrival (ns):           10.045
  Required (ns):          12.180
  Operating Conditions: slow_lv_lt

Path 28
  From: MiV_AXI_0/MiV_AXI_0/ChiselTop0/tile/core/div/remainder[11]:CLK
  To:   MiV_AXI_0/MiV_AXI_0/ChiselTop0/tile/core/div/remainder[62]:D
  Delay (ns):              6.769
  Slack (ns):              2.135
  Arrival (ns):           10.045
  Required (ns):          12.180
  Operating Conditions: slow_lv_lt

Path 29
  From: MiV_AXI_0/MiV_AXI_0/ChiselTop0/tile/core/div/divisor[2]:CLK
  To:   MiV_AXI_0/MiV_AXI_0/ChiselTop0/tile/core/div/remainder[54]:D
  Delay (ns):              6.786
  Slack (ns):              2.135
  Arrival (ns):           10.088
  Required (ns):          12.223
  Operating Conditions: slow_lv_lt

Path 30
  From: MiV_AXI_0/MiV_AXI_0/ChiselTop0/tile/core/div/divisor[0]:CLK
  To:   MiV_AXI_0/MiV_AXI_0/ChiselTop0/tile/core/div/remainder[52]:D
  Delay (ns):              6.766
  Slack (ns):              2.137
  Arrival (ns):           10.043
  Required (ns):          12.180
  Operating Conditions: slow_lv_lt

Path 31
  From: MiV_AXI_0/MiV_AXI_0/ChiselTop0/tile/core/div/remainder[1]:CLK
  To:   MiV_AXI_0/MiV_AXI_0/ChiselTop0/tile/core/div/remainder[54]:D
  Delay (ns):              6.764
  Slack (ns):              2.139
  Arrival (ns):           10.041
  Required (ns):          12.180
  Operating Conditions: slow_lv_lt

Path 32
  From: MiV_AXI_0/MiV_AXI_0/ChiselTop0/tile/core/div/divisor[7]:CLK
  To:   MiV_AXI_0/MiV_AXI_0/ChiselTop0/tile/core/div/remainder[52]:D
  Delay (ns):              6.773
  Slack (ns):              2.145
  Arrival (ns):           10.078
  Required (ns):          12.223
  Operating Conditions: slow_lv_lt

Path 33
  From: MiV_AXI_0/MiV_AXI_0/ChiselTop0/tile/core/div/remainder[12]:CLK
  To:   MiV_AXI_0/MiV_AXI_0/ChiselTop0/tile/core/div/remainder[54]:D
  Delay (ns):              6.772
  Slack (ns):              2.147
  Arrival (ns):           10.076
  Required (ns):          12.223
  Operating Conditions: slow_lv_lt

Path 34
  From: MiV_AXI_0/MiV_AXI_0/ChiselTop0/tile/core/div/remainder[7]:CLK
  To:   MiV_AXI_0/MiV_AXI_0/ChiselTop0/tile/core/div/remainder[61]:D
  Delay (ns):              6.774
  Slack (ns):              2.147
  Arrival (ns):           10.236
  Required (ns):          12.383
  Operating Conditions: slow_lv_ht

Path 35
  From: MiV_AXI_0/MiV_AXI_0/ChiselTop0/tile/core/div/divisor[3]:CLK
  To:   MiV_AXI_0/MiV_AXI_0/ChiselTop0/tile/core/div/remainder[61]:D
  Delay (ns):              6.760
  Slack (ns):              2.149
  Arrival (ns):           10.037
  Required (ns):          12.186
  Operating Conditions: slow_lv_lt

Path 36
  From: MiV_AXI_0/MiV_AXI_0/ChiselTop0/tile/core/div/divisor[3]:CLK
  To:   MiV_AXI_0/MiV_AXI_0/ChiselTop0/tile/core/div/remainder[62]:D
  Delay (ns):              6.753
  Slack (ns):              2.150
  Arrival (ns):           10.030
  Required (ns):          12.180
  Operating Conditions: slow_lv_lt

Path 37
  From: MiV_AXI_0/MiV_AXI_0/ChiselTop0/tile/core/div/remainder[7]:CLK
  To:   MiV_AXI_0/MiV_AXI_0/ChiselTop0/tile/core/div/remainder[62]:D
  Delay (ns):              6.768
  Slack (ns):              2.150
  Arrival (ns):           10.073
  Required (ns):          12.223
  Operating Conditions: slow_lv_lt

Path 38
  From: MiV_AXI_0/MiV_AXI_0/ChiselTop0/tile/core/div/divisor[1]:CLK
  To:   MiV_AXI_0/MiV_AXI_0/ChiselTop0/tile/core/div/remainder[54]:D
  Delay (ns):              6.775
  Slack (ns):              2.152
  Arrival (ns):           10.071
  Required (ns):          12.223
  Operating Conditions: slow_lv_lt

Path 39
  From: MiV_AXI_0/MiV_AXI_0/ChiselTop0/tile/core/div/remainder[15]:CLK
  To:   MiV_AXI_0/MiV_AXI_0/ChiselTop0/tile/core/div/remainder[61]:D
  Delay (ns):              6.755
  Slack (ns):              2.155
  Arrival (ns):           10.031
  Required (ns):          12.186
  Operating Conditions: slow_lv_lt

Path 40
  From: MiV_AXI_0/MiV_AXI_0/ChiselTop0/tile/core/div/remainder[15]:CLK
  To:   MiV_AXI_0/MiV_AXI_0/ChiselTop0/tile/core/div/remainder[62]:D
  Delay (ns):              6.748
  Slack (ns):              2.156
  Arrival (ns):           10.024
  Required (ns):          12.180
  Operating Conditions: slow_lv_lt

Path 41
  From: MiV_AXI_0/MiV_AXI_0/ChiselTop0/tile/core/div/divisor[0]:CLK
  To:   MiV_AXI_0/MiV_AXI_0/ChiselTop0/tile/core/div/remainder[61]:D
  Delay (ns):              6.752
  Slack (ns):              2.157
  Arrival (ns):           10.029
  Required (ns):          12.186
  Operating Conditions: slow_lv_lt

Path 42
  From: MiV_AXI_0/MiV_AXI_0/ChiselTop0/tile/core/div/divisor[5]:CLK
  To:   MiV_AXI_0/MiV_AXI_0/ChiselTop0/tile/core/div/remainder[54]:D
  Delay (ns):              6.770
  Slack (ns):              2.157
  Arrival (ns):           10.066
  Required (ns):          12.223
  Operating Conditions: slow_lv_lt

Path 43
  From: MiV_AXI_0/MiV_AXI_0/ChiselTop0/tile/core/div/divisor[0]:CLK
  To:   MiV_AXI_0/MiV_AXI_0/ChiselTop0/tile/core/div/remainder[62]:D
  Delay (ns):              6.745
  Slack (ns):              2.158
  Arrival (ns):           10.022
  Required (ns):          12.180
  Operating Conditions: slow_lv_lt

Path 44
  From: MiV_AXI_0/MiV_AXI_0/ChiselTop0/tile/core/div/remainder_0[16]:CLK
  To:   MiV_AXI_0/MiV_AXI_0/ChiselTop0/tile/core/div/remainder[52]:D
  Delay (ns):              6.758
  Slack (ns):              2.161
  Arrival (ns):           10.062
  Required (ns):          12.223
  Operating Conditions: slow_lv_lt

Path 45
  From: MiV_AXI_0/MiV_AXI_0/ChiselTop0/tile/core/div/divisor[6]:CLK
  To:   MiV_AXI_0/MiV_AXI_0/ChiselTop0/tile/core/div/remainder[54]:D
  Delay (ns):              6.764
  Slack (ns):              2.164
  Arrival (ns):           10.059
  Required (ns):          12.223
  Operating Conditions: slow_lv_lt

Path 46
  From: MiV_AXI_0/MiV_AXI_0/ChiselTop0/tile/core/div/divisor[8]:CLK
  To:   MiV_AXI_0/MiV_AXI_0/ChiselTop0/tile/core/div/remainder[52]:D
  Delay (ns):              6.754
  Slack (ns):              2.164
  Arrival (ns):           10.059
  Required (ns):          12.223
  Operating Conditions: slow_lv_lt

Path 47
  From: MiV_AXI_0/MiV_AXI_0/ChiselTop0/tile/core/div/divisor[7]:CLK
  To:   MiV_AXI_0/MiV_AXI_0/ChiselTop0/tile/core/div/remainder[61]:D
  Delay (ns):              6.759
  Slack (ns):              2.165
  Arrival (ns):           10.064
  Required (ns):          12.229
  Operating Conditions: slow_lv_lt

Path 48
  From: MiV_AXI_0/MiV_AXI_0/ChiselTop0/tile/core/div/divisor[7]:CLK
  To:   MiV_AXI_0/MiV_AXI_0/ChiselTop0/tile/core/div/remainder[62]:D
  Delay (ns):              6.752
  Slack (ns):              2.166
  Arrival (ns):           10.057
  Required (ns):          12.223
  Operating Conditions: slow_lv_lt

Path 49
  From: MiV_AXI_0/MiV_AXI_0/ChiselTop0/tile/core/div/remainder[13]:CLK
  To:   MiV_AXI_0/MiV_AXI_0/ChiselTop0/tile/core/div/remainder[52]:D
  Delay (ns):              6.752
  Slack (ns):              2.167
  Arrival (ns):           10.056
  Required (ns):          12.223
  Operating Conditions: slow_lv_lt

Path 50
  From: MiV_AXI_0/MiV_AXI_0/ChiselTop0/tile/core/div/remainder[9]:CLK
  To:   MiV_AXI_0/MiV_AXI_0/ChiselTop0/tile/core/div/remainder[63]:D
  Delay (ns):              6.735
  Slack (ns):              2.169
  Arrival (ns):           10.011
  Required (ns):          12.180
  Operating Conditions: slow_lv_lt

Path 51
  From: MiV_AXI_0/MiV_AXI_0/ChiselTop0/tile/core/div/remainder[5]:CLK
  To:   MiV_AXI_0/MiV_AXI_0/ChiselTop0/tile/core/div/remainder[63]:D
  Delay (ns):              6.728
  Slack (ns):              2.171
  Arrival (ns):           10.164
  Required (ns):          12.335
  Operating Conditions: slow_lv_ht

Path 52
  From: MiV_AXI_0/MiV_AXI_0/ChiselTop0/tile/core/div/divisor[2]:CLK
  To:   MiV_AXI_0/MiV_AXI_0/ChiselTop0/tile/core/div/remainder[52]:D
  Delay (ns):              6.750
  Slack (ns):              2.171
  Arrival (ns):           10.052
  Required (ns):          12.223
  Operating Conditions: slow_lv_lt

Path 53
  From: MiV_AXI_0/MiV_AXI_0/ChiselTop0/tile/core/div/remainder[8]:CLK
  To:   MiV_AXI_0/MiV_AXI_0/ChiselTop0/tile/core/div/remainder[52]:D
  Delay (ns):              6.733
  Slack (ns):              2.171
  Arrival (ns):           10.009
  Required (ns):          12.180
  Operating Conditions: slow_lv_lt

Path 54
  From: MiV_AXI_0/MiV_AXI_0/ChiselTop0/tile/core/div/remainder[1]:CLK
  To:   MiV_AXI_0/MiV_AXI_0/ChiselTop0/tile/core/div/remainder[52]:D
  Delay (ns):              6.728
  Slack (ns):              2.175
  Arrival (ns):           10.005
  Required (ns):          12.180
  Operating Conditions: slow_lv_lt

Path 55
  From: MiV_AXI_0/MiV_AXI_0/ChiselTop0/tile/core/div/remainder[2]:CLK
  To:   MiV_AXI_0/MiV_AXI_0/ChiselTop0/tile/core/div/remainder[63]:D
  Delay (ns):              6.741
  Slack (ns):              2.176
  Arrival (ns):           10.200
  Required (ns):          12.376
  Operating Conditions: slow_lv_ht

Path 56
  From: MiV_AXI_0/MiV_AXI_0/ChiselTop0/tile/core/div/remainder_0[16]:CLK
  To:   MiV_AXI_0/MiV_AXI_0/ChiselTop0/tile/core/div/remainder[61]:D
  Delay (ns):              6.744
  Slack (ns):              2.181
  Arrival (ns):           10.048
  Required (ns):          12.229
  Operating Conditions: slow_lv_lt

Path 57
  From: MiV_AXI_0/MiV_AXI_0/ChiselTop0/tile/core/div/remainder[11]:CLK
  To:   MiV_AXI_0/MiV_AXI_0/ChiselTop0/tile/core/div/remainder[63]:D
  Delay (ns):              6.723
  Slack (ns):              2.181
  Arrival (ns):            9.999
  Required (ns):          12.180
  Operating Conditions: slow_lv_lt

Path 58
  From: MiV_AXI_0/MiV_AXI_0/ChiselTop0/tile/core/div/remainder_0[16]:CLK
  To:   MiV_AXI_0/MiV_AXI_0/ChiselTop0/tile/core/div/remainder[62]:D
  Delay (ns):              6.737
  Slack (ns):              2.182
  Arrival (ns):           10.041
  Required (ns):          12.223
  Operating Conditions: slow_lv_lt

Path 59
  From: MiV_AXI_0/MiV_AXI_0/ChiselTop0/tile/core/div/remainder[12]:CLK
  To:   MiV_AXI_0/MiV_AXI_0/ChiselTop0/tile/core/div/remainder[52]:D
  Delay (ns):              6.736
  Slack (ns):              2.183
  Arrival (ns):           10.040
  Required (ns):          12.223
  Operating Conditions: slow_lv_lt

Path 60
  From: MiV_AXI_0/MiV_AXI_0/ChiselTop0/tile/core/div/divisor[8]:CLK
  To:   MiV_AXI_0/MiV_AXI_0/ChiselTop0/tile/core/div/remainder[61]:D
  Delay (ns):              6.740
  Slack (ns):              2.184
  Arrival (ns):           10.045
  Required (ns):          12.229
  Operating Conditions: slow_lv_lt

Path 61
  From: MiV_AXI_0/MiV_AXI_0/ChiselTop0/tile/core/div/divisor[8]:CLK
  To:   MiV_AXI_0/MiV_AXI_0/ChiselTop0/tile/core/div/remainder[62]:D
  Delay (ns):              6.733
  Slack (ns):              2.185
  Arrival (ns):           10.038
  Required (ns):          12.223
  Operating Conditions: slow_lv_lt

Path 62
  From: MiV_AXI_0/MiV_AXI_0/ChiselTop0/tile/core/div/remainder[13]:CLK
  To:   MiV_AXI_0/MiV_AXI_0/ChiselTop0/tile/core/div/remainder[61]:D
  Delay (ns):              6.736
  Slack (ns):              2.186
  Arrival (ns):           10.197
  Required (ns):          12.383
  Operating Conditions: slow_lv_ht

Path 63
  From: MiV_AXI_0/MiV_AXI_0/ChiselTop0/tile/core/div/divisor[1]:CLK
  To:   MiV_AXI_0/MiV_AXI_0/ChiselTop0/tile/core/div/remainder[52]:D
  Delay (ns):              6.739
  Slack (ns):              2.188
  Arrival (ns):           10.035
  Required (ns):          12.223
  Operating Conditions: slow_lv_lt

Path 64
  From: MiV_AXI_0/MiV_AXI_0/ChiselTop0/tile/core/div/divisor[9]:CLK
  To:   MiV_AXI_0/MiV_AXI_0/ChiselTop0/tile/core/div/remainder[54]:D
  Delay (ns):              6.716
  Slack (ns):              2.188
  Arrival (ns):            9.992
  Required (ns):          12.180
  Operating Conditions: slow_lv_lt

Path 65
  From: MiV_AXI_0/MiV_AXI_0/ChiselTop0/tile/core/div/remainder[13]:CLK
  To:   MiV_AXI_0/MiV_AXI_0/ChiselTop0/tile/core/div/remainder[62]:D
  Delay (ns):              6.731
  Slack (ns):              2.188
  Arrival (ns):           10.035
  Required (ns):          12.223
  Operating Conditions: slow_lv_lt

Path 66
  From: MiV_AXI_0/MiV_AXI_0/ChiselTop0/tile/core/div/remainder[4]:CLK
  To:   MiV_AXI_0/MiV_AXI_0/ChiselTop0/tile/core/div/remainder[54]:D
  Delay (ns):              6.713
  Slack (ns):              2.190
  Arrival (ns):            9.990
  Required (ns):          12.180
  Operating Conditions: slow_lv_lt

Path 67
  From: MiV_AXI_0/MiV_AXI_0/ChiselTop0/tile/core/div/divisor[2]:CLK
  To:   MiV_AXI_0/MiV_AXI_0/ChiselTop0/tile/core/div/remainder[61]:D
  Delay (ns):              6.736
  Slack (ns):              2.191
  Arrival (ns):           10.038
  Required (ns):          12.229
  Operating Conditions: slow_lv_lt

Path 68
  From: MiV_AXI_0/MiV_AXI_0/ChiselTop0/tile/core/div/remainder[8]:CLK
  To:   MiV_AXI_0/MiV_AXI_0/ChiselTop0/tile/core/div/remainder[61]:D
  Delay (ns):              6.719
  Slack (ns):              2.191
  Arrival (ns):            9.995
  Required (ns):          12.186
  Operating Conditions: slow_lv_lt

Path 69
  From: MiV_AXI_0/MiV_AXI_0/ChiselTop0/tile/core/div/divisor[2]:CLK
  To:   MiV_AXI_0/MiV_AXI_0/ChiselTop0/tile/core/div/remainder[62]:D
  Delay (ns):              6.729
  Slack (ns):              2.192
  Arrival (ns):           10.031
  Required (ns):          12.223
  Operating Conditions: slow_lv_lt

Path 70
  From: MiV_AXI_0/MiV_AXI_0/ChiselTop0/tile/core/div/remainder[8]:CLK
  To:   MiV_AXI_0/MiV_AXI_0/ChiselTop0/tile/core/div/remainder[62]:D
  Delay (ns):              6.712
  Slack (ns):              2.192
  Arrival (ns):            9.988
  Required (ns):          12.180
  Operating Conditions: slow_lv_lt

Path 71
  From: MiV_AXI_0/MiV_AXI_0/ChiselTop0/tile/core/div/divisor[5]:CLK
  To:   MiV_AXI_0/MiV_AXI_0/ChiselTop0/tile/core/div/remainder[52]:D
  Delay (ns):              6.734
  Slack (ns):              2.193
  Arrival (ns):           10.030
  Required (ns):          12.223
  Operating Conditions: slow_lv_lt

Path 72
  From: MiV_AXI_0/MiV_AXI_0/ChiselTop0/tile/core/div/remainder[1]:CLK
  To:   MiV_AXI_0/MiV_AXI_0/ChiselTop0/tile/core/div/remainder[61]:D
  Delay (ns):              6.714
  Slack (ns):              2.195
  Arrival (ns):            9.991
  Required (ns):          12.186
  Operating Conditions: slow_lv_lt

Path 73
  From: MiV_AXI_0/MiV_AXI_0/ChiselTop0/tile/core/div/remainder[7]:CLK
  To:   MiV_AXI_0/MiV_AXI_0/ChiselTop0/tile/core/div/remainder[63]:D
  Delay (ns):              6.718
  Slack (ns):              2.196
  Arrival (ns):           10.180
  Required (ns):          12.376
  Operating Conditions: slow_lv_ht

Path 74
  From: MiV_AXI_0/MiV_AXI_0/ChiselTop0/tile/core/div/divisor[3]:CLK
  To:   MiV_AXI_0/MiV_AXI_0/ChiselTop0/tile/core/div/remainder[63]:D
  Delay (ns):              6.707
  Slack (ns):              2.196
  Arrival (ns):            9.984
  Required (ns):          12.180
  Operating Conditions: slow_lv_lt

Path 75
  From: MiV_AXI_0/MiV_AXI_0/ChiselTop0/tile/core/div/remainder[1]:CLK
  To:   MiV_AXI_0/MiV_AXI_0/ChiselTop0/tile/core/div/remainder[62]:D
  Delay (ns):              6.707
  Slack (ns):              2.196
  Arrival (ns):            9.984
  Required (ns):          12.180
  Operating Conditions: slow_lv_lt

Path 76
  From: MiV_AXI_0/MiV_AXI_0/ChiselTop0/tile/core/div/remainder[9]:CLK
  To:   MiV_AXI_0/MiV_AXI_0/ChiselTop0/tile/core/div/remainder[64]:D
  Delay (ns):              6.713
  Slack (ns):              2.200
  Arrival (ns):            9.989
  Required (ns):          12.189
  Operating Conditions: slow_lv_lt

Path 77
  From: MiV_AXI_0/MiV_AXI_0/ChiselTop0/tile/core/div/divisor[6]:CLK
  To:   MiV_AXI_0/MiV_AXI_0/ChiselTop0/tile/core/div/remainder[52]:D
  Delay (ns):              6.728
  Slack (ns):              2.200
  Arrival (ns):           10.023
  Required (ns):          12.223
  Operating Conditions: slow_lv_lt

Path 78
  From: MiV_AXI_0/MiV_AXI_0/ChiselTop0/tile/core/div/remainder[5]:CLK
  To:   MiV_AXI_0/MiV_AXI_0/ChiselTop0/tile/core/div/remainder[64]:D
  Delay (ns):              6.706
  Slack (ns):              2.201
  Arrival (ns):           10.142
  Required (ns):          12.343
  Operating Conditions: slow_lv_ht

Path 79
  From: MiV_AXI_0/MiV_AXI_0/ChiselTop0/tile/core/div/divisor[4]:CLK
  To:   MiV_AXI_0/MiV_AXI_0/ChiselTop0/tile/core/div/remainder[54]:D
  Delay (ns):              6.702
  Slack (ns):              2.201
  Arrival (ns):            9.979
  Required (ns):          12.180
  Operating Conditions: slow_lv_lt

Path 80
  From: MiV_AXI_0/MiV_AXI_0/ChiselTop0/tile/core/div/remainder[9]:CLK
  To:   MiV_AXI_0/MiV_AXI_0/ChiselTop0/tile/core/div/remainder[59]:D
  Delay (ns):              6.708
  Slack (ns):              2.202
  Arrival (ns):            9.984
  Required (ns):          12.186
  Operating Conditions: slow_lv_lt

Path 81
  From: MiV_AXI_0/MiV_AXI_0/ChiselTop0/tile/core/div/remainder[15]:CLK
  To:   MiV_AXI_0/MiV_AXI_0/ChiselTop0/tile/core/div/remainder[63]:D
  Delay (ns):              6.702
  Slack (ns):              2.202
  Arrival (ns):            9.978
  Required (ns):          12.180
  Operating Conditions: slow_lv_lt

Path 82
  From: MiV_AXI_0/MiV_AXI_0/ChiselTop0/tile/core/div/remainder[12]:CLK
  To:   MiV_AXI_0/MiV_AXI_0/ChiselTop0/tile/core/div/remainder[61]:D
  Delay (ns):              6.722
  Slack (ns):              2.203
  Arrival (ns):           10.026
  Required (ns):          12.229
  Operating Conditions: slow_lv_lt

Path 83
  From: MiV_AXI_0/MiV_AXI_0/ChiselTop0/tile/core/div/divisor[0]:CLK
  To:   MiV_AXI_0/MiV_AXI_0/ChiselTop0/tile/core/div/remainder[63]:D
  Delay (ns):              6.699
  Slack (ns):              2.204
  Arrival (ns):            9.976
  Required (ns):          12.180
  Operating Conditions: slow_lv_lt

Path 84
  From: MiV_AXI_0/MiV_AXI_0/ChiselTop0/tile/core/div/remainder[12]:CLK
  To:   MiV_AXI_0/MiV_AXI_0/ChiselTop0/tile/core/div/remainder[62]:D
  Delay (ns):              6.715
  Slack (ns):              2.204
  Arrival (ns):           10.019
  Required (ns):          12.223
  Operating Conditions: slow_lv_lt

Path 85
  From: MiV_AXI_0/MiV_AXI_0/ChiselTop0/tile/core/div/remainder[6]:CLK
  To:   MiV_AXI_0/MiV_AXI_0/ChiselTop0/tile/core/div/remainder[54]:D
  Delay (ns):              6.723
  Slack (ns):              2.204
  Arrival (ns):           10.019
  Required (ns):          12.223
  Operating Conditions: slow_lv_lt

Path 86
  From: MiV_AXI_0/MiV_AXI_0/ChiselTop0/tile/core/div/remainder[5]:CLK
  To:   MiV_AXI_0/MiV_AXI_0/ChiselTop0/tile/core/div/remainder[59]:D
  Delay (ns):              6.702
  Slack (ns):              2.204
  Arrival (ns):           10.138
  Required (ns):          12.342
  Operating Conditions: slow_lv_ht

Path 87
  From: MiV_AXI_0/MiV_AXI_0/ChiselTop0/tile/core/div/remainder[9]:CLK
  To:   MiV_AXI_0/MiV_AXI_0/ChiselTop0/tile/core/div/remainder[48]:D
  Delay (ns):              6.697
  Slack (ns):              2.206
  Arrival (ns):            9.973
  Required (ns):          12.179
  Operating Conditions: slow_lv_lt

Path 88
  From: MiV_AXI_0/MiV_AXI_0/ChiselTop0/tile/core/div/remainder[2]:CLK
  To:   MiV_AXI_0/MiV_AXI_0/ChiselTop0/tile/core/div/remainder[64]:D
  Delay (ns):              6.719
  Slack (ns):              2.206
  Arrival (ns):           10.178
  Required (ns):          12.384
  Operating Conditions: slow_lv_ht

Path 89
  From: MiV_AXI_0/MiV_AXI_0/ChiselTop0/tile/core/div/divisor[1]:CLK
  To:   MiV_AXI_0/MiV_AXI_0/ChiselTop0/tile/core/div/remainder[61]:D
  Delay (ns):              6.725
  Slack (ns):              2.208
  Arrival (ns):           10.021
  Required (ns):          12.229
  Operating Conditions: slow_lv_lt

Path 90
  From: MiV_AXI_0/MiV_AXI_0/ChiselTop0/tile/core/div/divisor[1]:CLK
  To:   MiV_AXI_0/MiV_AXI_0/ChiselTop0/tile/core/div/remainder[62]:D
  Delay (ns):              6.718
  Slack (ns):              2.209
  Arrival (ns):           10.014
  Required (ns):          12.223
  Operating Conditions: slow_lv_lt

Path 91
  From: MiV_AXI_0/MiV_AXI_0/ChiselTop0/tile/core/div/remainder[2]:CLK
  To:   MiV_AXI_0/MiV_AXI_0/ChiselTop0/tile/core/div/remainder[59]:D
  Delay (ns):              6.715
  Slack (ns):              2.209
  Arrival (ns):           10.174
  Required (ns):          12.383
  Operating Conditions: slow_lv_ht

Path 92
  From: MiV_AXI_0/MiV_AXI_0/ChiselTop0/tile/core/div/remainder[11]:CLK
  To:   MiV_AXI_0/MiV_AXI_0/ChiselTop0/tile/core/div/remainder[64]:D
  Delay (ns):              6.701
  Slack (ns):              2.212
  Arrival (ns):            9.977
  Required (ns):          12.189
  Operating Conditions: slow_lv_lt

Path 93
  From: MiV_AXI_0/MiV_AXI_0/ChiselTop0/tile/core/div/divisor[7]:CLK
  To:   MiV_AXI_0/MiV_AXI_0/ChiselTop0/tile/core/div/remainder[63]:D
  Delay (ns):              6.706
  Slack (ns):              2.212
  Arrival (ns):           10.011
  Required (ns):          12.223
  Operating Conditions: slow_lv_lt

Path 94
  From: MiV_AXI_0/MiV_AXI_0/ChiselTop0/tile/core/div/divisor[5]:CLK
  To:   MiV_AXI_0/MiV_AXI_0/ChiselTop0/tile/core/div/remainder[61]:D
  Delay (ns):              6.720
  Slack (ns):              2.213
  Arrival (ns):           10.016
  Required (ns):          12.229
  Operating Conditions: slow_lv_lt

Path 95
  From: MiV_AXI_0/MiV_AXI_0/ChiselTop0/tile/core/div/divisor[5]:CLK
  To:   MiV_AXI_0/MiV_AXI_0/ChiselTop0/tile/core/div/remainder[62]:D
  Delay (ns):              6.713
  Slack (ns):              2.214
  Arrival (ns):           10.009
  Required (ns):          12.223
  Operating Conditions: slow_lv_lt

Path 96
  From: MiV_AXI_0/MiV_AXI_0/ChiselTop0/tile/core/div/remainder[11]:CLK
  To:   MiV_AXI_0/MiV_AXI_0/ChiselTop0/tile/core/div/remainder[59]:D
  Delay (ns):              6.696
  Slack (ns):              2.214
  Arrival (ns):            9.972
  Required (ns):          12.186
  Operating Conditions: slow_lv_lt

Path 97
  From: MiV_AXI_0/MiV_AXI_0/ChiselTop0/tile/core/div/remainder[5]:CLK
  To:   MiV_AXI_0/MiV_AXI_0/ChiselTop0/tile/core/div/remainder[48]:D
  Delay (ns):              6.684
  Slack (ns):              2.215
  Arrival (ns):           10.120
  Required (ns):          12.335
  Operating Conditions: slow_lv_ht

Path 98
  From: MiV_AXI_0/MiV_AXI_0/ChiselTop0/tile/core/div/remainder[9]:CLK
  To:   MiV_AXI_0/MiV_AXI_0/ChiselTop0/tile/core/div/remainder[55]:D
  Delay (ns):              6.687
  Slack (ns):              2.217
  Arrival (ns):            9.963
  Required (ns):          12.180
  Operating Conditions: slow_lv_lt

Path 99
  From: MiV_AXI_0/MiV_AXI_0/ChiselTop0/tile/core/div/remainder[11]:CLK
  To:   MiV_AXI_0/MiV_AXI_0/ChiselTop0/tile/core/div/remainder[48]:D
  Delay (ns):              6.685
  Slack (ns):              2.218
  Arrival (ns):            9.961
  Required (ns):          12.179
  Operating Conditions: slow_lv_lt

Path 100
  From: MiV_AXI_0/MiV_AXI_0/ChiselTop0/tile/core/div/remainder[9]:CLK
  To:   MiV_AXI_0/MiV_AXI_0/ChiselTop0/tile/core/div/remainder[50]:D
  Delay (ns):              6.684
  Slack (ns):              2.219
  Arrival (ns):            9.960
  Required (ns):          12.179
  Operating Conditions: slow_lv_lt

