
Starting:    C:\new_Microsemi\Libero_SoC_v12.3\SynplifyPro\bin64\mbin\synbatch.exe
Install:     C:\new_Microsemi\Libero_SoC_v12.3\SynplifyPro
Hostname:    STC159L01
Date:        Tue Mar 24 13:24:11 2020
Version:     O-2018.09M-SP1-1

Arguments:   -product synplify_pro -licensetype synplifypro_actel -batch -log synplify.log top_syn.tcl
ProductType: synplify_pro

License checkout: synplifypro_actel
License: synplifypro_actel node-locked 
Licensed Vendor: actel
License Option: actel_oem

Running in Vendor Mode

auto_infer_blackbox is not supported in current product.
log file: "C:\Users\Public\Documents\Libero\Solution - Copy\Libero_Project\synthesis\top.srr"
Running: synthesis in foreground

Running top_syn|synthesis

Running Flow: compile (Compile) on top_syn|synthesis
# Tue Mar 24 13:24:12 2020

Running Flow: compile_flow (Compile Process) on top_syn|synthesis
# Tue Mar 24 13:24:12 2020

Running: compiler (Compile Input) on top_syn|synthesis
# Tue Mar 24 13:24:12 2020
Copied C:\Users\Public\Documents\Libero\Solution - Copy\Libero_Project\synthesis\synwork\top_comp.srs to C:\Users\Public\Documents\Libero\Solution - Copy\Libero_Project\synthesis\top.srs

compiler completed
# Tue Mar 24 13:25:47 2020

Return Code: 0
Run Time:00h:01m:35s

Running: multi_srs_gen (Multi-srs Generator) on top_syn|synthesis
# Tue Mar 24 13:25:47 2020

multi_srs_gen completed
# Tue Mar 24 13:25:53 2020

Return Code: 0
Run Time:00h:00m:06s
Copied C:\Users\Public\Documents\Libero\Solution - Copy\Libero_Project\synthesis\synwork\top_mult.srs to C:\Users\Public\Documents\Libero\Solution - Copy\Libero_Project\synthesis\top.srs
Complete: Compile Process on top_syn|synthesis

Running: premap (Premap) on top_syn|synthesis
# Tue Mar 24 13:25:53 2020

premap completed with warnings
# Tue Mar 24 13:26:26 2020

Return Code: 1
Run Time:00h:00m:33s
Complete: Compile on top_syn|synthesis

Running Flow: map (Map) on top_syn|synthesis
# Tue Mar 24 13:26:26 2020
License granted for 4 parallel jobs

Running: fpga_mapper (Map & Optimize) on top_syn|synthesis
# Tue Mar 24 13:26:26 2020
Copied C:\Users\Public\Documents\Libero\Solution - Copy\Libero_Project\synthesis\synwork\top_m.srm to C:\Users\Public\Documents\Libero\Solution - Copy\Libero_Project\synthesis\top.srm

fpga_mapper completed with warnings
# Tue Mar 24 13:30:46 2020

Return Code: 1
Run Time:00h:04m:20s
Complete: Map on top_syn|synthesis
Complete: Logic Synthesis on top_syn|synthesis
TCL script complete: "top_syn.tcl"
exit status=0
exit status=0
License checkin: synplifypro_actel
