Timing Violation Report Max Delay Analysis

SmartTime Version v12.3
Microsemi Corporation - Microsemi Libero Software Release v12.3 (Version 12.800.0.16)
Date: Mon Mar  2 17:29:15 2020


Design: top
Family: PolarFire
Die: MPF300TS
Package: FCG1152
Temperature Range: -40 - 100 C
Voltage Range: 1.0185 - 1.0815 V
Speed Grade: -1
Design State: Post-Layout
Data source: Production
Multi Corner Report Operating Conditions: slow_lv_ht, slow_lv_lt, fast_hv_lt
Scenario for Timing Analysis: timing_analysis


Path 1
  From: DDR3_0_0/MSC_i_0/MSC_i_1/MSC_i_4/MSC_i_190/mr_reload_sm[4]:CLK
  To:   DDR3_0_0/MSC_i_0/MSC_i_1/MSC_i_4/MSC_i_190/MSC_i_191/pch_bank_addr[0]:EN
  Delay (ns):              3.266
  Slack (ns):              2.495
  Arrival (ns):            9.776
  Required (ns):          12.271
  Operating Conditions: slow_lv_ht

Path 2
  From: DDR3_0_0/MSC_i_0/MSC_i_1/MSC_i_4/MSC_i_190/mr_reload_sm[4]:CLK
  To:   DDR3_0_0/MSC_i_0/MSC_i_1/MSC_i_4/MSC_i_190/MSC_i_191/pch_chip_cs[0]:EN
  Delay (ns):              3.266
  Slack (ns):              2.495
  Arrival (ns):            9.776
  Required (ns):          12.271
  Operating Conditions: slow_lv_ht

Path 3
  From: DDR3_0_0/MSC_i_0/MSC_i_1/MSC_i_4/MSC_i_190/mr_reload_sm[4]:CLK
  To:   DDR3_0_0/MSC_i_0/MSC_i_1/MSC_i_4/MSC_i_190/MSC_i_191/pch_bank_addr[1]:EN
  Delay (ns):              3.266
  Slack (ns):              2.495
  Arrival (ns):            9.776
  Required (ns):          12.271
  Operating Conditions: slow_lv_ht

Path 4
  From: DDR3_0_0/MSC_i_0/MSC_i_1/MSC_i_4/MSC_i_190/mr_reload_sm[4]:CLK
  To:   DDR3_0_0/MSC_i_0/MSC_i_1/MSC_i_4/MSC_i_190/MSC_i_191/pch_bank_addr[2]:EN
  Delay (ns):              3.250
  Slack (ns):              2.511
  Arrival (ns):            9.760
  Required (ns):          12.271
  Operating Conditions: slow_lv_ht

Path 5
  From: DDR3_0_0/MSC_i_0/MSC_i_1/MSC_i_4/MSC_i_190/init_sm[4]:CLK
  To:   DDR3_0_0/MSC_i_0/MSC_i_1/MSC_i_4/MSC_i_190/MSC_i_191/pch_bank_addr[1]:EN
  Delay (ns):              3.220
  Slack (ns):              2.543
  Arrival (ns):            9.728
  Required (ns):          12.271
  Operating Conditions: slow_lv_ht

Path 6
  From: DDR3_0_0/MSC_i_0/MSC_i_1/MSC_i_4/MSC_i_190/init_sm[4]:CLK
  To:   DDR3_0_0/MSC_i_0/MSC_i_1/MSC_i_4/MSC_i_190/MSC_i_191/pch_bank_addr[0]:EN
  Delay (ns):              3.220
  Slack (ns):              2.543
  Arrival (ns):            9.728
  Required (ns):          12.271
  Operating Conditions: slow_lv_ht

Path 7
  From: DDR3_0_0/MSC_i_0/MSC_i_1/MSC_i_4/MSC_i_190/init_sm[4]:CLK
  To:   DDR3_0_0/MSC_i_0/MSC_i_1/MSC_i_4/MSC_i_190/MSC_i_191/pch_chip_cs[0]:EN
  Delay (ns):              3.220
  Slack (ns):              2.543
  Arrival (ns):            9.728
  Required (ns):          12.271
  Operating Conditions: slow_lv_ht

Path 8
  From: DDR3_0_0/MSC_i_0/MSC_i_1/MSC_i_4/MSC_i_190/init_sm[4]:CLK
  To:   DDR3_0_0/MSC_i_0/MSC_i_1/MSC_i_4/MSC_i_190/MSC_i_191/pch_bank_addr[2]:EN
  Delay (ns):              3.204
  Slack (ns):              2.559
  Arrival (ns):            9.712
  Required (ns):          12.271
  Operating Conditions: slow_lv_ht

Path 9
  From: DDR3_0_0/MSC_i_0/MSC_i_1/MSC_i_4/MSC_i_190/mr_reload_sm[4]:CLK
  To:   DDR3_0_0/MSC_i_0/MSC_i_1/MSC_i_4/MSC_i_190/MSC_i_191/qm_active_index[2]:D
  Delay (ns):              3.315
  Slack (ns):              2.563
  Arrival (ns):            9.825
  Required (ns):          12.388
  Operating Conditions: slow_lv_ht

Path 10
  From: DDR3_0_0/MSC_i_0/MSC_i_1/MSC_i_4/MSC_i_190/mr_reload_sm[4]:CLK
  To:   DDR3_0_0/MSC_i_0/MSC_i_1/MSC_i_4/MSC_i_190/MSC_i_191/qm_active_index[1]:D
  Delay (ns):              3.313
  Slack (ns):              2.565
  Arrival (ns):            9.823
  Required (ns):          12.388
  Operating Conditions: slow_lv_ht

Path 11
  From: DDR3_0_0/MSC_i_0/MSC_i_1/MSC_i_4/MSC_i_190/mr_reload_sm[4]:CLK
  To:   DDR3_0_0/MSC_i_0/MSC_i_1/MSC_i_4/MSC_i_190/MSC_i_191/qm_active_index[0]:D
  Delay (ns):              3.294
  Slack (ns):              2.584
  Arrival (ns):            9.804
  Required (ns):          12.388
  Operating Conditions: slow_lv_ht

Path 12
  From: DDR3_0_0/MSC_i_0/MSC_i_1/MSC_i_4/MSC_i_190/init_sm[2]:CLK
  To:   DDR3_0_0/MSC_i_0/MSC_i_1/MSC_i_4/MSC_i_190/MSC_i_191/pch_chip_cs[0]:EN
  Delay (ns):              3.164
  Slack (ns):              2.599
  Arrival (ns):            9.672
  Required (ns):          12.271
  Operating Conditions: slow_lv_ht

Path 13
  From: DDR3_0_0/MSC_i_0/MSC_i_1/MSC_i_4/MSC_i_190/init_sm[2]:CLK
  To:   DDR3_0_0/MSC_i_0/MSC_i_1/MSC_i_4/MSC_i_190/MSC_i_191/pch_bank_addr[1]:EN
  Delay (ns):              3.164
  Slack (ns):              2.599
  Arrival (ns):            9.672
  Required (ns):          12.271
  Operating Conditions: slow_lv_ht

Path 14
  From: DDR3_0_0/MSC_i_0/MSC_i_1/MSC_i_4/MSC_i_190/init_sm[2]:CLK
  To:   DDR3_0_0/MSC_i_0/MSC_i_1/MSC_i_4/MSC_i_190/MSC_i_191/pch_bank_addr[0]:EN
  Delay (ns):              3.164
  Slack (ns):              2.599
  Arrival (ns):            9.672
  Required (ns):          12.271
  Operating Conditions: slow_lv_ht

Path 15
  From: DDR3_0_0/MSC_i_0/MSC_i_1/MSC_i_4/MSC_i_190/mr_reload_sm[4]:CLK
  To:   DDR3_0_0/MSC_i_0/MSC_i_1/MSC_i_4/MSC_i_190/MSC_i_191/precharge_cs[0]:D
  Delay (ns):              3.264
  Slack (ns):              2.602
  Arrival (ns):            9.774
  Required (ns):          12.376
  Operating Conditions: slow_lv_ht

Path 16
  From: DDR3_0_0/MSC_i_0/MSC_i_1/MSC_i_4/MSC_i_190/init_sm[4]:CLK
  To:   DDR3_0_0/MSC_i_0/MSC_i_1/MSC_i_4/MSC_i_190/MSC_i_191/qm_active_index[2]:D
  Delay (ns):              3.269
  Slack (ns):              2.611
  Arrival (ns):            9.777
  Required (ns):          12.388
  Operating Conditions: slow_lv_ht

Path 17
  From: DDR3_0_0/MSC_i_0/MSC_i_1/MSC_i_4/MSC_i_190/init_sm[4]:CLK
  To:   DDR3_0_0/MSC_i_0/MSC_i_1/MSC_i_4/MSC_i_190/MSC_i_191/qm_active_index[1]:D
  Delay (ns):              3.267
  Slack (ns):              2.613
  Arrival (ns):            9.775
  Required (ns):          12.388
  Operating Conditions: slow_lv_ht

Path 18
  From: DDR3_0_0/MSC_i_0/MSC_i_1/MSC_i_4/MSC_i_190/init_sm[2]:CLK
  To:   DDR3_0_0/MSC_i_0/MSC_i_1/MSC_i_4/MSC_i_190/MSC_i_191/pch_bank_addr[2]:EN
  Delay (ns):              3.148
  Slack (ns):              2.615
  Arrival (ns):            9.656
  Required (ns):          12.271
  Operating Conditions: slow_lv_ht

Path 19
  From: DDR3_0_0/MSC_i_0/MSC_i_1/MSC_i_4/MSC_i_190/mr_reload_sm[4]:CLK
  To:   DDR3_0_0/MSC_i_0/MSC_i_1/MSC_i_4/MSC_i_190/MSC_i_191/qm_active_index[3]:D
  Delay (ns):              3.261
  Slack (ns):              2.617
  Arrival (ns):            9.771
  Required (ns):          12.388
  Operating Conditions: slow_lv_ht

Path 20
  From: DDR3_0_0/MSC_i_0/MSC_i_1/MSC_i_4/MSC_i_8/awlen_r1[3]:CLK
  To:   DDR3_0_0/MSC_i_0/MSC_i_1/MSC_i_4/MSC_i_8/write_pack_sub_addr[0]:D
  Delay (ns):              3.317
  Slack (ns):              2.618
  Arrival (ns):            9.736
  Required (ns):          12.354
  Operating Conditions: slow_lv_ht

Path 21
  From: DDR3_0_0/MSC_i_0/MSC_i_1/MSC_i_4/MSC_i_8/awlen_r1[3]:CLK
  To:   DDR3_0_0/MSC_i_0/MSC_i_1/MSC_i_4/MSC_i_8/write_pack_sub_addr[6]:D
  Delay (ns):              3.310
  Slack (ns):              2.622
  Arrival (ns):            9.729
  Required (ns):          12.351
  Operating Conditions: slow_lv_ht

Path 22
  From: DDR3_0_0/MSC_i_0/MSC_i_1/MSC_i_4/MSC_i_8/awlen_r1[3]:CLK
  To:   DDR3_0_0/MSC_i_0/MSC_i_1/MSC_i_4/MSC_i_8/write_pack_sub_addr[2]:D
  Delay (ns):              3.309
  Slack (ns):              2.626
  Arrival (ns):            9.728
  Required (ns):          12.354
  Operating Conditions: slow_lv_ht

Path 23
  From: DDR3_0_0/MSC_i_0/MSC_i_1/MSC_i_4/MSC_i_190/init_sm[3]:CLK
  To:   DDR3_0_0/MSC_i_0/MSC_i_1/MSC_i_4/MSC_i_190/MSC_i_191/pch_chip_cs[0]:EN
  Delay (ns):              3.210
  Slack (ns):              2.626
  Arrival (ns):            9.696
  Required (ns):          12.322
  Operating Conditions: slow_lv_ht

Path 24
  From: DDR3_0_0/MSC_i_0/MSC_i_1/MSC_i_4/MSC_i_190/init_sm[3]:CLK
  To:   DDR3_0_0/MSC_i_0/MSC_i_1/MSC_i_4/MSC_i_190/MSC_i_191/pch_bank_addr[1]:EN
  Delay (ns):              3.210
  Slack (ns):              2.626
  Arrival (ns):            9.696
  Required (ns):          12.322
  Operating Conditions: slow_lv_ht

Path 25
  From: DDR3_0_0/MSC_i_0/MSC_i_1/MSC_i_4/MSC_i_190/init_sm[3]:CLK
  To:   DDR3_0_0/MSC_i_0/MSC_i_1/MSC_i_4/MSC_i_190/MSC_i_191/pch_bank_addr[0]:EN
  Delay (ns):              3.210
  Slack (ns):              2.626
  Arrival (ns):            9.696
  Required (ns):          12.322
  Operating Conditions: slow_lv_ht

Path 26
  From: DDR3_0_0/MSC_i_0/MSC_i_1/MSC_i_4/MSC_i_8/awlen_r1[3]:CLK
  To:   DDR3_0_0/MSC_i_0/MSC_i_1/MSC_i_4/MSC_i_8/write_pack_sub_addr[1]:D
  Delay (ns):              3.307
  Slack (ns):              2.627
  Arrival (ns):            9.726
  Required (ns):          12.353
  Operating Conditions: slow_lv_ht

Path 27
  From: DDR3_0_0/MSC_i_0/MSC_i_1/MSC_i_224/MSC_i_225/cal_init_mr_addr_1[1]:CLK
  To:   DDR3_0_0/MSC_i_0/MSC_i_1/MSC_i_4/MSC_i_190/MSC_i_191/pch_bank_addr[0]:EN
  Delay (ns):              3.207
  Slack (ns):              2.627
  Arrival (ns):            9.695
  Required (ns):          12.322
  Operating Conditions: slow_lv_ht

Path 28
  From: DDR3_0_0/MSC_i_0/MSC_i_1/MSC_i_224/MSC_i_225/cal_init_mr_addr_1[1]:CLK
  To:   DDR3_0_0/MSC_i_0/MSC_i_1/MSC_i_4/MSC_i_190/MSC_i_191/pch_bank_addr[1]:EN
  Delay (ns):              3.207
  Slack (ns):              2.627
  Arrival (ns):            9.695
  Required (ns):          12.322
  Operating Conditions: slow_lv_ht

Path 29
  From: DDR3_0_0/MSC_i_0/MSC_i_1/MSC_i_224/MSC_i_225/cal_init_mr_addr_1[1]:CLK
  To:   DDR3_0_0/MSC_i_0/MSC_i_1/MSC_i_4/MSC_i_190/MSC_i_191/pch_chip_cs[0]:EN
  Delay (ns):              3.207
  Slack (ns):              2.627
  Arrival (ns):            9.695
  Required (ns):          12.322
  Operating Conditions: slow_lv_ht

Path 30
  From: DDR3_0_0/MSC_i_0/MSC_i_1/MSC_i_4/MSC_i_190/init_sm[4]:CLK
  To:   DDR3_0_0/MSC_i_0/MSC_i_1/MSC_i_4/MSC_i_190/MSC_i_191/qm_active_index[0]:D
  Delay (ns):              3.248
  Slack (ns):              2.632
  Arrival (ns):            9.756
  Required (ns):          12.388
  Operating Conditions: slow_lv_ht

Path 31
  From: DDR3_0_0/MSC_i_0/MSC_i_1/MSC_i_4/MSC_i_183/wrtq_rd_ptr[2]:CLK
  To:   DDR3_0_0/MSC_i_0/MSC_i_1/MSC_i_4/MSC_i_183/wrtq_wr_count[3]:SLn
  Delay (ns):              3.315
  Slack (ns):              2.633
  Arrival (ns):            9.783
  Required (ns):          12.416
  Operating Conditions: slow_lv_ht

Path 32
  From: DDR3_0_0/MSC_i_0/MSC_i_1/MSC_i_4/MSC_i_190/mr_reload_sm[4]:CLK
  To:   DDR3_0_0/MSC_i_0/MSC_i_1/MSC_i_4/MSC_i_190/MSC_i_191/precharge_ob[1]:D
  Delay (ns):              3.228
  Slack (ns):              2.637
  Arrival (ns):            9.738
  Required (ns):          12.375
  Operating Conditions: slow_lv_ht

Path 33
  From: DDR3_0_0/MSC_i_0/MSC_i_1/MSC_i_4/MSC_i_190/mr_reload_sm[4]:CLK
  To:   DDR3_0_0/MSC_i_0/MSC_i_1/MSC_i_4/MSC_i_190/MSC_i_191/precharge_ob[2]:D
  Delay (ns):              3.229
  Slack (ns):              2.637
  Arrival (ns):            9.739
  Required (ns):          12.376
  Operating Conditions: slow_lv_ht

Path 34
  From: DDR3_0_0/MSC_i_0/MSC_i_1/MSC_i_4/MSC_i_190/mr_reload_sm[4]:CLK
  To:   DDR3_0_0/MSC_i_0/MSC_i_1/MSC_i_4/MSC_i_190/MSC_i_191/precharge_ob[3]:D
  Delay (ns):              3.228
  Slack (ns):              2.638
  Arrival (ns):            9.738
  Required (ns):          12.376
  Operating Conditions: slow_lv_ht

Path 35
  From: DDR3_0_0/MSC_i_0/MSC_i_1/MSC_i_4/MSC_i_190/mr_reload_sm[4]:CLK
  To:   DDR3_0_0/MSC_i_0/MSC_i_1/MSC_i_4/MSC_i_190/MSC_i_191/precharge_ob[0]:D
  Delay (ns):              3.228
  Slack (ns):              2.638
  Arrival (ns):            9.738
  Required (ns):          12.376
  Operating Conditions: slow_lv_ht

Path 36
  From: DDR3_0_0/MSC_i_0/MSC_i_1/MSC_i_4/MSC_i_183/wrtq_rd_ptr[1]:CLK
  To:   DDR3_0_0/MSC_i_0/MSC_i_1/MSC_i_4/MSC_i_183/wrtq_wr_count[3]:SLn
  Delay (ns):              3.306
  Slack (ns):              2.642
  Arrival (ns):            9.774
  Required (ns):          12.416
  Operating Conditions: slow_lv_ht

Path 37
  From: DDR3_0_0/MSC_i_0/MSC_i_1/MSC_i_4/MSC_i_190/init_sm[3]:CLK
  To:   DDR3_0_0/MSC_i_0/MSC_i_1/MSC_i_4/MSC_i_190/MSC_i_191/pch_bank_addr[2]:EN
  Delay (ns):              3.194
  Slack (ns):              2.642
  Arrival (ns):            9.680
  Required (ns):          12.322
  Operating Conditions: slow_lv_ht

Path 38
  From: DDR3_0_0/MSC_i_0/MSC_i_1/MSC_i_224/MSC_i_225/cal_init_mr_addr_1[1]:CLK
  To:   DDR3_0_0/MSC_i_0/MSC_i_1/MSC_i_4/MSC_i_190/MSC_i_191/pch_bank_addr[2]:EN
  Delay (ns):              3.191
  Slack (ns):              2.643
  Arrival (ns):            9.679
  Required (ns):          12.322
  Operating Conditions: slow_lv_ht

Path 39
  From: DDR3_0_0/MSC_i_0/MSC_i_1/MSC_i_4/MSC_i_183/wrtq_rd_ptr[0]:CLK
  To:   DDR3_0_0/MSC_i_0/MSC_i_1/MSC_i_4/MSC_i_183/wrtq_wr_count[3]:SLn
  Delay (ns):              3.304
  Slack (ns):              2.644
  Arrival (ns):            9.772
  Required (ns):          12.416
  Operating Conditions: slow_lv_ht

Path 40
  From: DDR3_0_0/MSC_i_0/MSC_i_1/MSC_i_4/MSC_i_190/init_sm[0]:CLK
  To:   DDR3_0_0/MSC_i_0/MSC_i_1/MSC_i_4/MSC_i_190/MSC_i_191/pch_chip_cs[0]:EN
  Delay (ns):              3.192
  Slack (ns):              2.644
  Arrival (ns):            9.678
  Required (ns):          12.322
  Operating Conditions: slow_lv_ht

Path 41
  From: DDR3_0_0/MSC_i_0/MSC_i_1/MSC_i_4/MSC_i_190/init_sm[0]:CLK
  To:   DDR3_0_0/MSC_i_0/MSC_i_1/MSC_i_4/MSC_i_190/MSC_i_191/pch_bank_addr[1]:EN
  Delay (ns):              3.192
  Slack (ns):              2.644
  Arrival (ns):            9.678
  Required (ns):          12.322
  Operating Conditions: slow_lv_ht

Path 42
  From: DDR3_0_0/MSC_i_0/MSC_i_1/MSC_i_4/MSC_i_190/init_sm[0]:CLK
  To:   DDR3_0_0/MSC_i_0/MSC_i_1/MSC_i_4/MSC_i_190/MSC_i_191/pch_bank_addr[0]:EN
  Delay (ns):              3.192
  Slack (ns):              2.644
  Arrival (ns):            9.678
  Required (ns):          12.322
  Operating Conditions: slow_lv_ht

Path 43
  From: DDR3_0_0/MSC_i_0/MSC_i_1/MSC_i_4/MSC_i_190/init_sm[4]:CLK
  To:   DDR3_0_0/MSC_i_0/MSC_i_1/MSC_i_4/MSC_i_190/MSC_i_191/precharge_cs[0]:D
  Delay (ns):              3.218
  Slack (ns):              2.650
  Arrival (ns):            9.726
  Required (ns):          12.376
  Operating Conditions: slow_lv_ht

Path 44
  From: DDR3_0_0/MSC_i_0/MSC_i_1/MSC_i_4/MSC_i_190/init_sm[0]:CLK
  To:   DDR3_0_0/MSC_i_0/MSC_i_1/MSC_i_4/MSC_i_190/MSC_i_191/pch_bank_addr[2]:EN
  Delay (ns):              3.176
  Slack (ns):              2.660
  Arrival (ns):            9.662
  Required (ns):          12.322
  Operating Conditions: slow_lv_ht

Path 45
  From: DDR3_0_0/MSC_i_0/MSC_i_1/MSC_i_4/MSC_i_190/init_sm[4]:CLK
  To:   DDR3_0_0/MSC_i_0/MSC_i_1/MSC_i_4/MSC_i_190/MSC_i_191/qm_active_index[3]:D
  Delay (ns):              3.215
  Slack (ns):              2.665
  Arrival (ns):            9.723
  Required (ns):          12.388
  Operating Conditions: slow_lv_ht

Path 46
  From: DDR3_0_0/MSC_i_0/MSC_i_1/MSC_i_4/MSC_i_190/init_sm[2]:CLK
  To:   DDR3_0_0/MSC_i_0/MSC_i_1/MSC_i_4/MSC_i_190/MSC_i_191/qm_active_index[2]:D
  Delay (ns):              3.213
  Slack (ns):              2.667
  Arrival (ns):            9.721
  Required (ns):          12.388
  Operating Conditions: slow_lv_ht

Path 47
  From: DDR3_0_0/MSC_i_0/MSC_i_1/MSC_i_4/MSC_i_190/init_sm[2]:CLK
  To:   DDR3_0_0/MSC_i_0/MSC_i_1/MSC_i_4/MSC_i_190/MSC_i_191/qm_active_index[1]:D
  Delay (ns):              3.211
  Slack (ns):              2.669
  Arrival (ns):            9.719
  Required (ns):          12.388
  Operating Conditions: slow_lv_ht

Path 48
  From: DDR3_0_0/MSC_i_0/MSC_i_1/MSC_i_4/MSC_i_190/MSC_i_191/qm_active_index[0]:CLK
  To:   DDR3_0_0/MSC_i_0/MSC_i_1/MSC_i_4/MSC_i_190/MSC_i_191/pch_chip_cs[0]:EN
  Delay (ns):              3.143
  Slack (ns):              2.674
  Arrival (ns):            9.634
  Required (ns):          12.308
  Operating Conditions: slow_lv_ht

Path 49
  From: DDR3_0_0/MSC_i_0/MSC_i_1/MSC_i_4/MSC_i_8/awlen_r1[3]:CLK
  To:   DDR3_0_0/MSC_i_0/MSC_i_1/MSC_i_4/MSC_i_8/write_pack_addr_base[2]:D
  Delay (ns):              3.256
  Slack (ns):              2.674
  Arrival (ns):            9.675
  Required (ns):          12.349
  Operating Conditions: slow_lv_ht

Path 50
  From: DDR3_0_0/MSC_i_0/MSC_i_1/MSC_i_4/MSC_i_190/MSC_i_191/qm_active_index[0]:CLK
  To:   DDR3_0_0/MSC_i_0/MSC_i_1/MSC_i_4/MSC_i_190/MSC_i_191/pch_bank_addr[0]:EN
  Delay (ns):              3.143
  Slack (ns):              2.674
  Arrival (ns):            9.634
  Required (ns):          12.308
  Operating Conditions: slow_lv_ht

Path 51
  From: DDR3_0_0/MSC_i_0/MSC_i_1/MSC_i_4/MSC_i_190/MSC_i_191/qm_active_index[0]:CLK
  To:   DDR3_0_0/MSC_i_0/MSC_i_1/MSC_i_4/MSC_i_190/MSC_i_191/pch_bank_addr[1]:EN
  Delay (ns):              3.143
  Slack (ns):              2.674
  Arrival (ns):            9.634
  Required (ns):          12.308
  Operating Conditions: slow_lv_ht

Path 52
  From: DDR3_0_0/MSC_i_0/MSC_i_1/MSC_i_4/MSC_i_8/awlen_r1[3]:CLK
  To:   DDR3_0_0/MSC_i_0/MSC_i_1/MSC_i_4/MSC_i_8/write_pack_sub_addr[3]:D
  Delay (ns):              3.258
  Slack (ns):              2.677
  Arrival (ns):            9.677
  Required (ns):          12.354
  Operating Conditions: slow_lv_ht

Path 53
  From: DDR3_0_0/MSC_i_0/MSC_i_1/MSC_i_4/MSC_i_190/init_sm[3]:CLK
  To:   DDR3_0_0/MSC_i_0/MSC_i_1/MSC_i_4/MSC_i_190/MSC_i_191/qm_active_index[2]:D
  Delay (ns):              3.259
  Slack (ns):              2.680
  Arrival (ns):            9.745
  Required (ns):          12.425
  Operating Conditions: slow_lv_ht

Path 54
  From: DDR3_0_0/MSC_i_0/MSC_i_1/MSC_i_224/MSC_i_225/cal_init_mr_addr_1[1]:CLK
  To:   DDR3_0_0/MSC_i_0/MSC_i_1/MSC_i_4/MSC_i_190/MSC_i_191/qm_active_index[2]:D
  Delay (ns):              3.256
  Slack (ns):              2.681
  Arrival (ns):            9.744
  Required (ns):          12.425
  Operating Conditions: slow_lv_ht

Path 55
  From: DDR3_0_0/MSC_i_0/MSC_i_1/MSC_i_224/MSC_i_225/cal_init_mr_addr_1[4]:CLK
  To:   DDR3_0_0/MSC_i_0/MSC_i_1/MSC_i_4/MSC_i_190/MSC_i_191/pch_bank_addr[0]:EN
  Delay (ns):              3.153
  Slack (ns):              2.682
  Arrival (ns):            9.640
  Required (ns):          12.322
  Operating Conditions: slow_lv_ht

Path 56
  From: DDR3_0_0/MSC_i_0/MSC_i_1/MSC_i_4/MSC_i_190/init_sm[3]:CLK
  To:   DDR3_0_0/MSC_i_0/MSC_i_1/MSC_i_4/MSC_i_190/MSC_i_191/qm_active_index[1]:D
  Delay (ns):              3.257
  Slack (ns):              2.682
  Arrival (ns):            9.743
  Required (ns):          12.425
  Operating Conditions: slow_lv_ht

Path 57
  From: DDR3_0_0/MSC_i_0/MSC_i_1/MSC_i_224/MSC_i_225/cal_init_mr_addr_1[4]:CLK
  To:   DDR3_0_0/MSC_i_0/MSC_i_1/MSC_i_4/MSC_i_190/MSC_i_191/pch_chip_cs[0]:EN
  Delay (ns):              3.153
  Slack (ns):              2.682
  Arrival (ns):            9.640
  Required (ns):          12.322
  Operating Conditions: slow_lv_ht

Path 58
  From: DDR3_0_0/MSC_i_0/MSC_i_1/MSC_i_224/MSC_i_225/cal_init_mr_addr_1[4]:CLK
  To:   DDR3_0_0/MSC_i_0/MSC_i_1/MSC_i_4/MSC_i_190/MSC_i_191/pch_bank_addr[1]:EN
  Delay (ns):              3.153
  Slack (ns):              2.682
  Arrival (ns):            9.640
  Required (ns):          12.322
  Operating Conditions: slow_lv_ht

Path 59
  From: DDR3_0_0/MSC_i_0/MSC_i_1/MSC_i_224/MSC_i_225/cal_init_mr_addr_1[1]:CLK
  To:   DDR3_0_0/MSC_i_0/MSC_i_1/MSC_i_4/MSC_i_190/MSC_i_191/qm_active_index[1]:D
  Delay (ns):              3.254
  Slack (ns):              2.683
  Arrival (ns):            9.742
  Required (ns):          12.425
  Operating Conditions: slow_lv_ht

Path 60
  From: DDR3_0_0/MSC_i_0/MSC_i_1/MSC_i_4/MSC_i_190/init_sm[4]:CLK
  To:   DDR3_0_0/MSC_i_0/MSC_i_1/MSC_i_4/MSC_i_190/MSC_i_191/precharge_ob[2]:D
  Delay (ns):              3.183
  Slack (ns):              2.685
  Arrival (ns):            9.691
  Required (ns):          12.376
  Operating Conditions: slow_lv_ht

Path 61
  From: DDR3_0_0/MSC_i_0/MSC_i_1/MSC_i_4/MSC_i_190/init_sm[4]:CLK
  To:   DDR3_0_0/MSC_i_0/MSC_i_1/MSC_i_4/MSC_i_190/MSC_i_191/precharge_ob[1]:D
  Delay (ns):              3.182
  Slack (ns):              2.685
  Arrival (ns):            9.690
  Required (ns):          12.375
  Operating Conditions: slow_lv_ht

Path 62
  From: DDR3_0_0/MSC_i_0/MSC_i_1/MSC_i_4/MSC_i_190/init_sm[4]:CLK
  To:   DDR3_0_0/MSC_i_0/MSC_i_1/MSC_i_4/MSC_i_190/MSC_i_191/precharge_ob[3]:D
  Delay (ns):              3.182
  Slack (ns):              2.686
  Arrival (ns):            9.690
  Required (ns):          12.376
  Operating Conditions: slow_lv_ht

Path 63
  From: DDR3_0_0/MSC_i_0/MSC_i_1/MSC_i_4/MSC_i_190/init_sm[4]:CLK
  To:   DDR3_0_0/MSC_i_0/MSC_i_1/MSC_i_4/MSC_i_190/MSC_i_191/precharge_ob[0]:D
  Delay (ns):              3.182
  Slack (ns):              2.686
  Arrival (ns):            9.690
  Required (ns):          12.376
  Operating Conditions: slow_lv_ht

Path 64
  From: DDR3_0_0/MSC_i_0/MSC_i_1/MSC_i_4/MSC_i_8/awlen_r1[2]:CLK
  To:   DDR3_0_0/MSC_i_0/MSC_i_1/MSC_i_4/MSC_i_8/write_pack_sub_addr[0]:D
  Delay (ns):              3.247
  Slack (ns):              2.688
  Arrival (ns):            9.666
  Required (ns):          12.354
  Operating Conditions: slow_lv_ht

Path 65
  From: DDR3_0_0/MSC_i_0/MSC_i_1/MSC_i_4/MSC_i_190/init_sm[2]:CLK
  To:   DDR3_0_0/MSC_i_0/MSC_i_1/MSC_i_4/MSC_i_190/MSC_i_191/qm_active_index[0]:D
  Delay (ns):              3.192
  Slack (ns):              2.688
  Arrival (ns):            9.700
  Required (ns):          12.388
  Operating Conditions: slow_lv_ht

Path 66
  From: DDR3_0_0/MSC_i_0/MSC_i_1/MSC_i_4/MSC_i_190/init_sm[1]:CLK
  To:   DDR3_0_0/MSC_i_0/MSC_i_1/MSC_i_4/MSC_i_190/MSC_i_191/pch_bank_addr[0]:EN
  Delay (ns):              3.147
  Slack (ns):              2.689
  Arrival (ns):            9.633
  Required (ns):          12.322
  Operating Conditions: slow_lv_ht

Path 67
  From: DDR3_0_0/MSC_i_0/MSC_i_1/MSC_i_4/MSC_i_190/init_sm[1]:CLK
  To:   DDR3_0_0/MSC_i_0/MSC_i_1/MSC_i_4/MSC_i_190/MSC_i_191/pch_bank_addr[1]:EN
  Delay (ns):              3.147
  Slack (ns):              2.689
  Arrival (ns):            9.633
  Required (ns):          12.322
  Operating Conditions: slow_lv_ht

Path 68
  From: DDR3_0_0/MSC_i_0/MSC_i_1/MSC_i_4/MSC_i_190/init_sm[1]:CLK
  To:   DDR3_0_0/MSC_i_0/MSC_i_1/MSC_i_4/MSC_i_190/MSC_i_191/pch_chip_cs[0]:EN
  Delay (ns):              3.147
  Slack (ns):              2.689
  Arrival (ns):            9.633
  Required (ns):          12.322
  Operating Conditions: slow_lv_ht

Path 69
  From: DDR3_0_0/MSC_i_0/MSC_i_1/MSC_i_4/MSC_i_190/mr_reload_sm[4]:CLK
  To:   DDR3_0_0/MSC_i_0/MSC_i_1/MSC_i_4/MSC_i_190/MSC_i_191/prch[0]:D
  Delay (ns):              3.172
  Slack (ns):              2.689
  Arrival (ns):            9.682
  Required (ns):          12.371
  Operating Conditions: slow_lv_ht

Path 70
  From: DDR3_0_0/MSC_i_0/MSC_i_1/MSC_i_4/MSC_i_190/MSC_i_191/qm_active_index[0]:CLK
  To:   DDR3_0_0/MSC_i_0/MSC_i_1/MSC_i_4/MSC_i_190/MSC_i_191/pch_bank_addr[2]:EN
  Delay (ns):              3.127
  Slack (ns):              2.690
  Arrival (ns):            9.618
  Required (ns):          12.308
  Operating Conditions: slow_lv_ht

Path 71
  From: DDR3_0_0/MSC_i_0/MSC_i_1/MSC_i_4/MSC_i_190/mr_reload_sm[4]:CLK
  To:   DDR3_0_0/MSC_i_0/MSC_i_1/MSC_i_4/MSC_i_190/MSC_i_191/pchg_sb_ack[1]:D
  Delay (ns):              3.168
  Slack (ns):              2.693
  Arrival (ns):            9.678
  Required (ns):          12.371
  Operating Conditions: slow_lv_ht

Path 72
  From: DDR3_0_0/MSC_i_0/MSC_i_1/MSC_i_224/MSC_i_225/cal_init_mr_addr_1[2]:CLK
  To:   DDR3_0_0/MSC_i_0/MSC_i_1/MSC_i_4/MSC_i_190/MSC_i_191/pch_bank_addr[0]:EN
  Delay (ns):              3.141
  Slack (ns):              2.694
  Arrival (ns):            9.628
  Required (ns):          12.322
  Operating Conditions: slow_lv_ht

Path 73
  From: DDR3_0_0/MSC_i_0/MSC_i_1/MSC_i_224/MSC_i_225/cal_init_mr_addr_1[2]:CLK
  To:   DDR3_0_0/MSC_i_0/MSC_i_1/MSC_i_4/MSC_i_190/MSC_i_191/pch_bank_addr[1]:EN
  Delay (ns):              3.141
  Slack (ns):              2.694
  Arrival (ns):            9.628
  Required (ns):          12.322
  Operating Conditions: slow_lv_ht

Path 74
  From: DDR3_0_0/MSC_i_0/MSC_i_1/MSC_i_224/MSC_i_225/cal_init_mr_addr_1[2]:CLK
  To:   DDR3_0_0/MSC_i_0/MSC_i_1/MSC_i_4/MSC_i_190/MSC_i_191/pch_chip_cs[0]:EN
  Delay (ns):              3.141
  Slack (ns):              2.694
  Arrival (ns):            9.628
  Required (ns):          12.322
  Operating Conditions: slow_lv_ht

Path 75
  From: DDR3_0_0/MSC_i_0/MSC_i_1/MSC_i_4/MSC_i_8/awlen_r1[2]:CLK
  To:   DDR3_0_0/MSC_i_0/MSC_i_1/MSC_i_4/MSC_i_8/write_pack_sub_addr[1]:D
  Delay (ns):              3.238
  Slack (ns):              2.696
  Arrival (ns):            9.657
  Required (ns):          12.353
  Operating Conditions: slow_lv_ht

Path 76
  From: DDR3_0_0/MSC_i_0/MSC_i_1/MSC_i_4/MSC_i_8/awlen_r1[2]:CLK
  To:   DDR3_0_0/MSC_i_0/MSC_i_1/MSC_i_4/MSC_i_8/write_pack_sub_addr[2]:D
  Delay (ns):              3.238
  Slack (ns):              2.697
  Arrival (ns):            9.657
  Required (ns):          12.354
  Operating Conditions: slow_lv_ht

Path 77
  From: DDR3_0_0/MSC_i_0/MSC_i_1/MSC_i_4/MSC_i_8/awlen_r1[1]:CLK
  To:   DDR3_0_0/MSC_i_0/MSC_i_1/MSC_i_4/MSC_i_8/write_pack_sub_addr[0]:D
  Delay (ns):              3.238
  Slack (ns):              2.697
  Arrival (ns):            9.657
  Required (ns):          12.354
  Operating Conditions: slow_lv_ht

Path 78
  From: DDR3_0_0/MSC_i_0/MSC_i_1/MSC_i_224/MSC_i_225/cal_init_mr_addr_1[4]:CLK
  To:   DDR3_0_0/MSC_i_0/MSC_i_1/MSC_i_4/MSC_i_190/MSC_i_191/pch_bank_addr[2]:EN
  Delay (ns):              3.137
  Slack (ns):              2.698
  Arrival (ns):            9.624
  Required (ns):          12.322
  Operating Conditions: slow_lv_ht

Path 79
  From: DDR3_0_0/MSC_i_0/MSC_i_1/MSC_i_4/MSC_i_190/MSC_i_191/qm_active_index[3]:CLK
  To:   DDR3_0_0/MSC_i_0/MSC_i_1/MSC_i_4/MSC_i_190/MSC_i_191/pch_bank_addr[0]:EN
  Delay (ns):              3.119
  Slack (ns):              2.698
  Arrival (ns):            9.610
  Required (ns):          12.308
  Operating Conditions: slow_lv_ht

Path 80
  From: DDR3_0_0/MSC_i_0/MSC_i_1/MSC_i_4/MSC_i_190/MSC_i_191/qm_active_index[3]:CLK
  To:   DDR3_0_0/MSC_i_0/MSC_i_1/MSC_i_4/MSC_i_190/MSC_i_191/pch_bank_addr[1]:EN
  Delay (ns):              3.119
  Slack (ns):              2.698
  Arrival (ns):            9.610
  Required (ns):          12.308
  Operating Conditions: slow_lv_ht

Path 81
  From: DDR3_0_0/MSC_i_0/MSC_i_1/MSC_i_4/MSC_i_190/MSC_i_191/qm_active_index[3]:CLK
  To:   DDR3_0_0/MSC_i_0/MSC_i_1/MSC_i_4/MSC_i_190/MSC_i_191/pch_chip_cs[0]:EN
  Delay (ns):              3.119
  Slack (ns):              2.698
  Arrival (ns):            9.610
  Required (ns):          12.308
  Operating Conditions: slow_lv_ht

Path 82
  From: DDR3_0_0/MSC_i_0/MSC_i_1/MSC_i_4/MSC_i_190/init_sm[0]:CLK
  To:   DDR3_0_0/MSC_i_0/MSC_i_1/MSC_i_4/MSC_i_190/MSC_i_191/qm_active_index[2]:D
  Delay (ns):              3.241
  Slack (ns):              2.698
  Arrival (ns):            9.727
  Required (ns):          12.425
  Operating Conditions: slow_lv_ht

Path 83
  From: DDR3_0_0/MSC_i_0/MSC_i_1/MSC_i_4/MSC_i_8/awlen_r1[3]:CLK
  To:   DDR3_0_0/MSC_i_0/MSC_i_1/MSC_i_4/MSC_i_8/wr_cmd_wr_data[5]:D
  Delay (ns):              3.231
  Slack (ns):              2.699
  Arrival (ns):            9.650
  Required (ns):          12.349
  Operating Conditions: slow_lv_ht

Path 84
  From: DDR3_0_0/MSC_i_0/MSC_i_1/MSC_i_4/MSC_i_190/init_sm[0]:CLK
  To:   DDR3_0_0/MSC_i_0/MSC_i_1/MSC_i_4/MSC_i_190/MSC_i_191/qm_active_index[1]:D
  Delay (ns):              3.239
  Slack (ns):              2.700
  Arrival (ns):            9.725
  Required (ns):          12.425
  Operating Conditions: slow_lv_ht

Path 85
  From: DDR3_0_0/MSC_i_0/MSC_i_1/MSC_i_4/MSC_i_190/init_sm[3]:CLK
  To:   DDR3_0_0/MSC_i_0/MSC_i_1/MSC_i_4/MSC_i_190/MSC_i_191/qm_active_index[0]:D
  Delay (ns):              3.238
  Slack (ns):              2.701
  Arrival (ns):            9.724
  Required (ns):          12.425
  Operating Conditions: slow_lv_ht

Path 86
  From: DDR3_0_0/MSC_i_0/MSC_i_1/MSC_i_224/MSC_i_225/cal_init_mr_addr_1[1]:CLK
  To:   DDR3_0_0/MSC_i_0/MSC_i_1/MSC_i_4/MSC_i_190/MSC_i_191/qm_active_index[0]:D
  Delay (ns):              3.235
  Slack (ns):              2.702
  Arrival (ns):            9.723
  Required (ns):          12.425
  Operating Conditions: slow_lv_ht

Path 87
  From: DDR3_0_0/MSC_i_0/MSC_i_1/MSC_i_4/MSC_i_190/mr_reload_sm[4]:CLK
  To:   DDR3_0_0/MSC_i_0/MSC_i_1/MSC_i_4/MSC_i_190/MSC_i_191/pchg_sb_ack[2]:D
  Delay (ns):              3.157
  Slack (ns):              2.703
  Arrival (ns):            9.667
  Required (ns):          12.370
  Operating Conditions: slow_lv_ht

Path 88
  From: DDR3_0_0/MSC_i_0/MSC_i_1/MSC_i_4/MSC_i_8/awlen_r1[2]:CLK
  To:   DDR3_0_0/MSC_i_0/MSC_i_1/MSC_i_4/MSC_i_8/write_pack_sub_addr[6]:D
  Delay (ns):              3.228
  Slack (ns):              2.704
  Arrival (ns):            9.647
  Required (ns):          12.351
  Operating Conditions: slow_lv_ht

Path 89
  From: DDR3_0_0/MSC_i_0/MSC_i_1/MSC_i_4/MSC_i_8/awlen_r1[1]:CLK
  To:   DDR3_0_0/MSC_i_0/MSC_i_1/MSC_i_4/MSC_i_8/write_pack_sub_addr[1]:D
  Delay (ns):              3.229
  Slack (ns):              2.705
  Arrival (ns):            9.648
  Required (ns):          12.353
  Operating Conditions: slow_lv_ht

Path 90
  From: DDR3_0_0/MSC_i_0/MSC_i_1/MSC_i_4/MSC_i_190/init_sm[1]:CLK
  To:   DDR3_0_0/MSC_i_0/MSC_i_1/MSC_i_4/MSC_i_190/MSC_i_191/pch_bank_addr[2]:EN
  Delay (ns):              3.131
  Slack (ns):              2.705
  Arrival (ns):            9.617
  Required (ns):          12.322
  Operating Conditions: slow_lv_ht

Path 91
  From: DDR3_0_0/MSC_i_0/MSC_i_1/MSC_i_4/MSC_i_190/init_sm[2]:CLK
  To:   DDR3_0_0/MSC_i_0/MSC_i_1/MSC_i_4/MSC_i_190/MSC_i_191/precharge_cs[0]:D
  Delay (ns):              3.162
  Slack (ns):              2.706
  Arrival (ns):            9.670
  Required (ns):          12.376
  Operating Conditions: slow_lv_ht

Path 92
  From: DDR3_0_0/MSC_i_0/MSC_i_1/MSC_i_4/MSC_i_8/awlen_r1[1]:CLK
  To:   DDR3_0_0/MSC_i_0/MSC_i_1/MSC_i_4/MSC_i_8/write_pack_sub_addr[2]:D
  Delay (ns):              3.229
  Slack (ns):              2.706
  Arrival (ns):            9.648
  Required (ns):          12.354
  Operating Conditions: slow_lv_ht

Path 93
  From: DDR3_0_0/MSC_i_0/MSC_i_1/MSC_i_224/MSC_i_225/cal_init_mr_addr_1[2]:CLK
  To:   DDR3_0_0/MSC_i_0/MSC_i_1/MSC_i_4/MSC_i_190/MSC_i_191/pch_bank_addr[2]:EN
  Delay (ns):              3.125
  Slack (ns):              2.710
  Arrival (ns):            9.612
  Required (ns):          12.322
  Operating Conditions: slow_lv_ht

Path 94
  From: DDR3_0_0/MSC_i_0/MSC_i_1/MSC_i_4/MSC_i_8/awlen_r1[1]:CLK
  To:   DDR3_0_0/MSC_i_0/MSC_i_1/MSC_i_4/MSC_i_8/write_pack_sub_addr[6]:D
  Delay (ns):              3.219
  Slack (ns):              2.713
  Arrival (ns):            9.638
  Required (ns):          12.351
  Operating Conditions: slow_lv_ht

Path 95
  From: DDR3_0_0/MSC_i_0/MSC_i_1/MSC_i_4/MSC_i_190/MSC_i_191/qm_active_index[3]:CLK
  To:   DDR3_0_0/MSC_i_0/MSC_i_1/MSC_i_4/MSC_i_190/MSC_i_191/pch_bank_addr[2]:EN
  Delay (ns):              3.103
  Slack (ns):              2.714
  Arrival (ns):            9.594
  Required (ns):          12.308
  Operating Conditions: slow_lv_ht

Path 96
  From: DDR3_0_0/MSC_i_0/MSC_i_1/MSC_i_224/MSC_i_225/cal_init_mr_addr_1[1]:CLK
  To:   DDR3_0_0/MSC_i_0/MSC_i_1/MSC_i_4/MSC_i_190/MSC_i_191/precharge_cs[0]:D
  Delay (ns):              3.208
  Slack (ns):              2.717
  Arrival (ns):            9.696
  Required (ns):          12.413
  Operating Conditions: slow_lv_ht

Path 97
  From: DDR3_0_0/MSC_i_0/MSC_i_1/MSC_i_4/MSC_i_190/init_sm[3]:CLK
  To:   DDR3_0_0/MSC_i_0/MSC_i_1/MSC_i_4/MSC_i_190/MSC_i_191/precharge_cs[0]:D
  Delay (ns):              3.208
  Slack (ns):              2.719
  Arrival (ns):            9.694
  Required (ns):          12.413
  Operating Conditions: slow_lv_ht

Path 98
  From: DDR3_0_0/MSC_i_0/MSC_i_1/MSC_i_4/MSC_i_190/init_sm[0]:CLK
  To:   DDR3_0_0/MSC_i_0/MSC_i_1/MSC_i_4/MSC_i_190/MSC_i_191/qm_active_index[0]:D
  Delay (ns):              3.220
  Slack (ns):              2.719
  Arrival (ns):            9.706
  Required (ns):          12.425
  Operating Conditions: slow_lv_ht

Path 99
  From: DDR3_0_0/MSC_i_0/MSC_i_1/MSC_i_224/MSC_i_225/cal_init_mr_addr_1[3]:CLK
  To:   DDR3_0_0/MSC_i_0/MSC_i_1/MSC_i_4/MSC_i_190/MSC_i_191/pch_bank_addr[0]:EN
  Delay (ns):              3.114
  Slack (ns):              2.721
  Arrival (ns):            9.601
  Required (ns):          12.322
  Operating Conditions: slow_lv_ht

Path 100
  From: DDR3_0_0/MSC_i_0/MSC_i_1/MSC_i_224/MSC_i_225/cal_init_mr_addr_1[3]:CLK
  To:   DDR3_0_0/MSC_i_0/MSC_i_1/MSC_i_4/MSC_i_190/MSC_i_191/pch_bank_addr[1]:EN
  Delay (ns):              3.114
  Slack (ns):              2.721
  Arrival (ns):            9.601
  Required (ns):          12.322
  Operating Conditions: slow_lv_ht

