Timing Violation Report Max Delay Analysis

SmartTime Version v12.3
Microsemi Corporation - Microsemi Libero Software Release v12.3 (Version 12.800.0.16)
Date: Thu Mar 12 21:42:36 2020


Design: top
Family: PolarFire
Die: MPF300TS
Package: FCG1152
Temperature Range: -40 - 100 C
Voltage Range: 0.97 - 1.03 V
Speed Grade: -1
Design State: Post-Layout
Data source: Production
Multi Corner Report Operating Conditions: slow_lv_ht, slow_lv_lt, fast_hv_lt
Scenario for Timing Analysis: timing_analysis


Path 1
  From: MiV_AXI_0/MiV_AXI_0/ChiselTop0/tile/core/div/divisor[3]:CLK
  To:   MiV_AXI_0/MiV_AXI_0/ChiselTop0/tile/core/div/remainder[60]:D
  Delay (ns):              6.906
  Slack (ns):              2.002
  Arrival (ns):           10.186
  Required (ns):          12.188
  Operating Conditions: slow_lv_lt

Path 2
  From: MiV_AXI_0/MiV_AXI_0/ChiselTop0/tile/core/div/divisor[8]:CLK
  To:   MiV_AXI_0/MiV_AXI_0/ChiselTop0/tile/core/div/remainder[60]:D
  Delay (ns):              6.854
  Slack (ns):              2.054
  Arrival (ns):           10.134
  Required (ns):          12.188
  Operating Conditions: slow_lv_lt

Path 3
  From: MiV_AXI_0/MiV_AXI_0/ChiselTop0/tile/core/div/remainder[9]:CLK
  To:   MiV_AXI_0/MiV_AXI_0/ChiselTop0/tile/core/div/remainder[60]:D
  Delay (ns):              6.835
  Slack (ns):              2.087
  Arrival (ns):           10.143
  Required (ns):          12.230
  Operating Conditions: slow_lv_lt

Path 4
  From: MiV_AXI_0/MiV_AXI_0/ChiselTop0/tile/core/div/divisor[3]:CLK
  To:   MiV_AXI_0/MiV_AXI_0/ChiselTop0/tile/core/div/remainder[62]:D
  Delay (ns):              6.813
  Slack (ns):              2.095
  Arrival (ns):           10.093
  Required (ns):          12.188
  Operating Conditions: slow_lv_lt

Path 5
  From: MiV_AXI_0/MiV_AXI_0/ChiselTop0/tile/core/div/divisor[7]:CLK
  To:   MiV_AXI_0/MiV_AXI_0/ChiselTop0/tile/core/div/remainder[60]:D
  Delay (ns):              6.827
  Slack (ns):              2.095
  Arrival (ns):           10.135
  Required (ns):          12.230
  Operating Conditions: slow_lv_lt

Path 6
  From: MiV_AXI_0/MiV_AXI_0/ChiselTop0/tile/core/div/remainder[13]:CLK
  To:   MiV_AXI_0/MiV_AXI_0/ChiselTop0/tile/core/div/remainder[60]:D
  Delay (ns):              6.830
  Slack (ns):              2.096
  Arrival (ns):           10.134
  Required (ns):          12.230
  Operating Conditions: slow_lv_lt

Path 7
  From: MiV_AXI_0/MiV_AXI_0/ChiselTop0/tile/core/div/remainder_0[16]:CLK
  To:   MiV_AXI_0/MiV_AXI_0/ChiselTop0/tile/core/div/remainder[60]:D
  Delay (ns):              6.811
  Slack (ns):              2.096
  Arrival (ns):           10.092
  Required (ns):          12.188
  Operating Conditions: slow_lv_lt

Path 8
  From: MiV_AXI_0/MiV_AXI_0/ChiselTop0/tile/core/div/remainder[1]:CLK
  To:   MiV_AXI_0/MiV_AXI_0/ChiselTop0/tile/core/div/remainder[60]:D
  Delay (ns):              6.808
  Slack (ns):              2.100
  Arrival (ns):           10.088
  Required (ns):          12.188
  Operating Conditions: slow_lv_lt

Path 9
  From: MiV_AXI_0/MiV_AXI_0/ChiselTop0/tile/core/div/divisor[0]:CLK
  To:   MiV_AXI_0/MiV_AXI_0/ChiselTop0/tile/core/div/remainder[60]:D
  Delay (ns):              6.817
  Slack (ns):              2.111
  Arrival (ns):           10.119
  Required (ns):          12.230
  Operating Conditions: slow_lv_lt

Path 10
  From: MiV_AXI_0/MiV_AXI_0/ChiselTop0/tile/core/div/remainder[3]:CLK
  To:   MiV_AXI_0/MiV_AXI_0/ChiselTop0/tile/core/div/remainder[60]:D
  Delay (ns):              6.795
  Slack (ns):              2.113
  Arrival (ns):           10.075
  Required (ns):          12.188
  Operating Conditions: slow_lv_lt

Path 11
  From: MiV_AXI_0/MiV_AXI_0/ChiselTop0/tile/core/div/remainder[11]:CLK
  To:   MiV_AXI_0/MiV_AXI_0/ChiselTop0/tile/core/div/remainder[60]:D
  Delay (ns):              6.808
  Slack (ns):              2.114
  Arrival (ns):           10.116
  Required (ns):          12.230
  Operating Conditions: slow_lv_lt

Path 12
  From: MiV_AXI_0/MiV_AXI_0/ChiselTop0/tile/core/div/remainder[8]:CLK
  To:   MiV_AXI_0/MiV_AXI_0/ChiselTop0/tile/core/div/remainder[60]:D
  Delay (ns):              6.808
  Slack (ns):              2.114
  Arrival (ns):           10.116
  Required (ns):          12.230
  Operating Conditions: slow_lv_lt

Path 13
  From: MiV_AXI_0/MiV_AXI_0/ChiselTop0/tile/core/div/divisor[2]:CLK
  To:   MiV_AXI_0/MiV_AXI_0/ChiselTop0/tile/core/div/remainder[60]:D
  Delay (ns):              6.802
  Slack (ns):              2.126
  Arrival (ns):           10.104
  Required (ns):          12.230
  Operating Conditions: slow_lv_lt

Path 14
  From: MiV_AXI_0/MiV_AXI_0/ChiselTop0/tile/core/div/remainder[2]:CLK
  To:   MiV_AXI_0/MiV_AXI_0/ChiselTop0/tile/core/div/remainder[60]:D
  Delay (ns):              6.800
  Slack (ns):              2.127
  Arrival (ns):           10.103
  Required (ns):          12.230
  Operating Conditions: slow_lv_lt

Path 15
  From: MiV_AXI_0/MiV_AXI_0/ChiselTop0/tile/core/div/remainder[12]:CLK
  To:   MiV_AXI_0/MiV_AXI_0/ChiselTop0/tile/core/div/remainder[60]:D
  Delay (ns):              6.796
  Slack (ns):              2.130
  Arrival (ns):           10.100
  Required (ns):          12.230
  Operating Conditions: slow_lv_lt

Path 16
  From: MiV_AXI_0/MiV_AXI_0/ChiselTop0/tile/core/div/remainder[15]:CLK
  To:   MiV_AXI_0/MiV_AXI_0/ChiselTop0/tile/core/div/remainder[60]:D
  Delay (ns):              6.792
  Slack (ns):              2.134
  Arrival (ns):           10.096
  Required (ns):          12.230
  Operating Conditions: slow_lv_lt

Path 17
  From: MiV_AXI_0/MiV_AXI_0/ChiselTop0/tile/core/div/divisor[3]:CLK
  To:   MiV_AXI_0/MiV_AXI_0/ChiselTop0/tile/core/div/remainder[54]:D
  Delay (ns):              6.771
  Slack (ns):              2.140
  Arrival (ns):           10.051
  Required (ns):          12.191
  Operating Conditions: slow_lv_lt

Path 18
  From: MiV_AXI_0/MiV_AXI_0/ChiselTop0/tile/core/div/divisor[3]:CLK
  To:   MiV_AXI_0/MiV_AXI_0/ChiselTop0/tile/core/div/remainder[57]:D
  Delay (ns):              6.756
  Slack (ns):              2.140
  Arrival (ns):           10.036
  Required (ns):          12.176
  Operating Conditions: slow_lv_lt

Path 19
  From: MiV_AXI_0/MiV_AXI_0/ChiselTop0/tile/core/div/divisor[3]:CLK
  To:   MiV_AXI_0/MiV_AXI_0/ChiselTop0/tile/core/div/remainder[49]:D
  Delay (ns):              6.754
  Slack (ns):              2.144
  Arrival (ns):           10.034
  Required (ns):          12.178
  Operating Conditions: slow_lv_lt

Path 20
  From: MiV_AXI_0/MiV_AXI_0/ChiselTop0/tile/core/div/divisor[8]:CLK
  To:   MiV_AXI_0/MiV_AXI_0/ChiselTop0/tile/core/div/remainder[62]:D
  Delay (ns):              6.761
  Slack (ns):              2.147
  Arrival (ns):           10.041
  Required (ns):          12.188
  Operating Conditions: slow_lv_lt

Path 21
  From: MiV_AXI_0/MiV_AXI_0/ChiselTop0/tile/core/div/divisor[3]:CLK
  To:   MiV_AXI_0/MiV_AXI_0/ChiselTop0/tile/core/div/remainder[63]:D
  Delay (ns):              6.761
  Slack (ns):              2.147
  Arrival (ns):           10.041
  Required (ns):          12.188
  Operating Conditions: slow_lv_lt

Path 22
  From: MiV_AXI_0/MiV_AXI_0/ChiselTop0/tile/core/div/divisor[3]:CLK
  To:   MiV_AXI_0/MiV_AXI_0/ChiselTop0/tile/core/div/remainder[53]:D
  Delay (ns):              6.758
  Slack (ns):              2.150
  Arrival (ns):           10.038
  Required (ns):          12.188
  Operating Conditions: slow_lv_lt

Path 23
  From: MiV_AXI_0/MiV_AXI_0/ChiselTop0/tile/core/div/remainder[7]:CLK
  To:   MiV_AXI_0/MiV_AXI_0/ChiselTop0/tile/core/div/remainder[60]:D
  Delay (ns):              6.768
  Slack (ns):              2.154
  Arrival (ns):           10.076
  Required (ns):          12.230
  Operating Conditions: slow_lv_lt

Path 24
  From: MiV_AXI_0/MiV_AXI_0/ChiselTop0/tile/core/div/divisor[3]:CLK
  To:   MiV_AXI_0/MiV_AXI_0/ChiselTop0/tile/core/div/remainder[56]:D
  Delay (ns):              6.752
  Slack (ns):              2.156
  Arrival (ns):           10.032
  Required (ns):          12.188
  Operating Conditions: slow_lv_lt

Path 25
  From: MiV_AXI_0/MiV_AXI_0/ChiselTop0/tile/core/div/divisor[3]:CLK
  To:   MiV_AXI_0/MiV_AXI_0/ChiselTop0/tile/core/div/remainder[64]:D
  Delay (ns):              6.743
  Slack (ns):              2.156
  Arrival (ns):           10.023
  Required (ns):          12.179
  Operating Conditions: slow_lv_lt

Path 26
  From: MiV_AXI_0/MiV_AXI_0/ChiselTop0/tile/core/div/divisor[3]:CLK
  To:   MiV_AXI_0/MiV_AXI_0/ChiselTop0/tile/core/div/remainder[61]:D
  Delay (ns):              6.736
  Slack (ns):              2.163
  Arrival (ns):           10.016
  Required (ns):          12.179
  Operating Conditions: slow_lv_lt

Path 27
  From: MiV_AXI_0/MiV_AXI_0/ChiselTop0/tile/core/div/remainder[5]:CLK
  To:   MiV_AXI_0/MiV_AXI_0/ChiselTop0/tile/core/div/remainder[60]:D
  Delay (ns):              6.761
  Slack (ns):              2.167
  Arrival (ns):           10.063
  Required (ns):          12.230
  Operating Conditions: slow_lv_lt

Path 28
  From: MiV_AXI_0/MiV_AXI_0/ChiselTop0/tile/core/div/divisor[4]:CLK
  To:   MiV_AXI_0/MiV_AXI_0/ChiselTop0/tile/core/div/remainder[60]:D
  Delay (ns):              6.746
  Slack (ns):              2.176
  Arrival (ns):           10.054
  Required (ns):          12.230
  Operating Conditions: slow_lv_lt

Path 29
  From: MiV_AXI_0/MiV_AXI_0/ChiselTop0/tile/core/div/remainder[9]:CLK
  To:   MiV_AXI_0/MiV_AXI_0/ChiselTop0/tile/core/div/remainder[62]:D
  Delay (ns):              6.742
  Slack (ns):              2.180
  Arrival (ns):           10.050
  Required (ns):          12.230
  Operating Conditions: slow_lv_lt

Path 30
  From: MiV_AXI_0/MiV_AXI_0/ChiselTop0/tile/core/div/divisor[7]:CLK
  To:   MiV_AXI_0/MiV_AXI_0/ChiselTop0/tile/core/div/remainder[62]:D
  Delay (ns):              6.734
  Slack (ns):              2.188
  Arrival (ns):           10.042
  Required (ns):          12.230
  Operating Conditions: slow_lv_lt

Path 31
  From: MiV_AXI_0/MiV_AXI_0/ChiselTop0/tile/core/div/remainder[13]:CLK
  To:   MiV_AXI_0/MiV_AXI_0/ChiselTop0/tile/core/div/remainder[62]:D
  Delay (ns):              6.737
  Slack (ns):              2.189
  Arrival (ns):           10.041
  Required (ns):          12.230
  Operating Conditions: slow_lv_lt

Path 32
  From: MiV_AXI_0/MiV_AXI_0/ChiselTop0/tile/core/div/remainder_0[16]:CLK
  To:   MiV_AXI_0/MiV_AXI_0/ChiselTop0/tile/core/div/remainder[62]:D
  Delay (ns):              6.718
  Slack (ns):              2.189
  Arrival (ns):            9.999
  Required (ns):          12.188
  Operating Conditions: slow_lv_lt

Path 33
  From: MiV_AXI_0/MiV_AXI_0/ChiselTop0/tile/core/div/divisor[1]:CLK
  To:   MiV_AXI_0/MiV_AXI_0/ChiselTop0/tile/core/div/remainder[60]:D
  Delay (ns):              6.717
  Slack (ns):              2.191
  Arrival (ns):            9.997
  Required (ns):          12.188
  Operating Conditions: slow_lv_lt

Path 34
  From: MiV_AXI_0/MiV_AXI_0/ChiselTop0/tile/core/div/divisor[8]:CLK
  To:   MiV_AXI_0/MiV_AXI_0/ChiselTop0/tile/core/div/remainder[57]:D
  Delay (ns):              6.704
  Slack (ns):              2.192
  Arrival (ns):            9.984
  Required (ns):          12.176
  Operating Conditions: slow_lv_lt

Path 35
  From: MiV_AXI_0/MiV_AXI_0/ChiselTop0/tile/core/div/divisor[8]:CLK
  To:   MiV_AXI_0/MiV_AXI_0/ChiselTop0/tile/core/div/remainder[54]:D
  Delay (ns):              6.719
  Slack (ns):              2.192
  Arrival (ns):            9.999
  Required (ns):          12.191
  Operating Conditions: slow_lv_lt

Path 36
  From: MiV_AXI_0/MiV_AXI_0/ChiselTop0/tile/core/div/remainder[1]:CLK
  To:   MiV_AXI_0/MiV_AXI_0/ChiselTop0/tile/core/div/remainder[62]:D
  Delay (ns):              6.715
  Slack (ns):              2.193
  Arrival (ns):            9.995
  Required (ns):          12.188
  Operating Conditions: slow_lv_lt

Path 37
  From: MiV_AXI_0/MiV_AXI_0/ChiselTop0/tile/core/div/divisor[6]:CLK
  To:   MiV_AXI_0/MiV_AXI_0/ChiselTop0/tile/core/div/remainder[60]:D
  Delay (ns):              6.729
  Slack (ns):              2.193
  Arrival (ns):           10.037
  Required (ns):          12.230
  Operating Conditions: slow_lv_lt

Path 38
  From: MiV_AXI_0/MiV_AXI_0/ChiselTop0/tile/core/div/divisor[8]:CLK
  To:   MiV_AXI_0/MiV_AXI_0/ChiselTop0/tile/core/div/remainder[49]:D
  Delay (ns):              6.702
  Slack (ns):              2.196
  Arrival (ns):            9.982
  Required (ns):          12.178
  Operating Conditions: slow_lv_lt

Path 39
  From: MiV_AXI_0/MiV_AXI_0/ChiselTop0/tile/core/div/divisor[5]:CLK
  To:   MiV_AXI_0/MiV_AXI_0/ChiselTop0/tile/core/div/remainder[60]:D
  Delay (ns):              6.711
  Slack (ns):              2.197
  Arrival (ns):            9.991
  Required (ns):          12.188
  Operating Conditions: slow_lv_lt

Path 40
  From: MiV_AXI_0/MiV_AXI_0/ChiselTop0/tile/core/div/divisor[8]:CLK
  To:   MiV_AXI_0/MiV_AXI_0/ChiselTop0/tile/core/div/remainder[63]:D
  Delay (ns):              6.709
  Slack (ns):              2.199
  Arrival (ns):            9.989
  Required (ns):          12.188
  Operating Conditions: slow_lv_lt

Path 41
  From: MiV_AXI_0/MiV_AXI_0/ChiselTop0/tile/core/div/divisor[9]:CLK
  To:   MiV_AXI_0/MiV_AXI_0/ChiselTop0/tile/core/div/remainder[60]:D
  Delay (ns):              6.723
  Slack (ns):              2.199
  Arrival (ns):           10.031
  Required (ns):          12.230
  Operating Conditions: slow_lv_lt

Path 42
  From: MiV_AXI_0/MiV_AXI_0/ChiselTop0/tile/core/div/divisor[8]:CLK
  To:   MiV_AXI_0/MiV_AXI_0/ChiselTop0/tile/core/div/remainder[53]:D
  Delay (ns):              6.706
  Slack (ns):              2.202
  Arrival (ns):            9.986
  Required (ns):          12.188
  Operating Conditions: slow_lv_lt

Path 43
  From: MiV_AXI_0/MiV_AXI_0/ChiselTop0/tile/core/div/divisor[3]:CLK
  To:   MiV_AXI_0/MiV_AXI_0/ChiselTop0/tile/core/div/remainder[50]:D
  Delay (ns):              6.705
  Slack (ns):              2.202
  Arrival (ns):            9.985
  Required (ns):          12.187
  Operating Conditions: slow_lv_lt

Path 44
  From: MiV_AXI_0/MiV_AXI_0/ChiselTop0/tile/core/div/divisor[0]:CLK
  To:   MiV_AXI_0/MiV_AXI_0/ChiselTop0/tile/core/div/remainder[62]:D
  Delay (ns):              6.724
  Slack (ns):              2.204
  Arrival (ns):           10.026
  Required (ns):          12.230
  Operating Conditions: slow_lv_lt

Path 45
  From: MiV_AXI_0/MiV_AXI_0/ChiselTop0/tile/core/div/divisor[3]:CLK
  To:   MiV_AXI_0/MiV_AXI_0/ChiselTop0/tile/core/div/remainder[55]:D
  Delay (ns):              6.705
  Slack (ns):              2.206
  Arrival (ns):            9.985
  Required (ns):          12.191
  Operating Conditions: slow_lv_lt

Path 46
  From: MiV_AXI_0/MiV_AXI_0/ChiselTop0/tile/core/div/remainder[3]:CLK
  To:   MiV_AXI_0/MiV_AXI_0/ChiselTop0/tile/core/div/remainder[62]:D
  Delay (ns):              6.702
  Slack (ns):              2.206
  Arrival (ns):            9.982
  Required (ns):          12.188
  Operating Conditions: slow_lv_lt

Path 47
  From: MiV_AXI_0/MiV_AXI_0/ChiselTop0/tile/core/div/remainder[11]:CLK
  To:   MiV_AXI_0/MiV_AXI_0/ChiselTop0/tile/core/div/remainder[62]:D
  Delay (ns):              6.715
  Slack (ns):              2.207
  Arrival (ns):           10.023
  Required (ns):          12.230
  Operating Conditions: slow_lv_lt

Path 48
  From: MiV_AXI_0/MiV_AXI_0/ChiselTop0/tile/core/div/remainder[8]:CLK
  To:   MiV_AXI_0/MiV_AXI_0/ChiselTop0/tile/core/div/remainder[62]:D
  Delay (ns):              6.715
  Slack (ns):              2.207
  Arrival (ns):           10.023
  Required (ns):          12.230
  Operating Conditions: slow_lv_lt

Path 49
  From: MiV_AXI_0/MiV_AXI_0/ChiselTop0/tile/core/div/divisor[16]:CLK
  To:   MiV_AXI_0/MiV_AXI_0/ChiselTop0/tile/core/div/remainder[60]:D
  Delay (ns):              6.702
  Slack (ns):              2.207
  Arrival (ns):            9.981
  Required (ns):          12.188
  Operating Conditions: slow_lv_lt

Path 50
  From: MiV_AXI_0/MiV_AXI_0/ChiselTop0/tile/core/div/divisor[8]:CLK
  To:   MiV_AXI_0/MiV_AXI_0/ChiselTop0/tile/core/div/remainder[64]:D
  Delay (ns):              6.691
  Slack (ns):              2.208
  Arrival (ns):            9.971
  Required (ns):          12.179
  Operating Conditions: slow_lv_lt

Path 51
  From: MiV_AXI_0/MiV_AXI_0/ChiselTop0/tile/core/div/divisor[8]:CLK
  To:   MiV_AXI_0/MiV_AXI_0/ChiselTop0/tile/core/div/remainder[56]:D
  Delay (ns):              6.700
  Slack (ns):              2.208
  Arrival (ns):            9.980
  Required (ns):          12.188
  Operating Conditions: slow_lv_lt

Path 52
  From: MiV_AXI_0/MiV_AXI_0/ChiselTop0/tile/core/div/divisor[3]:CLK
  To:   MiV_AXI_0/MiV_AXI_0/ChiselTop0/tile/core/div/remainder[65]:D
  Delay (ns):              6.690
  Slack (ns):              2.209
  Arrival (ns):            9.970
  Required (ns):          12.179
  Operating Conditions: slow_lv_lt

Path 53
  From: MiV_AXI_0/MiV_AXI_0/ChiselTop0/tile/core/div/remainder[4]:CLK
  To:   MiV_AXI_0/MiV_AXI_0/ChiselTop0/tile/core/div/remainder[60]:D
  Delay (ns):              6.716
  Slack (ns):              2.212
  Arrival (ns):           10.018
  Required (ns):          12.230
  Operating Conditions: slow_lv_lt

Path 54
  From: MiV_AXI_0/MiV_AXI_0/ChiselTop0/tile/core/div/divisor[3]:CLK
  To:   MiV_AXI_0/MiV_AXI_0/ChiselTop0/tile/core/div/remainder[59]:D
  Delay (ns):              6.695
  Slack (ns):              2.213
  Arrival (ns):            9.975
  Required (ns):          12.188
  Operating Conditions: slow_lv_lt

Path 55
  From: MiV_AXI_0/MiV_AXI_0/ChiselTop0/tile/core/div/divisor[8]:CLK
  To:   MiV_AXI_0/MiV_AXI_0/ChiselTop0/tile/core/div/remainder[61]:D
  Delay (ns):              6.684
  Slack (ns):              2.215
  Arrival (ns):            9.964
  Required (ns):          12.179
  Operating Conditions: slow_lv_lt

Path 56
  From: MiV_AXI_0/MiV_AXI_0/ChiselTop0/tile/core/div/divisor[2]:CLK
  To:   MiV_AXI_0/MiV_AXI_0/ChiselTop0/tile/core/div/remainder[62]:D
  Delay (ns):              6.709
  Slack (ns):              2.219
  Arrival (ns):           10.011
  Required (ns):          12.230
  Operating Conditions: slow_lv_lt

Path 57
  From: MiV_AXI_0/MiV_AXI_0/ChiselTop0/tile/core/div/divisor[3]:CLK
  To:   MiV_AXI_0/MiV_AXI_0/ChiselTop0/tile/core/div/remainder[58]:D
  Delay (ns):              6.676
  Slack (ns):              2.220
  Arrival (ns):            9.956
  Required (ns):          12.176
  Operating Conditions: slow_lv_lt

Path 58
  From: MiV_AXI_0/MiV_AXI_0/ChiselTop0/tile/core/div/remainder[2]:CLK
  To:   MiV_AXI_0/MiV_AXI_0/ChiselTop0/tile/core/div/remainder[62]:D
  Delay (ns):              6.707
  Slack (ns):              2.220
  Arrival (ns):           10.010
  Required (ns):          12.230
  Operating Conditions: slow_lv_lt

Path 59
  From: MiV_AXI_0/MiV_AXI_0/ChiselTop0/tile/core/div/remainder[12]:CLK
  To:   MiV_AXI_0/MiV_AXI_0/ChiselTop0/tile/core/div/remainder[62]:D
  Delay (ns):              6.703
  Slack (ns):              2.223
  Arrival (ns):           10.007
  Required (ns):          12.230
  Operating Conditions: slow_lv_lt

Path 60
  From: MiV_AXI_0/MiV_AXI_0/ChiselTop0/tile/core/div/remainder[6]:CLK
  To:   MiV_AXI_0/MiV_AXI_0/ChiselTop0/tile/core/div/remainder[60]:D
  Delay (ns):              6.698
  Slack (ns):              2.224
  Arrival (ns):           10.006
  Required (ns):          12.230
  Operating Conditions: slow_lv_lt

Path 61
  From: MiV_AXI_0/MiV_AXI_0/ChiselTop0/tile/core/div/remainder[9]:CLK
  To:   MiV_AXI_0/MiV_AXI_0/ChiselTop0/tile/core/div/remainder[54]:D
  Delay (ns):              6.700
  Slack (ns):              2.225
  Arrival (ns):           10.008
  Required (ns):          12.233
  Operating Conditions: slow_lv_lt

Path 62
  From: MiV_AXI_0/MiV_AXI_0/ChiselTop0/tile/core/div/remainder[9]:CLK
  To:   MiV_AXI_0/MiV_AXI_0/ChiselTop0/tile/core/div/remainder[57]:D
  Delay (ns):              6.685
  Slack (ns):              2.225
  Arrival (ns):            9.993
  Required (ns):          12.218
  Operating Conditions: slow_lv_lt

Path 63
  From: MiV_AXI_0/MiV_AXI_0/ChiselTop0/tile/core/div/divisor[3]:CLK
  To:   MiV_AXI_0/MiV_AXI_0/ChiselTop0/tile/core/div/remainder[52]:D
  Delay (ns):              6.671
  Slack (ns):              2.227
  Arrival (ns):            9.951
  Required (ns):          12.178
  Operating Conditions: slow_lv_lt

Path 64
  From: MiV_AXI_0/MiV_AXI_0/ChiselTop0/tile/core/div/remainder[15]:CLK
  To:   MiV_AXI_0/MiV_AXI_0/ChiselTop0/tile/core/div/remainder[62]:D
  Delay (ns):              6.699
  Slack (ns):              2.227
  Arrival (ns):           10.003
  Required (ns):          12.230
  Operating Conditions: slow_lv_lt

Path 65
  From: MiV_AXI_0/MiV_AXI_0/ChiselTop0/tile/core/div/remainder[9]:CLK
  To:   MiV_AXI_0/MiV_AXI_0/ChiselTop0/tile/core/div/remainder[49]:D
  Delay (ns):              6.683
  Slack (ns):              2.229
  Arrival (ns):            9.991
  Required (ns):          12.220
  Operating Conditions: slow_lv_lt

Path 66
  From: MiV_AXI_0/MiV_AXI_0/ChiselTop0/tile/core/div/remainder[9]:CLK
  To:   MiV_AXI_0/MiV_AXI_0/ChiselTop0/tile/core/div/remainder[63]:D
  Delay (ns):              6.690
  Slack (ns):              2.232
  Arrival (ns):            9.998
  Required (ns):          12.230
  Operating Conditions: slow_lv_lt

Path 67
  From: MiV_AXI_0/MiV_AXI_0/ChiselTop0/tile/core/div/divisor[7]:CLK
  To:   MiV_AXI_0/MiV_AXI_0/ChiselTop0/tile/core/div/remainder[54]:D
  Delay (ns):              6.692
  Slack (ns):              2.233
  Arrival (ns):           10.000
  Required (ns):          12.233
  Operating Conditions: slow_lv_lt

Path 68
  From: MiV_AXI_0/MiV_AXI_0/ChiselTop0/tile/core/div/divisor[7]:CLK
  To:   MiV_AXI_0/MiV_AXI_0/ChiselTop0/tile/core/div/remainder[57]:D
  Delay (ns):              6.677
  Slack (ns):              2.233
  Arrival (ns):            9.985
  Required (ns):          12.218
  Operating Conditions: slow_lv_lt

Path 69
  From: MiV_AXI_0/MiV_AXI_0/ChiselTop0/tile/core/div/remainder_0[16]:CLK
  To:   MiV_AXI_0/MiV_AXI_0/ChiselTop0/tile/core/div/remainder[57]:D
  Delay (ns):              6.661
  Slack (ns):              2.234
  Arrival (ns):            9.942
  Required (ns):          12.176
  Operating Conditions: slow_lv_lt

Path 70
  From: MiV_AXI_0/MiV_AXI_0/ChiselTop0/tile/core/div/remainder[13]:CLK
  To:   MiV_AXI_0/MiV_AXI_0/ChiselTop0/tile/core/div/remainder[54]:D
  Delay (ns):              6.695
  Slack (ns):              2.234
  Arrival (ns):            9.999
  Required (ns):          12.233
  Operating Conditions: slow_lv_lt

Path 71
  From: MiV_AXI_0/MiV_AXI_0/ChiselTop0/tile/core/div/remainder[13]:CLK
  To:   MiV_AXI_0/MiV_AXI_0/ChiselTop0/tile/core/div/remainder[57]:D
  Delay (ns):              6.680
  Slack (ns):              2.234
  Arrival (ns):            9.984
  Required (ns):          12.218
  Operating Conditions: slow_lv_lt

Path 72
  From: MiV_AXI_0/MiV_AXI_0/ChiselTop0/tile/core/div/remainder_0[16]:CLK
  To:   MiV_AXI_0/MiV_AXI_0/ChiselTop0/tile/core/div/remainder[54]:D
  Delay (ns):              6.676
  Slack (ns):              2.234
  Arrival (ns):            9.957
  Required (ns):          12.191
  Operating Conditions: slow_lv_lt

Path 73
  From: MiV_AXI_0/MiV_AXI_0/ChiselTop0/tile/core/div/remainder[9]:CLK
  To:   MiV_AXI_0/MiV_AXI_0/ChiselTop0/tile/core/div/remainder[53]:D
  Delay (ns):              6.687
  Slack (ns):              2.235
  Arrival (ns):            9.995
  Required (ns):          12.230
  Operating Conditions: slow_lv_lt

Path 74
  From: MiV_AXI_0/MiV_AXI_0/ChiselTop0/tile/core/div/divisor[7]:CLK
  To:   MiV_AXI_0/MiV_AXI_0/ChiselTop0/tile/core/div/remainder[49]:D
  Delay (ns):              6.675
  Slack (ns):              2.237
  Arrival (ns):            9.983
  Required (ns):          12.220
  Operating Conditions: slow_lv_lt

Path 75
  From: MiV_AXI_0/MiV_AXI_0/ChiselTop0/tile/core/div/remainder_0[16]:CLK
  To:   MiV_AXI_0/MiV_AXI_0/ChiselTop0/tile/core/div/remainder[49]:D
  Delay (ns):              6.659
  Slack (ns):              2.238
  Arrival (ns):            9.940
  Required (ns):          12.178
  Operating Conditions: slow_lv_lt

Path 76
  From: MiV_AXI_0/MiV_AXI_0/ChiselTop0/tile/core/div/remainder[1]:CLK
  To:   MiV_AXI_0/MiV_AXI_0/ChiselTop0/tile/core/div/remainder[57]:D
  Delay (ns):              6.658
  Slack (ns):              2.238
  Arrival (ns):            9.938
  Required (ns):          12.176
  Operating Conditions: slow_lv_lt

Path 77
  From: MiV_AXI_0/MiV_AXI_0/ChiselTop0/tile/core/div/remainder[1]:CLK
  To:   MiV_AXI_0/MiV_AXI_0/ChiselTop0/tile/core/div/remainder[54]:D
  Delay (ns):              6.673
  Slack (ns):              2.238
  Arrival (ns):            9.953
  Required (ns):          12.191
  Operating Conditions: slow_lv_lt

Path 78
  From: MiV_AXI_0/MiV_AXI_0/ChiselTop0/tile/core/div/remainder[14]:CLK
  To:   MiV_AXI_0/MiV_AXI_0/ChiselTop0/tile/core/div/remainder[60]:D
  Delay (ns):              6.688
  Slack (ns):              2.238
  Arrival (ns):            9.992
  Required (ns):          12.230
  Operating Conditions: slow_lv_lt

Path 79
  From: MiV_AXI_0/MiV_AXI_0/ChiselTop0/tile/core/div/remainder[13]:CLK
  To:   MiV_AXI_0/MiV_AXI_0/ChiselTop0/tile/core/div/remainder[49]:D
  Delay (ns):              6.678
  Slack (ns):              2.238
  Arrival (ns):            9.982
  Required (ns):          12.220
  Operating Conditions: slow_lv_lt

Path 80
  From: MiV_AXI_0/MiV_AXI_0/ChiselTop0/tile/core/div/divisor[7]:CLK
  To:   MiV_AXI_0/MiV_AXI_0/ChiselTop0/tile/core/div/remainder[63]:D
  Delay (ns):              6.682
  Slack (ns):              2.240
  Arrival (ns):            9.990
  Required (ns):          12.230
  Operating Conditions: slow_lv_lt

Path 81
  From: MiV_AXI_0/MiV_AXI_0/ChiselTop0/tile/core/div/remainder[13]:CLK
  To:   MiV_AXI_0/MiV_AXI_0/ChiselTop0/tile/core/div/remainder[63]:D
  Delay (ns):              6.685
  Slack (ns):              2.241
  Arrival (ns):            9.989
  Required (ns):          12.230
  Operating Conditions: slow_lv_lt

Path 82
  From: MiV_AXI_0/MiV_AXI_0/ChiselTop0/tile/core/div/remainder[9]:CLK
  To:   MiV_AXI_0/MiV_AXI_0/ChiselTop0/tile/core/div/remainder[56]:D
  Delay (ns):              6.681
  Slack (ns):              2.241
  Arrival (ns):            9.989
  Required (ns):          12.230
  Operating Conditions: slow_lv_lt

Path 83
  From: MiV_AXI_0/MiV_AXI_0/ChiselTop0/tile/core/div/remainder_0[16]:CLK
  To:   MiV_AXI_0/MiV_AXI_0/ChiselTop0/tile/core/div/remainder[63]:D
  Delay (ns):              6.666
  Slack (ns):              2.241
  Arrival (ns):            9.947
  Required (ns):          12.188
  Operating Conditions: slow_lv_lt

Path 84
  From: MiV_AXI_0/MiV_AXI_0/ChiselTop0/tile/core/div/remainder[9]:CLK
  To:   MiV_AXI_0/MiV_AXI_0/ChiselTop0/tile/core/div/remainder[64]:D
  Delay (ns):              6.672
  Slack (ns):              2.241
  Arrival (ns):            9.980
  Required (ns):          12.221
  Operating Conditions: slow_lv_lt

Path 85
  From: MiV_AXI_0/MiV_AXI_0/ChiselTop0/tile/core/div/remainder[1]:CLK
  To:   MiV_AXI_0/MiV_AXI_0/ChiselTop0/tile/core/div/remainder[49]:D
  Delay (ns):              6.656
  Slack (ns):              2.242
  Arrival (ns):            9.936
  Required (ns):          12.178
  Operating Conditions: slow_lv_lt

Path 86
  From: MiV_AXI_0/MiV_AXI_0/ChiselTop0/tile/core/div/divisor[7]:CLK
  To:   MiV_AXI_0/MiV_AXI_0/ChiselTop0/tile/core/div/remainder[53]:D
  Delay (ns):              6.679
  Slack (ns):              2.243
  Arrival (ns):            9.987
  Required (ns):          12.230
  Operating Conditions: slow_lv_lt

Path 87
  From: MiV_AXI_0/MiV_AXI_0/ChiselTop0/tile/core/div/remainder_0[16]:CLK
  To:   MiV_AXI_0/MiV_AXI_0/ChiselTop0/tile/core/div/remainder[53]:D
  Delay (ns):              6.663
  Slack (ns):              2.244
  Arrival (ns):            9.944
  Required (ns):          12.188
  Operating Conditions: slow_lv_lt

Path 88
  From: MiV_AXI_0/MiV_AXI_0/ChiselTop0/tile/core/div/remainder[13]:CLK
  To:   MiV_AXI_0/MiV_AXI_0/ChiselTop0/tile/core/div/remainder[53]:D
  Delay (ns):              6.682
  Slack (ns):              2.244
  Arrival (ns):            9.986
  Required (ns):          12.230
  Operating Conditions: slow_lv_lt

Path 89
  From: MiV_AXI_0/MiV_AXI_0/ChiselTop0/tile/core/div/remainder[1]:CLK
  To:   MiV_AXI_0/MiV_AXI_0/ChiselTop0/tile/core/div/remainder[63]:D
  Delay (ns):              6.663
  Slack (ns):              2.245
  Arrival (ns):            9.943
  Required (ns):          12.188
  Operating Conditions: slow_lv_lt

Path 90
  From: MiV_AXI_0/MiV_AXI_0/ChiselTop0/tile/core/div/remainder[7]:CLK
  To:   MiV_AXI_0/MiV_AXI_0/ChiselTop0/tile/core/div/remainder[62]:D
  Delay (ns):              6.675
  Slack (ns):              2.247
  Arrival (ns):            9.983
  Required (ns):          12.230
  Operating Conditions: slow_lv_lt

Path 91
  From: MiV_AXI_0/MiV_AXI_0/ChiselTop0/tile/core/div/divisor[3]:CLK
  To:   MiV_AXI_0/MiV_AXI_0/ChiselTop0/tile/core/div/remainder[51]:D
  Delay (ns):              6.664
  Slack (ns):              2.247
  Arrival (ns):            9.944
  Required (ns):          12.191
  Operating Conditions: slow_lv_lt

Path 92
  From: MiV_AXI_0/MiV_AXI_0/ChiselTop0/tile/core/div/remainder[9]:CLK
  To:   MiV_AXI_0/MiV_AXI_0/ChiselTop0/tile/core/div/remainder[61]:D
  Delay (ns):              6.665
  Slack (ns):              2.248
  Arrival (ns):            9.973
  Required (ns):          12.221
  Operating Conditions: slow_lv_lt

Path 93
  From: MiV_AXI_0/MiV_AXI_0/ChiselTop0/tile/core/div/remainder[1]:CLK
  To:   MiV_AXI_0/MiV_AXI_0/ChiselTop0/tile/core/div/remainder[53]:D
  Delay (ns):              6.660
  Slack (ns):              2.248
  Arrival (ns):            9.940
  Required (ns):          12.188
  Operating Conditions: slow_lv_lt

Path 94
  From: MiV_AXI_0/MiV_AXI_0/ChiselTop0/tile/core/div/divisor[7]:CLK
  To:   MiV_AXI_0/MiV_AXI_0/ChiselTop0/tile/core/div/remainder[64]:D
  Delay (ns):              6.664
  Slack (ns):              2.249
  Arrival (ns):            9.972
  Required (ns):          12.221
  Operating Conditions: slow_lv_lt

Path 95
  From: MiV_AXI_0/MiV_AXI_0/ChiselTop0/tile/core/div/divisor[7]:CLK
  To:   MiV_AXI_0/MiV_AXI_0/ChiselTop0/tile/core/div/remainder[56]:D
  Delay (ns):              6.673
  Slack (ns):              2.249
  Arrival (ns):            9.981
  Required (ns):          12.230
  Operating Conditions: slow_lv_lt

Path 96
  From: MiV_AXI_0/MiV_AXI_0/ChiselTop0/tile/core/div/divisor[0]:CLK
  To:   MiV_AXI_0/MiV_AXI_0/ChiselTop0/tile/core/div/remainder[57]:D
  Delay (ns):              6.667
  Slack (ns):              2.249
  Arrival (ns):            9.969
  Required (ns):          12.218
  Operating Conditions: slow_lv_lt

Path 97
  From: MiV_AXI_0/MiV_AXI_0/ChiselTop0/tile/core/div/divisor[0]:CLK
  To:   MiV_AXI_0/MiV_AXI_0/ChiselTop0/tile/core/div/remainder[54]:D
  Delay (ns):              6.682
  Slack (ns):              2.249
  Arrival (ns):            9.984
  Required (ns):          12.233
  Operating Conditions: slow_lv_lt

Path 98
  From: MiV_AXI_0/MiV_AXI_0/ChiselTop0/tile/core/div/divisor[3]:CLK
  To:   MiV_AXI_0/MiV_AXI_0/ChiselTop0/tile/core/div/remainder[47]:D
  Delay (ns):              6.648
  Slack (ns):              2.250
  Arrival (ns):            9.928
  Required (ns):          12.178
  Operating Conditions: slow_lv_lt

Path 99
  From: MiV_AXI_0/MiV_AXI_0/ChiselTop0/tile/core/div/remainder[13]:CLK
  To:   MiV_AXI_0/MiV_AXI_0/ChiselTop0/tile/core/div/remainder[64]:D
  Delay (ns):              6.667
  Slack (ns):              2.250
  Arrival (ns):            9.971
  Required (ns):          12.221
  Operating Conditions: slow_lv_lt

Path 100
  From: MiV_AXI_0/MiV_AXI_0/ChiselTop0/tile/core/div/remainder[13]:CLK
  To:   MiV_AXI_0/MiV_AXI_0/ChiselTop0/tile/core/div/remainder[56]:D
  Delay (ns):              6.676
  Slack (ns):              2.250
  Arrival (ns):            9.980
  Required (ns):          12.230
  Operating Conditions: slow_lv_lt

