Timing Violation Report Min Delay Analysis

SmartTime Version v12.3
Microsemi Corporation - Microsemi Libero Software Release v12.3 (Version 12.800.0.16)
Date: Fri Feb 28 20:06:55 2020


Design: top
Family: PolarFire
Die: MPF300TS
Package: FCG1152
Temperature Range: -40 - 100 C
Voltage Range: 1.0185 - 1.0815 V
Speed Grade: -1
Design State: Post-Layout
Data source: Production
Multi Corner Report Operating Conditions: slow_lv_ht, slow_lv_lt, fast_hv_lt
Scenario for Timing Analysis: timing_analysis


Path 1
  From: DDR3_0_0/MSC_i_0/MSC_i_1/MSC_i_4/MSC_i_8/awaddr_r1[20]:CLK
  To:   DDR3_0_0/MSC_i_0/MSC_i_1/MSC_i_4/MSC_i_8/wrap_write_wrap_address_reg[20]:D
  Delay (ns):              0.169
  Slack (ns):              0.020
  Arrival (ns):            3.778
  Required (ns):           3.758
  Operating Conditions: fast_hv_lt

Path 2
  From: DDR3_0_0/MSC_i_0/MSC_i_1/MSC_i_4/MSC_i_8/wr_data_packed[6]:CLK
  To:   DDR3_0_0/MSC_i_0/MSC_i_1/MSC_i_4/MSC_i_8/wr_data_fifo_wr_data[6]:D
  Delay (ns):              0.175
  Slack (ns):              0.025
  Arrival (ns):            3.787
  Required (ns):           3.762
  Operating Conditions: fast_hv_lt

Path 3
  From: DDR3_0_0/MSC_i_0/MSC_i_1/MSC_i_4/MSC_i_8/awaddr_r1[18]:CLK
  To:   DDR3_0_0/MSC_i_0/MSC_i_1/MSC_i_4/MSC_i_8/wrap_write_wrap_address_reg[18]:D
  Delay (ns):              0.181
  Slack (ns):              0.032
  Arrival (ns):            3.790
  Required (ns):           3.758
  Operating Conditions: fast_hv_lt

Path 4
  From: DDR3_0_0/MSC_i_0/MSC_i_1/MSC_i_4/MSC_i_8/awaddr_r1[17]:CLK
  To:   DDR3_0_0/MSC_i_0/MSC_i_1/MSC_i_4/MSC_i_8/wrap_write_wrap_address_reg[17]:D
  Delay (ns):              0.184
  Slack (ns):              0.035
  Arrival (ns):            3.793
  Required (ns):           3.758
  Operating Conditions: fast_hv_lt

Path 5
  From: MiV_AXI_0/MiV_AXI_0/ChiselTop0/debug_1/dmOuter/MIV_RV32IMA_L1_AXI_ASYNC_QUEUE_SOURCE/ridx_gray/sync_1/reg_0/q:CLK
  To:   MiV_AXI_0/MiV_AXI_0/ChiselTop0/debug_1/dmOuter/MIV_RV32IMA_L1_AXI_ASYNC_QUEUE_SOURCE/ridx_gray/sync_0/reg_0/q:D
  Delay (ns):              0.187
  Slack (ns):              0.035
  Arrival (ns):            3.761
  Required (ns):           3.726
  Operating Conditions: fast_hv_lt

Path 6
  From: DDR3_0_0/MSC_i_0/MSC_i_1/MSC_i_4/MSC_i_8/awaddr_r1[19]:CLK
  To:   DDR3_0_0/MSC_i_0/MSC_i_1/MSC_i_4/MSC_i_8/wrap_write_wrap_address_reg[19]:D
  Delay (ns):              0.185
  Slack (ns):              0.036
  Arrival (ns):            3.794
  Required (ns):           3.758
  Operating Conditions: fast_hv_lt

Path 7
  From: DDR3_0_0/MSC_i_0/MSC_i_1/MSC_i_4/MSC_i_8/awaddr_r1[27]:CLK
  To:   DDR3_0_0/MSC_i_0/MSC_i_1/MSC_i_4/MSC_i_8/wrap_write_wrap_address_reg[27]:D
  Delay (ns):              0.185
  Slack (ns):              0.036
  Arrival (ns):            3.794
  Required (ns):           3.758
  Operating Conditions: fast_hv_lt

Path 8
  From: DDR3_0_0/MSC_i_0/MSC_i_1/MSC_i_4/MSC_i_190/MSC_i_191/MSC_i_203/lat_n0.resettable.data_shifter_2_[120]:CLK
  To:   DDR3_0_0/MSC_i_0/MSC_i_1/MSC_i_4/MSC_i_222/dfi_address_r1[10]:D
  Delay (ns):              0.187
  Slack (ns):              0.037
  Arrival (ns):            3.807
  Required (ns):           3.770
  Operating Conditions: fast_hv_lt

Path 9
  From: DDR3_0_0/MSC_i_0/MSC_i_1/dfi_rddata_w0_i[17]:CLK
  To:   DDR3_0_0/MSC_i_0/MSC_i_1/MSC_i_4/MSC_i_145/dfi_rddata_w0_r[17]:D
  Delay (ns):              0.189
  Slack (ns):              0.039
  Arrival (ns):            3.792
  Required (ns):           3.753
  Operating Conditions: fast_hv_lt

Path 10
  From: DDR3_0_0/MSC_i_0/MSC_i_1/MSC_i_4/MSC_i_8/awaddr_r1[21]:CLK
  To:   DDR3_0_0/MSC_i_0/MSC_i_1/MSC_i_4/MSC_i_8/wrap_write_wrap_address_reg[21]:D
  Delay (ns):              0.191
  Slack (ns):              0.042
  Arrival (ns):            3.800
  Required (ns):           3.758
  Operating Conditions: fast_hv_lt

Path 11
  From: MiV_AXI_0/MiV_AXI_0/ChiselTop0/tile/core/ex_reg_pc[13]:CLK
  To:   MiV_AXI_0/MiV_AXI_0/ChiselTop0/tile/core/mem_reg_pc[13]:D
  Delay (ns):              0.190
  Slack (ns):              0.044
  Arrival (ns):            1.947
  Required (ns):           1.903
  Operating Conditions: fast_hv_lt

Path 12
  From: DDR3_0_0/DDRPHY_BLK_0/IOD_TRAINING_0/COREDDR_TIP_INT_U/TIP_CTRL_BLK/PHY_SIG_MOD/iog_dq_txdata_in_reg[3]:CLK
  To:   DDR3_0_0/DDRPHY_BLK_0/IOD_TRAINING_0/COREDDR_TIP_INT_U/TIP_CTRL_BLK/PHY_SIG_MOD/iog_dq_txdata_in_reg_2[3]:D
  Delay (ns):              0.189
  Slack (ns):              0.045
  Arrival (ns):            3.801
  Required (ns):           3.756
  Operating Conditions: fast_hv_lt

Path 13
  From: DDR3_0_0/MSC_i_0/MSC_i_1/MSC_i_4/MSC_i_190/MSC_i_191/MSC_i_206/data_shifter_gen[34].data_shifter[34][0]:CLK
  To:   DDR3_0_0/MSC_i_0/MSC_i_1/MSC_i_4/MSC_i_190/MSC_i_191/MSC_i_206/data_shifter_gen[33].data_shifter[33][0]:D
  Delay (ns):              0.130
  Slack (ns):              0.063
  Arrival (ns):            3.724
  Required (ns):           3.661
  Operating Conditions: fast_hv_lt

Path 14
  From: DDR3_0_0/MSC_i_0/MSC_i_1/dfi_rddata_w0_i[17]:CLK
  To:   DDR3_0_0/MSC_i_0/MSC_i_1/MSC_i_4/dfi_rddata_r[17]:D
  Delay (ns):              0.213
  Slack (ns):              0.063
  Arrival (ns):            3.816
  Required (ns):           3.753
  Operating Conditions: fast_hv_lt

Path 15
  From: MiV_AXI_0/MiV_AXI_0/ChiselTop0/plic/MIV_RV32IMA_L1_AXI_QUEUE/ram_data[0][22]:CLK
  To:   MiV_AXI_0/MiV_AXI_0/ChiselTop0/plic/enables_0_22:D
  Delay (ns):              0.131
  Slack (ns):              0.064
  Arrival (ns):            1.883
  Required (ns):           1.819
  Operating Conditions: fast_hv_lt

Path 16
  From: DDR3_0_0/MSC_i_0/MSC_i_1/MSC_i_4/MSC_i_8/l_req_tag_int[14]:CLK
  To:   DDR3_0_0/MSC_i_0/MSC_i_1/MSC_i_4/MSC_i_213/MSC_i_216/data_r1[69]:D
  Delay (ns):              0.209
  Slack (ns):              0.064
  Arrival (ns):            3.806
  Required (ns):           3.742
  Operating Conditions: fast_hv_lt

Path 17
  From: DDR3_0_0/MSC_i_0/MSC_i_1/MSC_i_4/MSC_i_8/cmd_fifo_wr_data_reg2[75]:CLK
  To:   DDR3_0_0/MSC_i_0/MSC_i_1/MSC_i_4/MSC_i_8/cmd_fifo_wr_data_reg3[75]:D
  Delay (ns):              0.131
  Slack (ns):              0.064
  Arrival (ns):            3.733
  Required (ns):           3.669
  Operating Conditions: fast_hv_lt

Path 18
  From: DDR3_0_0/MSC_i_0/MSC_i_1/MSC_i_4/MSC_i_190/MSC_i_191/MSC_i_206/data_shifter_gen[20].data_shifter[20][0]:CLK
  To:   DDR3_0_0/MSC_i_0/MSC_i_1/MSC_i_4/MSC_i_190/MSC_i_191/MSC_i_206/data_shifter_gen[19].data_shifter[19][0]:D
  Delay (ns):              0.131
  Slack (ns):              0.064
  Arrival (ns):            3.724
  Required (ns):           3.660
  Operating Conditions: fast_hv_lt

Path 19
  From: DDR3_0_0/MSC_i_0/MSC_i_1/MSC_i_4/MSC_i_183/MSC_i_186/lat_n0.nonresettable.data_shifter[0][2]:CLK
  To:   DDR3_0_0/MSC_i_0/MSC_i_1/MSC_i_4/MSC_i_183/MSC_i_186/lat_n0.nonresettable.data_shifter[1][2]:D
  Delay (ns):              0.131
  Slack (ns):              0.064
  Arrival (ns):            3.717
  Required (ns):           3.653
  Operating Conditions: fast_hv_lt

Path 20
  From: DDR3_0_0/MSC_i_0/MSC_i_1/MSC_i_4/MSC_i_190/MSC_i_191/MSC_i_206/data_shifter_gen[31].data_shifter[31][0]:CLK
  To:   DDR3_0_0/MSC_i_0/MSC_i_1/MSC_i_4/MSC_i_190/MSC_i_191/MSC_i_206/data_shifter_gen[30].data_shifter[30][0]:D
  Delay (ns):              0.132
  Slack (ns):              0.065
  Arrival (ns):            3.726
  Required (ns):           3.661
  Operating Conditions: fast_hv_lt

Path 21
  From: MiV_AXI_0/MiV_AXI_0/ChiselTop0/debug_1/dmInner/MIV_RV32IMA_L1_AXI_ASYNC_QUEUE_SINK/deq_bits_reg/sync_0[10]:CLK
  To:   MiV_AXI_0/MiV_AXI_0/ChiselTop0/debug_1/dmInner/dmInner/selectedHartReg[9]:D
  Delay (ns):              0.225
  Slack (ns):              0.066
  Arrival (ns):            1.987
  Required (ns):           1.921
  Operating Conditions: fast_hv_lt

Path 22
  From: DDR3_0_0/MSC_i_0/MSC_i_1/MSC_i_4/MSC_i_8/cmd_fifo_wr_data_reg3[85]:CLK
  To:   DDR3_0_0/MSC_i_0/MSC_i_1/MSC_i_4/MSC_i_8/cmd_fifo_wr_data_reg4[85]:D
  Delay (ns):              0.216
  Slack (ns):              0.066
  Arrival (ns):            3.820
  Required (ns):           3.754
  Operating Conditions: fast_hv_lt

Path 23
  From: DDR3_0_0/MSC_i_0/MSC_i_1/MSC_i_4/MSC_i_8/MSC_i_51/MSC_i_52/MSC_i_64/din_gray_r[1]:CLK
  To:   DDR3_0_0/MSC_i_0/MSC_i_1/MSC_i_4/MSC_i_8/MSC_i_51/MSC_i_52/MSC_i_64/MSC_i_65/MSC_i_69/s0:D
  Delay (ns):              0.133
  Slack (ns):              0.066
  Arrival (ns):            3.739
  Required (ns):           3.673
  Operating Conditions: fast_hv_lt

Path 24
  From: DDR3_0_0/MSC_i_0/MSC_i_1/MSC_i_4/MSC_i_190/MSC_i_191/MSC_i_206/data_shifter_gen[26].data_shifter[26][0]:CLK
  To:   DDR3_0_0/MSC_i_0/MSC_i_1/MSC_i_4/MSC_i_190/MSC_i_191/MSC_i_206/data_shifter_gen[25].data_shifter[25][0]:D
  Delay (ns):              0.133
  Slack (ns):              0.066
  Arrival (ns):            3.726
  Required (ns):           3.660
  Operating Conditions: fast_hv_lt

Path 25
  From: AXI4_Interconnect_0/AXI4_Interconnect_0/MstConvertor_loop[0].mstrconv/rgsl/genblk3.rrs/sDat[59]:CLK
  To:   MiV_AXI_0/MiV_AXI_0/ChiselTop0/buffer/MIV_RV32IMA_L1_AXI_QUEUE_4/ram_data.buffer.MIV_RV32IMA_L1_AXI_QUEUE_4.ram_data_ram0_[55]:D
  Delay (ns):              0.133
  Slack (ns):              0.066
  Arrival (ns):            1.893
  Required (ns):           1.827
  Operating Conditions: fast_hv_lt

Path 26
  From: DDR3_0_0/MSC_i_0/MSC_i_1/MSC_i_4/MSC_i_190/MSC_i_191/MSC_i_206/data_shifter_gen[37].data_shifter[37][0]:CLK
  To:   DDR3_0_0/MSC_i_0/MSC_i_1/MSC_i_4/MSC_i_190/MSC_i_191/MSC_i_206/data_shifter_gen[36].data_shifter[36][0]:D
  Delay (ns):              0.134
  Slack (ns):              0.067
  Arrival (ns):            3.728
  Required (ns):           3.661
  Operating Conditions: fast_hv_lt

Path 27
  From: DDR3_0_0/MSC_i_0/MSC_i_1/MSC_i_4/MSC_i_8/MSC_i_104/MSC_i_105/MSC_i_107/din_gray_r[6]:CLK
  To:   DDR3_0_0/MSC_i_0/MSC_i_1/MSC_i_4/MSC_i_8/MSC_i_104/MSC_i_105/MSC_i_107/MSC_i_109/MSC_i_119/s0:D
  Delay (ns):              0.134
  Slack (ns):              0.067
  Arrival (ns):            3.743
  Required (ns):           3.676
  Operating Conditions: fast_hv_lt

Path 28
  From: DDR3_0_0/DDRPHY_BLK_0/IOD_TRAINING_0/COREDDR_TIP_INT_U/TIP_CTRL_BLK/LEVELLING/RDLVL/RDLVL_SMS/genblk1[1].RDLVL_TRAIN/gate_training/clk_sel_out[0]:CLK
  To:   DDR3_0_0/DDRPHY_BLK_0/IOD_TRAINING_0/COREDDR_TIP_INT_U/CLK_SEL[3]:D
  Delay (ns):              0.134
  Slack (ns):              0.067
  Arrival (ns):            3.713
  Required (ns):           3.646
  Operating Conditions: fast_hv_lt

Path 29
  From: DDR3_0_0/MSC_i_0/MSC_i_1/MSC_i_4/MSC_i_8/MSC_i_72/MSC_i_73/MSC_i_89/din_gray_r[6]:CLK
  To:   DDR3_0_0/MSC_i_0/MSC_i_1/MSC_i_4/MSC_i_8/MSC_i_72/MSC_i_73/MSC_i_89/MSC_i_91/MSC_i_101/s0:D
  Delay (ns):              0.132
  Slack (ns):              0.067
  Arrival (ns):            3.757
  Required (ns):           3.690
  Operating Conditions: fast_hv_lt

Path 30
  From: DDR3_0_0/MSC_i_0/MSC_i_1/dfi_rddata_w1_i[27]:CLK
  To:   DDR3_0_0/MSC_i_0/MSC_i_1/MSC_i_4/MSC_i_145/dfi_rddata_w1_r[27]:D
  Delay (ns):              0.135
  Slack (ns):              0.067
  Arrival (ns):            3.751
  Required (ns):           3.684
  Operating Conditions: fast_hv_lt

Path 31
  From: DDR3_0_0/MSC_i_0/MSC_i_1/MSC_i_4/MSC_i_190/MSC_i_191/MSC_i_203/lat_n0.resettable.data_shifter_1_[123]:CLK
  To:   DDR3_0_0/MSC_i_0/MSC_i_1/MSC_i_4/MSC_i_190/MSC_i_191/MSC_i_203/lat_n0.resettable.data_shifter_2_[123]:D
  Delay (ns):              0.134
  Slack (ns):              0.067
  Arrival (ns):            3.755
  Required (ns):           3.688
  Operating Conditions: fast_hv_lt

Path 32
  From: MiV_AXI_0/MiV_AXI_0/ChiselTop0/debug_1/dmInner/MIV_RV32IMA_L1_AXI_ASYNC_QUEUE_SINK/deq_bits_reg/sync_0[1]:CLK
  To:   MiV_AXI_0/MiV_AXI_0/ChiselTop0/debug_1/dmInner/dmInner/selectedHartReg[0]:D
  Delay (ns):              0.231
  Slack (ns):              0.067
  Arrival (ns):            1.993
  Required (ns):           1.926
  Operating Conditions: fast_hv_lt

Path 33
  From: MiV_AXI_0/MiV_AXI_0/ChiselTop0/debug_1/dmInner/dmiXing/MIV_RV32IMA_L1_AXI_ASYNC_QUEUE_SOURCE/MIV_RV32IMA_L1_AXI_ASYNC_VALID_SYNC_1/sink_extend/sync_0/reg_0/q:CLK
  To:   MiV_AXI_0/MiV_AXI_0/ChiselTop0/debug_1/dmInner/dmiXing/MIV_RV32IMA_L1_AXI_ASYNC_QUEUE_SOURCE/MIV_RV32IMA_L1_AXI_ASYNC_VALID_SYNC_2/sink_valid/sync_2/reg_0/q:D
  Delay (ns):              0.221
  Slack (ns):              0.067
  Arrival (ns):            1.979
  Required (ns):           1.912
  Operating Conditions: fast_hv_lt

Path 34
  From: DDR3_0_0/DDRPHY_BLK_0/IOD_TRAINING_0/COREDDR_TIP_INT_U/LANE_ALIGNMENT/LANE_CTRL/dfi_rddata_valid:CLK
  To:   DDR3_0_0/DDRPHY_BLK_0/IOD_TRAINING_0/COREDDR_TIP_INT_U/LANE_ALIGNMENT/dfi_rddata_valid:D
  Delay (ns):              0.134
  Slack (ns):              0.067
  Arrival (ns):            3.734
  Required (ns):           3.667
  Operating Conditions: fast_hv_lt

Path 35
  From: CORAXITOAHBL_0_0/CORAXITOAHBL_0_0/U_rdFIFORAM/wrDataReg[62]:CLK
  To:   CORAXITOAHBL_0_0/CORAXITOAHBL_0_0/U_rdFIFORAM/mem_mem_0_5/RAM64x12_PHYS_0/INST_RAM64x12_IP:W_DATA[2]
  Delay (ns):              0.279
  Slack (ns):              0.067
  Arrival (ns):            2.042
  Required (ns):           1.975
  Operating Conditions: fast_hv_lt

Path 36
  From: MiV_AXI_0/MiV_AXI_0/ChiselTop0/dtm/idcodeChain/regs_30:CLK
  To:   MiV_AXI_0/MiV_AXI_0/ChiselTop0/dtm/idcodeChain/regs_29:D
  Delay (ns):              0.134
  Slack (ns):              0.067
  Arrival (ns):            3.704
  Required (ns):           3.637
  Operating Conditions: fast_hv_lt

Path 37
  From: DDR3_0_0/DDRPHY_BLK_0/IOD_TRAINING_0/COREDDR_TIP_INT_U/TIP_CTRL_BLK/LEVELLING/WRLVL/wrlvl_instances[0].uWrlvl/dq_in_reg[4]:CLK
  To:   DDR3_0_0/DDRPHY_BLK_0/IOD_TRAINING_0/COREDDR_TIP_INT_U/TIP_CTRL_BLK/LEVELLING/WRLVL/wrlvl_instances[0].uWrlvl/dq_in_reg_2[4]:D
  Delay (ns):              0.133
  Slack (ns):              0.067
  Arrival (ns):            3.733
  Required (ns):           3.666
  Operating Conditions: fast_hv_lt

Path 38
  From: DDR3_0_0/MSC_i_0/MSC_i_1/MSC_i_4/MSC_i_190/MSC_i_191/MSC_i_203/lat_n0.resettable.data_shifter_2_[123]:CLK
  To:   DDR3_0_0/MSC_i_0/MSC_i_1/MSC_i_4/MSC_i_222/dfi_address_r1[13]:D
  Delay (ns):              0.135
  Slack (ns):              0.067
  Arrival (ns):            3.756
  Required (ns):           3.689
  Operating Conditions: fast_hv_lt

Path 39
  From: AXI4_Interconnect_0/AXI4_Interconnect_0/SlvConvertor_loop[1].slvcnv/slvCDC/genblk1.genblk1.cdc_WChan/wrPtr_s1[2]:CLK
  To:   AXI4_Interconnect_0/AXI4_Interconnect_0/SlvConvertor_loop[1].slvcnv/slvCDC/genblk1.genblk1.cdc_WChan/wrPtr_s2[2]:D
  Delay (ns):              0.136
  Slack (ns):              0.068
  Arrival (ns):            3.748
  Required (ns):           3.680
  Operating Conditions: fast_hv_lt

Path 40
  From: DDR3_0_0/DDRPHY_BLK_0/IOD_TRAINING_0/COREDDR_TIP_INT_U/TIP_CTRL_BLK/LEVELLING/IOG_IF/load_int[17]:CLK
  To:   DDR3_0_0/DDRPHY_BLK_0/IOD_TRAINING_0/COREDDR_TIP_INT_U/LOAD[17]:D
  Delay (ns):              0.136
  Slack (ns):              0.068
  Arrival (ns):            3.728
  Required (ns):           3.660
  Operating Conditions: fast_hv_lt

Path 41
  From: MiV_AXI_0/MiV_AXI_0/ChiselTop0/debug_1/dmInner/MIV_RV32IMA_L1_AXI_ASYNC_QUEUE_SINK/deq_bits_reg/sync_0[5]:CLK
  To:   MiV_AXI_0/MiV_AXI_0/ChiselTop0/debug_1/dmInner/dmInner/selectedHartReg[4]:D
  Delay (ns):              0.211
  Slack (ns):              0.068
  Arrival (ns):            1.994
  Required (ns):           1.926
  Operating Conditions: fast_hv_lt

Path 42
  From: MiV_AXI_0/MiV_AXI_0/ChiselTop0/dtm/dmiAccessChain/regs_35:CLK
  To:   MiV_AXI_0/MiV_AXI_0/ChiselTop0/dtm/dmiReqReg_addr[1]:D
  Delay (ns):              0.136
  Slack (ns):              0.068
  Arrival (ns):            3.709
  Required (ns):           3.641
  Operating Conditions: fast_hv_lt

Path 43
  From: MiV_AXI_0/MiV_AXI_0/ChiselTop0/tile/frontend/s1_pc[10]:CLK
  To:   MiV_AXI_0/MiV_AXI_0/ChiselTop0/tile/frontend/icache/refill_addr[10]:D
  Delay (ns):              0.169
  Slack (ns):              0.068
  Arrival (ns):            1.942
  Required (ns):           1.874
  Operating Conditions: fast_hv_lt

Path 44
  From: AXI4_Interconnect_0/AXI4_Interconnect_0/SlvConvertor_loop[1].slvcnv/slvCDC/genblk1.cdc_RChan/wrPtr_s1[0]:CLK
  To:   AXI4_Interconnect_0/AXI4_Interconnect_0/SlvConvertor_loop[1].slvcnv/slvCDC/genblk1.cdc_RChan/wrPtr_s2[0]:D
  Delay (ns):              0.134
  Slack (ns):              0.068
  Arrival (ns):            1.881
  Required (ns):           1.813
  Operating Conditions: fast_hv_lt

Path 45
  From: MiV_AXI_0/MiV_AXI_0/ChiselTop0/debug_1/dmInner/dmiXing/MIV_RV32IMA_L1_AXI_ASYNC_QUEUE_SOURCE/ridx_gray/sync_2/reg_0/q:CLK
  To:   MiV_AXI_0/MiV_AXI_0/ChiselTop0/debug_1/dmInner/dmiXing/MIV_RV32IMA_L1_AXI_ASYNC_QUEUE_SOURCE/ridx_gray/sync_1/reg_0/q:D
  Delay (ns):              0.134
  Slack (ns):              0.069
  Arrival (ns):            1.899
  Required (ns):           1.830
  Operating Conditions: fast_hv_lt

Path 46
  From: DDR3_0_0/MSC_i_0/MSC_i_1/MSC_i_4/MSC_i_190/MSC_i_191/w_valid_attr_sh_gen[1].w_valid_attr_sh[1][16]:CLK
  To:   DDR3_0_0/MSC_i_0/MSC_i_1/MSC_i_4/MSC_i_190/MSC_i_191/w_valid_attr_sh_gen[1].w_valid_attr_sh[1][17]:D
  Delay (ns):              0.134
  Slack (ns):              0.069
  Arrival (ns):            3.739
  Required (ns):           3.670
  Operating Conditions: fast_hv_lt

Path 47
  From: MiV_AXI_0/MiV_AXI_0/ChiselTop0/debug_1/dmOuter/dmInner_TLAsyncCrossingSource/MIV_RV32IMA_L1_AXI_ASYNC_QUEUE_SOURCE/ridx_gray/sync_1/reg_0/q:CLK
  To:   MiV_AXI_0/MiV_AXI_0/ChiselTop0/debug_1/dmOuter/dmInner_TLAsyncCrossingSource/MIV_RV32IMA_L1_AXI_ASYNC_QUEUE_SOURCE/ridx_gray/sync_0/reg_0/q:D
  Delay (ns):              0.134
  Slack (ns):              0.069
  Arrival (ns):            3.709
  Required (ns):           3.640
  Operating Conditions: fast_hv_lt

Path 48
  From: MiV_AXI_0/MiV_AXI_0/ChiselTop0/debug_1/dmOuter/MIV_RV32IMA_L1_AXI_ASYNC_QUEUE_SOURCE/MIV_RV32IMA_L1_AXI_ASYNC_VALID_SYNC_2/sink_valid/sync_2/reg_0/q:CLK
  To:   MiV_AXI_0/MiV_AXI_0/ChiselTop0/debug_1/dmOuter/MIV_RV32IMA_L1_AXI_ASYNC_QUEUE_SOURCE/MIV_RV32IMA_L1_AXI_ASYNC_VALID_SYNC_2/sink_valid/sync_1/reg_0/q:D
  Delay (ns):              0.135
  Slack (ns):              0.069
  Arrival (ns):            3.733
  Required (ns):           3.664
  Operating Conditions: fast_hv_lt

Path 49
  From: DDR3_0_0/MSC_i_0/MSC_i_1/MSC_i_4/MSC_i_8/wr_data_packed[112]:CLK
  To:   DDR3_0_0/MSC_i_0/MSC_i_1/MSC_i_4/MSC_i_8/wr_data_fifo_wr_data[112]:D
  Delay (ns):              0.134
  Slack (ns):              0.069
  Arrival (ns):            3.756
  Required (ns):           3.687
  Operating Conditions: fast_hv_lt

Path 50
  From: DDR3_0_0/MSC_i_0/MSC_i_1/MSC_i_4/MSC_i_146/gen_fr4.DFI_WRDATA_ALIGN_eq_0.dfi_wrdata_p2_po_r1[31]:CLK
  To:   DDR3_0_0/MSC_i_0/MSC_i_1/MSC_i_4/MSC_i_224/data_shifter_gen[1].data_shifter[1][103]:D
  Delay (ns):              0.134
  Slack (ns):              0.069
  Arrival (ns):            3.754
  Required (ns):           3.685
  Operating Conditions: fast_hv_lt

Path 51
  From: DDR3_0_0/MSC_i_0/MSC_i_1/MSC_i_4/MSC_i_190/MSC_i_191/MSC_i_203/lat_n0.resettable.data_shifter_2_[122]:CLK
  To:   DDR3_0_0/MSC_i_0/MSC_i_1/MSC_i_4/MSC_i_222/dfi_address_r1[12]:D
  Delay (ns):              0.136
  Slack (ns):              0.069
  Arrival (ns):            3.739
  Required (ns):           3.670
  Operating Conditions: fast_hv_lt

Path 52
  From: DDR3_0_0/MSC_i_0/MSC_i_1/MSC_i_4/MSC_i_190/MSC_i_191/MSC_i_206/data_shifter_gen[40].data_shifter[40][0]:CLK
  To:   DDR3_0_0/MSC_i_0/MSC_i_1/MSC_i_4/MSC_i_190/MSC_i_191/MSC_i_206/data_shifter_gen[39].data_shifter[39][0]:D
  Delay (ns):              0.134
  Slack (ns):              0.069
  Arrival (ns):            3.714
  Required (ns):           3.645
  Operating Conditions: fast_hv_lt

Path 53
  From: DDR3_0_0/MSC_i_0/MSC_i_1/MSC_i_4/MSC_i_8/cmd_fifo_wr_data_reg1[46]:CLK
  To:   DDR3_0_0/MSC_i_0/MSC_i_1/MSC_i_4/MSC_i_8/cmd_fifo_wr_data_reg2[46]:D
  Delay (ns):              0.136
  Slack (ns):              0.069
  Arrival (ns):            3.748
  Required (ns):           3.679
  Operating Conditions: fast_hv_lt

Path 54
  From: DDR3_0_0/MSC_i_0/MSC_i_1/MSC_i_4/MSC_i_222/dfi_address_r1[7]:CLK
  To:   DDR3_0_0/MSC_i_0/MSC_i_1/MSC_i_4/MSC_i_222/dfi_address_r2[7]:D
  Delay (ns):              0.135
  Slack (ns):              0.069
  Arrival (ns):            3.757
  Required (ns):           3.688
  Operating Conditions: fast_hv_lt

Path 55
  From: DDR3_0_0/MSC_i_0/MSC_i_1/MSC_i_4/MSC_i_8/cmd_fifo_wr_data_reg1[12]:CLK
  To:   DDR3_0_0/MSC_i_0/MSC_i_1/MSC_i_4/MSC_i_8/cmd_fifo_wr_data_reg2[12]:D
  Delay (ns):              0.134
  Slack (ns):              0.069
  Arrival (ns):            3.757
  Required (ns):           3.688
  Operating Conditions: fast_hv_lt

Path 56
  From: DDR3_0_0/MSC_i_0/MSC_i_1/MSC_i_4/MSC_i_190/MSC_i_191/MSC_i_206/data_shifter_gen[15].data_shifter[15][1]:CLK
  To:   DDR3_0_0/MSC_i_0/MSC_i_1/MSC_i_4/MSC_i_190/MSC_i_191/MSC_i_206/data_shifter_gen[14].data_shifter[14][1]:D
  Delay (ns):              0.135
  Slack (ns):              0.070
  Arrival (ns):            3.735
  Required (ns):           3.665
  Operating Conditions: fast_hv_lt

Path 57
  From: DDR3_0_0/MSC_i_0/MSC_i_1/dfi_rddata_w2_i[29]:CLK
  To:   DDR3_0_0/MSC_i_0/MSC_i_1/MSC_i_4/MSC_i_145/dfi_rddata_w2_r[29]:D
  Delay (ns):              0.137
  Slack (ns):              0.070
  Arrival (ns):            3.732
  Required (ns):           3.662
  Operating Conditions: fast_hv_lt

Path 58
  From: DDR3_0_0/MSC_i_0/MSC_i_1/MSC_i_4/MSC_i_8/cmd_fifo_wr_data_reg3[10]:CLK
  To:   DDR3_0_0/MSC_i_0/MSC_i_1/MSC_i_4/MSC_i_8/cmd_fifo_wr_data_reg4[10]:D
  Delay (ns):              0.135
  Slack (ns):              0.070
  Arrival (ns):            3.747
  Required (ns):           3.677
  Operating Conditions: fast_hv_lt

Path 59
  From: DDR3_0_0/MSC_i_0/MSC_i_1/MSC_i_4/MSC_i_8/awaddr_r1[22]:CLK
  To:   DDR3_0_0/MSC_i_0/MSC_i_1/MSC_i_4/MSC_i_8/wrap_write_wrap_address_reg[22]:D
  Delay (ns):              0.219
  Slack (ns):              0.070
  Arrival (ns):            3.828
  Required (ns):           3.758
  Operating Conditions: fast_hv_lt

Path 60
  From: DDR3_0_0/MSC_i_0/MSC_i_1/MSC_i_4/MSC_i_8/MSC_i_21/MSC_i_22/MSC_i_24/MSC_i_26/MSC_i_35/s0:CLK
  To:   DDR3_0_0/MSC_i_0/MSC_i_1/MSC_i_4/MSC_i_8/MSC_i_21/MSC_i_22/MSC_i_24/MSC_i_26/MSC_i_35/s1:D
  Delay (ns):              0.135
  Slack (ns):              0.070
  Arrival (ns):            3.755
  Required (ns):           3.685
  Operating Conditions: fast_hv_lt

Path 61
  From: DDR3_0_0/MSC_i_0/MSC_i_1/MSC_i_4/MSC_i_222/dfi_odt_p0_r1[0]:CLK
  To:   DDR3_0_0/MSC_i_0/MSC_i_1/MSC_i_4/MSC_i_222/dfi_odt_p1_r2[0]:D
  Delay (ns):              0.137
  Slack (ns):              0.070
  Arrival (ns):            3.747
  Required (ns):           3.677
  Operating Conditions: fast_hv_lt

Path 62
  From: DDR3_0_0/MSC_i_0/MSC_i_1/MSC_i_4/MSC_i_190/MSC_i_191/MSC_i_206/data_shifter_gen[12].data_shifter[12][0]:CLK
  To:   DDR3_0_0/MSC_i_0/MSC_i_1/MSC_i_4/MSC_i_190/MSC_i_191/MSC_i_206/data_shifter_gen[11].data_shifter[11][0]:D
  Delay (ns):              0.135
  Slack (ns):              0.070
  Arrival (ns):            3.715
  Required (ns):           3.645
  Operating Conditions: fast_hv_lt

Path 63
  From: DDR3_0_0/MSC_i_0/MSC_i_1/MSC_i_4/MSC_i_190/MSC_i_191/MSC_i_203/lat_n0.resettable.data_shifter_2_[124]:CLK
  To:   DDR3_0_0/MSC_i_0/MSC_i_1/MSC_i_4/MSC_i_222/dfi_address_r1[14]:D
  Delay (ns):              0.137
  Slack (ns):              0.070
  Arrival (ns):            3.751
  Required (ns):           3.681
  Operating Conditions: fast_hv_lt

Path 64
  From: DDR3_0_0/MSC_i_0/MSC_i_1/MSC_i_4/MSC_i_183/wrtq_rd_ptr[0]:CLK
  To:   DDR3_0_0/MSC_i_0/MSC_i_1/MSC_i_4/MSC_i_183/wrtq_rd_ptr[2]:D
  Delay (ns):              0.216
  Slack (ns):              0.070
  Arrival (ns):            3.799
  Required (ns):           3.729
  Operating Conditions: fast_hv_lt

Path 65
  From: DDR3_0_0/DDRPHY_BLK_0/IOD_TRAINING_0/COREDDR_TIP_INT_U/TIP_CTRL_BLK/LEVELLING/WRLVL/wrlvl_instances[1].uWrlvl/dq_in_reg[0]:CLK
  To:   DDR3_0_0/DDRPHY_BLK_0/IOD_TRAINING_0/COREDDR_TIP_INT_U/TIP_CTRL_BLK/LEVELLING/WRLVL/wrlvl_instances[1].uWrlvl/dq_in_reg_2[0]:D
  Delay (ns):              0.136
  Slack (ns):              0.070
  Arrival (ns):            3.722
  Required (ns):           3.652
  Operating Conditions: fast_hv_lt

Path 66
  From: DDR3_0_0/DDRPHY_BLK_0/IOD_TRAINING_0/COREDDR_TIP_INT_U/TIP_CTRL_BLK/LEVELLING/WRLVL/wrlvl_instances[0].uWrlvl/current_state[3]:CLK
  To:   DDR3_0_0/DDRPHY_BLK_0/IOD_TRAINING_0/COREDDR_TIP_INT_U/TIP_CTRL_BLK/LEVELLING/WRLVL/wrlvl_instances[0].uWrlvl/current_state[4]:D
  Delay (ns):              0.137
  Slack (ns):              0.070
  Arrival (ns):            3.729
  Required (ns):           3.659
  Operating Conditions: fast_hv_lt

Path 67
  From: DDR3_0_0/DDRPHY_BLK_0/IOD_TRAINING_0/COREDDR_TIP_INT_U/TIP_CTRL_BLK/LEVELLING/IOG_IF/load_int[9]:CLK
  To:   DDR3_0_0/DDRPHY_BLK_0/IOD_TRAINING_0/COREDDR_TIP_INT_U/LOAD[10]:D
  Delay (ns):              0.137
  Slack (ns):              0.070
  Arrival (ns):            3.729
  Required (ns):           3.659
  Operating Conditions: fast_hv_lt

Path 68
  From: AXI4_Interconnect_0/AXI4_Interconnect_0/MstConvertor_loop[0].mstrconv/rgsl/genblk3.rrs/sDat[34]:CLK
  To:   MiV_AXI_0/MiV_AXI_0/ChiselTop0/buffer/MIV_RV32IMA_L1_AXI_QUEUE_4/ram_data.buffer.MIV_RV32IMA_L1_AXI_QUEUE_4.ram_data_ram1_[30]:D
  Delay (ns):              0.137
  Slack (ns):              0.070
  Arrival (ns):            1.897
  Required (ns):           1.827
  Operating Conditions: fast_hv_lt

Path 69
  From: MiV_AXI_0/MiV_AXI_0/ChiselTop0/dtm/dtmInfoChain/regs_29:CLK
  To:   MiV_AXI_0/MiV_AXI_0/ChiselTop0/dtm/dtmInfoChain/regs_28:D
  Delay (ns):              0.135
  Slack (ns):              0.070
  Arrival (ns):            3.704
  Required (ns):           3.634
  Operating Conditions: fast_hv_lt

Path 70
  From: MiV_AXI_0/MiV_AXI_0/ChiselTop0/debug_1/dmOuter/dmInner_TLAsyncCrossingSource/MIV_RV32IMA_L1_AXI_ASYNC_QUEUE_SOURCE/MIV_RV32IMA_L1_AXI_ASYNC_VALID_SYNC/source_valid/sync_1/reg_0/q:CLK
  To:   MiV_AXI_0/MiV_AXI_0/ChiselTop0/debug_1/dmOuter/dmInner_TLAsyncCrossingSource/MIV_RV32IMA_L1_AXI_ASYNC_QUEUE_SOURCE/MIV_RV32IMA_L1_AXI_ASYNC_VALID_SYNC/source_valid/sync_0/reg_0/q:D
  Delay (ns):              0.135
  Slack (ns):              0.070
  Arrival (ns):            3.708
  Required (ns):           3.638
  Operating Conditions: fast_hv_lt

Path 71
  From: MiV_AXI_0/MiV_AXI_0/ChiselTop0/dtm/dtmInfoChain/regs_9:CLK
  To:   MiV_AXI_0/MiV_AXI_0/ChiselTop0/dtm/dtmInfoChain/regs_8:D
  Delay (ns):              0.137
  Slack (ns):              0.070
  Arrival (ns):            3.708
  Required (ns):           3.638
  Operating Conditions: fast_hv_lt

Path 72
  From: MiV_AXI_0/MiV_AXI_0/ChiselTop0/debug_1/dmOuter/dmInner_TLAsyncCrossingSource/MIV_RV32IMA_L1_AXI_ASYNC_QUEUE_SINK/MIV_RV32IMA_L1_AXI_ASYNC_VALID_SYNC/sink_valid/sync_3/reg_0/q:CLK
  To:   MiV_AXI_0/MiV_AXI_0/ChiselTop0/debug_1/dmOuter/dmInner_TLAsyncCrossingSource/MIV_RV32IMA_L1_AXI_ASYNC_QUEUE_SINK/MIV_RV32IMA_L1_AXI_ASYNC_VALID_SYNC/sink_valid/sync_2/reg_0/q:D
  Delay (ns):              0.135
  Slack (ns):              0.070
  Arrival (ns):            3.708
  Required (ns):           3.638
  Operating Conditions: fast_hv_lt

Path 73
  From: DDR3_0_0/MSC_i_0/MSC_i_1/MSC_i_4/MSC_i_8/cmd_fifo_wr_data_reg1[14]:CLK
  To:   DDR3_0_0/MSC_i_0/MSC_i_1/MSC_i_4/MSC_i_8/cmd_fifo_wr_data_reg2[14]:D
  Delay (ns):              0.136
  Slack (ns):              0.071
  Arrival (ns):            3.754
  Required (ns):           3.683
  Operating Conditions: fast_hv_lt

Path 74
  From: DDR3_0_0/MSC_i_0/MSC_i_1/MSC_i_4/MSC_i_8/wr_data_packed[17]:CLK
  To:   DDR3_0_0/MSC_i_0/MSC_i_1/MSC_i_4/MSC_i_8/wr_data_fifo_wr_data[17]:D
  Delay (ns):              0.216
  Slack (ns):              0.071
  Arrival (ns):            3.828
  Required (ns):           3.757
  Operating Conditions: fast_hv_lt

Path 75
  From: MiV_AXI_0/MiV_AXI_0/ChiselTop0/debug_1/dmInner/dmiXing/MIV_RV32IMA_L1_AXI_ASYNC_QUEUE_SINK/deq_bits_reg/sync_0[22]:CLK
  To:   MiV_AXI_0/MiV_AXI_0/ChiselTop0/debug_1/dmInner/dmInner/ABSTRACTAUTOReg_autoexecprogbuf[6]:D
  Delay (ns):              0.137
  Slack (ns):              0.071
  Arrival (ns):            1.897
  Required (ns):           1.826
  Operating Conditions: fast_hv_lt

Path 76
  From: MiV_AXI_0/MiV_AXI_0/ChiselTop0/dtm/dtmInfoChain/regs_15:CLK
  To:   MiV_AXI_0/MiV_AXI_0/ChiselTop0/dtm/dtmInfoChain/regs_14:D
  Delay (ns):              0.137
  Slack (ns):              0.071
  Arrival (ns):            3.704
  Required (ns):           3.633
  Operating Conditions: fast_hv_lt

Path 77
  From: AXI4_Interconnect_0/AXI4_Interconnect_0/MstConvertor_loop[1].mstrconv/rgsl/genblk3.rrs/sDat[2]:CLK
  To:   MiV_AXI_0/MiV_AXI_0/ChiselTop0/MIV_RV32IMA_L1_AXI_AXI4BUFFER/MIV_RV32IMA_L1_AXI_QUEUE_4/ram_resp.MIV_RV32IMA_L1_AXI_AXI4BUFFER.MIV_RV32IMA_L1_AXI_QUEUE_4.ram_resp_ram1_[0]:D
  Delay (ns):              0.136
  Slack (ns):              0.071
  Arrival (ns):            1.876
  Required (ns):           1.805
  Operating Conditions: fast_hv_lt

Path 78
  From: AXI4_Interconnect_0/AXI4_Interconnect_0/axicb/cb.arcon/trgmx/slaveAADDR[12]:CLK
  To:   AXI4_Interconnect_0/AXI4_Interconnect_0/SlvConvertor_loop[1].slvcnv/rgsl/genblk2.arrs/holdDat[43]:D
  Delay (ns):              0.138
  Slack (ns):              0.071
  Arrival (ns):            1.887
  Required (ns):           1.816
  Operating Conditions: fast_hv_lt

Path 79
  From: DDR3_0_0/DDRPHY_BLK_0/IOD_TRAINING_0/COREDDR_TIP_INT_U/TIP_CTRL_BLK/LEVELLING/WRLVL/wrlvl_instances[1].uWrlvl/dq_in_reg[1]:CLK
  To:   DDR3_0_0/DDRPHY_BLK_0/IOD_TRAINING_0/COREDDR_TIP_INT_U/TIP_CTRL_BLK/LEVELLING/WRLVL/wrlvl_instances[1].uWrlvl/dq_in_reg_2[1]:D
  Delay (ns):              0.137
  Slack (ns):              0.071
  Arrival (ns):            3.723
  Required (ns):           3.652
  Operating Conditions: fast_hv_lt

Path 80
  From: DDR3_0_0/DDRPHY_BLK_0/IOD_TRAINING_0/COREDDR_TIP_INT_U/TIP_CTRL_BLK/LEVELLING/WRLVL/wrlvl_instances[1].uWrlvl/dq_in_reg[3]:CLK
  To:   DDR3_0_0/DDRPHY_BLK_0/IOD_TRAINING_0/COREDDR_TIP_INT_U/TIP_CTRL_BLK/LEVELLING/WRLVL/wrlvl_instances[1].uWrlvl/dq_in_reg_2[3]:D
  Delay (ns):              0.138
  Slack (ns):              0.071
  Arrival (ns):            3.724
  Required (ns):           3.653
  Operating Conditions: fast_hv_lt

Path 81
  From: DDR3_0_0/MSC_i_0/MSC_i_1/MSC_i_4/MSC_i_190/MSC_i_191/MSC_i_206/data_shifter_gen[17].data_shifter[17][0]:CLK
  To:   DDR3_0_0/MSC_i_0/MSC_i_1/MSC_i_4/MSC_i_190/MSC_i_191/MSC_i_206/data_shifter_gen[16].data_shifter[16][0]:D
  Delay (ns):              0.135
  Slack (ns):              0.071
  Arrival (ns):            3.716
  Required (ns):           3.645
  Operating Conditions: fast_hv_lt

Path 82
  From: DDR3_0_0/MSC_i_0/MSC_i_1/MSC_i_4/MSC_i_190/MSC_i_191/MSC_i_206/data_shifter_gen[22].data_shifter[22][0]:CLK
  To:   DDR3_0_0/MSC_i_0/MSC_i_1/MSC_i_4/MSC_i_190/MSC_i_191/MSC_i_206/data_shifter_gen[21].data_shifter[21][0]:D
  Delay (ns):              0.138
  Slack (ns):              0.071
  Arrival (ns):            3.731
  Required (ns):           3.660
  Operating Conditions: fast_hv_lt

Path 83
  From: DDR3_0_0/MSC_i_0/MSC_i_1/MSC_i_4/MSC_i_190/MSC_i_191/w_valid_sh[21]:CLK
  To:   DDR3_0_0/MSC_i_0/MSC_i_1/MSC_i_4/MSC_i_190/MSC_i_191/w_valid_sh[22]:D
  Delay (ns):              0.137
  Slack (ns):              0.071
  Arrival (ns):            3.725
  Required (ns):           3.654
  Operating Conditions: fast_hv_lt

Path 84
  From: DDR3_0_0/MSC_i_0/MSC_i_1/MSC_i_4/MSC_i_222/dfi_address_r1[11]:CLK
  To:   DDR3_0_0/MSC_i_0/MSC_i_1/MSC_i_4/MSC_i_222/dfi_address_r2[11]:D
  Delay (ns):              0.138
  Slack (ns):              0.071
  Arrival (ns):            3.759
  Required (ns):           3.688
  Operating Conditions: fast_hv_lt

Path 85
  From: DDR3_0_0/MSC_i_0/MSC_i_1/MSC_i_4/MSC_i_8/MSC_i_21/MSC_i_22/MSC_i_37/MSC_i_39/MSC_i_48/s0:CLK
  To:   DDR3_0_0/MSC_i_0/MSC_i_1/MSC_i_4/MSC_i_8/MSC_i_21/MSC_i_22/MSC_i_37/MSC_i_39/MSC_i_48/s1:D
  Delay (ns):              0.136
  Slack (ns):              0.071
  Arrival (ns):            3.765
  Required (ns):           3.694
  Operating Conditions: fast_hv_lt

Path 86
  From: MiV_AXI_0/MiV_AXI_0/ChiselTop0/dtm/dmiReqReg_data[7]:CLK
  To:   MiV_AXI_0/MiV_AXI_0/ChiselTop0/debug_1/dmOuter/dmInner_TLAsyncCrossingSource/MIV_RV32IMA_L1_AXI_ASYNC_QUEUE_SOURCE/mem_0_data[7]:D
  Delay (ns):              0.230
  Slack (ns):              0.072
  Arrival (ns):            3.796
  Required (ns):           3.724
  Operating Conditions: fast_hv_lt

Path 87
  From: MiV_AXI_0/MiV_AXI_0/ChiselTop0/dtm/dmiReqReg_data[9]:CLK
  To:   MiV_AXI_0/MiV_AXI_0/ChiselTop0/debug_1/dmOuter/dmInner_TLAsyncCrossingSource/MIV_RV32IMA_L1_AXI_ASYNC_QUEUE_SOURCE/mem_0_data[9]:D
  Delay (ns):              0.140
  Slack (ns):              0.072
  Arrival (ns):            3.717
  Required (ns):           3.645
  Operating Conditions: fast_hv_lt

Path 88
  From: MiV_AXI_0/MiV_AXI_0/ChiselTop0/dtm/idcodeChain/regs_18:CLK
  To:   MiV_AXI_0/MiV_AXI_0/ChiselTop0/dtm/idcodeChain/regs_17:D
  Delay (ns):              0.138
  Slack (ns):              0.072
  Arrival (ns):            3.713
  Required (ns):           3.641
  Operating Conditions: fast_hv_lt

Path 89
  From: DDR3_0_0/MSC_i_0/MSC_i_1/MSC_i_4/MSC_i_8/MSC_i_72/MSC_i_73/MSC_i_89/MSC_i_91/MSC_i_93/s0:CLK
  To:   DDR3_0_0/MSC_i_0/MSC_i_1/MSC_i_4/MSC_i_8/MSC_i_72/MSC_i_73/MSC_i_89/MSC_i_91/MSC_i_93/s1:D
  Delay (ns):              0.137
  Slack (ns):              0.072
  Arrival (ns):            3.762
  Required (ns):           3.690
  Operating Conditions: fast_hv_lt

Path 90
  From: DDR3_0_0/DDRPHY_BLK_0/IOD_TRAINING_0/COREDDR_TIP_INT_U/reset_n_2:CLK
  To:   DDR3_0_0/DDRPHY_BLK_0/IOD_TRAINING_0/COREDDR_TIP_INT_U/reset_n_int_0_rep:D
  Delay (ns):              0.139
  Slack (ns):              0.072
  Arrival (ns):            3.767
  Required (ns):           3.695
  Operating Conditions: fast_hv_lt

Path 91
  From: DDR3_0_0/MSC_i_0/MSC_i_1/MSC_i_4/MSC_i_190/MSC_i_191/MSC_i_206/data_shifter_gen[4].data_shifter[4][1]:CLK
  To:   DDR3_0_0/MSC_i_0/MSC_i_1/MSC_i_4/MSC_i_190/MSC_i_191/MSC_i_206/data_shifter_gen[3].data_shifter[3][1]:D
  Delay (ns):              0.137
  Slack (ns):              0.072
  Arrival (ns):            3.738
  Required (ns):           3.666
  Operating Conditions: fast_hv_lt

Path 92
  From: DDR3_0_0/MSC_i_0/MSC_i_1/MSC_i_4/MSC_i_224/data_shifter_gen[1].data_shifter[1][45]:CLK
  To:   DDR3_0_0/DDRPHY_BLK_0/IOD_TRAINING_0/COREDDR_TIP_INT_U/TIP_CTRL_BLK/PHY_SIG_MOD/iog_dq_txdata_in_reg[44]:D
  Delay (ns):              0.137
  Slack (ns):              0.072
  Arrival (ns):            3.748
  Required (ns):           3.676
  Operating Conditions: fast_hv_lt

Path 93
  From: DDR3_0_0/MSC_i_0/MSC_i_1/MSC_i_4/MSC_i_224/data_shifter_gen[1].data_shifter[1][65]:CLK
  To:   DDR3_0_0/DDRPHY_BLK_0/IOD_TRAINING_0/COREDDR_TIP_INT_U/TIP_CTRL_BLK/PHY_SIG_MOD/iog_dq_txdata_in_reg[77]:D
  Delay (ns):              0.137
  Slack (ns):              0.072
  Arrival (ns):            3.748
  Required (ns):           3.676
  Operating Conditions: fast_hv_lt

Path 94
  From: DDR3_0_0/MSC_i_0/MSC_i_1/MSC_i_4/MSC_i_224/data_shifter_gen[1].data_shifter[1][76]:CLK
  To:   DDR3_0_0/DDRPHY_BLK_0/IOD_TRAINING_0/COREDDR_TIP_INT_U/TIP_CTRL_BLK/PHY_SIG_MOD/iog_dq_txdata_in_reg[34]:D
  Delay (ns):              0.139
  Slack (ns):              0.072
  Arrival (ns):            3.746
  Required (ns):           3.674
  Operating Conditions: fast_hv_lt

Path 95
  From: DDR3_0_0/MSC_i_0/MSC_i_1/MSC_i_4/MSC_i_8/MSC_i_72/MSC_i_73/gen_dc_level.rd_addr[10]:CLK
  To:   DDR3_0_0/MSC_i_0/MSC_i_1/MSC_i_4/MSC_i_8/MSC_i_72/MSC_i_73/MSC_i_89/din_gray_r[10]:D
  Delay (ns):              0.140
  Slack (ns):              0.072
  Arrival (ns):            3.769
  Required (ns):           3.697
  Operating Conditions: fast_hv_lt

Path 96
  From: DDR3_0_0/MSC_i_0/MSC_i_1/MSC_i_4/MSC_i_8/cmd_fifo_wr_data_reg2[6]:CLK
  To:   DDR3_0_0/MSC_i_0/MSC_i_1/MSC_i_4/MSC_i_8/cmd_fifo_wr_data_reg3[6]:D
  Delay (ns):              0.137
  Slack (ns):              0.072
  Arrival (ns):            3.749
  Required (ns):           3.677
  Operating Conditions: fast_hv_lt

Path 97
  From: DDR3_0_0/MSC_i_0/MSC_i_1/MSC_i_4/MSC_i_8/wr_data_delay_fifo_rd_data_reg[48]:CLK
  To:   DDR3_0_0/MSC_i_0/MSC_i_1/MSC_i_4/MSC_i_8/wr_data_packed[112]:D
  Delay (ns):              0.137
  Slack (ns):              0.072
  Arrival (ns):            3.759
  Required (ns):           3.687
  Operating Conditions: fast_hv_lt

Path 98
  From: DDR3_0_0/MSC_i_0/MSC_i_1/MSC_i_4/MSC_i_8/wr_data_packed[132]:CLK
  To:   DDR3_0_0/MSC_i_0/MSC_i_1/MSC_i_4/MSC_i_8/wr_data_fifo_wr_data[132]:D
  Delay (ns):              0.137
  Slack (ns):              0.072
  Arrival (ns):            3.739
  Required (ns):           3.667
  Operating Conditions: fast_hv_lt

Path 99
  From: MiV_AXI_0/MiV_AXI_0/ChiselTop0/debug_1/dmInner/dmiXing/MIV_RV32IMA_L1_AXI_ASYNC_QUEUE_SINK/widx_gray/sync_2/reg_0/q:CLK
  To:   MiV_AXI_0/MiV_AXI_0/ChiselTop0/debug_1/dmInner/dmiXing/MIV_RV32IMA_L1_AXI_ASYNC_QUEUE_SINK/widx_gray/sync_1/reg_0/q:D
  Delay (ns):              0.136
  Slack (ns):              0.072
  Arrival (ns):            1.896
  Required (ns):           1.824
  Operating Conditions: fast_hv_lt

Path 100
  From: AXI4_Interconnect_0/AXI4_Interconnect_0/SlvConvertor_loop[2].slvcnv/rgsl/genblk4.wrs/sDat[41]:CLK
  To:   AXI4_Interconnect_0/AXI4_Interconnect_0/SlvConvertor_loop[2].slvcnv/slvProtConv/genblk1.u_AXI3ProtConv/SlvPCWr/wrDataFif/genblk1.DPRam/mem_mem_0_2/RAM64x12_PHYS_0/INST_RAM64x12_IP:W_DATA[8]
  Delay (ns):              0.283
  Slack (ns):              0.073
  Arrival (ns):            2.051
  Required (ns):           1.978
  Operating Conditions: fast_hv_lt

