Timing Violation Report Max Delay Analysis

SmartTime Version v12.3
Microsemi Corporation - Microsemi Libero Software Release v12.3 (Version 12.800.0.16)
Date: Thu Mar 12 20:24:46 2020


Design: top
Family: PolarFire
Die: MPF300TS
Package: FCG1152
Temperature Range: -40 - 100 C
Voltage Range: 0.97 - 1.03 V
Speed Grade: -1
Design State: Post-Layout
Data source: Production
Multi Corner Report Operating Conditions: slow_lv_ht, slow_lv_lt, fast_hv_lt
Scenario for Timing Analysis: timing_analysis


Path 1
  From: MiV_AXI_0/MiV_AXI_0/ChiselTop0/tile/core/div/remainder[12]:CLK
  To:   MiV_AXI_0/MiV_AXI_0/ChiselTop0/tile/core/div/remainder_tmr3[59]:D
  Delay (ns):              7.855
  Slack (ns):              1.124
  Arrival (ns):           11.106
  Required (ns):          12.230
  Operating Conditions: slow_lv_lt

Path 2
  From: MiV_AXI_0/MiV_AXI_0/ChiselTop0/tile/core/div/remainder[12]:CLK
  To:   MiV_AXI_0/MiV_AXI_0/ChiselTop0/tile/core/div/remainder[59]:D
  Delay (ns):              7.839
  Slack (ns):              1.140
  Arrival (ns):           11.090
  Required (ns):          12.230
  Operating Conditions: slow_lv_lt

Path 3
  From: MiV_AXI_0/MiV_AXI_0/ChiselTop0/tile/core/div/remainder[12]:CLK
  To:   MiV_AXI_0/MiV_AXI_0/ChiselTop0/tile/core/div/remainder_tmr3[61]:D
  Delay (ns):              7.689
  Slack (ns):              1.200
  Arrival (ns):           10.940
  Required (ns):          12.140
  Operating Conditions: slow_lv_lt

Path 4
  From: MiV_AXI_0/MiV_AXI_0/ChiselTop0/tile/core/div/remainder[12]:CLK
  To:   MiV_AXI_0/MiV_AXI_0/ChiselTop0/tile/core/div/remainder[61]:D
  Delay (ns):              7.689
  Slack (ns):              1.201
  Arrival (ns):           10.940
  Required (ns):          12.141
  Operating Conditions: slow_lv_lt

Path 5
  From: MiV_AXI_0/MiV_AXI_0/ChiselTop0/tile/core/div/remainder[12]:CLK
  To:   MiV_AXI_0/MiV_AXI_0/ChiselTop0/tile/core/div/remainder_tmr2[59]:D
  Delay (ns):              7.759
  Slack (ns):              1.220
  Arrival (ns):           11.010
  Required (ns):          12.230
  Operating Conditions: slow_lv_lt

Path 6
  From: MiV_AXI_0/MiV_AXI_0/ChiselTop0/tile/core/div/remainder[12]:CLK
  To:   MiV_AXI_0/MiV_AXI_0/ChiselTop0/tile/core/div/remainder[64]:D
  Delay (ns):              7.693
  Slack (ns):              1.285
  Arrival (ns):           10.944
  Required (ns):          12.229
  Operating Conditions: slow_lv_lt

Path 7
  From: MiV_AXI_0/MiV_AXI_0/ChiselTop0/tile/core/div/remainder[12]:CLK
  To:   MiV_AXI_0/MiV_AXI_0/ChiselTop0/tile/core/div/remainder_tmr2[64]:D
  Delay (ns):              7.692
  Slack (ns):              1.287
  Arrival (ns):           10.943
  Required (ns):          12.230
  Operating Conditions: slow_lv_lt

Path 8
  From: MiV_AXI_0/MiV_AXI_0/ChiselTop0/tile/core/div/remainder[12]:CLK
  To:   MiV_AXI_0/MiV_AXI_0/ChiselTop0/tile/core/div/remainder[63]:D
  Delay (ns):              7.692
  Slack (ns):              1.291
  Arrival (ns):           10.943
  Required (ns):          12.234
  Operating Conditions: slow_lv_lt

Path 9
  From: MiV_AXI_0/MiV_AXI_0/ChiselTop0/tile/core/div/remainder[12]:CLK
  To:   MiV_AXI_0/MiV_AXI_0/ChiselTop0/tile/core/div/remainder_tmr2[61]:D
  Delay (ns):              7.599
  Slack (ns):              1.291
  Arrival (ns):           10.850
  Required (ns):          12.141
  Operating Conditions: slow_lv_lt

Path 10
  From: MiV_AXI_0/MiV_AXI_0/ChiselTop0/tile/core/div/remainder[12]:CLK
  To:   MiV_AXI_0/MiV_AXI_0/ChiselTop0/tile/core/div/remainder_tmr3[65]:D
  Delay (ns):              7.598
  Slack (ns):              1.293
  Arrival (ns):           10.849
  Required (ns):          12.142
  Operating Conditions: slow_lv_lt

Path 11
  From: MiV_AXI_0/MiV_AXI_0/ChiselTop0/tile/core/div/remainder[12]:CLK
  To:   MiV_AXI_0/MiV_AXI_0/ChiselTop0/tile/core/div/remainder[55]:D
  Delay (ns):              7.594
  Slack (ns):              1.296
  Arrival (ns):           10.845
  Required (ns):          12.141
  Operating Conditions: slow_lv_lt

Path 12
  From: MiV_AXI_0/MiV_AXI_0/ChiselTop0/tile/core/div/remainder[12]:CLK
  To:   MiV_AXI_0/MiV_AXI_0/ChiselTop0/tile/core/div/remainder_tmr3[55]:D
  Delay (ns):              7.594
  Slack (ns):              1.297
  Arrival (ns):           10.845
  Required (ns):          12.142
  Operating Conditions: slow_lv_lt

Path 13
  From: MiV_AXI_0/MiV_AXI_0/ChiselTop0/tile/core/div/remainder_tmr2[12]:CLK
  To:   MiV_AXI_0/MiV_AXI_0/ChiselTop0/tile/core/div/remainder_tmr3[59]:D
  Delay (ns):              7.672
  Slack (ns):              1.307
  Arrival (ns):           10.923
  Required (ns):          12.230
  Operating Conditions: slow_lv_lt

Path 14
  From: MiV_AXI_0/MiV_AXI_0/ChiselTop0/tile/core/div/remainder[1]:CLK
  To:   MiV_AXI_0/MiV_AXI_0/ChiselTop0/tile/core/div/remainder_tmr3[59]:D
  Delay (ns):              7.664
  Slack (ns):              1.315
  Arrival (ns):           10.915
  Required (ns):          12.230
  Operating Conditions: slow_lv_lt

Path 15
  From: MiV_AXI_0/MiV_AXI_0/ChiselTop0/tile/core/div/remainder_tmr2[12]:CLK
  To:   MiV_AXI_0/MiV_AXI_0/ChiselTop0/tile/core/div/remainder[59]:D
  Delay (ns):              7.656
  Slack (ns):              1.323
  Arrival (ns):           10.907
  Required (ns):          12.230
  Operating Conditions: slow_lv_lt

Path 16
  From: MiV_AXI_0/MiV_AXI_0/ChiselTop0/tile/core/div/remainder[1]:CLK
  To:   MiV_AXI_0/MiV_AXI_0/ChiselTop0/tile/core/div/remainder[59]:D
  Delay (ns):              7.648
  Slack (ns):              1.331
  Arrival (ns):           10.899
  Required (ns):          12.230
  Operating Conditions: slow_lv_lt

Path 17
  From: MiV_AXI_0/MiV_AXI_0/ChiselTop0/tile/core/div/remainder_tmr3[12]:CLK
  To:   MiV_AXI_0/MiV_AXI_0/ChiselTop0/tile/core/div/remainder_tmr3[59]:D
  Delay (ns):              7.639
  Slack (ns):              1.340
  Arrival (ns):           10.890
  Required (ns):          12.230
  Operating Conditions: slow_lv_lt

Path 18
  From: MiV_AXI_0/MiV_AXI_0/ChiselTop0/tile/core/div/remainder[12]:CLK
  To:   MiV_AXI_0/MiV_AXI_0/ChiselTop0/tile/core/div/remainder[60]:D
  Delay (ns):              7.542
  Slack (ns):              1.348
  Arrival (ns):           10.793
  Required (ns):          12.141
  Operating Conditions: slow_lv_lt

Path 19
  From: MiV_AXI_0/MiV_AXI_0/ChiselTop0/tile/core/div/remainder[12]:CLK
  To:   MiV_AXI_0/MiV_AXI_0/ChiselTop0/tile/core/div/remainder_tmr2[60]:D
  Delay (ns):              7.541
  Slack (ns):              1.348
  Arrival (ns):           10.792
  Required (ns):          12.140
  Operating Conditions: slow_lv_lt

Path 20
  From: MiV_AXI_0/MiV_AXI_0/ChiselTop0/tile/core/div/remainder_tmr3[12]:CLK
  To:   MiV_AXI_0/MiV_AXI_0/ChiselTop0/tile/core/div/remainder[59]:D
  Delay (ns):              7.623
  Slack (ns):              1.356
  Arrival (ns):           10.874
  Required (ns):          12.230
  Operating Conditions: slow_lv_lt

Path 21
  From: MiV_AXI_0/MiV_AXI_0/ChiselTop0/tile/core/div/remainder[12]:CLK
  To:   MiV_AXI_0/MiV_AXI_0/ChiselTop0/tile/core/div/remainder[56]:D
  Delay (ns):              7.532
  Slack (ns):              1.357
  Arrival (ns):           10.783
  Required (ns):          12.140
  Operating Conditions: slow_lv_lt

Path 22
  From: MiV_AXI_0/MiV_AXI_0/ChiselTop0/tile/core/div/remainder[12]:CLK
  To:   MiV_AXI_0/MiV_AXI_0/ChiselTop0/tile/core/div/remainder_tmr2[57]:D
  Delay (ns):              7.533
  Slack (ns):              1.358
  Arrival (ns):           10.784
  Required (ns):          12.142
  Operating Conditions: slow_lv_lt

Path 23
  From: MiV_AXI_0/MiV_AXI_0/ChiselTop0/tile/core/div/remainder[12]:CLK
  To:   MiV_AXI_0/MiV_AXI_0/ChiselTop0/tile/core/div/remainder_tmr3[57]:D
  Delay (ns):              7.532
  Slack (ns):              1.359
  Arrival (ns):           10.783
  Required (ns):          12.142
  Operating Conditions: slow_lv_lt

Path 24
  From: MiV_AXI_0/MiV_AXI_0/ChiselTop0/tile/core/div/remainder_tmr3[8]:CLK
  To:   MiV_AXI_0/MiV_AXI_0/ChiselTop0/tile/core/div/remainder_tmr3[59]:D
  Delay (ns):              7.610
  Slack (ns):              1.367
  Arrival (ns):           10.863
  Required (ns):          12.230
  Operating Conditions: slow_lv_lt

Path 25
  From: MiV_AXI_0/MiV_AXI_0/ChiselTop0/tile/core/div/remainder[12]:CLK
  To:   MiV_AXI_0/MiV_AXI_0/ChiselTop0/tile/core/div/remainder_tmr2[56]:D
  Delay (ns):              7.517
  Slack (ns):              1.372
  Arrival (ns):           10.768
  Required (ns):          12.140
  Operating Conditions: slow_lv_lt

Path 26
  From: MiV_AXI_0/MiV_AXI_0/ChiselTop0/tile/core/div/remainder[12]:CLK
  To:   MiV_AXI_0/MiV_AXI_0/ChiselTop0/tile/core/div/remainder_tmr3[64]:D
  Delay (ns):              7.598
  Slack (ns):              1.381
  Arrival (ns):           10.849
  Required (ns):          12.230
  Operating Conditions: slow_lv_lt

Path 27
  From: MiV_AXI_0/MiV_AXI_0/ChiselTop0/tile/core/div/remainder_tmr2[12]:CLK
  To:   MiV_AXI_0/MiV_AXI_0/ChiselTop0/tile/core/div/remainder_tmr3[61]:D
  Delay (ns):              7.506
  Slack (ns):              1.383
  Arrival (ns):           10.757
  Required (ns):          12.140
  Operating Conditions: slow_lv_lt

Path 28
  From: MiV_AXI_0/MiV_AXI_0/ChiselTop0/tile/core/div/remainder_tmr3[8]:CLK
  To:   MiV_AXI_0/MiV_AXI_0/ChiselTop0/tile/core/div/remainder[59]:D
  Delay (ns):              7.594
  Slack (ns):              1.383
  Arrival (ns):           10.847
  Required (ns):          12.230
  Operating Conditions: slow_lv_lt

Path 29
  From: MiV_AXI_0/MiV_AXI_0/ChiselTop0/tile/core/div/remainder_tmr2[12]:CLK
  To:   MiV_AXI_0/MiV_AXI_0/ChiselTop0/tile/core/div/remainder[61]:D
  Delay (ns):              7.506
  Slack (ns):              1.384
  Arrival (ns):           10.757
  Required (ns):          12.141
  Operating Conditions: slow_lv_lt

Path 30
  From: MiV_AXI_0/MiV_AXI_0/ChiselTop0/tile/core/div/remainder[12]:CLK
  To:   MiV_AXI_0/MiV_AXI_0/ChiselTop0/tile/core/div/remainder_tmr2[55]:D
  Delay (ns):              7.504
  Slack (ns):              1.387
  Arrival (ns):           10.755
  Required (ns):          12.142
  Operating Conditions: slow_lv_lt

Path 31
  From: MiV_AXI_0/MiV_AXI_0/ChiselTop0/tile/core/div/remainder[1]:CLK
  To:   MiV_AXI_0/MiV_AXI_0/ChiselTop0/tile/core/div/remainder_tmr3[61]:D
  Delay (ns):              7.498
  Slack (ns):              1.391
  Arrival (ns):           10.749
  Required (ns):          12.140
  Operating Conditions: slow_lv_lt

Path 32
  From: MiV_AXI_0/MiV_AXI_0/ChiselTop0/tile/core/div/remainder[1]:CLK
  To:   MiV_AXI_0/MiV_AXI_0/ChiselTop0/tile/core/div/remainder[61]:D
  Delay (ns):              7.498
  Slack (ns):              1.392
  Arrival (ns):           10.749
  Required (ns):          12.141
  Operating Conditions: slow_lv_lt

Path 33
  From: MiV_AXI_0/MiV_AXI_0/ChiselTop0/tile/core/div/remainder_tmr2[1]:CLK
  To:   MiV_AXI_0/MiV_AXI_0/ChiselTop0/tile/core/div/remainder_tmr3[59]:D
  Delay (ns):              7.579
  Slack (ns):              1.400
  Arrival (ns):           10.830
  Required (ns):          12.230
  Operating Conditions: slow_lv_lt

Path 34
  From: MiV_AXI_0/MiV_AXI_0/ChiselTop0/tile/core/div/remainder_tmr2[12]:CLK
  To:   MiV_AXI_0/MiV_AXI_0/ChiselTop0/tile/core/div/remainder_tmr2[59]:D
  Delay (ns):              7.576
  Slack (ns):              1.403
  Arrival (ns):           10.827
  Required (ns):          12.230
  Operating Conditions: slow_lv_lt

Path 35
  From: MiV_AXI_0/MiV_AXI_0/ChiselTop0/tile/core/div/remainder[12]:CLK
  To:   MiV_AXI_0/MiV_AXI_0/ChiselTop0/tile/core/div/remainder_tmr2[63]:D
  Delay (ns):              7.578
  Slack (ns):              1.404
  Arrival (ns):           10.829
  Required (ns):          12.233
  Operating Conditions: slow_lv_lt

Path 36
  From: MiV_AXI_0/MiV_AXI_0/ChiselTop0/tile/core/div/remainder[12]:CLK
  To:   MiV_AXI_0/MiV_AXI_0/ChiselTop0/tile/core/div/remainder[62]:D
  Delay (ns):              7.480
  Slack (ns):              1.410
  Arrival (ns):           10.731
  Required (ns):          12.141
  Operating Conditions: slow_lv_lt

Path 37
  From: MiV_AXI_0/MiV_AXI_0/ChiselTop0/tile/core/div/remainder[1]:CLK
  To:   MiV_AXI_0/MiV_AXI_0/ChiselTop0/tile/core/div/remainder_tmr2[59]:D
  Delay (ns):              7.568
  Slack (ns):              1.411
  Arrival (ns):           10.819
  Required (ns):          12.230
  Operating Conditions: slow_lv_lt

Path 38
  From: MiV_AXI_0/MiV_AXI_0/ChiselTop0/tile/core/div/remainder[12]:CLK
  To:   MiV_AXI_0/MiV_AXI_0/ChiselTop0/tile/core/div/remainder_tmr3[62]:D
  Delay (ns):              7.474
  Slack (ns):              1.416
  Arrival (ns):           10.725
  Required (ns):          12.141
  Operating Conditions: slow_lv_lt

Path 39
  From: MiV_AXI_0/MiV_AXI_0/ChiselTop0/tile/core/div/remainder_tmr2[1]:CLK
  To:   MiV_AXI_0/MiV_AXI_0/ChiselTop0/tile/core/div/remainder[59]:D
  Delay (ns):              7.563
  Slack (ns):              1.416
  Arrival (ns):           10.814
  Required (ns):          12.230
  Operating Conditions: slow_lv_lt

Path 40
  From: MiV_AXI_0/MiV_AXI_0/ChiselTop0/tile/core/div/remainder_tmr3[12]:CLK
  To:   MiV_AXI_0/MiV_AXI_0/ChiselTop0/tile/core/div/remainder_tmr3[61]:D
  Delay (ns):              7.473
  Slack (ns):              1.416
  Arrival (ns):           10.724
  Required (ns):          12.140
  Operating Conditions: slow_lv_lt

Path 41
  From: MiV_AXI_0/MiV_AXI_0/ChiselTop0/tile/core/div/remainder_tmr3[12]:CLK
  To:   MiV_AXI_0/MiV_AXI_0/ChiselTop0/tile/core/div/remainder[61]:D
  Delay (ns):              7.473
  Slack (ns):              1.417
  Arrival (ns):           10.724
  Required (ns):          12.141
  Operating Conditions: slow_lv_lt

Path 42
  From: MiV_AXI_0/MiV_AXI_0/ChiselTop0/tile/core/div/remainder_tmr3[10]:CLK
  To:   MiV_AXI_0/MiV_AXI_0/ChiselTop0/tile/core/div/remainder_tmr3[59]:D
  Delay (ns):              7.563
  Slack (ns):              1.419
  Arrival (ns):           10.940
  Required (ns):          12.359
  Operating Conditions: slow_lv_ht

Path 43
  From: MiV_AXI_0/MiV_AXI_0/ChiselTop0/tile/core/div/remainder_tmr3[12]:CLK
  To:   MiV_AXI_0/MiV_AXI_0/ChiselTop0/tile/core/div/remainder_tmr2[59]:D
  Delay (ns):              7.543
  Slack (ns):              1.436
  Arrival (ns):           10.794
  Required (ns):          12.230
  Operating Conditions: slow_lv_lt

Path 44
  From: MiV_AXI_0/MiV_AXI_0/ChiselTop0/tile/core/div/remainder[12]:CLK
  To:   MiV_AXI_0/MiV_AXI_0/ChiselTop0/tile/core/div/remainder_tmr3[60]:D
  Delay (ns):              7.450
  Slack (ns):              1.439
  Arrival (ns):           10.701
  Required (ns):          12.140
  Operating Conditions: slow_lv_lt

Path 45
  From: MiV_AXI_0/MiV_AXI_0/ChiselTop0/tile/core/div/remainder[15]:CLK
  To:   MiV_AXI_0/MiV_AXI_0/ChiselTop0/tile/core/div/remainder_tmr3[59]:D
  Delay (ns):              7.534
  Slack (ns):              1.442
  Arrival (ns):           10.788
  Required (ns):          12.230
  Operating Conditions: slow_lv_lt

Path 46
  From: MiV_AXI_0/MiV_AXI_0/ChiselTop0/tile/core/div/remainder_tmr3[10]:CLK
  To:   MiV_AXI_0/MiV_AXI_0/ChiselTop0/tile/core/div/remainder[59]:D
  Delay (ns):              7.540
  Slack (ns):              1.442
  Arrival (ns):           10.917
  Required (ns):          12.359
  Operating Conditions: slow_lv_ht

Path 47
  From: MiV_AXI_0/MiV_AXI_0/ChiselTop0/tile/core/div/remainder_tmr3[8]:CLK
  To:   MiV_AXI_0/MiV_AXI_0/ChiselTop0/tile/core/div/remainder_tmr3[61]:D
  Delay (ns):              7.444
  Slack (ns):              1.443
  Arrival (ns):           10.697
  Required (ns):          12.140
  Operating Conditions: slow_lv_lt

Path 48
  From: MiV_AXI_0/MiV_AXI_0/ChiselTop0/tile/core/div/remainder_tmr3[8]:CLK
  To:   MiV_AXI_0/MiV_AXI_0/ChiselTop0/tile/core/div/remainder[61]:D
  Delay (ns):              7.444
  Slack (ns):              1.444
  Arrival (ns):           10.697
  Required (ns):          12.141
  Operating Conditions: slow_lv_lt

Path 49
  From: MiV_AXI_0/MiV_AXI_0/ChiselTop0/tile/core/div/remainder_tmr3[1]:CLK
  To:   MiV_AXI_0/MiV_AXI_0/ChiselTop0/tile/core/div/remainder_tmr3[59]:D
  Delay (ns):              7.534
  Slack (ns):              1.445
  Arrival (ns):           10.785
  Required (ns):          12.230
  Operating Conditions: slow_lv_lt

Path 50
  From: MiV_AXI_0/MiV_AXI_0/ChiselTop0/tile/core/div/remainder[12]:CLK
  To:   MiV_AXI_0/MiV_AXI_0/ChiselTop0/tile/core/div/remainder_tmr3[56]:D
  Delay (ns):              7.442
  Slack (ns):              1.447
  Arrival (ns):           10.693
  Required (ns):          12.140
  Operating Conditions: slow_lv_lt

Path 51
  From: MiV_AXI_0/MiV_AXI_0/ChiselTop0/tile/core/div/remainder_tmr2[8]:CLK
  To:   MiV_AXI_0/MiV_AXI_0/ChiselTop0/tile/core/div/remainder_tmr3[59]:D
  Delay (ns):              7.529
  Slack (ns):              1.448
  Arrival (ns):           10.782
  Required (ns):          12.230
  Operating Conditions: slow_lv_lt

Path 52
  From: MiV_AXI_0/MiV_AXI_0/ChiselTop0/tile/core/div/remainder[12]:CLK
  To:   MiV_AXI_0/MiV_AXI_0/ChiselTop0/tile/core/div/remainder[57]:D
  Delay (ns):              7.441
  Slack (ns):              1.450
  Arrival (ns):           10.692
  Required (ns):          12.142
  Operating Conditions: slow_lv_lt

Path 53
  From: MiV_AXI_0/MiV_AXI_0/ChiselTop0/tile/core/div/remainder[15]:CLK
  To:   MiV_AXI_0/MiV_AXI_0/ChiselTop0/tile/core/div/remainder[59]:D
  Delay (ns):              7.518
  Slack (ns):              1.458
  Arrival (ns):           10.772
  Required (ns):          12.230
  Operating Conditions: slow_lv_lt

Path 54
  From: MiV_AXI_0/MiV_AXI_0/ChiselTop0/tile/core/div/remainder_tmr3[1]:CLK
  To:   MiV_AXI_0/MiV_AXI_0/ChiselTop0/tile/core/div/remainder[59]:D
  Delay (ns):              7.518
  Slack (ns):              1.461
  Arrival (ns):           10.769
  Required (ns):          12.230
  Operating Conditions: slow_lv_lt

Path 55
  From: MiV_AXI_0/MiV_AXI_0/ChiselTop0/tile/core/div/remainder_tmr3[8]:CLK
  To:   MiV_AXI_0/MiV_AXI_0/ChiselTop0/tile/core/div/remainder_tmr2[59]:D
  Delay (ns):              7.514
  Slack (ns):              1.463
  Arrival (ns):           10.767
  Required (ns):          12.230
  Operating Conditions: slow_lv_lt

Path 56
  From: MiV_AXI_0/MiV_AXI_0/ChiselTop0/tile/core/div/remainder_tmr2[8]:CLK
  To:   MiV_AXI_0/MiV_AXI_0/ChiselTop0/tile/core/div/remainder[59]:D
  Delay (ns):              7.513
  Slack (ns):              1.464
  Arrival (ns):           10.766
  Required (ns):          12.230
  Operating Conditions: slow_lv_lt

Path 57
  From: MiV_AXI_0/MiV_AXI_0/ChiselTop0/tile/core/div/remainder[12]:CLK
  To:   MiV_AXI_0/MiV_AXI_0/ChiselTop0/tile/core/div/remainder_tmr3[53]:D
  Delay (ns):              7.426
  Slack (ns):              1.465
  Arrival (ns):           10.677
  Required (ns):          12.142
  Operating Conditions: slow_lv_lt

Path 58
  From: MiV_AXI_0/MiV_AXI_0/ChiselTop0/tile/core/div/remainder_tmr3[9]:CLK
  To:   MiV_AXI_0/MiV_AXI_0/ChiselTop0/tile/core/div/remainder_tmr3[59]:D
  Delay (ns):              7.515
  Slack (ns):              1.466
  Arrival (ns):           10.893
  Required (ns):          12.359
  Operating Conditions: slow_lv_ht

Path 59
  From: MiV_AXI_0/MiV_AXI_0/ChiselTop0/tile/core/div/remainder_tmr2[12]:CLK
  To:   MiV_AXI_0/MiV_AXI_0/ChiselTop0/tile/core/div/remainder[64]:D
  Delay (ns):              7.510
  Slack (ns):              1.468
  Arrival (ns):           10.761
  Required (ns):          12.229
  Operating Conditions: slow_lv_lt

Path 60
  From: MiV_AXI_0/MiV_AXI_0/ChiselTop0/tile/core/div/remainder_tmr2[12]:CLK
  To:   MiV_AXI_0/MiV_AXI_0/ChiselTop0/tile/core/div/remainder_tmr2[64]:D
  Delay (ns):              7.509
  Slack (ns):              1.470
  Arrival (ns):           10.760
  Required (ns):          12.230
  Operating Conditions: slow_lv_lt

Path 61
  From: MiV_AXI_0/MiV_AXI_0/ChiselTop0/tile/core/div/remainder[5]:CLK
  To:   MiV_AXI_0/MiV_AXI_0/ChiselTop0/tile/core/div/remainder_tmr3[59]:D
  Delay (ns):              7.507
  Slack (ns):              1.471
  Arrival (ns):           10.759
  Required (ns):          12.230
  Operating Conditions: slow_lv_lt

Path 62
  From: MiV_AXI_0/MiV_AXI_0/ChiselTop0/tile/core/div/remainder_tmr2[12]:CLK
  To:   MiV_AXI_0/MiV_AXI_0/ChiselTop0/tile/core/div/remainder_tmr2[61]:D
  Delay (ns):              7.416
  Slack (ns):              1.474
  Arrival (ns):           10.667
  Required (ns):          12.141
  Operating Conditions: slow_lv_lt

Path 63
  From: MiV_AXI_0/MiV_AXI_0/ChiselTop0/tile/core/div/remainder_tmr2[12]:CLK
  To:   MiV_AXI_0/MiV_AXI_0/ChiselTop0/tile/core/div/remainder[63]:D
  Delay (ns):              7.509
  Slack (ns):              1.474
  Arrival (ns):           10.760
  Required (ns):          12.234
  Operating Conditions: slow_lv_lt

Path 64
  From: MiV_AXI_0/MiV_AXI_0/ChiselTop0/tile/core/div/remainder[12]:CLK
  To:   MiV_AXI_0/MiV_AXI_0/ChiselTop0/tile/core/div/remainder_tmr2[53]:D
  Delay (ns):              7.416
  Slack (ns):              1.475
  Arrival (ns):           10.667
  Required (ns):          12.142
  Operating Conditions: slow_lv_lt

Path 65
  From: MiV_AXI_0/MiV_AXI_0/ChiselTop0/tile/core/div/remainder_tmr2[1]:CLK
  To:   MiV_AXI_0/MiV_AXI_0/ChiselTop0/tile/core/div/remainder_tmr3[61]:D
  Delay (ns):              7.413
  Slack (ns):              1.476
  Arrival (ns):           10.664
  Required (ns):          12.140
  Operating Conditions: slow_lv_lt

Path 66
  From: MiV_AXI_0/MiV_AXI_0/ChiselTop0/tile/core/div/remainder_tmr2[12]:CLK
  To:   MiV_AXI_0/MiV_AXI_0/ChiselTop0/tile/core/div/remainder_tmr3[65]:D
  Delay (ns):              7.415
  Slack (ns):              1.476
  Arrival (ns):           10.666
  Required (ns):          12.142
  Operating Conditions: slow_lv_lt

Path 67
  From: MiV_AXI_0/MiV_AXI_0/ChiselTop0/tile/core/div/remainder[12]:CLK
  To:   MiV_AXI_0/MiV_AXI_0/ChiselTop0/tile/core/div/remainder_tmr3[50]:D
  Delay (ns):              7.503
  Slack (ns):              1.476
  Arrival (ns):           10.754
  Required (ns):          12.230
  Operating Conditions: slow_lv_lt

Path 68
  From: MiV_AXI_0/MiV_AXI_0/ChiselTop0/tile/core/div/remainder[1]:CLK
  To:   MiV_AXI_0/MiV_AXI_0/ChiselTop0/tile/core/div/remainder[64]:D
  Delay (ns):              7.502
  Slack (ns):              1.476
  Arrival (ns):           10.753
  Required (ns):          12.229
  Operating Conditions: slow_lv_lt

Path 69
  From: MiV_AXI_0/MiV_AXI_0/ChiselTop0/tile/core/div/remainder_tmr2[1]:CLK
  To:   MiV_AXI_0/MiV_AXI_0/ChiselTop0/tile/core/div/remainder[61]:D
  Delay (ns):              7.413
  Slack (ns):              1.477
  Arrival (ns):           10.664
  Required (ns):          12.141
  Operating Conditions: slow_lv_lt

Path 70
  From: MiV_AXI_0/MiV_AXI_0/ChiselTop0/tile/core/div/remainder[12]:CLK
  To:   MiV_AXI_0/MiV_AXI_0/ChiselTop0/tile/core/div/remainder[50]:D
  Delay (ns):              7.502
  Slack (ns):              1.477
  Arrival (ns):           10.753
  Required (ns):          12.230
  Operating Conditions: slow_lv_lt

Path 71
  From: MiV_AXI_0/MiV_AXI_0/ChiselTop0/tile/core/div/remainder[1]:CLK
  To:   MiV_AXI_0/MiV_AXI_0/ChiselTop0/tile/core/div/remainder_tmr2[64]:D
  Delay (ns):              7.501
  Slack (ns):              1.478
  Arrival (ns):           10.752
  Required (ns):          12.230
  Operating Conditions: slow_lv_lt

Path 72
  From: MiV_AXI_0/MiV_AXI_0/ChiselTop0/tile/core/div/remainder_tmr2[12]:CLK
  To:   MiV_AXI_0/MiV_AXI_0/ChiselTop0/tile/core/div/remainder[55]:D
  Delay (ns):              7.411
  Slack (ns):              1.479
  Arrival (ns):           10.662
  Required (ns):          12.141
  Operating Conditions: slow_lv_lt

Path 73
  From: MiV_AXI_0/MiV_AXI_0/ChiselTop0/tile/core/div/remainder[9]:CLK
  To:   MiV_AXI_0/MiV_AXI_0/ChiselTop0/tile/core/div/remainder_tmr3[59]:D
  Delay (ns):              7.505
  Slack (ns):              1.479
  Arrival (ns):           10.737
  Required (ns):          12.216
  Operating Conditions: slow_lv_lt

Path 74
  From: MiV_AXI_0/MiV_AXI_0/ChiselTop0/tile/core/div/remainder[12]:CLK
  To:   MiV_AXI_0/MiV_AXI_0/ChiselTop0/tile/core/div/remainder_tmr3[63]:D
  Delay (ns):              7.504
  Slack (ns):              1.479
  Arrival (ns):           10.755
  Required (ns):          12.234
  Operating Conditions: slow_lv_lt

Path 75
  From: MiV_AXI_0/MiV_AXI_0/ChiselTop0/tile/core/div/remainder_tmr2[12]:CLK
  To:   MiV_AXI_0/MiV_AXI_0/ChiselTop0/tile/core/div/remainder_tmr3[55]:D
  Delay (ns):              7.411
  Slack (ns):              1.480
  Arrival (ns):           10.662
  Required (ns):          12.142
  Operating Conditions: slow_lv_lt

Path 76
  From: MiV_AXI_0/MiV_AXI_0/ChiselTop0/tile/core/div/remainder[12]:CLK
  To:   MiV_AXI_0/MiV_AXI_0/ChiselTop0/tile/core/div/remainder[49]:D
  Delay (ns):              7.408
  Slack (ns):              1.482
  Arrival (ns):           10.659
  Required (ns):          12.141
  Operating Conditions: slow_lv_lt

Path 77
  From: MiV_AXI_0/MiV_AXI_0/ChiselTop0/tile/core/div/remainder[1]:CLK
  To:   MiV_AXI_0/MiV_AXI_0/ChiselTop0/tile/core/div/remainder_tmr2[61]:D
  Delay (ns):              7.408
  Slack (ns):              1.482
  Arrival (ns):           10.659
  Required (ns):          12.141
  Operating Conditions: slow_lv_lt

Path 78
  From: MiV_AXI_0/MiV_AXI_0/ChiselTop0/tile/core/div/remainder[1]:CLK
  To:   MiV_AXI_0/MiV_AXI_0/ChiselTop0/tile/core/div/remainder[63]:D
  Delay (ns):              7.501
  Slack (ns):              1.482
  Arrival (ns):           10.752
  Required (ns):          12.234
  Operating Conditions: slow_lv_lt

Path 79
  From: MiV_AXI_0/MiV_AXI_0/ChiselTop0/tile/core/div/remainder[1]:CLK
  To:   MiV_AXI_0/MiV_AXI_0/ChiselTop0/tile/core/div/remainder_tmr3[65]:D
  Delay (ns):              7.407
  Slack (ns):              1.484
  Arrival (ns):           10.658
  Required (ns):          12.142
  Operating Conditions: slow_lv_lt

Path 80
  From: MiV_AXI_0/MiV_AXI_0/ChiselTop0/tile/core/div/remainder[12]:CLK
  To:   MiV_AXI_0/MiV_AXI_0/ChiselTop0/tile/core/div/remainder_tmr3[49]:D
  Delay (ns):              7.404
  Slack (ns):              1.485
  Arrival (ns):           10.655
  Required (ns):          12.140
  Operating Conditions: slow_lv_lt

Path 81
  From: MiV_AXI_0/MiV_AXI_0/ChiselTop0/tile/core/div/remainder[1]:CLK
  To:   MiV_AXI_0/MiV_AXI_0/ChiselTop0/tile/core/div/remainder[55]:D
  Delay (ns):              7.405
  Slack (ns):              1.486
  Arrival (ns):           10.801
  Required (ns):          12.287
  Operating Conditions: slow_lv_ht

Path 82
  From: MiV_AXI_0/MiV_AXI_0/ChiselTop0/tile/core/div/remainder[1]:CLK
  To:   MiV_AXI_0/MiV_AXI_0/ChiselTop0/tile/core/div/remainder_tmr3[55]:D
  Delay (ns):              7.405
  Slack (ns):              1.486
  Arrival (ns):           10.801
  Required (ns):          12.287
  Operating Conditions: slow_lv_ht

Path 83
  From: MiV_AXI_0/MiV_AXI_0/ChiselTop0/tile/core/div/remainder[5]:CLK
  To:   MiV_AXI_0/MiV_AXI_0/ChiselTop0/tile/core/div/remainder[59]:D
  Delay (ns):              7.491
  Slack (ns):              1.487
  Arrival (ns):           10.743
  Required (ns):          12.230
  Operating Conditions: slow_lv_lt

Path 84
  From: MiV_AXI_0/MiV_AXI_0/ChiselTop0/tile/core/div/remainder[12]:CLK
  To:   MiV_AXI_0/MiV_AXI_0/ChiselTop0/tile/core/div/remainder_tmr2[62]:D
  Delay (ns):              7.402
  Slack (ns):              1.488
  Arrival (ns):           10.653
  Required (ns):          12.141
  Operating Conditions: slow_lv_lt

Path 85
  From: MiV_AXI_0/MiV_AXI_0/ChiselTop0/tile/core/div/remainder[8]:CLK
  To:   MiV_AXI_0/MiV_AXI_0/ChiselTop0/tile/core/div/remainder_tmr3[59]:D
  Delay (ns):              7.487
  Slack (ns):              1.489
  Arrival (ns):           10.741
  Required (ns):          12.230
  Operating Conditions: slow_lv_lt

Path 86
  From: MiV_AXI_0/MiV_AXI_0/ChiselTop0/tile/core/div/remainder_tmr3[9]:CLK
  To:   MiV_AXI_0/MiV_AXI_0/ChiselTop0/tile/core/div/remainder[59]:D
  Delay (ns):              7.492
  Slack (ns):              1.489
  Arrival (ns):           10.870
  Required (ns):          12.359
  Operating Conditions: slow_lv_ht

Path 87
  From: MiV_AXI_0/MiV_AXI_0/ChiselTop0/tile/core/div/remainder[9]:CLK
  To:   MiV_AXI_0/MiV_AXI_0/ChiselTop0/tile/core/div/remainder[59]:D
  Delay (ns):              7.489
  Slack (ns):              1.495
  Arrival (ns):           10.721
  Required (ns):          12.216
  Operating Conditions: slow_lv_lt

Path 88
  From: MiV_AXI_0/MiV_AXI_0/ChiselTop0/tile/core/div/remainder[10]:CLK
  To:   MiV_AXI_0/MiV_AXI_0/ChiselTop0/tile/core/div/remainder_tmr3[59]:D
  Delay (ns):              7.486
  Slack (ns):              1.495
  Arrival (ns):           10.864
  Required (ns):          12.359
  Operating Conditions: slow_lv_ht

Path 89
  From: MiV_AXI_0/MiV_AXI_0/ChiselTop0/tile/core/div/remainder_tmr2[1]:CLK
  To:   MiV_AXI_0/MiV_AXI_0/ChiselTop0/tile/core/div/remainder_tmr2[59]:D
  Delay (ns):              7.483
  Slack (ns):              1.496
  Arrival (ns):           10.734
  Required (ns):          12.230
  Operating Conditions: slow_lv_lt

Path 90
  From: MiV_AXI_0/MiV_AXI_0/ChiselTop0/tile/core/div/divisor_tmr2[2]:CLK
  To:   MiV_AXI_0/MiV_AXI_0/ChiselTop0/tile/core/div/remainder_tmr3[59]:D
  Delay (ns):              7.425
  Slack (ns):              1.497
  Arrival (ns):           10.668
  Required (ns):          12.165
  Operating Conditions: slow_lv_lt

Path 91
  From: MiV_AXI_0/MiV_AXI_0/ChiselTop0/tile/core/div/remainder[12]:CLK
  To:   MiV_AXI_0/MiV_AXI_0/ChiselTop0/tile/core/div/remainder_tmr2[58]:D
  Delay (ns):              7.400
  Slack (ns):              1.498
  Arrival (ns):           10.651
  Required (ns):          12.149
  Operating Conditions: slow_lv_lt

Path 92
  From: MiV_AXI_0/MiV_AXI_0/ChiselTop0/tile/core/div/remainder[12]:CLK
  To:   MiV_AXI_0/MiV_AXI_0/ChiselTop0/tile/core/div/remainder_tmr3[58]:D
  Delay (ns):              7.399
  Slack (ns):              1.499
  Arrival (ns):           10.650
  Required (ns):          12.149
  Operating Conditions: slow_lv_lt

Path 93
  From: MiV_AXI_0/MiV_AXI_0/ChiselTop0/tile/core/div/divisor_tmr3[2]:CLK
  To:   MiV_AXI_0/MiV_AXI_0/ChiselTop0/tile/core/div/remainder_tmr3[59]:D
  Delay (ns):              7.422
  Slack (ns):              1.500
  Arrival (ns):           10.665
  Required (ns):          12.165
  Operating Conditions: slow_lv_lt

Path 94
  From: MiV_AXI_0/MiV_AXI_0/ChiselTop0/tile/core/div/remainder_tmr2[9]:CLK
  To:   MiV_AXI_0/MiV_AXI_0/ChiselTop0/tile/core/div/remainder_tmr3[59]:D
  Delay (ns):              7.481
  Slack (ns):              1.500
  Arrival (ns):           10.859
  Required (ns):          12.359
  Operating Conditions: slow_lv_ht

Path 95
  From: MiV_AXI_0/MiV_AXI_0/ChiselTop0/tile/core/div/remainder[12]:CLK
  To:   MiV_AXI_0/MiV_AXI_0/ChiselTop0/tile/core/div/remainder_tmr3[54]:D
  Delay (ns):              7.389
  Slack (ns):              1.501
  Arrival (ns):           10.640
  Required (ns):          12.141
  Operating Conditions: slow_lv_lt

Path 96
  From: MiV_AXI_0/MiV_AXI_0/ChiselTop0/tile/core/div/remainder_tmr3[12]:CLK
  To:   MiV_AXI_0/MiV_AXI_0/ChiselTop0/tile/core/div/remainder[64]:D
  Delay (ns):              7.477
  Slack (ns):              1.501
  Arrival (ns):           10.728
  Required (ns):          12.229
  Operating Conditions: slow_lv_lt

Path 97
  From: MiV_AXI_0/MiV_AXI_0/ChiselTop0/tile/core/div/remainder[12]:CLK
  To:   MiV_AXI_0/MiV_AXI_0/ChiselTop0/tile/core/div/remainder[54]:D
  Delay (ns):              7.389
  Slack (ns):              1.501
  Arrival (ns):           10.640
  Required (ns):          12.141
  Operating Conditions: slow_lv_lt

Path 98
  From: MiV_AXI_0/MiV_AXI_0/ChiselTop0/tile/core/div/remainder_tmr3[12]:CLK
  To:   MiV_AXI_0/MiV_AXI_0/ChiselTop0/tile/core/div/remainder_tmr2[64]:D
  Delay (ns):              7.476
  Slack (ns):              1.503
  Arrival (ns):           10.727
  Required (ns):          12.230
  Operating Conditions: slow_lv_lt

Path 99
  From: DDR3_0_0/MSC_i_0/MSC_i_1/MSC_i_4/MSC_i_136/MSC_i_137/MSC_i_147/pending_cmd_tmr2:CLK
  To:   DDR3_0_0/MSC_i_0/MSC_i_1/MSC_i_4/MSC_i_195/read_count_early[7]:D
  Delay (ns):              4.399
  Slack (ns):              1.504
  Arrival (ns):           11.369
  Required (ns):          12.873
  Operating Conditions: slow_lv_ht

Path 100
  From: MiV_AXI_0/MiV_AXI_0/ChiselTop0/tile/core/div/remainder[8]:CLK
  To:   MiV_AXI_0/MiV_AXI_0/ChiselTop0/tile/core/div/remainder[59]:D
  Delay (ns):              7.471
  Slack (ns):              1.505
  Arrival (ns):           10.725
  Required (ns):          12.230
  Operating Conditions: slow_lv_lt

