Timing Violation Report Max Delay Analysis

SmartTime Version v12.3
Microsemi Corporation - Microsemi Libero Software Release v12.3 (Version 12.800.0.16)
Date: Mon Mar  2 18:08:53 2020


Design: top
Family: PolarFire
Die: MPF300TS
Package: FCG1152
Temperature Range: -40 - 100 C
Voltage Range: 1.0185 - 1.0815 V
Speed Grade: -1
Design State: Post-Layout
Data source: Production
Multi Corner Report Operating Conditions: slow_lv_ht, slow_lv_lt, fast_hv_lt
Scenario for Timing Analysis: timing_analysis


Path 1
  From: DDR3_0_0/MSC_i_0/MSC_i_1/MSC_i_224/MSC_i_225/cal_select:CLK
  To:   DDR3_0_0/MSC_i_0/MSC_i_1/MSC_i_4/MSC_i_212/MSC_i_213/MSC_i_214/fifo_rd_valid:D
  Delay (ns):              3.292
  Slack (ns):              2.632
  Arrival (ns):            9.762
  Required (ns):          12.394
  Operating Conditions: slow_lv_ht

Path 2
  From: DDR3_0_0/MSC_i_0/MSC_i_1/MSC_i_4/MSC_i_190/init_sm[2]:CLK
  To:   DDR3_0_0/MSC_i_0/MSC_i_1/MSC_i_4/MSC_i_190/MSC_i_191/precharge_ob[1]:D
  Delay (ns):              3.299
  Slack (ns):              2.657
  Arrival (ns):            9.781
  Required (ns):          12.438
  Operating Conditions: slow_lv_ht

Path 3
  From: DDR3_0_0/MSC_i_0/MSC_i_1/MSC_i_4/MSC_i_190/init_sm[2]:CLK
  To:   DDR3_0_0/MSC_i_0/MSC_i_1/MSC_i_4/MSC_i_190/MSC_i_191/precharge_cs[0]:D
  Delay (ns):              3.298
  Slack (ns):              2.659
  Arrival (ns):            9.780
  Required (ns):          12.439
  Operating Conditions: slow_lv_ht

Path 4
  From: DDR3_0_0/MSC_i_0/MSC_i_1/MSC_i_4/MSC_i_190/init_sm[2]:CLK
  To:   DDR3_0_0/MSC_i_0/MSC_i_1/MSC_i_4/MSC_i_190/MSC_i_191/precharge_ob[3]:D
  Delay (ns):              3.290
  Slack (ns):              2.667
  Arrival (ns):            9.772
  Required (ns):          12.439
  Operating Conditions: slow_lv_ht

Path 5
  From: DDR3_0_0/MSC_i_0/MSC_i_1/MSC_i_4/MSC_i_190/init_sm[4]:CLK
  To:   DDR3_0_0/MSC_i_0/MSC_i_1/MSC_i_4/MSC_i_190/MSC_i_191/precharge_ob[1]:D
  Delay (ns):              3.274
  Slack (ns):              2.682
  Arrival (ns):            9.756
  Required (ns):          12.438
  Operating Conditions: slow_lv_ht

Path 6
  From: DDR3_0_0/MSC_i_0/MSC_i_1/MSC_i_4/MSC_i_190/init_sm[4]:CLK
  To:   DDR3_0_0/MSC_i_0/MSC_i_1/MSC_i_4/MSC_i_190/MSC_i_191/precharge_cs[0]:D
  Delay (ns):              3.273
  Slack (ns):              2.684
  Arrival (ns):            9.755
  Required (ns):          12.439
  Operating Conditions: slow_lv_ht

Path 7
  From: DDR3_0_0/MSC_i_0/MSC_i_1/MSC_i_4/MSC_i_190/init_sm[4]:CLK
  To:   DDR3_0_0/MSC_i_0/MSC_i_1/MSC_i_4/MSC_i_190/MSC_i_191/precharge_ob[3]:D
  Delay (ns):              3.265
  Slack (ns):              2.692
  Arrival (ns):            9.747
  Required (ns):          12.439
  Operating Conditions: slow_lv_ht

Path 8
  From: DDR3_0_0/MSC_i_0/MSC_i_1/MSC_i_4/MSC_i_190/init_sm[2]:CLK
  To:   DDR3_0_0/MSC_i_0/MSC_i_1/MSC_i_4/MSC_i_190/MSC_i_191/precharge_ob[2]:D
  Delay (ns):              3.255
  Slack (ns):              2.702
  Arrival (ns):            9.737
  Required (ns):          12.439
  Operating Conditions: slow_lv_ht

Path 9
  From: DDR3_0_0/MSC_i_0/MSC_i_1/MSC_i_4/MSC_i_8/MSC_i_104/MSC_i_105/MSC_i_106/wr_ready:CLK
  To:   DDR3_0_0/MSC_i_0/MSC_i_1/MSC_i_4/MSC_i_8/MSC_i_104/MSC_i_105/gen_dc_level.ram_rd_valid_int:D
  Delay (ns):              3.185
  Slack (ns):              2.715
  Arrival (ns):            9.622
  Required (ns):          12.337
  Operating Conditions: slow_lv_ht

Path 10
  From: DDR3_0_0/MSC_i_0/MSC_i_1/MSC_i_4/MSC_i_190/init_sm[2]:CLK
  To:   DDR3_0_0/MSC_i_0/MSC_i_1/MSC_i_4/MSC_i_190/MSC_i_191/precharge_ob[0]:D
  Delay (ns):              3.241
  Slack (ns):              2.716
  Arrival (ns):            9.723
  Required (ns):          12.439
  Operating Conditions: slow_lv_ht

Path 11
  From: DDR3_0_0/MSC_i_0/MSC_i_1/MSC_i_4/MSC_i_190/init_sm[3]:CLK
  To:   DDR3_0_0/MSC_i_0/MSC_i_1/MSC_i_4/MSC_i_190/MSC_i_191/precharge_ob[1]:D
  Delay (ns):              3.238
  Slack (ns):              2.718
  Arrival (ns):            9.720
  Required (ns):          12.438
  Operating Conditions: slow_lv_ht

Path 12
  From: DDR3_0_0/MSC_i_0/MSC_i_1/MSC_i_4/MSC_i_190/init_sm[3]:CLK
  To:   DDR3_0_0/MSC_i_0/MSC_i_1/MSC_i_4/MSC_i_190/MSC_i_191/precharge_cs[0]:D
  Delay (ns):              3.237
  Slack (ns):              2.720
  Arrival (ns):            9.719
  Required (ns):          12.439
  Operating Conditions: slow_lv_ht

Path 13
  From: DDR3_0_0/MSC_i_0/MSC_i_1/MSC_i_4/MSC_i_8/awlen_r1[3]:CLK
  To:   DDR3_0_0/MSC_i_0/MSC_i_1/MSC_i_4/MSC_i_8/write_pack_sub_addr[2]:D
  Delay (ns):              3.203
  Slack (ns):              2.727
  Arrival (ns):            9.626
  Required (ns):          12.353
  Operating Conditions: slow_lv_ht

Path 14
  From: DDR3_0_0/MSC_i_0/MSC_i_1/MSC_i_4/MSC_i_190/init_sm[4]:CLK
  To:   DDR3_0_0/MSC_i_0/MSC_i_1/MSC_i_4/MSC_i_190/MSC_i_191/precharge_ob[2]:D
  Delay (ns):              3.230
  Slack (ns):              2.727
  Arrival (ns):            9.712
  Required (ns):          12.439
  Operating Conditions: slow_lv_ht

Path 15
  From: DDR3_0_0/MSC_i_0/MSC_i_1/MSC_i_4/MSC_i_190/init_sm[3]:CLK
  To:   DDR3_0_0/MSC_i_0/MSC_i_1/MSC_i_4/MSC_i_190/MSC_i_191/precharge_ob[3]:D
  Delay (ns):              3.229
  Slack (ns):              2.728
  Arrival (ns):            9.711
  Required (ns):          12.439
  Operating Conditions: slow_lv_ht

Path 16
  From: DDR3_0_0/MSC_i_0/MSC_i_1/MSC_i_4/MSC_i_8/MSC_i_72/MSC_i_103/mem_mem_0_2/INST_RAM1K20_IP:A_CLK
  To:   DDR3_0_0/MSC_i_0/MSC_i_1/MSC_i_4/MSC_i_8/MSC_i_72/MSC_i_73/MSC_i_74/d1[43]:D
  Delay (ns):              3.001
  Slack (ns):              2.734
  Arrival (ns):            9.596
  Required (ns):          12.330
  Operating Conditions: slow_lv_ht

Path 17
  From: DDR3_0_0/MSC_i_0/MSC_i_1/MSC_i_4/MSC_i_190/init_sm[5]:CLK
  To:   DDR3_0_0/MSC_i_0/MSC_i_1/MSC_i_4/MSC_i_190/MSC_i_191/precharge_ob[1]:D
  Delay (ns):              3.219
  Slack (ns):              2.737
  Arrival (ns):            9.701
  Required (ns):          12.438
  Operating Conditions: slow_lv_ht

Path 18
  From: DDR3_0_0/MSC_i_0/MSC_i_1/MSC_i_4/MSC_i_190/init_sm[5]:CLK
  To:   DDR3_0_0/MSC_i_0/MSC_i_1/MSC_i_4/MSC_i_190/MSC_i_191/precharge_cs[0]:D
  Delay (ns):              3.218
  Slack (ns):              2.739
  Arrival (ns):            9.700
  Required (ns):          12.439
  Operating Conditions: slow_lv_ht

Path 19
  From: DDR3_0_0/MSC_i_0/MSC_i_1/MSC_i_4/MSC_i_190/init_sm[4]:CLK
  To:   DDR3_0_0/MSC_i_0/MSC_i_1/MSC_i_4/MSC_i_190/nwl_timer2[17]:D
  Delay (ns):              3.171
  Slack (ns):              2.740
  Arrival (ns):            9.653
  Required (ns):          12.393
  Operating Conditions: slow_lv_ht

Path 20
  From: DDR3_0_0/MSC_i_0/MSC_i_1/MSC_i_4/MSC_i_190/init_sm[4]:CLK
  To:   DDR3_0_0/MSC_i_0/MSC_i_1/MSC_i_4/MSC_i_190/MSC_i_191/precharge_ob[0]:D
  Delay (ns):              3.216
  Slack (ns):              2.741
  Arrival (ns):            9.698
  Required (ns):          12.439
  Operating Conditions: slow_lv_ht

Path 21
  From: DDR3_0_0/MSC_i_0/MSC_i_1/MSC_i_4/MSC_i_190/init_sm[5]:CLK
  To:   DDR3_0_0/MSC_i_0/MSC_i_1/MSC_i_4/MSC_i_190/MSC_i_191/precharge_ob[3]:D
  Delay (ns):              3.210
  Slack (ns):              2.747
  Arrival (ns):            9.692
  Required (ns):          12.439
  Operating Conditions: slow_lv_ht

Path 22
  From: DDR3_0_0/MSC_i_0/MSC_i_1/MSC_i_4/MSC_i_190/MSC_i_191/wr_ack[0]:CLK
  To:   DDR3_0_0/MSC_i_0/MSC_i_1/MSC_i_4/MSC_i_183/read_count_early[10]:D
  Delay (ns):              3.167
  Slack (ns):              2.748
  Arrival (ns):            9.648
  Required (ns):          12.396
  Operating Conditions: slow_lv_ht

Path 23
  From: DDR3_0_0/MSC_i_0/MSC_i_1/MSC_i_4/MSC_i_190/init_sm[3]:CLK
  To:   DDR3_0_0/MSC_i_0/MSC_i_1/MSC_i_4/MSC_i_190/MSC_i_191/precharge_ob[2]:D
  Delay (ns):              3.194
  Slack (ns):              2.763
  Arrival (ns):            9.676
  Required (ns):          12.439
  Operating Conditions: slow_lv_ht

Path 24
  From: DDR3_0_0/MSC_i_0/MSC_i_1/MSC_i_4/MSC_i_8/awlen_r1[3]:CLK
  To:   DDR3_0_0/MSC_i_0/MSC_i_1/MSC_i_4/MSC_i_8/write_pack_addr_base[4]:D
  Delay (ns):              3.169
  Slack (ns):              2.767
  Arrival (ns):            9.592
  Required (ns):          12.359
  Operating Conditions: slow_lv_ht

Path 25
  From: DDR3_0_0/MSC_i_0/MSC_i_1/MSC_i_4/MSC_i_190/init_sm[5]:CLK
  To:   DDR3_0_0/MSC_i_0/MSC_i_1/MSC_i_4/MSC_i_190/nwl_timer2[17]:D
  Delay (ns):              3.141
  Slack (ns):              2.770
  Arrival (ns):            9.623
  Required (ns):          12.393
  Operating Conditions: slow_lv_ht

Path 26
  From: DDR3_0_0/MSC_i_0/MSC_i_1/MSC_i_4/MSC_i_190/init_sm[3]:CLK
  To:   DDR3_0_0/MSC_i_0/MSC_i_1/MSC_i_4/MSC_i_190/MSC_i_191/precharge_ob[0]:D
  Delay (ns):              3.180
  Slack (ns):              2.777
  Arrival (ns):            9.662
  Required (ns):          12.439
  Operating Conditions: slow_lv_ht

Path 27
  From: MiV_AXI_0/MiV_AXI_0/ChiselTop0/tile/core/div/remainder[13]:CLK
  To:   MiV_AXI_0/MiV_AXI_0/ChiselTop0/tile/core/div/remainder[58]:D
  Delay (ns):              6.082
  Slack (ns):              2.779
  Arrival (ns):            9.316
  Required (ns):          12.095
  Operating Conditions: slow_lv_ht

Path 28
  From: DDR3_0_0/MSC_i_0/MSC_i_1/MSC_i_4/MSC_i_190/init_sm[4]:CLK
  To:   DDR3_0_0/MSC_i_0/MSC_i_1/MSC_i_4/MSC_i_190/MSC_i_191/dorw[3]:SLn
  Delay (ns):              3.147
  Slack (ns):              2.780
  Arrival (ns):            9.629
  Required (ns):          12.409
  Operating Conditions: slow_lv_ht

Path 29
  From: DDR3_0_0/MSC_i_0/MSC_i_1/MSC_i_4/MSC_i_190/init_sm[5]:CLK
  To:   DDR3_0_0/MSC_i_0/MSC_i_1/MSC_i_4/MSC_i_190/MSC_i_191/precharge_ob[2]:D
  Delay (ns):              3.175
  Slack (ns):              2.782
  Arrival (ns):            9.657
  Required (ns):          12.439
  Operating Conditions: slow_lv_ht

Path 30
  From: DDR3_0_0/MSC_i_0/MSC_i_1/MSC_i_4/MSC_i_8/awlen_r1[3]:CLK
  To:   DDR3_0_0/MSC_i_0/MSC_i_1/MSC_i_4/MSC_i_8/write_pack_addr_base[2]:D
  Delay (ns):              3.154
  Slack (ns):              2.782
  Arrival (ns):            9.577
  Required (ns):          12.359
  Operating Conditions: slow_lv_ht

Path 31
  From: DDR3_0_0/MSC_i_0/MSC_i_1/MSC_i_224/MSC_i_225/cal_select:CLK
  To:   DDR3_0_0/MSC_i_0/MSC_i_1/MSC_i_4/MSC_i_190/MSC_i_191/precharge_ob[1]:D
  Delay (ns):              3.158
  Slack (ns):              2.783
  Arrival (ns):            9.628
  Required (ns):          12.411
  Operating Conditions: slow_lv_ht

Path 32
  From: DDR3_0_0/MSC_i_0/MSC_i_1/MSC_i_224/MSC_i_225/cal_select:CLK
  To:   DDR3_0_0/MSC_i_0/MSC_i_1/MSC_i_4/MSC_i_190/MSC_i_191/precharge_cs[0]:D
  Delay (ns):              3.157
  Slack (ns):              2.785
  Arrival (ns):            9.627
  Required (ns):          12.412
  Operating Conditions: slow_lv_ht

Path 33
  From: MiV_AXI_0/MiV_AXI_0/ChiselTop0/tile/core/div/remainder[13]:CLK
  To:   MiV_AXI_0/MiV_AXI_0/ChiselTop0/tile/core/div/remainder[61]:D
  Delay (ns):              6.086
  Slack (ns):              2.788
  Arrival (ns):            9.320
  Required (ns):          12.108
  Operating Conditions: slow_lv_ht

Path 34
  From: MiV_AXI_0/MiV_AXI_0/ChiselTop0/tile/core/div/remainder[5]:CLK
  To:   MiV_AXI_0/MiV_AXI_0/ChiselTop0/tile/core/div/remainder[58]:D
  Delay (ns):              6.093
  Slack (ns):              2.791
  Arrival (ns):            9.304
  Required (ns):          12.095
  Operating Conditions: slow_lv_ht

Path 35
  From: DDR3_0_0/MSC_i_0/MSC_i_1/MSC_i_224/MSC_i_225/cal_select:CLK
  To:   DDR3_0_0/MSC_i_0/MSC_i_1/MSC_i_4/MSC_i_190/MSC_i_191/precharge_ob[3]:D
  Delay (ns):              3.149
  Slack (ns):              2.793
  Arrival (ns):            9.619
  Required (ns):          12.412
  Operating Conditions: slow_lv_ht

Path 36
  From: DDR3_0_0/MSC_i_0/MSC_i_1/MSC_i_4/MSC_i_190/init_sm[5]:CLK
  To:   DDR3_0_0/MSC_i_0/MSC_i_1/MSC_i_4/MSC_i_190/MSC_i_191/precharge_ob[0]:D
  Delay (ns):              3.161
  Slack (ns):              2.796
  Arrival (ns):            9.643
  Required (ns):          12.439
  Operating Conditions: slow_lv_ht

Path 37
  From: DDR3_0_0/MSC_i_0/MSC_i_1/MSC_i_4/MSC_i_8/awlen_r1[3]:CLK
  To:   DDR3_0_0/MSC_i_0/MSC_i_1/MSC_i_4/MSC_i_8/write_pack_sub_addr[1]:D
  Delay (ns):              3.132
  Slack (ns):              2.797
  Arrival (ns):            9.555
  Required (ns):          12.352
  Operating Conditions: slow_lv_ht

Path 38
  From: MiV_AXI_0/MiV_AXI_0/ChiselTop0/tile/core/div/remainder[13]:CLK
  To:   MiV_AXI_0/MiV_AXI_0/ChiselTop0/tile/core/div/remainder[63]:D
  Delay (ns):              6.068
  Slack (ns):              2.799
  Arrival (ns):            9.302
  Required (ns):          12.101
  Operating Conditions: slow_lv_ht

Path 39
  From: MiV_AXI_0/MiV_AXI_0/ChiselTop0/tile/core/div/remainder[5]:CLK
  To:   MiV_AXI_0/MiV_AXI_0/ChiselTop0/tile/core/div/remainder[61]:D
  Delay (ns):              6.097
  Slack (ns):              2.800
  Arrival (ns):            9.308
  Required (ns):          12.108
  Operating Conditions: slow_lv_ht

Path 40
  From: DDR3_0_0/MSC_i_0/MSC_i_1/MSC_i_4/MSC_i_190/MSC_i_191/wr_ack[0]:CLK
  To:   DDR3_0_0/MSC_i_0/MSC_i_1/MSC_i_4/MSC_i_183/read_count_early[8]:D
  Delay (ns):              3.112
  Slack (ns):              2.802
  Arrival (ns):            9.593
  Required (ns):          12.395
  Operating Conditions: slow_lv_ht

Path 41
  From: DDR3_0_0/MSC_i_0/MSC_i_1/MSC_i_4/MSC_i_190/init_sm[2]:CLK
  To:   DDR3_0_0/MSC_i_0/MSC_i_1/MSC_i_4/MSC_i_190/nwl_timer2[17]:D
  Delay (ns):              3.106
  Slack (ns):              2.805
  Arrival (ns):            9.588
  Required (ns):          12.393
  Operating Conditions: slow_lv_ht

Path 42
  From: MiV_AXI_0/MiV_AXI_0/ChiselTop0/tile/core/div/divisor[6]:CLK
  To:   MiV_AXI_0/MiV_AXI_0/ChiselTop0/tile/core/div/remainder[58]:D
  Delay (ns):              6.048
  Slack (ns):              2.810
  Arrival (ns):            9.285
  Required (ns):          12.095
  Operating Conditions: slow_lv_ht

Path 43
  From: DDR3_0_0/MSC_i_0/MSC_i_1/MSC_i_4/MSC_i_8/awlen_r1[3]:CLK
  To:   DDR3_0_0/MSC_i_0/MSC_i_1/MSC_i_4/MSC_i_8/wr_cmd_wr_data[4]:D
  Delay (ns):              3.120
  Slack (ns):              2.810
  Arrival (ns):            9.543
  Required (ns):          12.353
  Operating Conditions: slow_lv_ht

Path 44
  From: MiV_AXI_0/MiV_AXI_0/ChiselTop0/tile/core/div/remainder[5]:CLK
  To:   MiV_AXI_0/MiV_AXI_0/ChiselTop0/tile/core/div/remainder[63]:D
  Delay (ns):              6.079
  Slack (ns):              2.811
  Arrival (ns):            9.290
  Required (ns):          12.101
  Operating Conditions: slow_lv_ht

Path 45
  From: DDR3_0_0/MSC_i_0/MSC_i_1/MSC_i_4/MSC_i_190/MSC_i_191/MSC_i_203/rw_queued:CLK
  To:   DDR3_0_0/MSC_i_0/MSC_i_1/MSC_i_4/MSC_i_183/read_count_early[10]:D
  Delay (ns):              3.112
  Slack (ns):              2.812
  Arrival (ns):            9.584
  Required (ns):          12.396
  Operating Conditions: slow_lv_ht

Path 46
  From: MiV_AXI_0/MiV_AXI_0/ChiselTop0/tile/core/div/remainder_0[16]:CLK
  To:   MiV_AXI_0/MiV_AXI_0/ChiselTop0/tile/core/div/remainder[58]:D
  Delay (ns):              6.046
  Slack (ns):              2.815
  Arrival (ns):            9.280
  Required (ns):          12.095
  Operating Conditions: slow_lv_ht

Path 47
  From: DDR3_0_0/MSC_i_0/MSC_i_1/MSC_i_4/MSC_i_190/init_sm[1]:CLK
  To:   DDR3_0_0/MSC_i_0/MSC_i_1/MSC_i_4/MSC_i_190/MSC_i_191/dorw[3]:SLn
  Delay (ns):              3.110
  Slack (ns):              2.819
  Arrival (ns):            9.590
  Required (ns):          12.409
  Operating Conditions: slow_lv_ht

Path 48
  From: MiV_AXI_0/MiV_AXI_0/ChiselTop0/tile/core/div/divisor[6]:CLK
  To:   MiV_AXI_0/MiV_AXI_0/ChiselTop0/tile/core/div/remainder[61]:D
  Delay (ns):              6.052
  Slack (ns):              2.819
  Arrival (ns):            9.289
  Required (ns):          12.108
  Operating Conditions: slow_lv_ht

Path 49
  From: DDR3_0_0/MSC_i_0/MSC_i_1/MSC_i_4/MSC_i_190/MSC_i_191/wr_ack[0]:CLK
  To:   DDR3_0_0/MSC_i_0/MSC_i_1/MSC_i_4/MSC_i_183/read_count_early[9]:D
  Delay (ns):              3.095
  Slack (ns):              2.820
  Arrival (ns):            9.576
  Required (ns):          12.396
  Operating Conditions: slow_lv_ht

Path 50
  From: DDR3_0_0/MSC_i_0/MSC_i_1/MSC_i_224/MSC_i_225/cal_init_mr_addr_1[2]:CLK
  To:   DDR3_0_0/MSC_i_0/MSC_i_1/MSC_i_4/MSC_i_190/MSC_i_191/precharge_ob[1]:D
  Delay (ns):              3.145
  Slack (ns):              2.823
  Arrival (ns):            9.615
  Required (ns):          12.438
  Operating Conditions: slow_lv_ht

Path 51
  From: DDR3_0_0/MSC_i_0/MSC_i_1/MSC_i_4/MSC_i_190/init_sm[2]:CLK
  To:   DDR3_0_0/MSC_i_0/MSC_i_1/MSC_i_4/MSC_i_190/MSC_i_191/precharge:D
  Delay (ns):              3.133
  Slack (ns):              2.824
  Arrival (ns):            9.615
  Required (ns):          12.439
  Operating Conditions: slow_lv_ht

Path 52
  From: MiV_AXI_0/MiV_AXI_0/ChiselTop0/tile/core/div/remainder_0[16]:CLK
  To:   MiV_AXI_0/MiV_AXI_0/ChiselTop0/tile/core/div/remainder[61]:D
  Delay (ns):              6.050
  Slack (ns):              2.824
  Arrival (ns):            9.284
  Required (ns):          12.108
  Operating Conditions: slow_lv_ht

Path 53
  From: DDR3_0_0/MSC_i_0/MSC_i_1/MSC_i_224/MSC_i_225/cal_init_mr_addr_1[2]:CLK
  To:   DDR3_0_0/MSC_i_0/MSC_i_1/MSC_i_4/MSC_i_190/MSC_i_191/precharge_cs[0]:D
  Delay (ns):              3.144
  Slack (ns):              2.825
  Arrival (ns):            9.614
  Required (ns):          12.439
  Operating Conditions: slow_lv_ht

Path 54
  From: DDR3_0_0/MSC_i_0/MSC_i_1/MSC_i_224/MSC_i_225/cal_init_mr_addr_1[0]:CLK
  To:   DDR3_0_0/MSC_i_0/MSC_i_1/MSC_i_4/MSC_i_190/MSC_i_191/precharge_ob[1]:D
  Delay (ns):              3.143
  Slack (ns):              2.826
  Arrival (ns):            9.612
  Required (ns):          12.438
  Operating Conditions: slow_lv_ht

Path 55
  From: MiV_AXI_0/MiV_AXI_0/ChiselTop0/tile/core/div/remainder[3]:CLK
  To:   MiV_AXI_0/MiV_AXI_0/ChiselTop0/tile/core/div/remainder[58]:D
  Delay (ns):              6.045
  Slack (ns):              2.827
  Arrival (ns):            9.268
  Required (ns):          12.095
  Operating Conditions: slow_lv_ht

Path 56
  From: DDR3_0_0/MSC_i_0/MSC_i_1/MSC_i_4/MSC_i_8/awlen_r1[3]:CLK
  To:   DDR3_0_0/MSC_i_0/MSC_i_1/MSC_i_4/MSC_i_8/write_pack_sub_addr[6]:D
  Delay (ns):              3.116
  Slack (ns):              2.827
  Arrival (ns):            9.539
  Required (ns):          12.366
  Operating Conditions: slow_lv_ht

Path 57
  From: DDR3_0_0/MSC_i_0/MSC_i_1/MSC_i_224/MSC_i_225/cal_init_mr_addr_1[0]:CLK
  To:   DDR3_0_0/MSC_i_0/MSC_i_1/MSC_i_4/MSC_i_190/MSC_i_191/precharge_cs[0]:D
  Delay (ns):              3.142
  Slack (ns):              2.828
  Arrival (ns):            9.611
  Required (ns):          12.439
  Operating Conditions: slow_lv_ht

Path 58
  From: DDR3_0_0/MSC_i_0/MSC_i_1/MSC_i_224/MSC_i_225/cal_select:CLK
  To:   DDR3_0_0/MSC_i_0/MSC_i_1/MSC_i_4/MSC_i_190/MSC_i_191/precharge_ob[2]:D
  Delay (ns):              3.114
  Slack (ns):              2.828
  Arrival (ns):            9.584
  Required (ns):          12.412
  Operating Conditions: slow_lv_ht

Path 59
  From: DDR3_0_0/MSC_i_0/MSC_i_1/MSC_i_4/MSC_i_190/MSC_i_191/qm_active_index[3]:CLK
  To:   DDR3_0_0/MSC_i_0/MSC_i_1/MSC_i_4/MSC_i_190/MSC_i_191/dorw[3]:SLn
  Delay (ns):              3.056
  Slack (ns):              2.828
  Arrival (ns):            9.531
  Required (ns):          12.359
  Operating Conditions: slow_lv_ht

Path 60
  From: MiV_AXI_0/MiV_AXI_0/ChiselTop0/tile/core/div/divisor[6]:CLK
  To:   MiV_AXI_0/MiV_AXI_0/ChiselTop0/tile/core/div/remainder[63]:D
  Delay (ns):              6.034
  Slack (ns):              2.830
  Arrival (ns):            9.271
  Required (ns):          12.101
  Operating Conditions: slow_lv_ht

Path 61
  From: DDR3_0_0/MSC_i_0/MSC_i_1/MSC_i_4/MSC_i_190/MSC_i_191/dowrite:CLK
  To:   DDR3_0_0/MSC_i_0/MSC_i_1/MSC_i_4/MSC_i_183/write_count[10]:D
  Delay (ns):              3.036
  Slack (ns):              2.831
  Arrival (ns):            9.543
  Required (ns):          12.374
  Operating Conditions: slow_lv_ht

Path 62
  From: MiV_AXI_0/MiV_AXI_0/ChiselTop0/tile/core/div/remainder[15]:CLK
  To:   MiV_AXI_0/MiV_AXI_0/ChiselTop0/tile/core/div/remainder[58]:D
  Delay (ns):              6.030
  Slack (ns):              2.831
  Arrival (ns):            9.264
  Required (ns):          12.095
  Operating Conditions: slow_lv_ht

Path 63
  From: DDR3_0_0/MSC_i_0/MSC_i_1/MSC_i_224/MSC_i_225/cal_init_mr_addr_1[2]:CLK
  To:   DDR3_0_0/MSC_i_0/MSC_i_1/MSC_i_4/MSC_i_190/MSC_i_191/precharge_ob[3]:D
  Delay (ns):              3.136
  Slack (ns):              2.833
  Arrival (ns):            9.606
  Required (ns):          12.439
  Operating Conditions: slow_lv_ht

Path 64
  From: DDR3_0_0/MSC_i_0/MSC_i_1/MSC_i_4/MSC_i_190/init_sm[1]:CLK
  To:   DDR3_0_0/MSC_i_0/MSC_i_1/MSC_i_4/MSC_i_190/nwl_timer2[17]:D
  Delay (ns):              3.079
  Slack (ns):              2.834
  Arrival (ns):            9.559
  Required (ns):          12.393
  Operating Conditions: slow_lv_ht

Path 65
  From: MiV_AXI_0/MiV_AXI_0/ChiselTop0/tile/core/div/remainder_0[16]:CLK
  To:   MiV_AXI_0/MiV_AXI_0/ChiselTop0/tile/core/div/remainder[63]:D
  Delay (ns):              6.032
  Slack (ns):              2.835
  Arrival (ns):            9.266
  Required (ns):          12.101
  Operating Conditions: slow_lv_ht

Path 66
  From: DDR3_0_0/MSC_i_0/MSC_i_1/MSC_i_224/MSC_i_225/cal_init_mr_addr_1[0]:CLK
  To:   DDR3_0_0/MSC_i_0/MSC_i_1/MSC_i_4/MSC_i_190/MSC_i_191/precharge_ob[3]:D
  Delay (ns):              3.134
  Slack (ns):              2.836
  Arrival (ns):            9.603
  Required (ns):          12.439
  Operating Conditions: slow_lv_ht

Path 67
  From: DDR3_0_0/MSC_i_0/MSC_i_1/MSC_i_4/MSC_i_190/MSC_i_191/qm_active_index[0]:CLK
  To:   DDR3_0_0/MSC_i_0/MSC_i_1/MSC_i_4/MSC_i_190/MSC_i_191/dorw[3]:SLn
  Delay (ns):              3.048
  Slack (ns):              2.836
  Arrival (ns):            9.523
  Required (ns):          12.359
  Operating Conditions: slow_lv_ht

Path 68
  From: DDR3_0_0/MSC_i_0/MSC_i_1/MSC_i_4/MSC_i_190/MSC_i_191/qm_active_index[2]:CLK
  To:   DDR3_0_0/MSC_i_0/MSC_i_1/MSC_i_4/MSC_i_190/MSC_i_191/dorw[3]:SLn
  Delay (ns):              3.048
  Slack (ns):              2.836
  Arrival (ns):            9.523
  Required (ns):          12.359
  Operating Conditions: slow_lv_ht

Path 69
  From: MiV_AXI_0/MiV_AXI_0/ChiselTop0/tile/core/div/remainder[3]:CLK
  To:   MiV_AXI_0/MiV_AXI_0/ChiselTop0/tile/core/div/remainder[61]:D
  Delay (ns):              6.049
  Slack (ns):              2.836
  Arrival (ns):            9.272
  Required (ns):          12.108
  Operating Conditions: slow_lv_ht

Path 70
  From: MiV_AXI_0/MiV_AXI_0/ChiselTop0/tile/core/div/remainder[15]:CLK
  To:   MiV_AXI_0/MiV_AXI_0/ChiselTop0/tile/core/div/remainder[61]:D
  Delay (ns):              6.034
  Slack (ns):              2.840
  Arrival (ns):            9.268
  Required (ns):          12.108
  Operating Conditions: slow_lv_ht

Path 71
  From: DDR3_0_0/MSC_i_0/MSC_i_1/MSC_i_4/MSC_i_8/awlen_r1[3]:CLK
  To:   DDR3_0_0/MSC_i_0/MSC_i_1/MSC_i_4/MSC_i_8/write_pack_sub_addr[0]:D
  Delay (ns):              3.089
  Slack (ns):              2.841
  Arrival (ns):            9.512
  Required (ns):          12.353
  Operating Conditions: slow_lv_ht

Path 72
  From: DDR3_0_0/MSC_i_0/MSC_i_1/MSC_i_224/MSC_i_225/cal_select:CLK
  To:   DDR3_0_0/MSC_i_0/MSC_i_1/MSC_i_4/MSC_i_190/MSC_i_191/precharge_ob[0]:D
  Delay (ns):              3.100
  Slack (ns):              2.842
  Arrival (ns):            9.570
  Required (ns):          12.412
  Operating Conditions: slow_lv_ht

Path 73
  From: DDR3_0_0/MSC_i_0/MSC_i_1/MSC_i_4/MSC_i_8/MSC_i_72/MSC_i_103/mem_mem_0_2/INST_RAM1K20_IP:A_CLK
  To:   DDR3_0_0/MSC_i_0/MSC_i_1/MSC_i_4/MSC_i_8/MSC_i_72/MSC_i_73/MSC_i_74/d2[40]:D
  Delay (ns):              2.874
  Slack (ns):              2.842
  Arrival (ns):            9.469
  Required (ns):          12.311
  Operating Conditions: slow_lv_ht

Path 74
  From: DDR3_0_0/MSC_i_0/MSC_i_1/MSC_i_4/MSC_i_8/awlen_r1[2]:CLK
  To:   DDR3_0_0/MSC_i_0/MSC_i_1/MSC_i_4/MSC_i_8/write_pack_sub_addr[2]:D
  Delay (ns):              3.082
  Slack (ns):              2.842
  Arrival (ns):            9.511
  Required (ns):          12.353
  Operating Conditions: slow_lv_ht

Path 75
  From: MiV_AXI_0/MiV_AXI_0/ChiselTop0/tile/core/div/divisor[3]:CLK
  To:   MiV_AXI_0/MiV_AXI_0/ChiselTop0/tile/core/div/remainder[58]:D
  Delay (ns):              6.021
  Slack (ns):              2.842
  Arrival (ns):            9.253
  Required (ns):          12.095
  Operating Conditions: slow_lv_ht

Path 76
  From: MiV_AXI_0/MiV_AXI_0/ChiselTop0/tile/core/div/remainder[13]:CLK
  To:   MiV_AXI_0/MiV_AXI_0/ChiselTop0/tile/core/div/remainder[54]:D
  Delay (ns):              6.017
  Slack (ns):              2.844
  Arrival (ns):            9.251
  Required (ns):          12.095
  Operating Conditions: slow_lv_ht

Path 77
  From: DDR3_0_0/MSC_i_0/MSC_i_1/MSC_i_4/MSC_i_190/init_sm[0]:CLK
  To:   DDR3_0_0/MSC_i_0/MSC_i_1/MSC_i_4/MSC_i_190/MSC_i_191/dorw[3]:SLn
  Delay (ns):              3.085
  Slack (ns):              2.844
  Arrival (ns):            9.565
  Required (ns):          12.409
  Operating Conditions: slow_lv_ht

Path 78
  From: DDR3_0_0/MSC_i_0/MSC_i_1/MSC_i_4/MSC_i_8/MSC_i_72/MSC_i_103/mem_mem_0_2/INST_RAM1K20_IP:A_CLK
  To:   DDR3_0_0/MSC_i_0/MSC_i_1/MSC_i_4/MSC_i_8/MSC_i_72/MSC_i_73/MSC_i_74/d1[41]:D
  Delay (ns):              2.870
  Slack (ns):              2.846
  Arrival (ns):            9.465
  Required (ns):          12.311
  Operating Conditions: slow_lv_ht

Path 79
  From: DDR3_0_0/MSC_i_0/MSC_i_1/MSC_i_4/MSC_i_190/init_sm[2]:CLK
  To:   DDR3_0_0/MSC_i_0/MSC_i_1/MSC_i_4/MSC_i_190/MSC_i_191/dorw[3]:SLn
  Delay (ns):              3.081
  Slack (ns):              2.846
  Arrival (ns):            9.563
  Required (ns):          12.409
  Operating Conditions: slow_lv_ht

Path 80
  From: DDR3_0_0/MSC_i_0/MSC_i_1/MSC_i_224/MSC_i_225/cal_init_mr_addr_1[1]:CLK
  To:   DDR3_0_0/MSC_i_0/MSC_i_1/MSC_i_4/MSC_i_190/MSC_i_191/precharge_ob[1]:D
  Delay (ns):              3.122
  Slack (ns):              2.847
  Arrival (ns):            9.591
  Required (ns):          12.438
  Operating Conditions: slow_lv_ht

Path 81
  From: MiV_AXI_0/MiV_AXI_0/ChiselTop0/tile/core/div/remainder[3]:CLK
  To:   MiV_AXI_0/MiV_AXI_0/ChiselTop0/tile/core/div/remainder[63]:D
  Delay (ns):              6.031
  Slack (ns):              2.847
  Arrival (ns):            9.254
  Required (ns):          12.101
  Operating Conditions: slow_lv_ht

Path 82
  From: DDR3_0_0/MSC_i_0/MSC_i_1/MSC_i_4/MSC_i_190/init_sm[4]:CLK
  To:   DDR3_0_0/MSC_i_0/MSC_i_1/MSC_i_4/MSC_i_190/MSC_i_191/rd_attr[0]:EN
  Delay (ns):              3.004
  Slack (ns):              2.847
  Arrival (ns):            9.486
  Required (ns):          12.333
  Operating Conditions: slow_lv_ht

Path 83
  From: DDR3_0_0/MSC_i_0/MSC_i_1/MSC_i_4/MSC_i_190/init_sm[4]:CLK
  To:   DDR3_0_0/MSC_i_0/MSC_i_1/MSC_i_4/MSC_i_190/MSC_i_191/dowrite_attr[1]:EN
  Delay (ns):              3.003
  Slack (ns):              2.848
  Arrival (ns):            9.485
  Required (ns):          12.333
  Operating Conditions: slow_lv_ht

Path 84
  From: DDR3_0_0/MSC_i_0/MSC_i_1/MSC_i_4/MSC_i_8/MSC_i_104/MSC_i_135/mem_mem_0_6/INST_RAM1K20_IP:A_CLK
  To:   DDR3_0_0/MSC_i_0/MSC_i_1/MSC_i_4/MSC_i_8/MSC_i_104/MSC_i_105/MSC_i_106/d2[123]:D
  Delay (ns):              2.896
  Slack (ns):              2.849
  Arrival (ns):            9.494
  Required (ns):          12.343
  Operating Conditions: slow_lv_ht

Path 85
  From: DDR3_0_0/MSC_i_0/MSC_i_1/MSC_i_4/MSC_i_8/MSC_i_104/MSC_i_135/mem_mem_0_6/INST_RAM1K20_IP:A_CLK
  To:   DDR3_0_0/MSC_i_0/MSC_i_1/MSC_i_4/MSC_i_8/MSC_i_104/MSC_i_105/MSC_i_106/d0[123]:D
  Delay (ns):              2.896
  Slack (ns):              2.849
  Arrival (ns):            9.494
  Required (ns):          12.343
  Operating Conditions: slow_lv_ht

Path 86
  From: DDR3_0_0/MSC_i_0/MSC_i_1/MSC_i_4/MSC_i_190/init_sm[4]:CLK
  To:   DDR3_0_0/MSC_i_0/MSC_i_1/MSC_i_4/MSC_i_190/MSC_i_191/precharge:D
  Delay (ns):              3.108
  Slack (ns):              2.849
  Arrival (ns):            9.590
  Required (ns):          12.439
  Operating Conditions: slow_lv_ht

Path 87
  From: DDR3_0_0/MSC_i_0/MSC_i_1/MSC_i_4/MSC_i_183/MSC_i_187/burst_xfer_active:CLK
  To:   DDR3_0_0/MSC_i_0/MSC_i_1/MSC_i_4/MSC_i_183/MSC_i_187/raddr_int[6]:D
  Delay (ns):              3.113
  Slack (ns):              2.849
  Arrival (ns):            9.579
  Required (ns):          12.428
  Operating Conditions: slow_lv_ht

Path 88
  From: DDR3_0_0/MSC_i_0/MSC_i_1/MSC_i_224/MSC_i_225/cal_init_mr_addr_1[1]:CLK
  To:   DDR3_0_0/MSC_i_0/MSC_i_1/MSC_i_4/MSC_i_190/MSC_i_191/precharge_cs[0]:D
  Delay (ns):              3.121
  Slack (ns):              2.849
  Arrival (ns):            9.590
  Required (ns):          12.439
  Operating Conditions: slow_lv_ht

Path 89
  From: MiV_AXI_0/MiV_AXI_0/ChiselTop0/tile/core/div/divisor[8]:CLK
  To:   MiV_AXI_0/MiV_AXI_0/ChiselTop0/tile/core/div/remainder[58]:D
  Delay (ns):              6.008
  Slack (ns):              2.850
  Arrival (ns):            9.245
  Required (ns):          12.095
  Operating Conditions: slow_lv_ht

Path 90
  From: DDR3_0_0/MSC_i_0/MSC_i_1/MSC_i_4/MSC_i_8/MSC_i_104/MSC_i_135/mem_mem_0_6/INST_RAM1K20_IP:A_CLK
  To:   DDR3_0_0/MSC_i_0/MSC_i_1/MSC_i_4/MSC_i_8/MSC_i_104/MSC_i_105/MSC_i_106/d1[123]:D
  Delay (ns):              2.895
  Slack (ns):              2.850
  Arrival (ns):            9.493
  Required (ns):          12.343
  Operating Conditions: slow_lv_ht

Path 91
  From: DDR3_0_0/MSC_i_0/MSC_i_1/MSC_i_4/MSC_i_190/init_sm[3]:CLK
  To:   DDR3_0_0/MSC_i_0/MSC_i_1/MSC_i_4/MSC_i_190/MSC_i_191/dorw[3]:SLn
  Delay (ns):              3.078
  Slack (ns):              2.850
  Arrival (ns):            9.560
  Required (ns):          12.410
  Operating Conditions: slow_lv_ht

Path 92
  From: MiV_AXI_0/MiV_AXI_0/ChiselTop0/tile/core/div/remainder[5]:CLK
  To:   MiV_AXI_0/MiV_AXI_0/ChiselTop0/tile/core/div/remainder[52]:D
  Delay (ns):              6.055
  Slack (ns):              2.851
  Arrival (ns):            9.266
  Required (ns):          12.117
  Operating Conditions: slow_lv_ht

Path 93
  From: MiV_AXI_0/MiV_AXI_0/ChiselTop0/tile/core/div/remainder[15]:CLK
  To:   MiV_AXI_0/MiV_AXI_0/ChiselTop0/tile/core/div/remainder[63]:D
  Delay (ns):              6.016
  Slack (ns):              2.851
  Arrival (ns):            9.250
  Required (ns):          12.101
  Operating Conditions: slow_lv_ht

Path 94
  From: MiV_AXI_0/MiV_AXI_0/ChiselTop0/tile/core/div/divisor[3]:CLK
  To:   MiV_AXI_0/MiV_AXI_0/ChiselTop0/tile/core/div/remainder[61]:D
  Delay (ns):              6.025
  Slack (ns):              2.851
  Arrival (ns):            9.257
  Required (ns):          12.108
  Operating Conditions: slow_lv_ht

Path 95
  From: DDR3_0_0/MSC_i_0/MSC_i_1/MSC_i_224/MSC_i_225/cal_init_mr_addr_1[3]:CLK
  To:   DDR3_0_0/MSC_i_0/MSC_i_1/MSC_i_4/MSC_i_190/MSC_i_191/precharge_ob[1]:D
  Delay (ns):              3.117
  Slack (ns):              2.851
  Arrival (ns):            9.587
  Required (ns):          12.438
  Operating Conditions: slow_lv_ht

Path 96
  From: DDR3_0_0/MSC_i_0/MSC_i_1/MSC_i_4/MSC_i_190/init_sm[3]:CLK
  To:   DDR3_0_0/MSC_i_0/MSC_i_1/MSC_i_4/MSC_i_190/MSC_i_191/baaddr_act[0]:EN
  Delay (ns):              2.925
  Slack (ns):              2.852
  Arrival (ns):            9.407
  Required (ns):          12.259
  Operating Conditions: slow_lv_ht

Path 97
  From: DDR3_0_0/MSC_i_0/MSC_i_1/MSC_i_4/MSC_i_190/mr_reload_sm[4]:CLK
  To:   DDR3_0_0/MSC_i_0/MSC_i_1/MSC_i_4/MSC_i_190/MSC_i_191/qm_active_index[2]:D
  Delay (ns):              3.031
  Slack (ns):              2.852
  Arrival (ns):            9.522
  Required (ns):          12.374
  Operating Conditions: slow_lv_ht

Path 98
  From: MiV_AXI_0/MiV_AXI_0/ChiselTop0/tile/core/div/remainder[13]:CLK
  To:   MiV_AXI_0/MiV_AXI_0/ChiselTop0/tile/core/div/remainder[57]:D
  Delay (ns):              6.021
  Slack (ns):              2.853
  Arrival (ns):            9.255
  Required (ns):          12.108
  Operating Conditions: slow_lv_ht

Path 99
  From: DDR3_0_0/MSC_i_0/MSC_i_1/MSC_i_4/MSC_i_190/mr_reload_sm[4]:CLK
  To:   DDR3_0_0/MSC_i_0/MSC_i_1/MSC_i_4/MSC_i_190/MSC_i_191/qm_active_index[3]:D
  Delay (ns):              3.031
  Slack (ns):              2.853
  Arrival (ns):            9.522
  Required (ns):          12.375
  Operating Conditions: slow_lv_ht

Path 100
  From: DDR3_0_0/MSC_i_0/MSC_i_1/MSC_i_224/MSC_i_225/cal_init_mr_addr_1[3]:CLK
  To:   DDR3_0_0/MSC_i_0/MSC_i_1/MSC_i_4/MSC_i_190/MSC_i_191/precharge_cs[0]:D
  Delay (ns):              3.116
  Slack (ns):              2.853
  Arrival (ns):            9.586
  Required (ns):          12.439
  Operating Conditions: slow_lv_ht

