Timing Violation Report Min Delay Analysis

SmartTime Version 
Microsemi Corporation - Microsemi Libero Software Release  (Version 12.700.0.21)
Date: Fri Sep 20 14:02:10 2019


Design: top
Family: PolarFire
Die: MPF300TS
Package: FCG1152
Temperature Range: -40 - 100 C
Voltage Range: 1.0185 - 1.0815 V
Speed Grade: -1
Design State: Post-Layout
Data source: Production
Operating Conditions: fast_hv_lt
Scenario for Timing Analysis: timing_analysis


Path 1
  From: DDR3_0_0/MSC_i_0/MSC_i_1/MSC_i_4/MSC_i_8/cmd_fifo_wr_data_reg3[76]:CLK
  To:   DDR3_0_0/MSC_i_0/MSC_i_1/MSC_i_4/MSC_i_8/cmd_fifo_wr_data_reg4[76]:D
  Delay (ns):              0.169
  Slack (ns):              0.025
  Arrival (ns):            3.788
  Required (ns):           3.763

Path 2
  From: DDR3_0_0/MSC_i_0/MSC_i_1/MSC_i_4/MSC_i_8/cmd_fifo_wr_data_reg3[44]:CLK
  To:   DDR3_0_0/MSC_i_0/MSC_i_1/MSC_i_4/MSC_i_8/cmd_fifo_wr_data_reg4[44]:D
  Delay (ns):              0.173
  Slack (ns):              0.033
  Arrival (ns):            3.790
  Required (ns):           3.757

Path 3
  From: DDR3_0_0/MSC_i_0/MSC_i_1/MSC_i_4/MSC_i_8/cmd_fifo_wr_data_reg3[73]:CLK
  To:   DDR3_0_0/MSC_i_0/MSC_i_1/MSC_i_4/MSC_i_8/cmd_fifo_wr_data_reg4[73]:D
  Delay (ns):              0.179
  Slack (ns):              0.035
  Arrival (ns):            3.798
  Required (ns):           3.763

Path 4
  From: DDR3_0_0/MSC_i_0/MSC_i_1/MSC_i_4/MSC_i_8/cmd_fifo_wr_data_reg3[75]:CLK
  To:   DDR3_0_0/MSC_i_0/MSC_i_1/MSC_i_4/MSC_i_8/cmd_fifo_wr_data_reg4[75]:D
  Delay (ns):              0.182
  Slack (ns):              0.038
  Arrival (ns):            3.801
  Required (ns):           3.763

Path 5
  From: DDR3_0_0/MSC_i_0/MSC_i_1/MSC_i_4/MSC_i_8/cmd_fifo_wr_data_reg3[43]:CLK
  To:   DDR3_0_0/MSC_i_0/MSC_i_1/MSC_i_4/MSC_i_8/cmd_fifo_wr_data_reg4[43]:D
  Delay (ns):              0.179
  Slack (ns):              0.039
  Arrival (ns):            3.796
  Required (ns):           3.757

Path 6
  From: DDR3_0_0/MSC_i_0/MSC_i_1/MSC_i_4/MSC_i_8/cmd_fifo_wr_data_reg3[81]:CLK
  To:   DDR3_0_0/MSC_i_0/MSC_i_1/MSC_i_4/MSC_i_8/cmd_fifo_wr_data_reg4[81]:D
  Delay (ns):              0.183
  Slack (ns):              0.039
  Arrival (ns):            3.802
  Required (ns):           3.763

Path 7
  From: DDR3_0_0/MSC_i_0/MSC_i_1/MSC_i_4/MSC_i_8/cmd_fifo_wr_data_reg3[74]:CLK
  To:   DDR3_0_0/MSC_i_0/MSC_i_1/MSC_i_4/MSC_i_8/cmd_fifo_wr_data_reg4[74]:D
  Delay (ns):              0.187
  Slack (ns):              0.043
  Arrival (ns):            3.806
  Required (ns):           3.763

Path 8
  From: DDR3_0_0/MSC_i_0/MSC_i_1/MSC_i_4/MSC_i_8/cmd_fifo_wr_data_reg3[80]:CLK
  To:   DDR3_0_0/MSC_i_0/MSC_i_1/MSC_i_4/MSC_i_8/cmd_fifo_wr_data_reg4[80]:D
  Delay (ns):              0.187
  Slack (ns):              0.043
  Arrival (ns):            3.806
  Required (ns):           3.763

Path 9
  From: CORAXITOAHBL_0_0/CORAXITOAHBL_0_0/U_AXISlaveCtrl/wrFIFOWrAddr_Z[2]:CLK
  To:   CORAXITOAHBL_0_0/CORAXITOAHBL_0_0/U_wrFIFORAM/wrAddrReg[2]:D
  Delay (ns):              0.188
  Slack (ns):              0.046
  Arrival (ns):            1.936
  Required (ns):           1.890

Path 10
  From: DDR3_0_0/MSC_i_0/MSC_i_1/MSC_i_4/MSC_i_8/cmd_fifo_wr_data_reg3[39]:CLK
  To:   DDR3_0_0/MSC_i_0/MSC_i_1/MSC_i_4/MSC_i_8/cmd_fifo_wr_data_reg4[39]:D
  Delay (ns):              0.188
  Slack (ns):              0.047
  Arrival (ns):            3.805
  Required (ns):           3.758

Path 11
  From: DDR3_0_0/MSC_i_0/MSC_i_1/MSC_i_4/MSC_i_8/cmd_fifo_wr_data_reg2[36]:CLK
  To:   DDR3_0_0/MSC_i_0/MSC_i_1/MSC_i_4/MSC_i_8/cmd_fifo_wr_data_reg3[36]:D
  Delay (ns):              0.188
  Slack (ns):              0.051
  Arrival (ns):            3.798
  Required (ns):           3.747

Path 12
  From: CORAXITOAHBL_0_0/CORAXITOAHBL_0_0/U_AXISlaveCtrl/wrFIFOWrAddr_Z[0]:CLK
  To:   CORAXITOAHBL_0_0/CORAXITOAHBL_0_0/U_wrFIFORAM/wrAddrReg[0]:D
  Delay (ns):              0.194
  Slack (ns):              0.053
  Arrival (ns):            1.943
  Required (ns):           1.890

Path 13
  From: DDR3_0_0/MSC_i_0/MSC_i_1/MSC_i_4/MSC_i_8/cmd_fifo_wr_data_reg3[46]:CLK
  To:   DDR3_0_0/MSC_i_0/MSC_i_1/MSC_i_4/MSC_i_8/cmd_fifo_wr_data_reg4[46]:D
  Delay (ns):              0.193
  Slack (ns):              0.053
  Arrival (ns):            3.810
  Required (ns):           3.757

Path 14
  From: MiV_AXI_0/MiV_AXI_0/ChiselTop0/error/a/ram_source[0][2]:CLK
  To:   MiV_AXI_0/MiV_AXI_0/ChiselTop0/sbus/SystemBus_slave_TLBuffer/Queue_5/ram_param.SystemBus_slave_TLBuffer.Queue_5.ram_param_ram0_[3]:D
  Delay (ns):              0.187
  Slack (ns):              0.053
  Arrival (ns):            1.940
  Required (ns):           1.887

Path 15
  From: MiV_AXI_0/MiV_AXI_0/ChiselTop0/error/a/ram_source[0][2]:CLK
  To:   MiV_AXI_0/MiV_AXI_0/ChiselTop0/sbus/SystemBus_slave_TLBuffer/Queue_5/ram_param.SystemBus_slave_TLBuffer.Queue_5.ram_param_ram1_[3]:D
  Delay (ns):              0.187
  Slack (ns):              0.053
  Arrival (ns):            1.940
  Required (ns):           1.887

Path 16
  From: DDR3_0_0/MSC_i_0/MSC_i_1/MSC_i_4/MSC_i_8/cmd_fifo_wr_data_reg3[19]:CLK
  To:   DDR3_0_0/MSC_i_0/MSC_i_1/MSC_i_4/MSC_i_8/cmd_fifo_wr_data_reg4[19]:D
  Delay (ns):              0.188
  Slack (ns):              0.055
  Arrival (ns):            3.804
  Required (ns):           3.749

Path 17
  From: DDR3_0_0/MSC_i_0/MSC_i_1/MSC_i_4/dfi_rddata_r[32]:CLK
  To:   DDR3_0_0/MSC_i_0/MSC_i_1/MSC_i_4/l_rd_data_to_mp_r[32]:D
  Delay (ns):              0.165
  Slack (ns):              0.060
  Arrival (ns):            3.773
  Required (ns):           3.713

Path 18
  From: DDR3_0_0/MSC_i_0/MSC_i_1/MSC_i_4/MSC_i_8/MSC_i_104/MSC_i_105/MSC_i_121/din_gray_r[7]:CLK
  To:   DDR3_0_0/MSC_i_0/MSC_i_1/MSC_i_4/MSC_i_8/MSC_i_104/MSC_i_105/MSC_i_121/MSC_i_123/MSC_i_125/s0:D
  Delay (ns):              0.166
  Slack (ns):              0.061
  Arrival (ns):            3.767
  Required (ns):           3.706

Path 19
  From: AXI4_Interconnect_0/AXI4_Interconnect_0/SlvConvertor_loop[1].slvcnv/slvCDC/genblk1.cdc_AWChan/wrPtr_s1[2]:CLK
  To:   AXI4_Interconnect_0/AXI4_Interconnect_0/SlvConvertor_loop[1].slvcnv/slvCDC/genblk1.cdc_AWChan/wrPtr_s2[2]:D
  Delay (ns):              0.130
  Slack (ns):              0.063
  Arrival (ns):            3.736
  Required (ns):           3.673

Path 20
  From: MiV_AXI_0/MiV_AXI_0/ChiselTop0/plic/MIV_RV32IMA_L1_AXI_QUEUE/ram_data[0][13]:CLK
  To:   MiV_AXI_0/MiV_AXI_0/ChiselTop0/plic/enables_0_13:D
  Delay (ns):              0.130
  Slack (ns):              0.063
  Arrival (ns):            1.863
  Required (ns):           1.800

Path 21
  From: DDR3_0_0/DDRPHY_BLK_0/IOD_TRAINING_0/COREDDR_TIP_INT_U/TIP_CTRL_BLK/LEVELLING/RDLVL/RDLVL_SMS/genblk1[0].RDLVL_TRAIN/gate_training/pre_iog_counter[1]:CLK
  To:   DDR3_0_0/DDRPHY_BLK_0/IOD_TRAINING_0/COREDDR_TIP_INT_U/TIP_CTRL_BLK/LEVELLING/RDLVL/RDLVL_SMS/genblk1[0].RDLVL_TRAIN/gate_training/pre_iog_en_output_registered_2[1]:SLn
  Delay (ns):              0.239
  Slack (ns):              0.064
  Arrival (ns):            3.853
  Required (ns):           3.789

Path 22
  From: DDR3_0_0/MSC_i_0/MSC_i_1/MSC_i_4/MSC_i_224/data_shifter_gen[1].data_shifter[1][62]:CLK
  To:   DDR3_0_0/DDRPHY_BLK_0/IOD_TRAINING_0/COREDDR_TIP_INT_U/TIP_CTRL_BLK/PHY_SIG_MOD/iog_dq_txdata_in_reg[53]:D
  Delay (ns):              0.132
  Slack (ns):              0.064
  Arrival (ns):            3.741
  Required (ns):           3.677

Path 23
  From: DDR3_0_0/MSC_i_0/MSC_i_1/MSC_i_4/MSC_i_8/cmd_fifo_wr_data_reg3[87]:CLK
  To:   DDR3_0_0/MSC_i_0/MSC_i_1/MSC_i_4/MSC_i_8/cmd_fifo_wr_data_reg4[87]:D
  Delay (ns):              0.172
  Slack (ns):              0.064
  Arrival (ns):            3.798
  Required (ns):           3.734

Path 24
  From: DDR3_0_0/MSC_i_0/MSC_i_1/MSC_i_4/dfi_rddata_r[27]:CLK
  To:   DDR3_0_0/MSC_i_0/MSC_i_1/MSC_i_4/l_rd_data_to_mp_r[27]:D
  Delay (ns):              0.169
  Slack (ns):              0.064
  Arrival (ns):            3.777
  Required (ns):           3.713

Path 25
  From: DDR3_0_0/DDRPHY_BLK_0/IOD_TRAINING_0/COREDDR_TIP_INT_U/TIP_CTRL_BLK/LEVELLING/IOG_IF/delay_line_sel_rd[0]:CLK
  To:   DDR3_0_0/DDRPHY_BLK_0/IOD_TRAINING_0/COREDDR_TIP_INT_U/DELAY_LINE_SEL_RD[0]:D
  Delay (ns):              0.132
  Slack (ns):              0.065
  Arrival (ns):            3.734
  Required (ns):           3.669

Path 26
  From: DDR3_0_0/DDRPHY_BLK_0/IOD_TRAINING_0/COREDDR_TIP_INT_U/TIP_CTRL_BLK/LEVELLING/RDLVL/RDLVL_SMS/genblk1[1].RDLVL_TRAIN/gate_training/pre_iog_counter[0]:CLK
  To:   DDR3_0_0/DDRPHY_BLK_0/IOD_TRAINING_0/COREDDR_TIP_INT_U/TIP_CTRL_BLK/LEVELLING/RDLVL/RDLVL_SMS/genblk1[1].RDLVL_TRAIN/gate_training/pre_iog_en_output_registered_1[13]:SLn
  Delay (ns):              0.208
  Slack (ns):              0.065
  Arrival (ns):            3.815
  Required (ns):           3.750

Path 27
  From: DDR3_0_0/MSC_i_0/MSC_i_1/MSC_i_4/MSC_i_224/data_shifter_gen[1].data_shifter[1][60]:CLK
  To:   DDR3_0_0/DDRPHY_BLK_0/IOD_TRAINING_0/COREDDR_TIP_INT_U/TIP_CTRL_BLK/PHY_SIG_MOD/iog_dq_txdata_in_reg[37]:D
  Delay (ns):              0.132
  Slack (ns):              0.065
  Arrival (ns):            3.746
  Required (ns):           3.681

Path 28
  From: DDR3_0_0/MSC_i_0/MSC_i_1/MSC_i_4/MSC_i_8/wr_data_delay_fifo_rd_data_reg[17]:CLK
  To:   DDR3_0_0/MSC_i_0/MSC_i_1/MSC_i_4/MSC_i_8/wr_data_packed[81]:D
  Delay (ns):              0.132
  Slack (ns):              0.065
  Arrival (ns):            3.746
  Required (ns):           3.681

Path 29
  From: CORAXITOAHBL_0_0/CORAXITOAHBL_0_0/U_AXISlaveCtrl/AHBRdTranPend:CLK
  To:   CORAXITOAHBL_0_0/CORAXITOAHBL_0_0/U_AHBMasterCtrl/AHBRdTranPendReg:D
  Delay (ns):              0.133
  Slack (ns):              0.066
  Arrival (ns):            1.880
  Required (ns):           1.814

Path 30
  From: DDR3_0_0/DDRPHY_BLK_0/IOD_TRAINING_0/COREDDR_TIP_INT_U/TIP_CTRL_BLK/LEVELLING/RDLVL/RDLVL_SMS/genblk1[0].RDLVL_TRAIN/gate_training/pre_iog_counter[1]:CLK
  To:   DDR3_0_0/DDRPHY_BLK_0/IOD_TRAINING_0/COREDDR_TIP_INT_U/TIP_CTRL_BLK/LEVELLING/RDLVL/RDLVL_SMS/genblk1[0].RDLVL_TRAIN/gate_training/pre_iog_en_output_registered_2[9]:SLn
  Delay (ns):              0.241
  Slack (ns):              0.066
  Arrival (ns):            3.855
  Required (ns):           3.789

Path 31
  From: DDR3_0_0/MSC_i_0/MSC_i_1/MSC_i_4/MSC_i_190/MSC_i_191/MSC_i_196/lat_n0.resettable.data_shifter_2_[2]:CLK
  To:   DDR3_0_0/MSC_i_0/MSC_i_1/MSC_i_4/MSC_i_222/dfi_cas_n_r1:D
  Delay (ns):              0.133
  Slack (ns):              0.066
  Arrival (ns):            3.757
  Required (ns):           3.691

Path 32
  From: DDR3_0_0/MSC_i_0/MSC_i_1/MSC_i_4/MSC_i_190/MSC_i_191/MSC_i_203/lat_n0.resettable.data_shifter_1_[118]:CLK
  To:   DDR3_0_0/MSC_i_0/MSC_i_1/MSC_i_4/MSC_i_190/MSC_i_191/MSC_i_203/lat_n0.resettable.data_shifter_2_[118]:D
  Delay (ns):              0.133
  Slack (ns):              0.066
  Arrival (ns):            3.760
  Required (ns):           3.694

Path 33
  From: DDR3_0_0/MSC_i_0/MSC_i_1/MSC_i_4/MSC_i_190/MSC_i_191/MSC_i_206/data_shifter_gen[30].data_shifter[30][1]:CLK
  To:   DDR3_0_0/MSC_i_0/MSC_i_1/MSC_i_4/MSC_i_190/MSC_i_191/MSC_i_206/data_shifter_gen[29].data_shifter[29][1]:D
  Delay (ns):              0.133
  Slack (ns):              0.066
  Arrival (ns):            3.719
  Required (ns):           3.653

Path 34
  From: DDR3_0_0/MSC_i_0/MSC_i_1/MSC_i_4/MSC_i_8/MSC_i_104/MSC_i_105/MSC_i_121/din_gray_r[8]:CLK
  To:   DDR3_0_0/MSC_i_0/MSC_i_1/MSC_i_4/MSC_i_8/MSC_i_104/MSC_i_105/MSC_i_121/MSC_i_123/MSC_i_127/s0:D
  Delay (ns):              0.172
  Slack (ns):              0.066
  Arrival (ns):            3.773
  Required (ns):           3.707

Path 35
  From: DDR3_0_0/MSC_i_0/MSC_i_1/MSC_i_4/MSC_i_8/MSC_i_21/MSC_i_22/MSC_i_24/MSC_i_26/MSC_i_35/s0:CLK
  To:   DDR3_0_0/MSC_i_0/MSC_i_1/MSC_i_4/MSC_i_8/MSC_i_21/MSC_i_22/MSC_i_24/MSC_i_26/MSC_i_35/s1:D
  Delay (ns):              0.133
  Slack (ns):              0.066
  Arrival (ns):            3.764
  Required (ns):           3.698

Path 36
  From: MiV_AXI_0/MiV_AXI_0/ChiselTop0/debug_1/dmInner/MIV_RV32IMA_L1_AXI_ASYNC_QUEUE_SINK/MIV_RV32IMA_L1_AXI_ASYNC_VALID_SYNC_2/source_valid/sync_2/reg_0/q:CLK
  To:   MiV_AXI_0/MiV_AXI_0/ChiselTop0/debug_1/dmInner/MIV_RV32IMA_L1_AXI_ASYNC_QUEUE_SINK/MIV_RV32IMA_L1_AXI_ASYNC_VALID_SYNC_2/source_valid/sync_1/reg_0/q:D
  Delay (ns):              0.133
  Slack (ns):              0.066
  Arrival (ns):            1.884
  Required (ns):           1.818

Path 37
  From: DDR3_0_0/DDRPHY_BLK_0/IOD_TRAINING_0/COREDDR_TIP_INT_U/TIP_CTRL_BLK/LEVELLING/RDLVL/RDLVL_SMS/genblk1[1].RDLVL_TRAIN/gate_training/pre_iog_counter[0]:CLK
  To:   DDR3_0_0/DDRPHY_BLK_0/IOD_TRAINING_0/COREDDR_TIP_INT_U/TIP_CTRL_BLK/LEVELLING/RDLVL/RDLVL_SMS/genblk1[1].RDLVL_TRAIN/gate_training/pre_iog_en_output_registered_1[1]:SLn
  Delay (ns):              0.209
  Slack (ns):              0.067
  Arrival (ns):            3.816
  Required (ns):           3.749

Path 38
  From: DDR3_0_0/DDRPHY_BLK_0/IOD_TRAINING_0/COREDDR_TIP_INT_U/TIP_CTRL_BLK/LEVELLING/RDLVL/RDLVL_SMS/genblk1[1].RDLVL_TRAIN/gate_training/pre_iog_counter[0]:CLK
  To:   DDR3_0_0/DDRPHY_BLK_0/IOD_TRAINING_0/COREDDR_TIP_INT_U/TIP_CTRL_BLK/LEVELLING/RDLVL/RDLVL_SMS/genblk1[1].RDLVL_TRAIN/gate_training/pre_iog_en_output_registered_1[3]:SLn
  Delay (ns):              0.209
  Slack (ns):              0.067
  Arrival (ns):            3.816
  Required (ns):           3.749

Path 39
  From: DDR3_0_0/DDRPHY_BLK_0/IOD_TRAINING_0/COREDDR_TIP_INT_U/TIP_CTRL_BLK/LEVELLING/RDLVL/RDLVL_SMS/genblk1[1].RDLVL_TRAIN/gate_training/pre_iog_counter[0]:CLK
  To:   DDR3_0_0/DDRPHY_BLK_0/IOD_TRAINING_0/COREDDR_TIP_INT_U/TIP_CTRL_BLK/LEVELLING/RDLVL/RDLVL_SMS/genblk1[1].RDLVL_TRAIN/gate_training/pre_iog_en_output_registered_1[5]:SLn
  Delay (ns):              0.209
  Slack (ns):              0.067
  Arrival (ns):            3.816
  Required (ns):           3.749

Path 40
  From: DDR3_0_0/DDRPHY_BLK_0/IOD_TRAINING_0/COREDDR_TIP_INT_U/TIP_CTRL_BLK/LEVELLING/RDLVL/RDLVL_SMS/genblk1[1].RDLVL_TRAIN/gate_training/pre_iog_counter[0]:CLK
  To:   DDR3_0_0/DDRPHY_BLK_0/IOD_TRAINING_0/COREDDR_TIP_INT_U/TIP_CTRL_BLK/LEVELLING/RDLVL/RDLVL_SMS/genblk1[1].RDLVL_TRAIN/gate_training/pre_iog_en_output_registered_1[9]:SLn
  Delay (ns):              0.209
  Slack (ns):              0.067
  Arrival (ns):            3.816
  Required (ns):           3.749

Path 41
  From: DDR3_0_0/DDRPHY_BLK_0/IOD_TRAINING_0/COREDDR_TIP_INT_U/TIP_CTRL_BLK/LEVELLING/WRLVL/wrlvl_instances[1].uWrlvl/dq_in_reg[4]:CLK
  To:   DDR3_0_0/DDRPHY_BLK_0/IOD_TRAINING_0/COREDDR_TIP_INT_U/TIP_CTRL_BLK/LEVELLING/WRLVL/wrlvl_instances[1].uWrlvl/dq_in_reg_2[4]:D
  Delay (ns):              0.133
  Slack (ns):              0.067
  Arrival (ns):            3.724
  Required (ns):           3.657

Path 42
  From: DDR3_0_0/DDRPHY_BLK_0/IOD_TRAINING_0/COREDDR_TIP_INT_U/TIP_CTRL_BLK/LEVELLING/WRLVL/wrlvl_instances[1].uWrlvl/dq_in_reg[6]:CLK
  To:   DDR3_0_0/DDRPHY_BLK_0/IOD_TRAINING_0/COREDDR_TIP_INT_U/TIP_CTRL_BLK/LEVELLING/WRLVL/wrlvl_instances[1].uWrlvl/dq_in_reg_2[6]:D
  Delay (ns):              0.133
  Slack (ns):              0.067
  Arrival (ns):            3.724
  Required (ns):           3.657

Path 43
  From: DDR3_0_0/MSC_i_0/MSC_i_1/MSC_i_4/MSC_i_146/gen_fr4.DFI_WRDATA_ALIGN_eq_0.dfi_wrdata_p3_po_r1[26]:CLK
  To:   DDR3_0_0/MSC_i_0/MSC_i_1/MSC_i_4/MSC_i_224/data_shifter_gen[1].data_shifter[1][66]:D
  Delay (ns):              0.132
  Slack (ns):              0.067
  Arrival (ns):            3.743
  Required (ns):           3.676

Path 44
  From: DDR3_0_0/MSC_i_0/MSC_i_1/MSC_i_4/MSC_i_190/MSC_i_191/MSC_i_203/lat_n0.resettable.data_shifter_1_[113]:CLK
  To:   DDR3_0_0/MSC_i_0/MSC_i_1/MSC_i_4/MSC_i_190/MSC_i_191/MSC_i_203/lat_n0.resettable.data_shifter_2_[113]:D
  Delay (ns):              0.134
  Slack (ns):              0.067
  Arrival (ns):            3.765
  Required (ns):           3.698

Path 45
  From: DDR3_0_0/MSC_i_0/MSC_i_1/MSC_i_4/MSC_i_190/MSC_i_191/MSC_i_206/data_shifter_gen[18].data_shifter[18][0]:CLK
  To:   DDR3_0_0/MSC_i_0/MSC_i_1/MSC_i_4/MSC_i_190/MSC_i_191/MSC_i_206/data_shifter_gen[17].data_shifter[17][0]:D
  Delay (ns):              0.135
  Slack (ns):              0.067
  Arrival (ns):            3.758
  Required (ns):           3.691

Path 46
  From: DDR3_0_0/MSC_i_0/MSC_i_1/MSC_i_4/MSC_i_190/MSC_i_191/w_valid_attr_sh_gen[0].w_valid_attr_sh[0][15]:CLK
  To:   DDR3_0_0/MSC_i_0/MSC_i_1/MSC_i_4/MSC_i_190/MSC_i_191/w_valid_attr_sh_gen[0].w_valid_attr_sh[0][16]:D
  Delay (ns):              0.134
  Slack (ns):              0.067
  Arrival (ns):            3.770
  Required (ns):           3.703

Path 47
  From: DDR3_0_0/MSC_i_0/MSC_i_1/MSC_i_4/MSC_i_190/MSC_i_191/w_valid_attr_sh_gen[0].w_valid_attr_sh[0][16]:CLK
  To:   DDR3_0_0/MSC_i_0/MSC_i_1/MSC_i_4/MSC_i_190/MSC_i_191/w_valid_attr_sh_gen[0].w_valid_attr_sh[0][17]:D
  Delay (ns):              0.135
  Slack (ns):              0.067
  Arrival (ns):            3.771
  Required (ns):           3.704

Path 48
  From: DDR3_0_0/MSC_i_0/MSC_i_1/MSC_i_4/MSC_i_8/MSC_i_104/MSC_i_105/MSC_i_107/MSC_i_109/MSC_i_115/s0:CLK
  To:   DDR3_0_0/MSC_i_0/MSC_i_1/MSC_i_4/MSC_i_8/MSC_i_104/MSC_i_105/MSC_i_107/MSC_i_109/MSC_i_115/s1:D
  Delay (ns):              0.170
  Slack (ns):              0.067
  Arrival (ns):            3.765
  Required (ns):           3.698

Path 49
  From: DDR3_0_0/MSC_i_0/MSC_i_1/MSC_i_4/MSC_i_8/cmd_fifo_wr_data_reg1[60]:CLK
  To:   DDR3_0_0/MSC_i_0/MSC_i_1/MSC_i_4/MSC_i_8/cmd_fifo_wr_data_reg2[60]:D
  Delay (ns):              0.172
  Slack (ns):              0.067
  Arrival (ns):            3.789
  Required (ns):           3.722

Path 50
  From: DDR3_0_0/MSC_i_0/MSC_i_1/MSC_i_4/MSC_i_8/wr_data_packed[72]:CLK
  To:   DDR3_0_0/MSC_i_0/MSC_i_1/MSC_i_4/MSC_i_8/wr_data_fifo_wr_data[72]:D
  Delay (ns):              0.134
  Slack (ns):              0.067
  Arrival (ns):            3.748
  Required (ns):           3.681

Path 51
  From: DDR3_0_0/DDRPHY_BLK_0/IOD_TRAINING_0/COREDDR_TIP_INT_U/TIP_CTRL_BLK/LEVELLING/RDLVL/RDLVL_SMS/genblk1[1].RDLVL_TRAIN/gate_training/pre_iog_counter[0]:CLK
  To:   DDR3_0_0/DDRPHY_BLK_0/IOD_TRAINING_0/COREDDR_TIP_INT_U/TIP_CTRL_BLK/LEVELLING/RDLVL/RDLVL_SMS/genblk1[1].RDLVL_TRAIN/gate_training/pre_iog_en_output_registered_1[11]:SLn
  Delay (ns):              0.210
  Slack (ns):              0.068
  Arrival (ns):            3.817
  Required (ns):           3.749

Path 52
  From: DDR3_0_0/DDRPHY_BLK_0/IOD_TRAINING_0/COREDDR_TIP_INT_U/TIP_CTRL_BLK/LEVELLING/RDLVL/RDLVL_SMS/genblk1[1].RDLVL_TRAIN/gate_training/pre_iog_counter[0]:CLK
  To:   DDR3_0_0/DDRPHY_BLK_0/IOD_TRAINING_0/COREDDR_TIP_INT_U/TIP_CTRL_BLK/LEVELLING/RDLVL/RDLVL_SMS/genblk1[1].RDLVL_TRAIN/gate_training/pre_iog_en_output_registered_1[15]:SLn
  Delay (ns):              0.210
  Slack (ns):              0.068
  Arrival (ns):            3.817
  Required (ns):           3.749

Path 53
  From: DDR3_0_0/DDRPHY_BLK_0/IOD_TRAINING_0/COREDDR_TIP_INT_U/TIP_CTRL_BLK/LEVELLING/RDLVL/RDLVL_SMS/genblk1[1].RDLVL_TRAIN/gate_training/pre_iog_counter[0]:CLK
  To:   DDR3_0_0/DDRPHY_BLK_0/IOD_TRAINING_0/COREDDR_TIP_INT_U/TIP_CTRL_BLK/LEVELLING/RDLVL/RDLVL_SMS/genblk1[1].RDLVL_TRAIN/gate_training/pre_iog_en_output_registered_1[7]:SLn
  Delay (ns):              0.210
  Slack (ns):              0.068
  Arrival (ns):            3.817
  Required (ns):           3.749

Path 54
  From: DDR3_0_0/MSC_i_0/MSC_i_1/MSC_i_4/MSC_i_190/MSC_i_191/MSC_i_203/lat_n0.resettable.data_shifter_2_[110]:CLK
  To:   DDR3_0_0/MSC_i_0/MSC_i_1/MSC_i_4/MSC_i_222/dfi_address_r1[0]:D
  Delay (ns):              0.134
  Slack (ns):              0.068
  Arrival (ns):            3.763
  Required (ns):           3.695

Path 55
  From: MiV_AXI_0/MiV_AXI_0/ChiselTop0/dtm/dtmInfoChain/regs_24:CLK
  To:   MiV_AXI_0/MiV_AXI_0/ChiselTop0/dtm/dtmInfoChain/regs_23:D
  Delay (ns):              0.134
  Slack (ns):              0.068
  Arrival (ns):            3.931
  Required (ns):           3.863

Path 56
  From: MiV_AXI_0/MiV_AXI_0/ChiselTop0/tile/MIV_RV32IMA_L1_AXI_INT_SYNC_CROSSING_SINK/MIV_RV32IMA_L1_AXI_SYNCHRONIZER_SHIFT_REG_W1_D3/sync_1:CLK
  To:   MiV_AXI_0/MiV_AXI_0/ChiselTop0/tile/MIV_RV32IMA_L1_AXI_INT_SYNC_CROSSING_SINK/MIV_RV32IMA_L1_AXI_SYNCHRONIZER_SHIFT_REG_W1_D3/sync_0:D
  Delay (ns):              0.135
  Slack (ns):              0.068
  Arrival (ns):            1.906
  Required (ns):           1.838

Path 57
  From: SPI_Controller_0/SPI_Controller_0/USPI/UCC/SYNC1_msrxp_strobe:CLK
  To:   SPI_Controller_0/SPI_Controller_0/USPI/UCC/SYNC2_msrxp_strobe:D
  Delay (ns):              0.136
  Slack (ns):              0.068
  Arrival (ns):            1.888
  Required (ns):           1.820

Path 58
  From: DDR3_0_0/DDRPHY_BLK_0/IOD_TRAINING_0/COREDDR_TIP_INT_U/TIP_CTRL_BLK/TRN_CLK/genblk2[0].u_dqsw_flags/noise_detect/data_0[0]:CLK
  To:   DDR3_0_0/DDRPHY_BLK_0/IOD_TRAINING_0/COREDDR_TIP_INT_U/TIP_CTRL_BLK/TRN_CLK/genblk2[0].u_dqsw_flags/noise_detect/data_1[0]:D
  Delay (ns):              0.137
  Slack (ns):              0.069
  Arrival (ns):            3.746
  Required (ns):           3.677

Path 59
  From: DDR3_0_0/MSC_i_0/MSC_i_1/MSC_i_4/MSC_i_138/MSC_i_142/MSC_i_143/s0:CLK
  To:   DDR3_0_0/MSC_i_0/MSC_i_1/MSC_i_4/MSC_i_190/reset_removal_sr_Z[1]:D
  Delay (ns):              0.214
  Slack (ns):              0.069
  Arrival (ns):            3.836
  Required (ns):           3.767

Path 60
  From: DDR3_0_0/MSC_i_0/MSC_i_1/MSC_i_4/MSC_i_190/MSC_i_191/MSC_i_206/data_shifter_gen[39].data_shifter[39][1]:CLK
  To:   DDR3_0_0/MSC_i_0/MSC_i_1/MSC_i_4/MSC_i_190/MSC_i_191/MSC_i_206/data_shifter_gen[38].data_shifter[38][1]:D
  Delay (ns):              0.134
  Slack (ns):              0.069
  Arrival (ns):            3.748
  Required (ns):           3.679

Path 61
  From: DDR3_0_0/MSC_i_0/MSC_i_1/MSC_i_4/MSC_i_190/MSC_i_191/w_valid_attr_sh_gen[0].w_valid_attr_sh[0][18]:CLK
  To:   DDR3_0_0/MSC_i_0/MSC_i_1/MSC_i_4/MSC_i_190/MSC_i_191/w_valid_attr_sh_gen[0].w_valid_attr_sh[0][19]:D
  Delay (ns):              0.136
  Slack (ns):              0.069
  Arrival (ns):            3.772
  Required (ns):           3.703

Path 62
  From: DDR3_0_0/MSC_i_0/MSC_i_1/MSC_i_4/MSC_i_190/MSC_i_191/w_valid_attr_sh_gen[0].w_valid_attr_sh[0][21]:CLK
  To:   DDR3_0_0/MSC_i_0/MSC_i_1/MSC_i_4/MSC_i_190/MSC_i_191/w_valid_attr_sh_gen[0].w_valid_attr_sh[0][22]:D
  Delay (ns):              0.137
  Slack (ns):              0.069
  Arrival (ns):            3.773
  Required (ns):           3.704

Path 63
  From: DDR3_0_0/MSC_i_0/MSC_i_1/MSC_i_4/MSC_i_190/MSC_i_191/w_valid_sh[11]:CLK
  To:   DDR3_0_0/MSC_i_0/MSC_i_1/MSC_i_4/MSC_i_190/MSC_i_191/w_valid_sh[12]:D
  Delay (ns):              0.134
  Slack (ns):              0.069
  Arrival (ns):            3.740
  Required (ns):           3.671

Path 64
  From: DDR3_0_0/MSC_i_0/MSC_i_1/MSC_i_4/MSC_i_222/dfi_address_r1[2]:CLK
  To:   DDR3_0_0/MSC_i_0/MSC_i_1/MSC_i_4/MSC_i_222/dfi_address_r2[2]:D
  Delay (ns):              0.135
  Slack (ns):              0.069
  Arrival (ns):            3.765
  Required (ns):           3.696

Path 65
  From: DDR3_0_0/MSC_i_0/MSC_i_1/MSC_i_4/MSC_i_224/data_shifter_gen[1].data_shifter[1][136]:CLK
  To:   DDR3_0_0/DDRPHY_BLK_0/IOD_TRAINING_0/COREDDR_TIP_INT_U/TIP_CTRL_BLK/PHY_SIG_MOD/iog_dm_txdata_in_reg[6]:D
  Delay (ns):              0.136
  Slack (ns):              0.069
  Arrival (ns):            3.757
  Required (ns):           3.688

Path 66
  From: DDR3_0_0/MSC_i_0/MSC_i_1/MSC_i_4/MSC_i_224/data_shifter_gen[1].data_shifter[1][41]:CLK
  To:   DDR3_0_0/DDRPHY_BLK_0/IOD_TRAINING_0/COREDDR_TIP_INT_U/TIP_CTRL_BLK/PHY_SIG_MOD/iog_dq_txdata_in_reg[12]:D
  Delay (ns):              0.136
  Slack (ns):              0.069
  Arrival (ns):            3.746
  Required (ns):           3.677

Path 67
  From: DDR3_0_0/MSC_i_0/MSC_i_1/MSC_i_4/MSC_i_224/data_shifter_gen[1].data_shifter[1][68]:CLK
  To:   DDR3_0_0/DDRPHY_BLK_0/IOD_TRAINING_0/COREDDR_TIP_INT_U/TIP_CTRL_BLK/PHY_SIG_MOD/iog_dq_txdata_in_reg[101]:D
  Delay (ns):              0.134
  Slack (ns):              0.069
  Arrival (ns):            3.735
  Required (ns):           3.666

Path 68
  From: DDR3_0_0/MSC_i_0/MSC_i_1/MSC_i_4/MSC_i_8/cmd_fifo_wr_data_reg2[17]:CLK
  To:   DDR3_0_0/MSC_i_0/MSC_i_1/MSC_i_4/MSC_i_8/cmd_fifo_wr_data_reg3[17]:D
  Delay (ns):              0.134
  Slack (ns):              0.069
  Arrival (ns):            3.750
  Required (ns):           3.681

Path 69
  From: DDR3_0_0/MSC_i_0/MSC_i_1/MSC_i_4/MSC_i_8/wr_data_packed[104]:CLK
  To:   DDR3_0_0/MSC_i_0/MSC_i_1/MSC_i_4/MSC_i_8/wr_data_fifo_wr_data[104]:D
  Delay (ns):              0.136
  Slack (ns):              0.069
  Arrival (ns):            3.750
  Required (ns):           3.681

Path 70
  From: MiV_AXI_0/MiV_AXI_0/ChiselTop0/debug_1/dmInner/MIV_RV32IMA_L1_AXI_ASYNC_QUEUE_SINK/widx_gray/sync_1/reg_0/q:CLK
  To:   MiV_AXI_0/MiV_AXI_0/ChiselTop0/debug_1/dmInner/MIV_RV32IMA_L1_AXI_ASYNC_QUEUE_SINK/widx_gray/sync_0/reg_0/q:D
  Delay (ns):              0.137
  Slack (ns):              0.069
  Arrival (ns):            1.888
  Required (ns):           1.819

Path 71
  From: MiV_AXI_0/MiV_AXI_0/ChiselTop0/debug_1/dmOuter/dmInner_TLAsyncCrossingSource/MIV_RV32IMA_L1_AXI_ASYNC_QUEUE_SINK/widx_gray/sync_2/reg_0/q:CLK
  To:   MiV_AXI_0/MiV_AXI_0/ChiselTop0/debug_1/dmOuter/dmInner_TLAsyncCrossingSource/MIV_RV32IMA_L1_AXI_ASYNC_QUEUE_SINK/widx_gray/sync_1/reg_0/q:D
  Delay (ns):              0.135
  Slack (ns):              0.069
  Arrival (ns):            3.947
  Required (ns):           3.878

Path 72
  From: AXI4_Interconnect_0/AXI4_Interconnect_0/SlvConvertor_loop[1].slvcnv/slvCDC/genblk1.genblk1.cdc_WChan/wrPtr_s1[1]:CLK
  To:   AXI4_Interconnect_0/AXI4_Interconnect_0/SlvConvertor_loop[1].slvcnv/slvCDC/genblk1.genblk1.cdc_WChan/wrPtr_s2[1]:D
  Delay (ns):              0.135
  Slack (ns):              0.070
  Arrival (ns):            3.718
  Required (ns):           3.648

Path 73
  From: DDR3_0_0/DDRPHY_BLK_0/IOD_TRAINING_0/COREDDR_TIP_INT_U/TIP_CTRL_BLK/LEVELLING/WRLVL/wrlvl_instances[1].uWrlvl/current_state[3]:CLK
  To:   DDR3_0_0/DDRPHY_BLK_0/IOD_TRAINING_0/COREDDR_TIP_INT_U/TIP_CTRL_BLK/LEVELLING/WRLVL/wrlvl_instances[1].uWrlvl/current_state[4]:D
  Delay (ns):              0.137
  Slack (ns):              0.070
  Arrival (ns):            3.736
  Required (ns):           3.666

Path 74
  From: DDR3_0_0/DDRPHY_BLK_0/IOD_TRAINING_0/COREDDR_TIP_INT_U/TIP_CTRL_BLK/LEVELLING/WRLVL/wrlvl_instances[1].uWrlvl/dq_in_reg[3]:CLK
  To:   DDR3_0_0/DDRPHY_BLK_0/IOD_TRAINING_0/COREDDR_TIP_INT_U/TIP_CTRL_BLK/LEVELLING/WRLVL/wrlvl_instances[1].uWrlvl/dq_in_reg_2[3]:D
  Delay (ns):              0.137
  Slack (ns):              0.070
  Arrival (ns):            3.727
  Required (ns):           3.657

Path 75
  From: DDR3_0_0/MSC_i_0/MSC_i_1/MSC_i_4/MSC_i_190/MSC_i_191/MSC_i_203/lat_n0.resettable.data_shifter_1_[119]:CLK
  To:   DDR3_0_0/MSC_i_0/MSC_i_1/MSC_i_4/MSC_i_190/MSC_i_191/MSC_i_203/lat_n0.resettable.data_shifter_2_[119]:D
  Delay (ns):              0.135
  Slack (ns):              0.070
  Arrival (ns):            3.747
  Required (ns):           3.677

Path 76
  From: DDR3_0_0/MSC_i_0/MSC_i_1/MSC_i_4/MSC_i_190/MSC_i_191/MSC_i_203/lat_n0.resettable.data_shifter_2_[123]:CLK
  To:   DDR3_0_0/MSC_i_0/MSC_i_1/MSC_i_4/MSC_i_222/dfi_address_r1[13]:D
  Delay (ns):              0.137
  Slack (ns):              0.070
  Arrival (ns):            3.767
  Required (ns):           3.697

Path 77
  From: DDR3_0_0/MSC_i_0/MSC_i_1/MSC_i_4/MSC_i_190/MSC_i_191/MSC_i_206/data_shifter_gen[22].data_shifter[22][0]:CLK
  To:   DDR3_0_0/MSC_i_0/MSC_i_1/MSC_i_4/MSC_i_190/MSC_i_191/MSC_i_206/data_shifter_gen[21].data_shifter[21][0]:D
  Delay (ns):              0.135
  Slack (ns):              0.070
  Arrival (ns):            3.753
  Required (ns):           3.683

Path 78
  From: DDR3_0_0/MSC_i_0/MSC_i_1/MSC_i_4/MSC_i_190/MSC_i_191/MSC_i_206/data_shifter_gen[37].data_shifter[37][1]:CLK
  To:   DDR3_0_0/MSC_i_0/MSC_i_1/MSC_i_4/MSC_i_190/MSC_i_191/MSC_i_206/data_shifter_gen[36].data_shifter[36][1]:D
  Delay (ns):              0.135
  Slack (ns):              0.070
  Arrival (ns):            3.749
  Required (ns):           3.679

Path 79
  From: DDR3_0_0/MSC_i_0/MSC_i_1/MSC_i_4/MSC_i_224/data_shifter_gen[1].data_shifter[1][148]:CLK
  To:   DDR3_0_0/DDRPHY_BLK_0/IOD_TRAINING_0/COREDDR_TIP_INT_U/TIP_CTRL_BLK/PHY_SIG_MOD/iog_dm_txdata_in_reg[0]:D
  Delay (ns):              0.138
  Slack (ns):              0.070
  Arrival (ns):            3.745
  Required (ns):           3.675

Path 80
  From: DDR3_0_0/MSC_i_0/MSC_i_1/MSC_i_4/MSC_i_8/MSC_i_21/MSC_i_22/MSC_i_24/MSC_i_26/MSC_i_29/s0:CLK
  To:   DDR3_0_0/MSC_i_0/MSC_i_1/MSC_i_4/MSC_i_8/MSC_i_21/MSC_i_22/MSC_i_24/MSC_i_26/MSC_i_29/s1:D
  Delay (ns):              0.137
  Slack (ns):              0.070
  Arrival (ns):            3.768
  Required (ns):           3.698

Path 81
  From: DDR3_0_0/MSC_i_0/MSC_i_1/MSC_i_4/MSC_i_8/MSC_i_21/MSC_i_22/MSC_i_24/din_gray_r[1]:CLK
  To:   DDR3_0_0/MSC_i_0/MSC_i_1/MSC_i_4/MSC_i_8/MSC_i_21/MSC_i_22/MSC_i_24/MSC_i_26/MSC_i_33/s0:D
  Delay (ns):              0.137
  Slack (ns):              0.070
  Arrival (ns):            3.760
  Required (ns):           3.690

Path 82
  From: DDR3_0_0/MSC_i_0/MSC_i_1/MSC_i_4/MSC_i_8/MSC_i_51/MSC_i_52/MSC_i_64/din_gray_r[2]:CLK
  To:   DDR3_0_0/MSC_i_0/MSC_i_1/MSC_i_4/MSC_i_8/MSC_i_51/MSC_i_52/MSC_i_64/MSC_i_65/MSC_i_68/s0:D
  Delay (ns):              0.135
  Slack (ns):              0.070
  Arrival (ns):            3.753
  Required (ns):           3.683

Path 83
  From: DDR3_0_0/MSC_i_0/MSC_i_1/MSC_i_4/MSC_i_8/cmd_fifo_wr_data_reg2[20]:CLK
  To:   DDR3_0_0/MSC_i_0/MSC_i_1/MSC_i_4/MSC_i_8/cmd_fifo_wr_data_reg3[20]:D
  Delay (ns):              0.135
  Slack (ns):              0.070
  Arrival (ns):            3.751
  Required (ns):           3.681

Path 84
  From: MiV_AXI_0/MiV_AXI_0/ChiselTop0/debug_1/dmInner/dmiXing/MIV_RV32IMA_L1_AXI_ASYNC_QUEUE_SINK/deq_bits_reg/sync_0[0]:CLK
  To:   MiV_AXI_0/MiV_AXI_0/ChiselTop0/debug_1/dmInner/dmInner/ABSTRACTAUTOReg_autoexecdata[0]:D
  Delay (ns):              0.138
  Slack (ns):              0.070
  Arrival (ns):            1.881
  Required (ns):           1.811

Path 85
  From: MiV_AXI_0/MiV_AXI_0/ChiselTop0/debug_1/dmOuter/dmInner_TLAsyncCrossingSource/MIV_RV32IMA_L1_AXI_ASYNC_QUEUE_SINK/widx_gray/sync_1/reg_0/q:CLK
  To:   MiV_AXI_0/MiV_AXI_0/ChiselTop0/debug_1/dmOuter/dmInner_TLAsyncCrossingSource/MIV_RV32IMA_L1_AXI_ASYNC_QUEUE_SINK/widx_gray/sync_0/reg_0/q:D
  Delay (ns):              0.135
  Slack (ns):              0.070
  Arrival (ns):            3.947
  Required (ns):           3.877

Path 86
  From: MiV_AXI_0/MiV_AXI_0/ChiselTop0/dtm/dtmInfoChain/regs_7:CLK
  To:   MiV_AXI_0/MiV_AXI_0/ChiselTop0/dtm/dtmInfoChain/regs_6:D
  Delay (ns):              0.135
  Slack (ns):              0.070
  Arrival (ns):            3.927
  Required (ns):           3.857

Path 87
  From: MiV_AXI_0/MiV_AXI_0/ChiselTop0/dtm/idcodeChain/regs_16:CLK
  To:   MiV_AXI_0/MiV_AXI_0/ChiselTop0/dtm/idcodeChain/regs_15:D
  Delay (ns):              0.136
  Slack (ns):              0.070
  Arrival (ns):            3.926
  Required (ns):           3.856

Path 88
  From: MiV_AXI_0/MiV_AXI_0/ChiselTop0/tile/core/mem_reg_rs2[26]:CLK
  To:   MiV_AXI_0/MiV_AXI_0/ChiselTop0/tile/dcache/a_data_Z[26]:D
  Delay (ns):              0.135
  Slack (ns):              0.070
  Arrival (ns):            1.887
  Required (ns):           1.817

Path 89
  From: AXI4_Interconnect_0/AXI4_Interconnect_0/MstConvertor_loop[1].mstrconv/rgsl/genblk3.rrs/sDat[23]:CLK
  To:   MiV_AXI_0/MiV_AXI_0/ChiselTop0/MIV_RV32IMA_L1_AXI_AXI4BUFFER/MIV_RV32IMA_L1_AXI_QUEUE_4/ram_data.MIV_RV32IMA_L1_AXI_AXI4BUFFER.MIV_RV32IMA_L1_AXI_QUEUE_4.ram_data_ram1_[19]:D
  Delay (ns):              0.136
  Slack (ns):              0.071
  Arrival (ns):            1.871
  Required (ns):           1.800

Path 90
  From: AXI4_Interconnect_0/AXI4_Interconnect_0/SlvConvertor_loop[1].slvcnv/slvCDC/genblk1.cdc_ARChan/rdPtr_s1[2]:CLK
  To:   AXI4_Interconnect_0/AXI4_Interconnect_0/SlvConvertor_loop[1].slvcnv/slvCDC/genblk1.cdc_ARChan/rdPtr_s2[2]:D
  Delay (ns):              0.138
  Slack (ns):              0.071
  Arrival (ns):            1.903
  Required (ns):           1.832

Path 91
  From: AXI4_Interconnect_0/AXI4_Interconnect_0/SlvConvertor_loop[1].slvcnv/slvCDC/genblk1.cdc_AWChan/wrGrayCounterP2/cntBinary[2]:CLK
  To:   AXI4_Interconnect_0/AXI4_Interconnect_0/SlvConvertor_loop[1].slvcnv/slvCDC/genblk1.cdc_AWChan/wrGrayCounterP2/cntGray[2]:D
  Delay (ns):              0.138
  Slack (ns):              0.071
  Arrival (ns):            1.909
  Required (ns):           1.838

Path 92
  From: DDR3_0_0/DDRPHY_BLK_0/IOD_TRAINING_0/COREDDR_TIP_INT_U/TIP_CTRL_BLK/PHY_SIG_MOD/iog_dq_txdata_in_reg[107]:CLK
  To:   DDR3_0_0/DDRPHY_BLK_0/IOD_TRAINING_0/COREDDR_TIP_INT_U/TIP_CTRL_BLK/PHY_SIG_MOD/iog_dq_txdata_in_reg_2[107]:D
  Delay (ns):              0.137
  Slack (ns):              0.071
  Arrival (ns):            3.725
  Required (ns):           3.654

Path 93
  From: DDR3_0_0/MSC_i_0/MSC_i_1/MSC_i_4/MSC_i_190/MSC_i_191/MSC_i_203/lat_n0.resettable.data_shifter_0_[123]:CLK
  To:   DDR3_0_0/MSC_i_0/MSC_i_1/MSC_i_4/MSC_i_190/MSC_i_191/MSC_i_203/lat_n0.resettable.data_shifter_1_[123]:D
  Delay (ns):              0.138
  Slack (ns):              0.071
  Arrival (ns):            3.773
  Required (ns):           3.702

Path 94
  From: DDR3_0_0/MSC_i_0/MSC_i_1/MSC_i_4/MSC_i_190/MSC_i_191/rd_cmd_sh[3]:CLK
  To:   DDR3_0_0/MSC_i_0/MSC_i_1/MSC_i_4/MSC_i_190/MSC_i_191/rd_cmd_sh[4]:D
  Delay (ns):              0.138
  Slack (ns):              0.071
  Arrival (ns):            3.760
  Required (ns):           3.689

Path 95
  From: DDR3_0_0/MSC_i_0/MSC_i_1/MSC_i_4/MSC_i_213/MSC_i_216/data_r1[83]:CLK
  To:   DDR3_0_0/MSC_i_0/MSC_i_1/MSC_i_4/MSC_i_213/MSC_i_216/data_r2[83]:D
  Delay (ns):              0.138
  Slack (ns):              0.071
  Arrival (ns):            3.750
  Required (ns):           3.679

Path 96
  From: DDR3_0_0/MSC_i_0/MSC_i_1/MSC_i_4/MSC_i_222/dfi_ras_n_r1:CLK
  To:   DDR3_0_0/MSC_i_0/MSC_i_1/MSC_i_4/MSC_i_222/dfi_ras_n_r2:D
  Delay (ns):              0.139
  Slack (ns):              0.071
  Arrival (ns):            3.763
  Required (ns):           3.692

Path 97
  From: DDR3_0_0/MSC_i_0/MSC_i_1/MSC_i_4/MSC_i_224/data_shifter_gen[1].data_shifter[1][122]:CLK
  To:   DDR3_0_0/DDRPHY_BLK_0/IOD_TRAINING_0/COREDDR_TIP_INT_U/TIP_CTRL_BLK/PHY_SIG_MOD/iog_dq_txdata_in_reg[17]:D
  Delay (ns):              0.139
  Slack (ns):              0.071
  Arrival (ns):            3.748
  Required (ns):           3.677

Path 98
  From: DDR3_0_0/MSC_i_0/MSC_i_1/MSC_i_4/MSC_i_8/MSC_i_72/MSC_i_73/MSC_i_75/MSC_i_77/MSC_i_87/s0:CLK
  To:   DDR3_0_0/MSC_i_0/MSC_i_1/MSC_i_4/MSC_i_8/MSC_i_72/MSC_i_73/MSC_i_75/MSC_i_77/MSC_i_87/s1:D
  Delay (ns):              0.135
  Slack (ns):              0.071
  Arrival (ns):            3.740
  Required (ns):           3.669

Path 99
  From: DDR3_0_0/MSC_i_0/MSC_i_1/MSC_i_4/MSC_i_8/cmd_fifo_wr_data_reg1[63]:CLK
  To:   DDR3_0_0/MSC_i_0/MSC_i_1/MSC_i_4/MSC_i_8/cmd_fifo_wr_data_reg2[63]:D
  Delay (ns):              0.176
  Slack (ns):              0.071
  Arrival (ns):            3.793
  Required (ns):           3.722

Path 100
  From: DDR3_0_0/MSC_i_0/MSC_i_1/MSC_i_4/dfi_rddata_r[103]:CLK
  To:   DDR3_0_0/MSC_i_0/MSC_i_1/MSC_i_4/l_rd_data_to_mp_r[103]:D
  Delay (ns):              0.136
  Slack (ns):              0.071
  Arrival (ns):            3.733
  Required (ns):           3.662

