Timing Violation Report Max Delay Analysis

SmartTime Version v12.3
Microsemi Corporation - Microsemi Libero Software Release v12.3 (Version 12.800.0.16)
Date: Sat Mar 14 14:51:28 2020


Design: top
Family: PolarFire
Die: MPF300TS
Package: FCG1152
Temperature Range: -40 - 100 C
Voltage Range: 0.97 - 1.03 V
Speed Grade: -1
Design State: Post-Layout
Data source: Production
Multi Corner Report Operating Conditions: slow_lv_ht, slow_lv_lt, fast_hv_lt
Scenario for Timing Analysis: timing_analysis


Path 1
  From: MiV_AXI_0/MiV_AXI_0/ChiselTop0/tile/core/div/remainder[7]:CLK
  To:   MiV_AXI_0/MiV_AXI_0/ChiselTop0/tile/core/div/remainder[61]:D
  Delay (ns):              6.784
  Slack (ns):              2.138
  Arrival (ns):           10.074
  Required (ns):          12.212
  Operating Conditions: slow_lv_lt

Path 2
  From: MiV_AXI_0/MiV_AXI_0/ChiselTop0/tile/core/div/remainder[8]:CLK
  To:   MiV_AXI_0/MiV_AXI_0/ChiselTop0/tile/core/div/remainder[61]:D
  Delay (ns):              6.818
  Slack (ns):              2.139
  Arrival (ns):           10.087
  Required (ns):          12.226
  Operating Conditions: slow_lv_lt

Path 3
  From: MiV_AXI_0/MiV_AXI_0/ChiselTop0/tile/core/div/remainder[8]:CLK
  To:   MiV_AXI_0/MiV_AXI_0/ChiselTop0/tile/core/div/remainder[60]:D
  Delay (ns):              6.806
  Slack (ns):              2.150
  Arrival (ns):           10.075
  Required (ns):          12.225
  Operating Conditions: slow_lv_lt

Path 4
  From: MiV_AXI_0/MiV_AXI_0/ChiselTop0/tile/core/div/remainder[12]:CLK
  To:   MiV_AXI_0/MiV_AXI_0/ChiselTop0/tile/core/div/remainder[61]:D
  Delay (ns):              6.806
  Slack (ns):              2.159
  Arrival (ns):           10.067
  Required (ns):          12.226
  Operating Conditions: slow_lv_lt

Path 5
  From: MiV_AXI_0/MiV_AXI_0/ChiselTop0/tile/core/div/remainder[12]:CLK
  To:   MiV_AXI_0/MiV_AXI_0/ChiselTop0/tile/core/div/remainder[60]:D
  Delay (ns):              6.794
  Slack (ns):              2.170
  Arrival (ns):           10.055
  Required (ns):          12.225
  Operating Conditions: slow_lv_lt

Path 6
  From: MiV_AXI_0/MiV_AXI_0/ChiselTop0/tile/core/div/divisor[3]:CLK
  To:   MiV_AXI_0/MiV_AXI_0/ChiselTop0/tile/core/div/remainder[61]:D
  Delay (ns):              6.793
  Slack (ns):              2.171
  Arrival (ns):           10.055
  Required (ns):          12.226
  Operating Conditions: slow_lv_lt

Path 7
  From: MiV_AXI_0/MiV_AXI_0/ChiselTop0/tile/core/div/divisor[0]:CLK
  To:   MiV_AXI_0/MiV_AXI_0/ChiselTop0/tile/core/div/remainder[61]:D
  Delay (ns):              6.792
  Slack (ns):              2.173
  Arrival (ns):           10.053
  Required (ns):          12.226
  Operating Conditions: slow_lv_lt

Path 8
  From: MiV_AXI_0/MiV_AXI_0/ChiselTop0/tile/core/div/divisor[6]:CLK
  To:   MiV_AXI_0/MiV_AXI_0/ChiselTop0/tile/core/div/remainder[61]:D
  Delay (ns):              6.754
  Slack (ns):              2.174
  Arrival (ns):           10.038
  Required (ns):          12.212
  Operating Conditions: slow_lv_lt

Path 9
  From: MiV_AXI_0/MiV_AXI_0/ChiselTop0/tile/core/div/remainder[7]:CLK
  To:   MiV_AXI_0/MiV_AXI_0/ChiselTop0/tile/core/div/remainder[60]:D
  Delay (ns):              6.772
  Slack (ns):              2.177
  Arrival (ns):           10.062
  Required (ns):          12.239
  Operating Conditions: slow_lv_lt

Path 10
  From: MiV_AXI_0/MiV_AXI_0/ChiselTop0/tile/core/div/divisor[16]:CLK
  To:   MiV_AXI_0/MiV_AXI_0/ChiselTop0/tile/core/div/remainder[61]:D
  Delay (ns):              6.757
  Slack (ns):              2.182
  Arrival (ns):           10.030
  Required (ns):          12.212
  Operating Conditions: slow_lv_lt

Path 11
  From: MiV_AXI_0/MiV_AXI_0/ChiselTop0/tile/core/div/divisor[3]:CLK
  To:   MiV_AXI_0/MiV_AXI_0/ChiselTop0/tile/core/div/remainder[60]:D
  Delay (ns):              6.781
  Slack (ns):              2.182
  Arrival (ns):           10.043
  Required (ns):          12.225
  Operating Conditions: slow_lv_lt

Path 12
  From: MiV_AXI_0/MiV_AXI_0/ChiselTop0/tile/core/div/remainder[10]:CLK
  To:   MiV_AXI_0/MiV_AXI_0/ChiselTop0/tile/core/div/remainder[61]:D
  Delay (ns):              6.754
  Slack (ns):              2.183
  Arrival (ns):           10.029
  Required (ns):          12.212
  Operating Conditions: slow_lv_lt

Path 13
  From: MiV_AXI_0/MiV_AXI_0/ChiselTop0/tile/core/div/divisor[0]:CLK
  To:   MiV_AXI_0/MiV_AXI_0/ChiselTop0/tile/core/div/remainder[60]:D
  Delay (ns):              6.780
  Slack (ns):              2.184
  Arrival (ns):           10.041
  Required (ns):          12.225
  Operating Conditions: slow_lv_lt

Path 14
  From: MiV_AXI_0/MiV_AXI_0/ChiselTop0/tile/core/div/remainder[1]:CLK
  To:   MiV_AXI_0/MiV_AXI_0/ChiselTop0/tile/core/div/remainder[61]:D
  Delay (ns):              6.778
  Slack (ns):              2.186
  Arrival (ns):           10.040
  Required (ns):          12.226
  Operating Conditions: slow_lv_lt

Path 15
  From: MiV_AXI_0/MiV_AXI_0/ChiselTop0/tile/core/div/remainder_0[16]:CLK
  To:   MiV_AXI_0/MiV_AXI_0/ChiselTop0/tile/core/div/remainder[61]:D
  Delay (ns):              6.773
  Slack (ns):              2.192
  Arrival (ns):           10.034
  Required (ns):          12.226
  Operating Conditions: slow_lv_lt

Path 16
  From: MiV_AXI_0/MiV_AXI_0/ChiselTop0/tile/core/div/remainder[4]:CLK
  To:   MiV_AXI_0/MiV_AXI_0/ChiselTop0/tile/core/div/remainder[61]:D
  Delay (ns):              6.779
  Slack (ns):              2.192
  Arrival (ns):           10.034
  Required (ns):          12.226
  Operating Conditions: slow_lv_lt

Path 17
  From: MiV_AXI_0/MiV_AXI_0/ChiselTop0/tile/core/div/remainder[1]:CLK
  To:   MiV_AXI_0/MiV_AXI_0/ChiselTop0/tile/core/div/remainder[60]:D
  Delay (ns):              6.766
  Slack (ns):              2.197
  Arrival (ns):           10.028
  Required (ns):          12.225
  Operating Conditions: slow_lv_lt

Path 18
  From: MiV_AXI_0/MiV_AXI_0/ChiselTop0/tile/core/div/remainder[6]:CLK
  To:   MiV_AXI_0/MiV_AXI_0/ChiselTop0/tile/core/div/remainder[61]:D
  Delay (ns):              6.729
  Slack (ns):              2.200
  Arrival (ns):           10.012
  Required (ns):          12.212
  Operating Conditions: slow_lv_lt

Path 19
  From: MiV_AXI_0/MiV_AXI_0/ChiselTop0/tile/core/div/remainder[7]:CLK
  To:   MiV_AXI_0/MiV_AXI_0/ChiselTop0/tile/core/div/remainder[59]:D
  Delay (ns):              6.718
  Slack (ns):              2.203
  Arrival (ns):           10.008
  Required (ns):          12.211
  Operating Conditions: slow_lv_lt

Path 20
  From: MiV_AXI_0/MiV_AXI_0/ChiselTop0/tile/core/div/remainder_0[16]:CLK
  To:   MiV_AXI_0/MiV_AXI_0/ChiselTop0/tile/core/div/remainder[60]:D
  Delay (ns):              6.761
  Slack (ns):              2.203
  Arrival (ns):           10.022
  Required (ns):          12.225
  Operating Conditions: slow_lv_lt

Path 21
  From: MiV_AXI_0/MiV_AXI_0/ChiselTop0/tile/core/div/remainder[4]:CLK
  To:   MiV_AXI_0/MiV_AXI_0/ChiselTop0/tile/core/div/remainder[60]:D
  Delay (ns):              6.767
  Slack (ns):              2.203
  Arrival (ns):           10.022
  Required (ns):          12.225
  Operating Conditions: slow_lv_lt

Path 22
  From: MiV_AXI_0/MiV_AXI_0/ChiselTop0/tile/core/div/remainder[8]:CLK
  To:   MiV_AXI_0/MiV_AXI_0/ChiselTop0/tile/core/div/remainder[59]:D
  Delay (ns):              6.752
  Slack (ns):              2.204
  Arrival (ns):           10.021
  Required (ns):          12.225
  Operating Conditions: slow_lv_lt

Path 23
  From: MiV_AXI_0/MiV_AXI_0/ChiselTop0/tile/core/div/remainder[3]:CLK
  To:   MiV_AXI_0/MiV_AXI_0/ChiselTop0/tile/core/div/remainder[61]:D
  Delay (ns):              6.766
  Slack (ns):              2.205
  Arrival (ns):           10.021
  Required (ns):          12.226
  Operating Conditions: slow_lv_lt

Path 24
  From: MiV_AXI_0/MiV_AXI_0/ChiselTop0/tile/core/div/divisor[8]:CLK
  To:   MiV_AXI_0/MiV_AXI_0/ChiselTop0/tile/core/div/remainder[61]:D
  Delay (ns):              6.757
  Slack (ns):              2.207
  Arrival (ns):           10.019
  Required (ns):          12.226
  Operating Conditions: slow_lv_lt

Path 25
  From: MiV_AXI_0/MiV_AXI_0/ChiselTop0/tile/core/div/remainder[11]:CLK
  To:   MiV_AXI_0/MiV_AXI_0/ChiselTop0/tile/core/div/remainder[61]:D
  Delay (ns):              6.755
  Slack (ns):              2.209
  Arrival (ns):           10.017
  Required (ns):          12.226
  Operating Conditions: slow_lv_lt

Path 26
  From: MiV_AXI_0/MiV_AXI_0/ChiselTop0/tile/core/div/remainder[8]:CLK
  To:   MiV_AXI_0/MiV_AXI_0/ChiselTop0/tile/core/div/remainder[63]:D
  Delay (ns):              6.720
  Slack (ns):              2.211
  Arrival (ns):            9.989
  Required (ns):          12.200
  Operating Conditions: slow_lv_lt

Path 27
  From: MiV_AXI_0/MiV_AXI_0/ChiselTop0/tile/core/div/remainder[3]:CLK
  To:   MiV_AXI_0/MiV_AXI_0/ChiselTop0/tile/core/div/remainder[60]:D
  Delay (ns):              6.757
  Slack (ns):              2.211
  Arrival (ns):           10.170
  Required (ns):          12.381
  Operating Conditions: slow_lv_ht

Path 28
  From: MiV_AXI_0/MiV_AXI_0/ChiselTop0/tile/core/div/divisor[6]:CLK
  To:   MiV_AXI_0/MiV_AXI_0/ChiselTop0/tile/core/div/remainder[60]:D
  Delay (ns):              6.742
  Slack (ns):              2.213
  Arrival (ns):           10.026
  Required (ns):          12.239
  Operating Conditions: slow_lv_lt

Path 29
  From: MiV_AXI_0/MiV_AXI_0/ChiselTop0/tile/core/div/remainder[5]:CLK
  To:   MiV_AXI_0/MiV_AXI_0/ChiselTop0/tile/core/div/remainder[61]:D
  Delay (ns):              6.751
  Slack (ns):              2.213
  Arrival (ns):           10.013
  Required (ns):          12.226
  Operating Conditions: slow_lv_lt

Path 30
  From: MiV_AXI_0/MiV_AXI_0/ChiselTop0/tile/core/div/remainder[8]:CLK
  To:   MiV_AXI_0/MiV_AXI_0/ChiselTop0/tile/core/div/remainder[62]:D
  Delay (ns):              6.718
  Slack (ns):              2.213
  Arrival (ns):            9.987
  Required (ns):          12.200
  Operating Conditions: slow_lv_lt

Path 31
  From: MiV_AXI_0/MiV_AXI_0/ChiselTop0/tile/core/div/remainder[14]:CLK
  To:   MiV_AXI_0/MiV_AXI_0/ChiselTop0/tile/core/div/remainder[61]:D
  Delay (ns):              6.708
  Slack (ns):              2.214
  Arrival (ns):            9.998
  Required (ns):          12.212
  Operating Conditions: slow_lv_lt

Path 32
  From: MiV_AXI_0/MiV_AXI_0/ChiselTop0/tile/core/div/remainder[15]:CLK
  To:   MiV_AXI_0/MiV_AXI_0/ChiselTop0/tile/core/div/remainder[61]:D
  Delay (ns):              6.758
  Slack (ns):              2.215
  Arrival (ns):           10.011
  Required (ns):          12.226
  Operating Conditions: slow_lv_lt

Path 33
  From: MiV_AXI_0/MiV_AXI_0/ChiselTop0/tile/core/div/divisor[2]:CLK
  To:   MiV_AXI_0/MiV_AXI_0/ChiselTop0/tile/core/div/remainder[61]:D
  Delay (ns):              6.746
  Slack (ns):              2.218
  Arrival (ns):           10.008
  Required (ns):          12.226
  Operating Conditions: slow_lv_lt

Path 34
  From: MiV_AXI_0/MiV_AXI_0/ChiselTop0/tile/core/div/divisor[16]:CLK
  To:   MiV_AXI_0/MiV_AXI_0/ChiselTop0/tile/core/div/remainder[60]:D
  Delay (ns):              6.746
  Slack (ns):              2.218
  Arrival (ns):           10.178
  Required (ns):          12.396
  Operating Conditions: slow_lv_ht

Path 35
  From: MiV_AXI_0/MiV_AXI_0/ChiselTop0/tile/core/div/divisor[8]:CLK
  To:   MiV_AXI_0/MiV_AXI_0/ChiselTop0/tile/core/div/remainder[60]:D
  Delay (ns):              6.745
  Slack (ns):              2.218
  Arrival (ns):           10.007
  Required (ns):          12.225
  Operating Conditions: slow_lv_lt

Path 36
  From: MiV_AXI_0/MiV_AXI_0/ChiselTop0/tile/core/div/remainder[11]:CLK
  To:   MiV_AXI_0/MiV_AXI_0/ChiselTop0/tile/core/div/remainder[60]:D
  Delay (ns):              6.743
  Slack (ns):              2.220
  Arrival (ns):           10.005
  Required (ns):          12.225
  Operating Conditions: slow_lv_lt

Path 37
  From: MiV_AXI_0/MiV_AXI_0/ChiselTop0/tile/core/div/remainder[2]:CLK
  To:   MiV_AXI_0/MiV_AXI_0/ChiselTop0/tile/core/div/remainder[61]:D
  Delay (ns):              6.751
  Slack (ns):              2.220
  Arrival (ns):           10.006
  Required (ns):          12.226
  Operating Conditions: slow_lv_lt

Path 38
  From: MiV_AXI_0/MiV_AXI_0/ChiselTop0/tile/core/div/remainder[10]:CLK
  To:   MiV_AXI_0/MiV_AXI_0/ChiselTop0/tile/core/div/remainder[60]:D
  Delay (ns):              6.742
  Slack (ns):              2.222
  Arrival (ns):           10.017
  Required (ns):          12.239
  Operating Conditions: slow_lv_lt

Path 39
  From: MiV_AXI_0/MiV_AXI_0/ChiselTop0/tile/core/div/remainder[5]:CLK
  To:   MiV_AXI_0/MiV_AXI_0/ChiselTop0/tile/core/div/remainder[60]:D
  Delay (ns):              6.739
  Slack (ns):              2.224
  Arrival (ns):           10.001
  Required (ns):          12.225
  Operating Conditions: slow_lv_lt

Path 40
  From: MiV_AXI_0/MiV_AXI_0/ChiselTop0/tile/core/div/remainder[7]:CLK
  To:   MiV_AXI_0/MiV_AXI_0/ChiselTop0/tile/core/div/remainder[63]:D
  Delay (ns):              6.686
  Slack (ns):              2.224
  Arrival (ns):            9.976
  Required (ns):          12.200
  Operating Conditions: slow_lv_lt

Path 41
  From: MiV_AXI_0/MiV_AXI_0/ChiselTop0/tile/core/div/remainder[12]:CLK
  To:   MiV_AXI_0/MiV_AXI_0/ChiselTop0/tile/core/div/remainder[59]:D
  Delay (ns):              6.740
  Slack (ns):              2.224
  Arrival (ns):           10.001
  Required (ns):          12.225
  Operating Conditions: slow_lv_lt

Path 42
  From: MiV_AXI_0/MiV_AXI_0/ChiselTop0/tile/core/div/remainder[7]:CLK
  To:   MiV_AXI_0/MiV_AXI_0/ChiselTop0/tile/core/div/remainder[64]:D
  Delay (ns):              6.697
  Slack (ns):              2.225
  Arrival (ns):            9.987
  Required (ns):          12.212
  Operating Conditions: slow_lv_lt

Path 43
  From: MiV_AXI_0/MiV_AXI_0/ChiselTop0/tile/core/div/remainder[8]:CLK
  To:   MiV_AXI_0/MiV_AXI_0/ChiselTop0/tile/core/div/remainder[64]:D
  Delay (ns):              6.731
  Slack (ns):              2.226
  Arrival (ns):           10.000
  Required (ns):          12.226
  Operating Conditions: slow_lv_lt

Path 44
  From: MiV_AXI_0/MiV_AXI_0/ChiselTop0/tile/core/div/remainder[7]:CLK
  To:   MiV_AXI_0/MiV_AXI_0/ChiselTop0/tile/core/div/remainder[62]:D
  Delay (ns):              6.684
  Slack (ns):              2.226
  Arrival (ns):            9.974
  Required (ns):          12.200
  Operating Conditions: slow_lv_lt

Path 45
  From: MiV_AXI_0/MiV_AXI_0/ChiselTop0/tile/core/div/remainder[15]:CLK
  To:   MiV_AXI_0/MiV_AXI_0/ChiselTop0/tile/core/div/remainder[60]:D
  Delay (ns):              6.746
  Slack (ns):              2.226
  Arrival (ns):            9.999
  Required (ns):          12.225
  Operating Conditions: slow_lv_lt

Path 46
  From: MiV_AXI_0/MiV_AXI_0/ChiselTop0/tile/core/div/divisor[2]:CLK
  To:   MiV_AXI_0/MiV_AXI_0/ChiselTop0/tile/core/div/remainder[60]:D
  Delay (ns):              6.734
  Slack (ns):              2.229
  Arrival (ns):            9.996
  Required (ns):          12.225
  Operating Conditions: slow_lv_lt

Path 47
  From: MiV_AXI_0/MiV_AXI_0/ChiselTop0/tile/core/div/remainder[9]:CLK
  To:   MiV_AXI_0/MiV_AXI_0/ChiselTop0/tile/core/div/remainder[61]:D
  Delay (ns):              6.726
  Slack (ns):              2.230
  Arrival (ns):            9.996
  Required (ns):          12.226
  Operating Conditions: slow_lv_lt

Path 48
  From: MiV_AXI_0/MiV_AXI_0/ChiselTop0/tile/core/div/remainder[12]:CLK
  To:   MiV_AXI_0/MiV_AXI_0/ChiselTop0/tile/core/div/remainder[63]:D
  Delay (ns):              6.708
  Slack (ns):              2.231
  Arrival (ns):            9.969
  Required (ns):          12.200
  Operating Conditions: slow_lv_lt

Path 49
  From: MiV_AXI_0/MiV_AXI_0/ChiselTop0/tile/core/div/remainder[2]:CLK
  To:   MiV_AXI_0/MiV_AXI_0/ChiselTop0/tile/core/div/remainder[60]:D
  Delay (ns):              6.739
  Slack (ns):              2.231
  Arrival (ns):            9.994
  Required (ns):          12.225
  Operating Conditions: slow_lv_lt

Path 50
  From: MiV_AXI_0/MiV_AXI_0/ChiselTop0/tile/core/div/remainder[8]:CLK
  To:   MiV_AXI_0/MiV_AXI_0/ChiselTop0/tile/core/div/remainder[65]:D
  Delay (ns):              6.700
  Slack (ns):              2.231
  Arrival (ns):            9.969
  Required (ns):          12.200
  Operating Conditions: slow_lv_lt

Path 51
  From: MiV_AXI_0/MiV_AXI_0/ChiselTop0/tile/core/div/remainder[12]:CLK
  To:   MiV_AXI_0/MiV_AXI_0/ChiselTop0/tile/core/div/remainder[62]:D
  Delay (ns):              6.706
  Slack (ns):              2.233
  Arrival (ns):            9.967
  Required (ns):          12.200
  Operating Conditions: slow_lv_lt

Path 52
  From: MiV_AXI_0/MiV_AXI_0/ChiselTop0/tile/core/div/divisor[9]:CLK
  To:   MiV_AXI_0/MiV_AXI_0/ChiselTop0/tile/core/div/remainder[61]:D
  Delay (ns):              6.722
  Slack (ns):              2.234
  Arrival (ns):            9.992
  Required (ns):          12.226
  Operating Conditions: slow_lv_lt

Path 53
  From: MiV_AXI_0/MiV_AXI_0/ChiselTop0/tile/core/div/remainder[13]:CLK
  To:   MiV_AXI_0/MiV_AXI_0/ChiselTop0/tile/core/div/remainder[61]:D
  Delay (ns):              6.729
  Slack (ns):              2.236
  Arrival (ns):            9.990
  Required (ns):          12.226
  Operating Conditions: slow_lv_lt

Path 54
  From: MiV_AXI_0/MiV_AXI_0/ChiselTop0/tile/core/div/divisor[3]:CLK
  To:   MiV_AXI_0/MiV_AXI_0/ChiselTop0/tile/core/div/remainder[59]:D
  Delay (ns):              6.727
  Slack (ns):              2.236
  Arrival (ns):            9.989
  Required (ns):          12.225
  Operating Conditions: slow_lv_lt

Path 55
  From: MiV_AXI_0/MiV_AXI_0/ChiselTop0/tile/core/div/divisor[0]:CLK
  To:   MiV_AXI_0/MiV_AXI_0/ChiselTop0/tile/core/div/remainder[59]:D
  Delay (ns):              6.726
  Slack (ns):              2.238
  Arrival (ns):            9.987
  Required (ns):          12.225
  Operating Conditions: slow_lv_lt

Path 56
  From: MiV_AXI_0/MiV_AXI_0/ChiselTop0/tile/core/div/remainder[6]:CLK
  To:   MiV_AXI_0/MiV_AXI_0/ChiselTop0/tile/core/div/remainder[60]:D
  Delay (ns):              6.717
  Slack (ns):              2.239
  Arrival (ns):           10.000
  Required (ns):          12.239
  Operating Conditions: slow_lv_lt

Path 57
  From: MiV_AXI_0/MiV_AXI_0/ChiselTop0/tile/core/div/divisor[6]:CLK
  To:   MiV_AXI_0/MiV_AXI_0/ChiselTop0/tile/core/div/remainder[59]:D
  Delay (ns):              6.688
  Slack (ns):              2.239
  Arrival (ns):            9.972
  Required (ns):          12.211
  Operating Conditions: slow_lv_lt

Path 58
  From: MiV_AXI_0/MiV_AXI_0/ChiselTop0/tile/core/div/remainder[9]:CLK
  To:   MiV_AXI_0/MiV_AXI_0/ChiselTop0/tile/core/div/remainder[60]:D
  Delay (ns):              6.714
  Slack (ns):              2.241
  Arrival (ns):            9.984
  Required (ns):          12.225
  Operating Conditions: slow_lv_lt

Path 59
  From: MiV_AXI_0/MiV_AXI_0/ChiselTop0/tile/core/div/divisor[3]:CLK
  To:   MiV_AXI_0/MiV_AXI_0/ChiselTop0/tile/core/div/remainder[63]:D
  Delay (ns):              6.695
  Slack (ns):              2.243
  Arrival (ns):            9.957
  Required (ns):          12.200
  Operating Conditions: slow_lv_lt

Path 60
  From: MiV_AXI_0/MiV_AXI_0/ChiselTop0/tile/core/div/remainder[7]:CLK
  To:   MiV_AXI_0/MiV_AXI_0/ChiselTop0/tile/core/div/remainder[65]:D
  Delay (ns):              6.666
  Slack (ns):              2.244
  Arrival (ns):            9.956
  Required (ns):          12.200
  Operating Conditions: slow_lv_lt

Path 61
  From: MiV_AXI_0/MiV_AXI_0/ChiselTop0/tile/core/div/divisor[0]:CLK
  To:   MiV_AXI_0/MiV_AXI_0/ChiselTop0/tile/core/div/remainder[63]:D
  Delay (ns):              6.694
  Slack (ns):              2.245
  Arrival (ns):            9.955
  Required (ns):          12.200
  Operating Conditions: slow_lv_lt

Path 62
  From: MiV_AXI_0/MiV_AXI_0/ChiselTop0/tile/core/div/divisor[3]:CLK
  To:   MiV_AXI_0/MiV_AXI_0/ChiselTop0/tile/core/div/remainder[62]:D
  Delay (ns):              6.693
  Slack (ns):              2.245
  Arrival (ns):            9.955
  Required (ns):          12.200
  Operating Conditions: slow_lv_lt

Path 63
  From: MiV_AXI_0/MiV_AXI_0/ChiselTop0/tile/core/div/divisor[9]:CLK
  To:   MiV_AXI_0/MiV_AXI_0/ChiselTop0/tile/core/div/remainder[60]:D
  Delay (ns):              6.710
  Slack (ns):              2.245
  Arrival (ns):            9.980
  Required (ns):          12.225
  Operating Conditions: slow_lv_lt

Path 64
  From: MiV_AXI_0/MiV_AXI_0/ChiselTop0/tile/core/div/remainder[12]:CLK
  To:   MiV_AXI_0/MiV_AXI_0/ChiselTop0/tile/core/div/remainder[64]:D
  Delay (ns):              6.719
  Slack (ns):              2.246
  Arrival (ns):            9.980
  Required (ns):          12.226
  Operating Conditions: slow_lv_lt

Path 65
  From: MiV_AXI_0/MiV_AXI_0/ChiselTop0/tile/core/div/divisor[16]:CLK
  To:   MiV_AXI_0/MiV_AXI_0/ChiselTop0/tile/core/div/remainder[59]:D
  Delay (ns):              6.691
  Slack (ns):              2.247
  Arrival (ns):            9.964
  Required (ns):          12.211
  Operating Conditions: slow_lv_lt

Path 66
  From: MiV_AXI_0/MiV_AXI_0/ChiselTop0/tile/core/div/divisor[0]:CLK
  To:   MiV_AXI_0/MiV_AXI_0/ChiselTop0/tile/core/div/remainder[62]:D
  Delay (ns):              6.692
  Slack (ns):              2.247
  Arrival (ns):            9.953
  Required (ns):          12.200
  Operating Conditions: slow_lv_lt

Path 67
  From: MiV_AXI_0/MiV_AXI_0/ChiselTop0/tile/core/div/remainder[13]:CLK
  To:   MiV_AXI_0/MiV_AXI_0/ChiselTop0/tile/core/div/remainder[60]:D
  Delay (ns):              6.717
  Slack (ns):              2.247
  Arrival (ns):            9.978
  Required (ns):          12.225
  Operating Conditions: slow_lv_lt

Path 68
  From: MiV_AXI_0/MiV_AXI_0/ChiselTop0/tile/core/div/remainder[10]:CLK
  To:   MiV_AXI_0/MiV_AXI_0/ChiselTop0/tile/core/div/remainder[59]:D
  Delay (ns):              6.688
  Slack (ns):              2.248
  Arrival (ns):            9.963
  Required (ns):          12.211
  Operating Conditions: slow_lv_lt

Path 69
  From: MiV_AXI_0/MiV_AXI_0/ChiselTop0/tile/core/div/divisor[7]:CLK
  To:   MiV_AXI_0/MiV_AXI_0/ChiselTop0/tile/core/div/remainder[61]:D
  Delay (ns):              6.708
  Slack (ns):              2.249
  Arrival (ns):            9.977
  Required (ns):          12.226
  Operating Conditions: slow_lv_lt

Path 70
  From: MiV_AXI_0/MiV_AXI_0/ChiselTop0/tile/core/div/remainder[1]:CLK
  To:   MiV_AXI_0/MiV_AXI_0/ChiselTop0/tile/core/div/remainder[59]:D
  Delay (ns):              6.712
  Slack (ns):              2.251
  Arrival (ns):            9.974
  Required (ns):          12.225
  Operating Conditions: slow_lv_lt

Path 71
  From: MiV_AXI_0/MiV_AXI_0/ChiselTop0/tile/core/div/remainder[12]:CLK
  To:   MiV_AXI_0/MiV_AXI_0/ChiselTop0/tile/core/div/remainder[65]:D
  Delay (ns):              6.688
  Slack (ns):              2.251
  Arrival (ns):            9.949
  Required (ns):          12.200
  Operating Conditions: slow_lv_lt

Path 72
  From: MiV_AXI_0/MiV_AXI_0/ChiselTop0/tile/core/div/remainder[14]:CLK
  To:   MiV_AXI_0/MiV_AXI_0/ChiselTop0/tile/core/div/remainder[60]:D
  Delay (ns):              6.696
  Slack (ns):              2.253
  Arrival (ns):            9.986
  Required (ns):          12.239
  Operating Conditions: slow_lv_lt

Path 73
  From: MiV_AXI_0/MiV_AXI_0/ChiselTop0/tile/core/div/divisor[11]:CLK
  To:   MiV_AXI_0/MiV_AXI_0/ChiselTop0/tile/core/div/remainder[61]:D
  Delay (ns):              6.681
  Slack (ns):              2.256
  Arrival (ns):            9.956
  Required (ns):          12.212
  Operating Conditions: slow_lv_lt

Path 74
  From: MiV_AXI_0/MiV_AXI_0/ChiselTop0/tile/core/div/remainder_0[16]:CLK
  To:   MiV_AXI_0/MiV_AXI_0/ChiselTop0/tile/core/div/remainder[59]:D
  Delay (ns):              6.707
  Slack (ns):              2.257
  Arrival (ns):            9.968
  Required (ns):          12.225
  Operating Conditions: slow_lv_lt

Path 75
  From: MiV_AXI_0/MiV_AXI_0/ChiselTop0/tile/core/div/remainder[4]:CLK
  To:   MiV_AXI_0/MiV_AXI_0/ChiselTop0/tile/core/div/remainder[59]:D
  Delay (ns):              6.713
  Slack (ns):              2.257
  Arrival (ns):            9.968
  Required (ns):          12.225
  Operating Conditions: slow_lv_lt

Path 76
  From: MiV_AXI_0/MiV_AXI_0/ChiselTop0/tile/core/div/divisor[1]:CLK
  To:   MiV_AXI_0/MiV_AXI_0/ChiselTop0/tile/core/div/remainder[61]:D
  Delay (ns):              6.708
  Slack (ns):              2.257
  Arrival (ns):            9.969
  Required (ns):          12.226
  Operating Conditions: slow_lv_lt

Path 77
  From: MiV_AXI_0/MiV_AXI_0/ChiselTop0/tile/core/div/remainder[1]:CLK
  To:   MiV_AXI_0/MiV_AXI_0/ChiselTop0/tile/core/div/remainder[62]:D
  Delay (ns):              6.673
  Slack (ns):              2.258
  Arrival (ns):           10.095
  Required (ns):          12.353
  Operating Conditions: slow_lv_ht

Path 78
  From: MiV_AXI_0/MiV_AXI_0/ChiselTop0/tile/core/div/divisor[3]:CLK
  To:   MiV_AXI_0/MiV_AXI_0/ChiselTop0/tile/core/div/remainder[64]:D
  Delay (ns):              6.706
  Slack (ns):              2.258
  Arrival (ns):            9.968
  Required (ns):          12.226
  Operating Conditions: slow_lv_lt

Path 79
  From: MiV_AXI_0/MiV_AXI_0/ChiselTop0/tile/core/div/divisor[4]:CLK
  To:   MiV_AXI_0/MiV_AXI_0/ChiselTop0/tile/core/div/remainder[61]:D
  Delay (ns):              6.707
  Slack (ns):              2.258
  Arrival (ns):            9.968
  Required (ns):          12.226
  Operating Conditions: slow_lv_lt

Path 80
  From: MiV_AXI_0/MiV_AXI_0/ChiselTop0/tile/core/div/remainder[1]:CLK
  To:   MiV_AXI_0/MiV_AXI_0/ChiselTop0/tile/core/div/remainder[63]:D
  Delay (ns):              6.680
  Slack (ns):              2.258
  Arrival (ns):            9.942
  Required (ns):          12.200
  Operating Conditions: slow_lv_lt

Path 81
  From: MiV_AXI_0/MiV_AXI_0/ChiselTop0/tile/core/div/remainder[7]:CLK
  To:   MiV_AXI_0/MiV_AXI_0/ChiselTop0/tile/core/div/remainder[57]:D
  Delay (ns):              6.663
  Slack (ns):              2.258
  Arrival (ns):            9.953
  Required (ns):          12.211
  Operating Conditions: slow_lv_lt

Path 82
  From: MiV_AXI_0/MiV_AXI_0/ChiselTop0/tile/core/div/remainder[8]:CLK
  To:   MiV_AXI_0/MiV_AXI_0/ChiselTop0/tile/core/div/remainder[52]:D
  Delay (ns):              6.698
  Slack (ns):              2.259
  Arrival (ns):            9.967
  Required (ns):          12.226
  Operating Conditions: slow_lv_lt

Path 83
  From: MiV_AXI_0/MiV_AXI_0/ChiselTop0/tile/core/div/remainder[8]:CLK
  To:   MiV_AXI_0/MiV_AXI_0/ChiselTop0/tile/core/div/remainder[57]:D
  Delay (ns):              6.697
  Slack (ns):              2.259
  Arrival (ns):            9.966
  Required (ns):          12.225
  Operating Conditions: slow_lv_lt

Path 84
  From: MiV_AXI_0/MiV_AXI_0/ChiselTop0/tile/core/div/divisor[6]:CLK
  To:   MiV_AXI_0/MiV_AXI_0/ChiselTop0/tile/core/div/remainder[62]:D
  Delay (ns):              6.651
  Slack (ns):              2.260
  Arrival (ns):           10.093
  Required (ns):          12.353
  Operating Conditions: slow_lv_ht

Path 85
  From: MiV_AXI_0/MiV_AXI_0/ChiselTop0/tile/core/div/divisor[16]:CLK
  To:   MiV_AXI_0/MiV_AXI_0/ChiselTop0/tile/core/div/remainder[62]:D
  Delay (ns):              6.661
  Slack (ns):              2.260
  Arrival (ns):           10.093
  Required (ns):          12.353
  Operating Conditions: slow_lv_ht

Path 86
  From: MiV_AXI_0/MiV_AXI_0/ChiselTop0/tile/core/div/divisor[0]:CLK
  To:   MiV_AXI_0/MiV_AXI_0/ChiselTop0/tile/core/div/remainder[64]:D
  Delay (ns):              6.705
  Slack (ns):              2.260
  Arrival (ns):            9.966
  Required (ns):          12.226
  Operating Conditions: slow_lv_lt

Path 87
  From: MiV_AXI_0/MiV_AXI_0/ChiselTop0/tile/core/div/divisor[6]:CLK
  To:   MiV_AXI_0/MiV_AXI_0/ChiselTop0/tile/core/div/remainder[63]:D
  Delay (ns):              6.656
  Slack (ns):              2.260
  Arrival (ns):            9.940
  Required (ns):          12.200
  Operating Conditions: slow_lv_lt

Path 88
  From: MiV_AXI_0/MiV_AXI_0/ChiselTop0/tile/core/div/divisor[7]:CLK
  To:   MiV_AXI_0/MiV_AXI_0/ChiselTop0/tile/core/div/remainder[60]:D
  Delay (ns):              6.696
  Slack (ns):              2.260
  Arrival (ns):            9.965
  Required (ns):          12.225
  Operating Conditions: slow_lv_lt

Path 89
  From: MiV_AXI_0/MiV_AXI_0/ChiselTop0/tile/core/div/divisor[6]:CLK
  To:   MiV_AXI_0/MiV_AXI_0/ChiselTop0/tile/core/div/remainder[64]:D
  Delay (ns):              6.667
  Slack (ns):              2.261
  Arrival (ns):            9.951
  Required (ns):          12.212
  Operating Conditions: slow_lv_lt

Path 90
  From: MiV_AXI_0/MiV_AXI_0/ChiselTop0/tile/core/div/divisor[3]:CLK
  To:   MiV_AXI_0/MiV_AXI_0/ChiselTop0/tile/core/div/remainder[65]:D
  Delay (ns):              6.675
  Slack (ns):              2.263
  Arrival (ns):            9.937
  Required (ns):          12.200
  Operating Conditions: slow_lv_lt

Path 91
  From: MiV_AXI_0/MiV_AXI_0/ChiselTop0/tile/core/div/remainder[4]:CLK
  To:   MiV_AXI_0/MiV_AXI_0/ChiselTop0/tile/core/div/remainder[63]:D
  Delay (ns):              6.681
  Slack (ns):              2.264
  Arrival (ns):            9.936
  Required (ns):          12.200
  Operating Conditions: slow_lv_lt

Path 92
  From: MiV_AXI_0/MiV_AXI_0/ChiselTop0/tile/core/div/remainder_0[16]:CLK
  To:   MiV_AXI_0/MiV_AXI_0/ChiselTop0/tile/core/div/remainder[63]:D
  Delay (ns):              6.675
  Slack (ns):              2.264
  Arrival (ns):            9.936
  Required (ns):          12.200
  Operating Conditions: slow_lv_lt

Path 93
  From: MiV_AXI_0/MiV_AXI_0/ChiselTop0/tile/core/div/divisor[0]:CLK
  To:   MiV_AXI_0/MiV_AXI_0/ChiselTop0/tile/core/div/remainder[65]:D
  Delay (ns):              6.674
  Slack (ns):              2.265
  Arrival (ns):            9.935
  Required (ns):          12.200
  Operating Conditions: slow_lv_lt

Path 94
  From: MiV_AXI_0/MiV_AXI_0/ChiselTop0/tile/core/div/divisor[16]:CLK
  To:   MiV_AXI_0/MiV_AXI_0/ChiselTop0/tile/core/div/remainder[63]:D
  Delay (ns):              6.656
  Slack (ns):              2.265
  Arrival (ns):           10.088
  Required (ns):          12.353
  Operating Conditions: slow_lv_ht

Path 95
  From: MiV_AXI_0/MiV_AXI_0/ChiselTop0/tile/core/div/remainder[6]:CLK
  To:   MiV_AXI_0/MiV_AXI_0/ChiselTop0/tile/core/div/remainder[59]:D
  Delay (ns):              6.663
  Slack (ns):              2.265
  Arrival (ns):            9.946
  Required (ns):          12.211
  Operating Conditions: slow_lv_lt

Path 96
  From: MiV_AXI_0/MiV_AXI_0/ChiselTop0/tile/core/div/remainder[4]:CLK
  To:   MiV_AXI_0/MiV_AXI_0/ChiselTop0/tile/core/div/remainder[62]:D
  Delay (ns):              6.679
  Slack (ns):              2.266
  Arrival (ns):            9.934
  Required (ns):          12.200
  Operating Conditions: slow_lv_lt

Path 97
  From: MiV_AXI_0/MiV_AXI_0/ChiselTop0/tile/core/div/remainder_0[16]:CLK
  To:   MiV_AXI_0/MiV_AXI_0/ChiselTop0/tile/core/div/remainder[62]:D
  Delay (ns):              6.673
  Slack (ns):              2.266
  Arrival (ns):            9.934
  Required (ns):          12.200
  Operating Conditions: slow_lv_lt

Path 98
  From: MiV_AXI_0/MiV_AXI_0/ChiselTop0/tile/core/div/remainder[3]:CLK
  To:   MiV_AXI_0/MiV_AXI_0/ChiselTop0/tile/core/div/remainder[62]:D
  Delay (ns):              6.672
  Slack (ns):              2.268
  Arrival (ns):           10.085
  Required (ns):          12.353
  Operating Conditions: slow_lv_ht

Path 99
  From: MiV_AXI_0/MiV_AXI_0/ChiselTop0/tile/core/div/divisor[1]:CLK
  To:   MiV_AXI_0/MiV_AXI_0/ChiselTop0/tile/core/div/remainder[60]:D
  Delay (ns):              6.696
  Slack (ns):              2.268
  Arrival (ns):            9.957
  Required (ns):          12.225
  Operating Conditions: slow_lv_lt

Path 100
  From: MiV_AXI_0/MiV_AXI_0/ChiselTop0/tile/core/div/remainder[10]:CLK
  To:   MiV_AXI_0/MiV_AXI_0/ChiselTop0/tile/core/div/remainder[63]:D
  Delay (ns):              6.656
  Slack (ns):              2.269
  Arrival (ns):            9.931
  Required (ns):          12.200
  Operating Conditions: slow_lv_lt

