Timing Violation Report Min Delay Analysis

SmartTime Version v12.3
Microsemi Corporation - Microsemi Libero Software Release v12.3 (Version 12.800.0.16)
Date: Mon Mar  2 17:16:09 2020


Design: top
Family: PolarFire
Die: MPF300TS
Package: FCG1152
Temperature Range: -40 - 100 C
Voltage Range: 1.0185 - 1.0815 V
Speed Grade: -1
Design State: Post-Layout
Data source: Production
Multi Corner Report Operating Conditions: slow_lv_ht, slow_lv_lt, fast_hv_lt
Scenario for Timing Analysis: timing_analysis


Path 1
  From: DDR3_0_0/MSC_i_0/MSC_i_1/MSC_i_4/MSC_i_8/MSC_i_51/MSC_i_52/MSC_i_54/din_gray_r[4]:CLK
  To:   DDR3_0_0/MSC_i_0/MSC_i_1/MSC_i_4/MSC_i_8/MSC_i_51/MSC_i_52/MSC_i_54/MSC_i_56/MSC_i_58/s0:D
  Delay (ns):              0.183
  Slack (ns):              0.034
  Arrival (ns):            3.775
  Required (ns):           3.741
  Operating Conditions: fast_hv_lt

Path 2
  From: DDR3_0_0/MSC_i_0/MSC_i_1/MSC_i_4/MSC_i_8/MSC_i_51/MSC_i_52/MSC_i_54/din_gray_r[3]:CLK
  To:   DDR3_0_0/MSC_i_0/MSC_i_1/MSC_i_4/MSC_i_8/MSC_i_51/MSC_i_52/MSC_i_54/MSC_i_56/MSC_i_57/s0:D
  Delay (ns):              0.188
  Slack (ns):              0.039
  Arrival (ns):            3.780
  Required (ns):           3.741
  Operating Conditions: fast_hv_lt

Path 3
  From: DDR3_0_0/MSC_i_0/MSC_i_1/MSC_i_4/MSC_i_8/wr_data_delay_fifo_rd_data_reg[12]:CLK
  To:   DDR3_0_0/MSC_i_0/MSC_i_1/MSC_i_4/MSC_i_8/wr_data_packed[12]:D
  Delay (ns):              0.185
  Slack (ns):              0.043
  Arrival (ns):            3.772
  Required (ns):           3.729
  Operating Conditions: fast_hv_lt

Path 4
  From: DDR3_0_0/MSC_i_0/MSC_i_1/MSC_i_4/MSC_i_8/l_req_tag_int[18]:CLK
  To:   DDR3_0_0/MSC_i_0/MSC_i_1/MSC_i_4/MSC_i_212/MSC_i_215/data_r1[73]:D
  Delay (ns):              0.209
  Slack (ns):              0.057
  Arrival (ns):            3.807
  Required (ns):           3.750
  Operating Conditions: fast_hv_lt

Path 5
  From: MiV_AXI_0/MiV_AXI_0/ChiselTop0/dtm/idcodeChain/regs_16:CLK
  To:   MiV_AXI_0/MiV_AXI_0/ChiselTop0/dtm/idcodeChain/regs_15:D
  Delay (ns):              0.131
  Slack (ns):              0.063
  Arrival (ns):            3.890
  Required (ns):           3.827
  Operating Conditions: fast_hv_lt

Path 6
  From: DDR3_0_0/MSC_i_0/MSC_i_1/MSC_i_4/MSC_i_190/MSC_i_191/MSC_i_202/lat_n0.resettable.data_shifter_2_[111]:CLK
  To:   DDR3_0_0/MSC_i_0/MSC_i_1/MSC_i_4/MSC_i_221/dfi_address_r1[1]:D
  Delay (ns):              0.132
  Slack (ns):              0.064
  Arrival (ns):            3.752
  Required (ns):           3.688
  Operating Conditions: fast_hv_lt

Path 7
  From: DDR3_0_0/MSC_i_0/MSC_i_1/MSC_i_4/MSC_i_190/MSC_i_191/w_valid_attr_sh_gen[1].w_valid_attr_sh[1][11]:CLK
  To:   DDR3_0_0/MSC_i_0/MSC_i_1/MSC_i_4/MSC_i_190/MSC_i_191/w_valid_attr_sh_gen[1].w_valid_attr_sh[1][12]:D
  Delay (ns):              0.131
  Slack (ns):              0.064
  Arrival (ns):            3.749
  Required (ns):           3.685
  Operating Conditions: fast_hv_lt

Path 8
  From: DDR3_0_0/MSC_i_0/MSC_i_1/MSC_i_4/MSC_i_8/cmd_fifo_wr_data_reg3[44]:CLK
  To:   DDR3_0_0/MSC_i_0/MSC_i_1/MSC_i_4/MSC_i_8/cmd_fifo_wr_data_reg4[44]:D
  Delay (ns):              0.131
  Slack (ns):              0.064
  Arrival (ns):            3.732
  Required (ns):           3.668
  Operating Conditions: fast_hv_lt

Path 9
  From: DDR3_0_0/MSC_i_0/MSC_i_1/MSC_i_4/MSC_i_8/cmd_fifo_wr_data_reg3[63]:CLK
  To:   DDR3_0_0/MSC_i_0/MSC_i_1/MSC_i_4/MSC_i_8/cmd_fifo_wr_data_reg4[63]:D
  Delay (ns):              0.132
  Slack (ns):              0.065
  Arrival (ns):            3.733
  Required (ns):           3.668
  Operating Conditions: fast_hv_lt

Path 10
  From: DDR3_0_0/MSC_i_0/MSC_i_1/MSC_i_4/MSC_i_8/cmd_fifo_wr_data_reg1[31]:CLK
  To:   DDR3_0_0/MSC_i_0/MSC_i_1/MSC_i_4/MSC_i_8/cmd_fifo_wr_data_reg2[31]:D
  Delay (ns):              0.132
  Slack (ns):              0.065
  Arrival (ns):            3.737
  Required (ns):           3.672
  Operating Conditions: fast_hv_lt

Path 11
  From: DDR3_0_0/MSC_i_0/MSC_i_1/MSC_i_4/MSC_i_8/MSC_i_21/MSC_i_22/MSC_i_37/din_gray_r[4]:CLK
  To:   DDR3_0_0/MSC_i_0/MSC_i_1/MSC_i_4/MSC_i_8/MSC_i_21/MSC_i_22/MSC_i_37/MSC_i_39/MSC_i_43/s0:D
  Delay (ns):              0.131
  Slack (ns):              0.065
  Arrival (ns):            3.736
  Required (ns):           3.671
  Operating Conditions: fast_hv_lt

Path 12
  From: DDR3_0_0/MSC_i_0/MSC_i_1/MSC_i_4/MSC_i_190/MSC_i_191/MSC_i_202/lat_n0.resettable.data_shifter_1_[108]:CLK
  To:   DDR3_0_0/MSC_i_0/MSC_i_1/MSC_i_4/MSC_i_190/MSC_i_191/MSC_i_202/lat_n0.resettable.data_shifter_2_[108]:D
  Delay (ns):              0.132
  Slack (ns):              0.065
  Arrival (ns):            3.753
  Required (ns):           3.688
  Operating Conditions: fast_hv_lt

Path 13
  From: MiV_AXI_0/MiV_AXI_0/ChiselTop0/dtm/idcodeChain/regs_15:CLK
  To:   MiV_AXI_0/MiV_AXI_0/ChiselTop0/dtm/idcodeChain/regs_14:D
  Delay (ns):              0.133
  Slack (ns):              0.065
  Arrival (ns):            3.892
  Required (ns):           3.827
  Operating Conditions: fast_hv_lt

Path 14
  From: MiV_AXI_0/MiV_AXI_0/ChiselTop0/dtm/dmiReqReg_data[23]:CLK
  To:   MiV_AXI_0/MiV_AXI_0/ChiselTop0/debug_1/dmOuter/MIV_RV32IMA_L1_AXI_ASYNC_QUEUE_SOURCE/mem_0_hartsel[7]:D
  Delay (ns):              0.211
  Slack (ns):              0.065
  Arrival (ns):            3.968
  Required (ns):           3.903
  Operating Conditions: fast_hv_lt

Path 15
  From: MiV_AXI_0/MiV_AXI_0/ChiselTop0/debug_1/dmInner/dmactiveSync/MIV_RV32IMA_L1_AXI_ASYNC_RESET_SYNCHRONIZER_SHIFT_REG_W1_D3_I0/sync_1/reg_0/q:CLK
  To:   MiV_AXI_0/MiV_AXI_0/ChiselTop0/debug_1/dmInner/dmactiveSync/MIV_RV32IMA_L1_AXI_ASYNC_RESET_SYNCHRONIZER_SHIFT_REG_W1_D3_I0/sync_0/reg_0/q:D
  Delay (ns):              0.132
  Slack (ns):              0.065
  Arrival (ns):            1.909
  Required (ns):           1.844
  Operating Conditions: fast_hv_lt

Path 16
  From: MiV_AXI_0/MiV_AXI_0/ChiselTop0/dtm/idcodeChain/regs_18:CLK
  To:   MiV_AXI_0/MiV_AXI_0/ChiselTop0/dtm/idcodeChain/regs_17:D
  Delay (ns):              0.134
  Slack (ns):              0.066
  Arrival (ns):            3.893
  Required (ns):           3.827
  Operating Conditions: fast_hv_lt

Path 17
  From: AXI4_Interconnect_0/AXI4_Interconnect_0/MstConvertor_loop[0].mstrconv/rgsl/genblk3.rrs/sDat[4]:CLK
  To:   MiV_AXI_0/MiV_AXI_0/ChiselTop0/buffer/MIV_RV32IMA_L1_AXI_QUEUE_4/ram_data.buffer.MIV_RV32IMA_L1_AXI_QUEUE_4.ram_data_ram0_[0]:D
  Delay (ns):              0.133
  Slack (ns):              0.066
  Arrival (ns):            1.908
  Required (ns):           1.842
  Operating Conditions: fast_hv_lt

Path 18
  From: CORAXITOAHBL_0_0/CORAXITOAHBL_0_0/U_AXISlaveCtrl/AHBWrTranPend:CLK
  To:   CORAXITOAHBL_0_0/CORAXITOAHBL_0_0/U_AHBMasterCtrl/AHBWrTranPendReg:D
  Delay (ns):              0.133
  Slack (ns):              0.066
  Arrival (ns):            1.902
  Required (ns):           1.836
  Operating Conditions: fast_hv_lt

Path 19
  From: DDR3_0_0/DDRPHY_BLK_0/IOD_TRAINING_0/COREDDR_TIP_INT_U/TIP_CTRL_BLK/LEVELLING/RDLVL/RDLVL_SMS/genblk1[1].RDLVL_TRAIN/dq_align_dqs_optimization/delay_cnt_minus1[1]:CLK
  To:   DDR3_0_0/DDRPHY_BLK_0/IOD_TRAINING_0/COREDDR_TIP_INT_U/TIP_CTRL_BLK/LEVELLING/RDLVL/RDLVL_SMS/genblk1[1].RDLVL_TRAIN/dq_align_dqs_optimization/initlDqsOrStw_2_endw[1]:D
  Delay (ns):              0.133
  Slack (ns):              0.066
  Arrival (ns):            3.743
  Required (ns):           3.677
  Operating Conditions: fast_hv_lt

Path 20
  From: DDR3_0_0/MSC_i_0/MSC_i_1/MSC_i_4/MSC_i_8/MSC_i_104/MSC_i_105/MSC_i_121/MSC_i_123/MSC_i_124/s0:CLK
  To:   DDR3_0_0/MSC_i_0/MSC_i_1/MSC_i_4/MSC_i_8/MSC_i_104/MSC_i_105/MSC_i_121/MSC_i_123/MSC_i_124/s1:D
  Delay (ns):              0.133
  Slack (ns):              0.066
  Arrival (ns):            3.758
  Required (ns):           3.692
  Operating Conditions: fast_hv_lt

Path 21
  From: MiV_AXI_0/MiV_AXI_0/ChiselTop0/dtm/dtmInfoChain/regs_20:CLK
  To:   MiV_AXI_0/MiV_AXI_0/ChiselTop0/dtm/dtmInfoChain/regs_19:D
  Delay (ns):              0.132
  Slack (ns):              0.066
  Arrival (ns):            3.907
  Required (ns):           3.841
  Operating Conditions: fast_hv_lt

Path 22
  From: DDR3_0_0/MSC_i_0/MSC_i_1/MSC_i_4/MSC_i_190/MSC_i_191/MSC_i_202/lat_n0.resettable.data_shifter_2_[110]:CLK
  To:   DDR3_0_0/MSC_i_0/MSC_i_1/MSC_i_4/MSC_i_221/dfi_address_r1[0]:D
  Delay (ns):              0.133
  Slack (ns):              0.066
  Arrival (ns):            3.758
  Required (ns):           3.692
  Operating Conditions: fast_hv_lt

Path 23
  From: DDR3_0_0/MSC_i_0/MSC_i_1/MSC_i_4/MSC_i_190/MSC_i_191/MSC_i_202/lat_n0.resettable.data_shifter_2_[123]:CLK
  To:   DDR3_0_0/MSC_i_0/MSC_i_1/MSC_i_4/MSC_i_221/dfi_address_r1[13]:D
  Delay (ns):              0.134
  Slack (ns):              0.067
  Arrival (ns):            3.755
  Required (ns):           3.688
  Operating Conditions: fast_hv_lt

Path 24
  From: DDR3_0_0/DDRPHY_BLK_0/IOD_TRAINING_0/COREDDR_TIP_INT_U/TIP_CTRL_BLK/LEVELLING/WRLVL/wrlvl_instances[1].uWrlvl/dq_in_reg[0]:CLK
  To:   DDR3_0_0/DDRPHY_BLK_0/IOD_TRAINING_0/COREDDR_TIP_INT_U/TIP_CTRL_BLK/LEVELLING/WRLVL/wrlvl_instances[1].uWrlvl/dq_in_reg_2[0]:D
  Delay (ns):              0.133
  Slack (ns):              0.067
  Arrival (ns):            3.728
  Required (ns):           3.661
  Operating Conditions: fast_hv_lt

Path 25
  From: DDR3_0_0/DDRPHY_BLK_0/IOD_TRAINING_0/COREDDR_TIP_INT_U/TIP_CTRL_BLK/LEVELLING/IOG_IF/move_int[12]:CLK
  To:   DDR3_0_0/DDRPHY_BLK_0/IOD_TRAINING_0/COREDDR_TIP_INT_U/MOVE[12]:D
  Delay (ns):              0.134
  Slack (ns):              0.067
  Arrival (ns):            3.728
  Required (ns):           3.661
  Operating Conditions: fast_hv_lt

Path 26
  From: DDR3_0_0/MSC_i_0/MSC_i_1/MSC_i_4/MSC_i_190/MSC_i_191/MSC_i_202/lat_n0.resettable.data_shifter_1_[114]:CLK
  To:   DDR3_0_0/MSC_i_0/MSC_i_1/MSC_i_4/MSC_i_190/MSC_i_191/MSC_i_202/lat_n0.resettable.data_shifter_2_[114]:D
  Delay (ns):              0.133
  Slack (ns):              0.067
  Arrival (ns):            3.754
  Required (ns):           3.687
  Operating Conditions: fast_hv_lt

Path 27
  From: DDR3_0_0/MSC_i_0/MSC_i_1/MSC_i_4/MSC_i_8/cmd_fifo_wr_data_reg3[18]:CLK
  To:   DDR3_0_0/MSC_i_0/MSC_i_1/MSC_i_4/MSC_i_8/cmd_fifo_wr_data_reg4[18]:D
  Delay (ns):              0.134
  Slack (ns):              0.067
  Arrival (ns):            3.727
  Required (ns):           3.660
  Operating Conditions: fast_hv_lt

Path 28
  From: DDR3_0_0/MSC_i_0/MSC_i_1/MSC_i_4/MSC_i_8/MSC_i_104/MSC_i_105/MSC_i_121/MSC_i_123/MSC_i_133/s0:CLK
  To:   DDR3_0_0/MSC_i_0/MSC_i_1/MSC_i_4/MSC_i_8/MSC_i_104/MSC_i_105/MSC_i_121/MSC_i_123/MSC_i_133/s1:D
  Delay (ns):              0.135
  Slack (ns):              0.067
  Arrival (ns):            3.760
  Required (ns):           3.693
  Operating Conditions: fast_hv_lt

Path 29
  From: MiV_AXI_0/MiV_AXI_0/ChiselTop0/tile/core/mem_ctrl_csr[1]:CLK
  To:   MiV_AXI_0/MiV_AXI_0/ChiselTop0/tile/core/wb_ctrl_csr[1]:D
  Delay (ns):              0.133
  Slack (ns):              0.068
  Arrival (ns):            1.891
  Required (ns):           1.823
  Operating Conditions: fast_hv_lt

Path 30
  From: MiV_AXI_0/MiV_AXI_0/ChiselTop0/debug_1/dmOuter/dmInner_TLAsyncCrossingSource/MIV_RV32IMA_L1_AXI_ASYNC_QUEUE_SOURCE/ridx_gray/sync_2/reg_0/q:CLK
  To:   MiV_AXI_0/MiV_AXI_0/ChiselTop0/debug_1/dmOuter/dmInner_TLAsyncCrossingSource/MIV_RV32IMA_L1_AXI_ASYNC_QUEUE_SOURCE/ridx_gray/sync_1/reg_0/q:D
  Delay (ns):              0.134
  Slack (ns):              0.068
  Arrival (ns):            3.886
  Required (ns):           3.818
  Operating Conditions: fast_hv_lt

Path 31
  From: DDR3_0_0/MSC_i_0/MSC_i_1/MSC_i_4/MSC_i_190/MSC_i_191/MSC_i_205/data_shifter_gen[18].data_shifter[18][0]:CLK
  To:   DDR3_0_0/MSC_i_0/MSC_i_1/MSC_i_4/MSC_i_190/MSC_i_191/MSC_i_205/data_shifter_gen[17].data_shifter[17][0]:D
  Delay (ns):              0.134
  Slack (ns):              0.068
  Arrival (ns):            3.747
  Required (ns):           3.679
  Operating Conditions: fast_hv_lt

Path 32
  From: DDR3_0_0/MSC_i_0/MSC_i_1/MSC_i_4/MSC_i_190/MSC_i_191/MSC_i_205/data_shifter_gen[16].data_shifter[16][0]:CLK
  To:   DDR3_0_0/MSC_i_0/MSC_i_1/MSC_i_4/MSC_i_190/MSC_i_191/MSC_i_205/data_shifter_gen[15].data_shifter[15][0]:D
  Delay (ns):              0.134
  Slack (ns):              0.068
  Arrival (ns):            3.747
  Required (ns):           3.679
  Operating Conditions: fast_hv_lt

Path 33
  From: DDR3_0_0/MSC_i_0/MSC_i_1/MSC_i_4/MSC_i_190/MSC_i_191/MSC_i_202/lat_n0.resettable.data_shifter_2_[119]:CLK
  To:   DDR3_0_0/MSC_i_0/MSC_i_1/MSC_i_4/MSC_i_221/dfi_address_r1[9]:D
  Delay (ns):              0.135
  Slack (ns):              0.068
  Arrival (ns):            3.755
  Required (ns):           3.687
  Operating Conditions: fast_hv_lt

Path 34
  From: DDR3_0_0/MSC_i_0/MSC_i_1/MSC_i_4/MSC_i_8/MSC_i_104/MSC_i_105/MSC_i_107/MSC_i_109/MSC_i_114/s0:CLK
  To:   DDR3_0_0/MSC_i_0/MSC_i_1/MSC_i_4/MSC_i_8/MSC_i_104/MSC_i_105/MSC_i_107/MSC_i_109/MSC_i_114/s1:D
  Delay (ns):              0.135
  Slack (ns):              0.068
  Arrival (ns):            3.736
  Required (ns):           3.668
  Operating Conditions: fast_hv_lt

Path 35
  From: DDR3_0_0/MSC_i_0/MSC_i_1/MSC_i_4/MSC_i_190/MSC_i_191/MSC_i_205/data_shifter_gen[19].data_shifter[19][1]:CLK
  To:   DDR3_0_0/MSC_i_0/MSC_i_1/MSC_i_4/MSC_i_190/MSC_i_191/MSC_i_205/data_shifter_gen[18].data_shifter[18][1]:D
  Delay (ns):              0.134
  Slack (ns):              0.069
  Arrival (ns):            3.745
  Required (ns):           3.676
  Operating Conditions: fast_hv_lt

Path 36
  From: MiV_AXI_0/MiV_AXI_0/ChiselTop0/tile/frontend/s1_pc[25]:CLK
  To:   MiV_AXI_0/MiV_AXI_0/ChiselTop0/tile/frontend/s2_pc_Z[25]:D
  Delay (ns):              0.136
  Slack (ns):              0.069
  Arrival (ns):            1.916
  Required (ns):           1.847
  Operating Conditions: fast_hv_lt

Path 37
  From: MiV_AXI_0/MiV_AXI_0/ChiselTop0/tile/core/mem_reg_pc[25]:CLK
  To:   MiV_AXI_0/MiV_AXI_0/ChiselTop0/tile/core/wb_reg_pc[25]:D
  Delay (ns):              0.135
  Slack (ns):              0.069
  Arrival (ns):            1.896
  Required (ns):           1.827
  Operating Conditions: fast_hv_lt

Path 38
  From: MiV_AXI_0/MiV_AXI_0/ChiselTop0/dtm/idcodeChain/regs_11:CLK
  To:   MiV_AXI_0/MiV_AXI_0/ChiselTop0/dtm/idcodeChain/regs_10:D
  Delay (ns):              0.135
  Slack (ns):              0.069
  Arrival (ns):            3.881
  Required (ns):           3.812
  Operating Conditions: fast_hv_lt

Path 39
  From: DDR3_0_0/MSC_i_0/MSC_i_1/MSC_i_4/MSC_i_8/MSC_i_72/MSC_i_73/MSC_i_75/MSC_i_77/MSC_i_82/s0:CLK
  To:   DDR3_0_0/MSC_i_0/MSC_i_1/MSC_i_4/MSC_i_8/MSC_i_72/MSC_i_73/MSC_i_75/MSC_i_77/MSC_i_82/s1:D
  Delay (ns):              0.134
  Slack (ns):              0.069
  Arrival (ns):            3.731
  Required (ns):           3.662
  Operating Conditions: fast_hv_lt

Path 40
  From: DDR3_0_0/MSC_i_0/MSC_i_1/MSC_i_4/MSC_i_8/MSC_i_51/MSC_i_52/MSC_i_54/din_gray_r[2]:CLK
  To:   DDR3_0_0/MSC_i_0/MSC_i_1/MSC_i_4/MSC_i_8/MSC_i_51/MSC_i_52/MSC_i_54/MSC_i_56/MSC_i_59/s0:D
  Delay (ns):              0.136
  Slack (ns):              0.069
  Arrival (ns):            3.740
  Required (ns):           3.671
  Operating Conditions: fast_hv_lt

Path 41
  From: DDR3_0_0/MSC_i_0/MSC_i_1/MSC_i_4/MSC_i_190/MSC_i_191/w_valid_attr_sh_gen[0].w_valid_attr_sh[0][5]:CLK
  To:   DDR3_0_0/MSC_i_0/MSC_i_1/MSC_i_4/MSC_i_190/MSC_i_191/w_valid_attr_sh_gen[0].w_valid_attr_sh[0][6]:D
  Delay (ns):              0.137
  Slack (ns):              0.069
  Arrival (ns):            3.753
  Required (ns):           3.684
  Operating Conditions: fast_hv_lt

Path 42
  From: DDR3_0_0/MSC_i_0/MSC_i_1/MSC_i_4/MSC_i_146/gen_fr4.DFI_WRDATA_ALIGN_eq_0.dfi_wrdata_p2_po_r1[27]:CLK
  To:   DDR3_0_0/MSC_i_0/MSC_i_1/MSC_i_4/MSC_i_223/data_shifter_gen[1].data_shifter[1][99]:D
  Delay (ns):              0.136
  Slack (ns):              0.069
  Arrival (ns):            3.725
  Required (ns):           3.656
  Operating Conditions: fast_hv_lt

Path 43
  From: DDR3_0_0/DDRPHY_BLK_0/IOD_TRAINING_0/COREDDR_TIP_INT_U/TIP_CTRL_BLK/LEVELLING/IOG_IF/move_int[3]:CLK
  To:   DDR3_0_0/DDRPHY_BLK_0/IOD_TRAINING_0/COREDDR_TIP_INT_U/MOVE[3]:D
  Delay (ns):              0.136
  Slack (ns):              0.069
  Arrival (ns):            3.730
  Required (ns):           3.661
  Operating Conditions: fast_hv_lt

Path 44
  From: DDR3_0_0/MSC_i_0/MSC_i_1/MSC_i_4/MSC_i_8/MSC_i_72/MSC_i_73/MSC_i_75/din_gray_r[1]:CLK
  To:   DDR3_0_0/MSC_i_0/MSC_i_1/MSC_i_4/MSC_i_8/MSC_i_72/MSC_i_73/MSC_i_75/MSC_i_77/MSC_i_85/s0:D
  Delay (ns):              0.135
  Slack (ns):              0.070
  Arrival (ns):            3.750
  Required (ns):           3.680
  Operating Conditions: fast_hv_lt

Path 45
  From: DDR3_0_0/MSC_i_0/MSC_i_1/MSC_i_4/MSC_i_190/MSC_i_191/w_valid_attr_sh_gen[1].w_valid_attr_sh[1][6]:CLK
  To:   DDR3_0_0/MSC_i_0/MSC_i_1/MSC_i_4/MSC_i_190/MSC_i_191/w_valid_attr_sh_gen[1].w_valid_attr_sh[1][7]:D
  Delay (ns):              0.138
  Slack (ns):              0.070
  Arrival (ns):            3.750
  Required (ns):           3.680
  Operating Conditions: fast_hv_lt

Path 46
  From: AXI4_Interconnect_0/AXI4_Interconnect_0/SlvConvertor_loop[2].slvcnv/rgsl/genblk1.awrs/sDat[25]:CLK
  To:   AXI4_Interconnect_0/AXI4_Interconnect_0/SlvConvertor_loop[2].slvcnv/slvProtConv/genblk1.u_AXI3ProtConv/SlvPCWr/latAWLEN[2]:D
  Delay (ns):              0.135
  Slack (ns):              0.070
  Arrival (ns):            1.871
  Required (ns):           1.801
  Operating Conditions: fast_hv_lt

Path 47
  From: DDR3_0_0/DDRPHY_BLK_0/IOD_TRAINING_0/COREDDR_TIP_INT_U/TIP_CTRL_BLK/LEVELLING/WRLVL/wrlvl_instances[1].uWrlvl/dq_in_reg[1]:CLK
  To:   DDR3_0_0/DDRPHY_BLK_0/IOD_TRAINING_0/COREDDR_TIP_INT_U/TIP_CTRL_BLK/LEVELLING/WRLVL/wrlvl_instances[1].uWrlvl/dq_in_reg_2[1]:D
  Delay (ns):              0.137
  Slack (ns):              0.070
  Arrival (ns):            3.731
  Required (ns):           3.661
  Operating Conditions: fast_hv_lt

Path 48
  From: DDR3_0_0/MSC_i_0/MSC_i_1/MSC_i_4/MSC_i_146/gen_fr4.DFI_WRDATA_ALIGN_eq_0.dfi_wrdata_p3_po_r1[23]:CLK
  To:   DDR3_0_0/MSC_i_0/MSC_i_1/MSC_i_4/MSC_i_223/data_shifter_gen[1].data_shifter[1][63]:D
  Delay (ns):              0.137
  Slack (ns):              0.070
  Arrival (ns):            3.733
  Required (ns):           3.663
  Operating Conditions: fast_hv_lt

Path 49
  From: DDR3_0_0/MSC_i_0/MSC_i_1/MSC_i_4/MSC_i_190/MSC_i_191/MSC_i_202/lat_n0.resettable.data_shifter_1_[106]:CLK
  To:   DDR3_0_0/MSC_i_0/MSC_i_1/MSC_i_4/MSC_i_190/MSC_i_191/MSC_i_202/lat_n0.resettable.data_shifter_2_[106]:D
  Delay (ns):              0.137
  Slack (ns):              0.070
  Arrival (ns):            3.758
  Required (ns):           3.688
  Operating Conditions: fast_hv_lt

Path 50
  From: DDR3_0_0/MSC_i_0/MSC_i_1/MSC_i_4/MSC_i_190/MSC_i_191/MSC_i_202/lat_n0.resettable.data_shifter_2_[122]:CLK
  To:   DDR3_0_0/MSC_i_0/MSC_i_1/MSC_i_4/MSC_i_221/dfi_address_r1[12]:D
  Delay (ns):              0.137
  Slack (ns):              0.070
  Arrival (ns):            3.759
  Required (ns):           3.689
  Operating Conditions: fast_hv_lt

Path 51
  From: DDR3_0_0/MSC_i_0/MSC_i_1/MSC_i_4/MSC_i_190/MSC_i_191/MSC_i_205/data_shifter_gen[37].data_shifter[37][1]:CLK
  To:   DDR3_0_0/MSC_i_0/MSC_i_1/MSC_i_4/MSC_i_190/MSC_i_191/MSC_i_205/data_shifter_gen[36].data_shifter[36][1]:D
  Delay (ns):              0.135
  Slack (ns):              0.070
  Arrival (ns):            3.738
  Required (ns):           3.668
  Operating Conditions: fast_hv_lt

Path 52
  From: DDR3_0_0/MSC_i_0/MSC_i_1/MSC_i_4/MSC_i_190/MSC_i_191/MSC_i_205/data_shifter_gen[22].data_shifter[22][0]:CLK
  To:   DDR3_0_0/MSC_i_0/MSC_i_1/MSC_i_4/MSC_i_190/MSC_i_191/MSC_i_205/data_shifter_gen[21].data_shifter[21][0]:D
  Delay (ns):              0.135
  Slack (ns):              0.070
  Arrival (ns):            3.752
  Required (ns):           3.682
  Operating Conditions: fast_hv_lt

Path 53
  From: DDR3_0_0/MSC_i_0/MSC_i_1/MSC_i_4/MSC_i_8/cmd_fifo_wr_data_reg1[43]:CLK
  To:   DDR3_0_0/MSC_i_0/MSC_i_1/MSC_i_4/MSC_i_8/cmd_fifo_wr_data_reg2[43]:D
  Delay (ns):              0.135
  Slack (ns):              0.070
  Arrival (ns):            3.728
  Required (ns):           3.658
  Operating Conditions: fast_hv_lt

Path 54
  From: DDR3_0_0/MSC_i_0/MSC_i_1/MSC_i_4/MSC_i_190/MSC_i_191/MSC_i_205/data_shifter_gen[17].data_shifter[17][1]:CLK
  To:   DDR3_0_0/MSC_i_0/MSC_i_1/MSC_i_4/MSC_i_190/MSC_i_191/MSC_i_205/data_shifter_gen[16].data_shifter[16][1]:D
  Delay (ns):              0.135
  Slack (ns):              0.070
  Arrival (ns):            3.746
  Required (ns):           3.676
  Operating Conditions: fast_hv_lt

Path 55
  From: MiV_AXI_0/MiV_AXI_0/ChiselTop0/dtm/idcodeChain/regs_21:CLK
  To:   MiV_AXI_0/MiV_AXI_0/ChiselTop0/dtm/idcodeChain/regs_20:D
  Delay (ns):              0.138
  Slack (ns):              0.070
  Arrival (ns):            3.897
  Required (ns):           3.827
  Operating Conditions: fast_hv_lt

Path 56
  From: MiV_AXI_0/MiV_AXI_0/ChiselTop0/dtm/dtmInfoChain/regs_7:CLK
  To:   MiV_AXI_0/MiV_AXI_0/ChiselTop0/dtm/dtmInfoChain/regs_6:D
  Delay (ns):              0.135
  Slack (ns):              0.070
  Arrival (ns):            3.902
  Required (ns):           3.832
  Operating Conditions: fast_hv_lt

Path 57
  From: MiV_AXI_0/MiV_AXI_0/ChiselTop0/dtm/dtmInfoChain/regs_31:CLK
  To:   MiV_AXI_0/MiV_AXI_0/ChiselTop0/dtm/dtmInfoChain/regs_30:D
  Delay (ns):              0.135
  Slack (ns):              0.070
  Arrival (ns):            3.906
  Required (ns):           3.836
  Operating Conditions: fast_hv_lt

Path 58
  From: MiV_AXI_0/MiV_AXI_0/ChiselTop0/debug_1/dmOuter/dmInner_TLAsyncCrossingSource/MIV_RV32IMA_L1_AXI_ASYNC_QUEUE_SOURCE/MIV_RV32IMA_L1_AXI_ASYNC_VALID_SYNC/source_valid/sync_1/reg_0/q:CLK
  To:   MiV_AXI_0/MiV_AXI_0/ChiselTop0/debug_1/dmOuter/dmInner_TLAsyncCrossingSource/MIV_RV32IMA_L1_AXI_ASYNC_QUEUE_SOURCE/MIV_RV32IMA_L1_AXI_ASYNC_VALID_SYNC/source_valid/sync_0/reg_0/q:D
  Delay (ns):              0.135
  Slack (ns):              0.070
  Arrival (ns):            3.887
  Required (ns):           3.817
  Operating Conditions: fast_hv_lt

Path 59
  From: MiV_AXI_0/MiV_AXI_0/ChiselTop0/debug_1/dmOuter/dmInner_TLAsyncCrossingSource/MIV_RV32IMA_L1_AXI_ASYNC_QUEUE_SINK/MIV_RV32IMA_L1_AXI_ASYNC_VALID_SYNC/sink_valid/sync_3/reg_0/q:CLK
  To:   MiV_AXI_0/MiV_AXI_0/ChiselTop0/debug_1/dmOuter/dmInner_TLAsyncCrossingSource/MIV_RV32IMA_L1_AXI_ASYNC_QUEUE_SINK/MIV_RV32IMA_L1_AXI_ASYNC_VALID_SYNC/sink_valid/sync_2/reg_0/q:D
  Delay (ns):              0.135
  Slack (ns):              0.070
  Arrival (ns):            3.887
  Required (ns):           3.817
  Operating Conditions: fast_hv_lt

Path 60
  From: DDR3_0_0/MSC_i_0/MSC_i_1/MSC_i_4/MSC_i_8/cmd_fifo_wr_data_reg3[61]:CLK
  To:   DDR3_0_0/MSC_i_0/MSC_i_1/MSC_i_4/MSC_i_8/cmd_fifo_wr_data_reg4[61]:D
  Delay (ns):              0.137
  Slack (ns):              0.070
  Arrival (ns):            3.738
  Required (ns):           3.668
  Operating Conditions: fast_hv_lt

Path 61
  From: DDR3_0_0/MSC_i_0/MSC_i_1/MSC_i_4/MSC_i_8/cmd_fifo_wr_data_reg2[72]:CLK
  To:   DDR3_0_0/MSC_i_0/MSC_i_1/MSC_i_4/MSC_i_8/cmd_fifo_wr_data_reg3[72]:D
  Delay (ns):              0.135
  Slack (ns):              0.070
  Arrival (ns):            3.728
  Required (ns):           3.658
  Operating Conditions: fast_hv_lt

Path 62
  From: DDR3_0_0/MSC_i_0/MSC_i_1/MSC_i_4/MSC_i_8/cmd_fifo_wr_data_reg2[59]:CLK
  To:   DDR3_0_0/MSC_i_0/MSC_i_1/MSC_i_4/MSC_i_8/cmd_fifo_wr_data_reg3[59]:D
  Delay (ns):              0.135
  Slack (ns):              0.070
  Arrival (ns):            3.733
  Required (ns):           3.663
  Operating Conditions: fast_hv_lt

Path 63
  From: DDR3_0_0/MSC_i_0/MSC_i_1/MSC_i_4/MSC_i_146/gen_fr4.DFI_WRDATA_ALIGN_eq_0.dfi_wrdata_p3_po_r1[20]:CLK
  To:   DDR3_0_0/MSC_i_0/MSC_i_1/MSC_i_4/MSC_i_223/data_shifter_gen[1].data_shifter[1][60]:D
  Delay (ns):              0.136
  Slack (ns):              0.071
  Arrival (ns):            3.728
  Required (ns):           3.657
  Operating Conditions: fast_hv_lt

Path 64
  From: DDR3_0_0/MSC_i_0/MSC_i_1/MSC_i_4/MSC_i_190/MSC_i_191/rd_cmd_sh[3]:CLK
  To:   DDR3_0_0/MSC_i_0/MSC_i_1/MSC_i_4/MSC_i_190/MSC_i_191/rd_cmd_sh[4]:D
  Delay (ns):              0.136
  Slack (ns):              0.071
  Arrival (ns):            3.765
  Required (ns):           3.694
  Operating Conditions: fast_hv_lt

Path 65
  From: DDR3_0_0/MSC_i_0/MSC_i_1/MSC_i_4/MSC_i_8/MSC_i_104/MSC_i_105/MSC_i_107/MSC_i_109/MSC_i_111/s0:CLK
  To:   DDR3_0_0/MSC_i_0/MSC_i_1/MSC_i_4/MSC_i_8/MSC_i_104/MSC_i_105/MSC_i_107/MSC_i_109/MSC_i_111/s1:D
  Delay (ns):              0.138
  Slack (ns):              0.071
  Arrival (ns):            3.760
  Required (ns):           3.689
  Operating Conditions: fast_hv_lt

Path 66
  From: DDR3_0_0/MSC_i_0/MSC_i_1/MSC_i_4/MSC_i_8/MSC_i_104/MSC_i_105/MSC_i_121/MSC_i_123/MSC_i_130/s0:CLK
  To:   DDR3_0_0/MSC_i_0/MSC_i_1/MSC_i_4/MSC_i_8/MSC_i_104/MSC_i_105/MSC_i_121/MSC_i_123/MSC_i_130/s1:D
  Delay (ns):              0.138
  Slack (ns):              0.071
  Arrival (ns):            3.763
  Required (ns):           3.692
  Operating Conditions: fast_hv_lt

Path 67
  From: DDR3_0_0/MSC_i_0/MSC_i_1/MSC_i_4/MSC_i_8/MSC_i_72/MSC_i_73/MSC_i_75/din_gray_r[8]:CLK
  To:   DDR3_0_0/MSC_i_0/MSC_i_1/MSC_i_4/MSC_i_8/MSC_i_72/MSC_i_73/MSC_i_75/MSC_i_77/MSC_i_81/s0:D
  Delay (ns):              0.135
  Slack (ns):              0.071
  Arrival (ns):            3.733
  Required (ns):           3.662
  Operating Conditions: fast_hv_lt

Path 68
  From: DDR3_0_0/MSC_i_0/MSC_i_1/MSC_i_4/MSC_i_8/wr_data_delay_fifo_rd_data_reg[34]:CLK
  To:   DDR3_0_0/MSC_i_0/MSC_i_1/MSC_i_4/MSC_i_8/wr_data_packed[34]:D
  Delay (ns):              0.138
  Slack (ns):              0.071
  Arrival (ns):            3.721
  Required (ns):           3.650
  Operating Conditions: fast_hv_lt

Path 69
  From: DDR3_0_0/MSC_i_0/MSC_i_1/MSC_i_4/MSC_i_223/data_shifter_gen[1].data_shifter[1][62]:CLK
  To:   DDR3_0_0/DDRPHY_BLK_0/IOD_TRAINING_0/COREDDR_TIP_INT_U/TIP_CTRL_BLK/PHY_SIG_MOD/iog_dq_txdata_in_reg[53]:D
  Delay (ns):              0.136
  Slack (ns):              0.071
  Arrival (ns):            3.748
  Required (ns):           3.677
  Operating Conditions: fast_hv_lt

Path 70
  From: SPI_Controller_0/SPI_Controller_0/USPI/UCC/mtx_first:CLK
  To:   SPI_Controller_0/SPI_Controller_0/USPI/UCC/mtx_firstrx:D
  Delay (ns):              0.137
  Slack (ns):              0.072
  Arrival (ns):            1.887
  Required (ns):           1.815
  Operating Conditions: fast_hv_lt

Path 71
  From: DDR3_0_0/MSC_i_0/MSC_i_1/MSC_i_4/MSC_i_190/MSC_i_191/w_valid_attr_sh_gen[0].w_valid_attr_sh[0][18]:CLK
  To:   DDR3_0_0/MSC_i_0/MSC_i_1/MSC_i_4/MSC_i_190/MSC_i_191/w_valid_attr_sh_gen[0].w_valid_attr_sh[0][19]:D
  Delay (ns):              0.139
  Slack (ns):              0.072
  Arrival (ns):            3.752
  Required (ns):           3.680
  Operating Conditions: fast_hv_lt

Path 72
  From: DDR3_0_0/MSC_i_0/MSC_i_1/MSC_i_4/MSC_i_190/MSC_i_191/MSC_i_205/data_shifter_gen[11].data_shifter[11][1]:CLK
  To:   DDR3_0_0/MSC_i_0/MSC_i_1/MSC_i_4/MSC_i_190/MSC_i_191/MSC_i_205/data_shifter_gen[10].data_shifter[10][1]:D
  Delay (ns):              0.137
  Slack (ns):              0.072
  Arrival (ns):            3.748
  Required (ns):           3.676
  Operating Conditions: fast_hv_lt

Path 73
  From: CORAXITOAHBL_0_0/CORAXITOAHBL_0_0/U_rdFIFORAM/wrDataReg[49]:CLK
  To:   CORAXITOAHBL_0_0/CORAXITOAHBL_0_0/U_rdFIFORAM/mem_mem_0_4/RAM64x12_PHYS_0/INST_RAM64x12_IP:W_DATA[1]
  Delay (ns):              0.278
  Slack (ns):              0.072
  Arrival (ns):            2.018
  Required (ns):           1.946
  Operating Conditions: fast_hv_lt

Path 74
  From: MiV_AXI_0/MiV_AXI_0/ChiselTop0/dtm/dtmInfoChain/regs_13:CLK
  To:   MiV_AXI_0/MiV_AXI_0/ChiselTop0/dtm/dtmInfoChain/regs_12:D
  Delay (ns):              0.138
  Slack (ns):              0.072
  Arrival (ns):            3.913
  Required (ns):           3.841
  Operating Conditions: fast_hv_lt

Path 75
  From: DDR3_0_0/MSC_i_0/MSC_i_1/MSC_i_4/MSC_i_190/MSC_i_191/w_valid_sh[12]:CLK
  To:   DDR3_0_0/MSC_i_0/MSC_i_1/MSC_i_4/MSC_i_190/MSC_i_191/w_valid_sh[13]:D
  Delay (ns):              0.137
  Slack (ns):              0.072
  Arrival (ns):            3.752
  Required (ns):           3.680
  Operating Conditions: fast_hv_lt

Path 76
  From: DDR3_0_0/MSC_i_0/MSC_i_1/MSC_i_4/MSC_i_212/MSC_i_215/data_r1[59]:CLK
  To:   DDR3_0_0/MSC_i_0/MSC_i_1/MSC_i_4/MSC_i_212/MSC_i_215/data_r2[59]:D
  Delay (ns):              0.140
  Slack (ns):              0.072
  Arrival (ns):            3.742
  Required (ns):           3.670
  Operating Conditions: fast_hv_lt

Path 77
  From: DDR3_0_0/MSC_i_0/MSC_i_1/MSC_i_4/MSC_i_223/data_shifter_gen[1].data_shifter[1][65]:CLK
  To:   DDR3_0_0/DDRPHY_BLK_0/IOD_TRAINING_0/COREDDR_TIP_INT_U/TIP_CTRL_BLK/PHY_SIG_MOD/iog_dq_txdata_in_reg[77]:D
  Delay (ns):              0.137
  Slack (ns):              0.072
  Arrival (ns):            3.747
  Required (ns):           3.675
  Operating Conditions: fast_hv_lt

Path 78
  From: DDR3_0_0/MSC_i_0/MSC_i_1/MSC_i_4/MSC_i_8/cmd_fifo_wr_data_reg2[81]:CLK
  To:   DDR3_0_0/MSC_i_0/MSC_i_1/MSC_i_4/MSC_i_8/cmd_fifo_wr_data_reg3[81]:D
  Delay (ns):              0.137
  Slack (ns):              0.072
  Arrival (ns):            3.729
  Required (ns):           3.657
  Operating Conditions: fast_hv_lt

Path 79
  From: DDR3_0_0/MSC_i_0/MSC_i_1/MSC_i_4/MSC_i_8/wr_data_packed[113]:CLK
  To:   DDR3_0_0/MSC_i_0/MSC_i_1/MSC_i_4/MSC_i_8/wr_data_fifo_wr_data[113]:D
  Delay (ns):              0.140
  Slack (ns):              0.072
  Arrival (ns):            3.750
  Required (ns):           3.678
  Operating Conditions: fast_hv_lt

Path 80
  From: DDR3_0_0/DDRPHY_BLK_0/IOD_TRAINING_0/COREDDR_TIP_INT_U/TIP_CTRL_BLK/LEVELLING/IOG_IF/move_int[10]:CLK
  To:   DDR3_0_0/DDRPHY_BLK_0/IOD_TRAINING_0/COREDDR_TIP_INT_U/MOVE[10]:D
  Delay (ns):              0.139
  Slack (ns):              0.072
  Arrival (ns):            3.734
  Required (ns):           3.662
  Operating Conditions: fast_hv_lt

Path 81
  From: DDR3_0_0/MSC_i_0/MSC_i_1/MSC_i_4/MSC_i_190/MSC_i_191/MSC_i_202/lat_n0.resettable.data_shifter_1_[124]:CLK
  To:   DDR3_0_0/MSC_i_0/MSC_i_1/MSC_i_4/MSC_i_190/MSC_i_191/MSC_i_202/lat_n0.resettable.data_shifter_2_[124]:D
  Delay (ns):              0.139
  Slack (ns):              0.072
  Arrival (ns):            3.760
  Required (ns):           3.688
  Operating Conditions: fast_hv_lt

Path 82
  From: DDR3_0_0/MSC_i_0/MSC_i_1/MSC_i_4/MSC_i_190/MSC_i_191/MSC_i_202/lat_n0.resettable.data_shifter_0_[116]:CLK
  To:   DDR3_0_0/MSC_i_0/MSC_i_1/MSC_i_4/MSC_i_190/MSC_i_191/MSC_i_202/lat_n0.resettable.data_shifter_1_[116]:D
  Delay (ns):              0.139
  Slack (ns):              0.072
  Arrival (ns):            3.761
  Required (ns):           3.689
  Operating Conditions: fast_hv_lt

Path 83
  From: DDR3_0_0/DDRPHY_BLK_0/IOD_TRAINING_0/COREDDR_TIP_INT_U/TIP_CTRL_BLK/PHY_SIG_MOD/iog_dq_txdata_in_reg[101]:CLK
  To:   DDR3_0_0/DDRPHY_BLK_0/IOD_TRAINING_0/COREDDR_TIP_INT_U/TIP_CTRL_BLK/PHY_SIG_MOD/iog_dq_txdata_in_reg_2[101]:D
  Delay (ns):              0.140
  Slack (ns):              0.073
  Arrival (ns):            3.727
  Required (ns):           3.654
  Operating Conditions: fast_hv_lt

Path 84
  From: DDR3_0_0/DDRPHY_BLK_0/IOD_TRAINING_0/COREDDR_TIP_INT_U/TIP_CTRL_BLK/PHY_SIG_MOD/iog_dq_txdata_in_reg[100]:CLK
  To:   DDR3_0_0/DDRPHY_BLK_0/IOD_TRAINING_0/COREDDR_TIP_INT_U/TIP_CTRL_BLK/PHY_SIG_MOD/iog_dq_txdata_in_reg_2[100]:D
  Delay (ns):              0.140
  Slack (ns):              0.073
  Arrival (ns):            3.736
  Required (ns):           3.663
  Operating Conditions: fast_hv_lt

Path 85
  From: DDR3_0_0/DDRPHY_BLK_0/IOD_TRAINING_0/COREDDR_TIP_INT_U/TIP_CTRL_BLK/LEVELLING/RDLVL/RDLVL_SMS/genblk1[1].RDLVL_TRAIN/gate_training/clk_sel_out[0]:CLK
  To:   DDR3_0_0/DDRPHY_BLK_0/IOD_TRAINING_0/COREDDR_TIP_INT_U/CLK_SEL[3]:D
  Delay (ns):              0.139
  Slack (ns):              0.073
  Arrival (ns):            3.767
  Required (ns):           3.694
  Operating Conditions: fast_hv_lt

Path 86
  From: DDR3_0_0/MSC_i_0/MSC_i_1/MSC_i_4/MSC_i_190/MSC_i_191/MSC_i_202/lat_n0.resettable.data_shifter_1_[119]:CLK
  To:   DDR3_0_0/MSC_i_0/MSC_i_1/MSC_i_4/MSC_i_190/MSC_i_191/MSC_i_202/lat_n0.resettable.data_shifter_2_[119]:D
  Delay (ns):              0.140
  Slack (ns):              0.073
  Arrival (ns):            3.760
  Required (ns):           3.687
  Operating Conditions: fast_hv_lt

Path 87
  From: DDR3_0_0/DDRPHY_BLK_0/IOD_TRAINING_0/COREDDR_TIP_INT_U/TIP_CTRL_BLK/LEVELLING/RDLVL/RDLVL_SMS/genblk1[0].RDLVL_TRAIN/gate_training/clk_sel_out[0]:CLK
  To:   DDR3_0_0/DDRPHY_BLK_0/IOD_TRAINING_0/COREDDR_TIP_INT_U/CLK_SEL[0]:D
  Delay (ns):              0.138
  Slack (ns):              0.073
  Arrival (ns):            3.772
  Required (ns):           3.699
  Operating Conditions: fast_hv_lt

Path 88
  From: DDR3_0_0/MSC_i_0/MSC_i_1/MSC_i_4/MSC_i_190/MSC_i_191/MSC_i_196/lat_n0.resettable.data_shifter_2_[4]:CLK
  To:   DDR3_0_0/MSC_i_0/MSC_i_1/MSC_i_4/MSC_i_221/dfi_cs_n_r1[0]:D
  Delay (ns):              0.140
  Slack (ns):              0.073
  Arrival (ns):            3.761
  Required (ns):           3.688
  Operating Conditions: fast_hv_lt

Path 89
  From: DDR3_0_0/DDRPHY_BLK_0/IOD_TRAINING_0/COREDDR_TIP_INT_U/TIP_CTRL_BLK/LEVELLING/IOG_IF/move_int[1]:CLK
  To:   DDR3_0_0/DDRPHY_BLK_0/IOD_TRAINING_0/COREDDR_TIP_INT_U/MOVE[1]:D
  Delay (ns):              0.141
  Slack (ns):              0.073
  Arrival (ns):            3.736
  Required (ns):           3.663
  Operating Conditions: fast_hv_lt

Path 90
  From: AXI4_Interconnect_0/AXI4_Interconnect_0/SlvConvertor_loop[1].slvcnv/slvCDC/genblk1.cdc_AWChan/rdPtr_s1[2]:CLK
  To:   AXI4_Interconnect_0/AXI4_Interconnect_0/SlvConvertor_loop[1].slvcnv/slvCDC/genblk1.cdc_AWChan/rdPtr_s2[2]:D
  Delay (ns):              0.138
  Slack (ns):              0.073
  Arrival (ns):            1.916
  Required (ns):           1.843
  Operating Conditions: fast_hv_lt

Path 91
  From: AXI4_Interconnect_0/AXI4_Interconnect_0/SlvConvertor_loop[1].slvcnv/slvCDC/genblk1.cdc_BChan/rdPtr_s1[0]:CLK
  To:   AXI4_Interconnect_0/AXI4_Interconnect_0/SlvConvertor_loop[1].slvcnv/slvCDC/genblk1.cdc_BChan/rdPtr_s2[0]:D
  Delay (ns):              0.166
  Slack (ns):              0.073
  Arrival (ns):            3.756
  Required (ns):           3.683
  Operating Conditions: fast_hv_lt

Path 92
  From: AXI4_Interconnect_0/AXI4_Interconnect_0/SlvConvertor_loop[2].slvcnv/rgsl/genblk1.awrs/sDat[23]:CLK
  To:   AXI4_Interconnect_0/AXI4_Interconnect_0/SlvConvertor_loop[2].slvcnv/slvProtConv/genblk1.u_AXI3ProtConv/SlvPCWr/latAWLEN[0]:D
  Delay (ns):              0.138
  Slack (ns):              0.073
  Arrival (ns):            1.874
  Required (ns):           1.801
  Operating Conditions: fast_hv_lt

Path 93
  From: DDR3_0_0/MSC_i_0/MSC_i_1/MSC_i_4/MSC_i_190/MSC_i_191/MSC_i_205/data_shifter_gen[29].data_shifter[29][1]:CLK
  To:   DDR3_0_0/MSC_i_0/MSC_i_1/MSC_i_4/MSC_i_190/MSC_i_191/MSC_i_205/data_shifter_gen[28].data_shifter[28][1]:D
  Delay (ns):              0.138
  Slack (ns):              0.073
  Arrival (ns):            3.745
  Required (ns):           3.672
  Operating Conditions: fast_hv_lt

Path 94
  From: DDR3_0_0/MSC_i_0/MSC_i_1/MSC_i_4/MSC_i_190/MSC_i_191/MSC_i_205/data_shifter_gen[35].data_shifter[35][0]:CLK
  To:   DDR3_0_0/MSC_i_0/MSC_i_1/MSC_i_4/MSC_i_190/MSC_i_191/MSC_i_205/data_shifter_gen[34].data_shifter[34][0]:D
  Delay (ns):              0.138
  Slack (ns):              0.073
  Arrival (ns):            3.749
  Required (ns):           3.676
  Operating Conditions: fast_hv_lt

Path 95
  From: DDR3_0_0/MSC_i_0/MSC_i_1/MSC_i_4/MSC_i_190/MSC_i_191/w_valid_attr_sh_gen[0].w_valid_attr_sh[0][8]:CLK
  To:   DDR3_0_0/MSC_i_0/MSC_i_1/MSC_i_4/MSC_i_190/MSC_i_191/w_valid_attr_sh_gen[0].w_valid_attr_sh[0][9]:D
  Delay (ns):              0.140
  Slack (ns):              0.073
  Arrival (ns):            3.757
  Required (ns):           3.684
  Operating Conditions: fast_hv_lt

Path 96
  From: DDR3_0_0/MSC_i_0/MSC_i_1/MSC_i_4/MSC_i_8/cmd_fifo_wr_data_reg1[18]:CLK
  To:   DDR3_0_0/MSC_i_0/MSC_i_1/MSC_i_4/MSC_i_8/cmd_fifo_wr_data_reg2[18]:D
  Delay (ns):              0.138
  Slack (ns):              0.073
  Arrival (ns):            3.722
  Required (ns):           3.649
  Operating Conditions: fast_hv_lt

Path 97
  From: DDR3_0_0/MSC_i_0/MSC_i_1/MSC_i_4/MSC_i_190/MSC_i_191/MSC_i_205/data_shifter_gen[24].data_shifter[24][1]:CLK
  To:   DDR3_0_0/MSC_i_0/MSC_i_1/MSC_i_4/MSC_i_190/MSC_i_191/MSC_i_205/data_shifter_gen[23].data_shifter[23][1]:D
  Delay (ns):              0.138
  Slack (ns):              0.073
  Arrival (ns):            3.745
  Required (ns):           3.672
  Operating Conditions: fast_hv_lt

Path 98
  From: DDR3_0_0/MSC_i_0/MSC_i_1/MSC_i_4/MSC_i_190/MSC_i_191/MSC_i_202/lat_n0.resettable.data_shifter_2_[108]:CLK
  To:   DDR3_0_0/MSC_i_0/MSC_i_1/MSC_i_4/MSC_i_221/dfi_bank_r1[2]:D
  Delay (ns):              0.140
  Slack (ns):              0.073
  Arrival (ns):            3.761
  Required (ns):           3.688
  Operating Conditions: fast_hv_lt

Path 99
  From: DDR3_0_0/DDRPHY_BLK_0/IOD_TRAINING_0/COREDDR_TIP_INT_U/dfi_rddata_en_p0_0:CLK
  To:   DDR3_0_0/DDRPHY_BLK_0/IOD_TRAINING_0/COREDDR_TIP_INT_U/dfi_rddata_en_p0_1:D
  Delay (ns):              0.138
  Slack (ns):              0.073
  Arrival (ns):            3.769
  Required (ns):           3.696
  Operating Conditions: fast_hv_lt

Path 100
  From: DDR3_0_0/MSC_i_0/MSC_i_1/MSC_i_4/MSC_i_223/data_shifter_gen[1].data_shifter[1][113]:CLK
  To:   DDR3_0_0/DDRPHY_BLK_0/IOD_TRAINING_0/COREDDR_TIP_INT_U/TIP_CTRL_BLK/PHY_SIG_MOD/iog_dq_txdata_in_reg[72]:D
  Delay (ns):              0.140
  Slack (ns):              0.073
  Arrival (ns):            3.727
  Required (ns):           3.654
  Operating Conditions: fast_hv_lt

