
Copyright (C) 1994-2019 Synopsys, Inc.
This Synopsys software and all associated documentation are proprietary to Synopsys, Inc.
and may only be used pursuant to the terms and conditions of a written license agreement
with Synopsys, Inc. All other use, reproduction, modification, or distribution of the
Synopsys software or the associated documentation is strictly prohibited.
Tool: Synplify Pro (R)
Build: O-2018.09M-SP1-1
Install: C:\new_Microsemi\Libero_SoC_v12.3\SynplifyPro
OS: Windows 6.2

Hostname: STC159L01

Implementation : synthesis

# Written on Tue Mar 24 13:26:26 2020

##### DESIGN INFO #######################################################

Top View:                "top"
Constraint File(s):      "C:\Users\Public\Documents\Libero\Solution - Copy\Libero_Project\designer\top\synthesis.fdc"




##### SUMMARY ############################################################

Found 49 issues in 43 out of 62 constraints


##### DETAILS ############################################################



Clock Relationships
*******************

Starting                                                                        Ending                                                                    |     rise to rise     |     fall to fall     |     rise to fall     |     fall to rise                     
---------------------------------------------------------------------------------------------------------------------------------------------------------------------------------------------------------------------------------------------------------------------
System                                                                          CCC_0_0/CCC_0_0/pll_inst_0/OUT0                                           |     9.000            |     No paths         |     No paths         |     No paths                         
System                                                                          DDR3_0_0/CCC_0/pll_inst_0/OUT1                                            |     6.000            |     No paths         |     No paths         |     No paths                         
System                                                                          DDR3_0_0/CCC_0/pll_inst_0/OUT2                                            |     1.500            |     No paths         |     No paths         |     No paths                         
System                                                                          DDR3_0_DDRPHY_BLK_LANE_1_CTRL_PF_LANECTRL|RX_DQS_90_inferred_clock[0]     |     10.000           |     No paths         |     No paths         |     No paths                         
System                                                                          DDR3_0_DDRPHY_BLK_LANE_0_CTRL_PF_LANECTRL|RX_DQS_90_inferred_clock[0]     |     10.000           |     No paths         |     No paths         |     No paths                         
System                                                                          COREJTAGDEBUG_Z70_layer1|iUDRCK_inferred_clock                            |     10.000           |     No paths         |     10.000           |     No paths                         
CCC_0_0/CCC_0_0/pll_inst_0/OUT0                                                 CCC_0_0/CCC_0_0/pll_inst_0/OUT0                                           |     9.000            |     No paths         |     No paths         |     No paths                         
CCC_0_0/CCC_0_0/pll_inst_0/OUT0                                                 DDR3_0_0/CCC_0/pll_inst_0/OUT1                                            |     Diff grp         |     No paths         |     No paths         |     No paths                         
CCC_0_0/CCC_0_0/pll_inst_0/OUT0                                                 COREJTAGDEBUG_Z70_layer1|iUDRCK_inferred_clock                            |     Diff grp         |     No paths         |     No paths         |     No paths                         
DDR3_0_0/CCC_0/pll_inst_0/OUT1                                                  System                                                                    |     6.000            |     No paths         |     No paths         |     No paths                         
DDR3_0_0/CCC_0/pll_inst_0/OUT1                                                  CCC_0_0/CCC_0_0/pll_inst_0/OUT0                                           |     Diff grp         |     No paths         |     No paths         |     No paths                         
DDR3_0_0/CCC_0/pll_inst_0/OUT1                                                  DDR3_0_0/CCC_0/pll_inst_0/OUT1                                            |     6.000            |     No paths         |     No paths         |     No paths                         
DDR3_0_0/CCC_0/pll_inst_0/OUT1                                                  DDR3_0_0/CCC_0/pll_inst_0/OUT2                                            |     Diff grp         |     No paths         |     No paths         |     No paths                         
DDR3_0_0/CCC_0/pll_inst_0/OUT1                                                  DDR3_0_0/CCC_0/pll_inst_0/OUT3                                            |     Diff grp         |     No paths         |     No paths         |     No paths                         
DDR3_0_0/CCC_0/pll_inst_0/OUT1                                                  DDR3_0_DDRPHY_BLK_LANE_1_CTRL_PF_LANECTRL|RX_DQS_90_inferred_clock[0]     |     Diff grp         |     No paths         |     No paths         |     No paths                         
DDR3_0_0/CCC_0/pll_inst_0/OUT1                                                  DDR3_0_DDRPHY_BLK_LANE_0_CTRL_PF_LANECTRL|RX_DQS_90_inferred_clock[0]     |     Diff grp         |     No paths         |     No paths         |     No paths                         
DDR3_0_0/CCC_0/pll_inst_0/OUT2                                                  System                                                                    |     1.500            |     No paths         |     No paths         |     No paths                         
DDR3_0_DDRPHY_BLK_LANE_1_CTRL_PF_LANECTRL|TX_DQS_inferred_clock                 System                                                                    |     10.000           |     No paths         |     No paths         |     No paths                         
DDR3_0_DDRPHY_BLK_LANE_1_CTRL_PF_LANECTRL|TX_DQS_270_inferred_clock             System                                                                    |     10.000           |     No paths         |     No paths         |     No paths                         
DDR3_0_DDRPHY_BLK_LANE_0_CTRL_PF_LANECTRL|TX_DQS_inferred_clock                 System                                                                    |     10.000           |     No paths         |     No paths         |     No paths                         
DDR3_0_DDRPHY_BLK_LANE_0_CTRL_PF_LANECTRL|TX_DQS_270_inferred_clock             System                                                                    |     10.000           |     No paths         |     No paths         |     No paths                         
DDR3_0_DDRPHY_BLK_LANECTRL_ADDR_CMD_0_PF_LANECTRL|TX_DQS_270_inferred_clock     System                                                                    |     10.000           |     No paths         |     No paths         |     No paths                         
COREJTAGDEBUG_Z70_layer1|iUDRCK_inferred_clock                                  System                                                                    |     10.000           |     No paths         |     No paths         |     No paths                         
COREJTAGDEBUG_Z70_layer1|iUDRCK_inferred_clock                                  CCC_0_0/CCC_0_0/pll_inst_0/OUT0                                           |     Diff grp         |     No paths         |     No paths         |     No paths                         
COREJTAGDEBUG_Z70_layer1|iUDRCK_inferred_clock                                  COREJTAGDEBUG_Z70_layer1|iUDRCK_inferred_clock                            |     10.000           |     10.000           |     5.000            |     5.000                            
=====================================================================================================================================================================================================================================================================
 Note: 'No paths' indicates there are no paths in the design for that pair of clock edges.
       'Diff grp' indicates that paths exist but the starting clock and ending clock are in different clock groups.


Unconstrained Start/End Points
******************************

p:A[0]
p:A[1]
p:A[2]
p:A[3]
p:A[4]
p:A[5]
p:A[6]
p:A[7]
p:A[8]
p:A[9]
p:A[10]
p:A[11]
p:A[12]
p:A[13]
p:A[14]
p:A[15]
p:BA[0]
p:BA[1]
p:BA[2]
p:CAS_N
p:CK0
p:CK0_N
p:CKE
p:CS_N
p:CTRLR_READY
p:DM[0]
p:DM[1]
p:DQS[0] (bidir end point)
p:DQS[0] (bidir start point)
p:DQS[1] (bidir end point)
p:DQS[1] (bidir start point)
p:DQS_N[0] (bidir end point)
p:DQS_N[0] (bidir start point)
p:DQS_N[1] (bidir end point)
p:DQS_N[1] (bidir start point)
p:DQ[0] (bidir end point)
p:DQ[0] (bidir start point)
p:DQ[1] (bidir end point)
p:DQ[1] (bidir start point)
p:DQ[2] (bidir end point)
p:DQ[2] (bidir start point)
p:DQ[3] (bidir end point)
p:DQ[3] (bidir start point)
p:DQ[4] (bidir end point)
p:DQ[4] (bidir start point)
p:DQ[5] (bidir end point)
p:DQ[5] (bidir start point)
p:DQ[6] (bidir end point)
p:DQ[6] (bidir start point)
p:DQ[7] (bidir end point)
p:DQ[7] (bidir start point)
p:DQ[8] (bidir end point)
p:DQ[8] (bidir start point)
p:DQ[9] (bidir end point)
p:DQ[9] (bidir start point)
p:DQ[10] (bidir end point)
p:DQ[10] (bidir start point)
p:DQ[11] (bidir end point)
p:DQ[11] (bidir start point)
p:DQ[12] (bidir end point)
p:DQ[12] (bidir start point)
p:DQ[13] (bidir end point)
p:DQ[13] (bidir start point)
p:DQ[14] (bidir end point)
p:DQ[14] (bidir start point)
p:DQ[15] (bidir end point)
p:DQ[15] (bidir start point)
p:GPIO_0 (bidir end point)
p:GPIO_0 (bidir start point)
p:GPIO_1 (bidir end point)
p:GPIO_1 (bidir start point)
p:GPIO_2 (bidir end point)
p:GPIO_2 (bidir start point)
p:GPIO_3 (bidir end point)
p:GPIO_3 (bidir start point)
p:GPIO_4 (bidir end point)
p:GPIO_4 (bidir start point)
p:GPIO_5 (bidir end point)
p:GPIO_5 (bidir start point)
p:GPIO_6 (bidir end point)
p:GPIO_6 (bidir start point)
p:GPIO_7 (bidir end point)
p:GPIO_7 (bidir start point)
p:GPIO_8 (bidir end point)
p:GPIO_8 (bidir start point)
p:GPIO_9 (bidir end point)
p:GPIO_9 (bidir start point)
p:GPIO_10 (bidir end point)
p:GPIO_10 (bidir start point)
p:GPIO_11 (bidir end point)
p:GPIO_11 (bidir start point)
p:GPIO_12 (bidir end point)
p:GPIO_12 (bidir start point)
p:GPIO_13 (bidir end point)
p:GPIO_13 (bidir start point)
p:GPIO_14 (bidir end point)
p:GPIO_14 (bidir start point)
p:GPIO_15 (bidir end point)
p:GPIO_15 (bidir start point)
p:GPIO_16 (bidir end point)
p:GPIO_16 (bidir start point)
p:GPIO_17 (bidir end point)
p:GPIO_17 (bidir start point)
p:GPIO_18 (bidir end point)
p:GPIO_18 (bidir start point)
p:GPIO_19 (bidir end point)
p:GPIO_19 (bidir start point)
p:GPIO_20 (bidir end point)
p:GPIO_20 (bidir start point)
p:GPIO_21 (bidir end point)
p:GPIO_21 (bidir start point)
p:GPIO_22 (bidir end point)
p:GPIO_22 (bidir start point)
p:GPIO_23 (bidir end point)
p:GPIO_23 (bidir start point)
p:GPIO_24 (bidir end point)
p:GPIO_24 (bidir start point)
p:GPIO_25 (bidir end point)
p:GPIO_25 (bidir start point)
p:GPIO_26 (bidir end point)
p:GPIO_26 (bidir start point)
p:GPIO_27 (bidir end point)
p:GPIO_27 (bidir start point)
p:GPIO_28 (bidir end point)
p:GPIO_28 (bidir start point)
p:GPIO_29 (bidir end point)
p:GPIO_29 (bidir start point)
p:GPIO_30 (bidir end point)
p:GPIO_30 (bidir start point)
p:GPIO_31 (bidir end point)
p:GPIO_31 (bidir start point)
p:ODT
p:RAS_N
p:RESET_N
p:RX
p:RXN_0
p:RXN_1
p:RXN_2
p:RXN_3
p:RXN_4
p:RXN_5
p:RXN_6
p:RXN_7
p:RXN_8
p:RXN_9
p:RXP_0
p:RXP_1
p:RXP_2
p:RXP_3
p:RXP_4
p:RXP_5
p:RXP_6
p:RXP_7
p:RXP_8
p:RXP_9
p:SCL_INOUT (bidir end point)
p:SCL_INOUT (bidir start point)
p:SDA_INOUT (bidir end point)
p:SDA_INOUT (bidir start point)
p:SHIELD0
p:SHIELD1
p:SPISCLKO
p:SPISDI
p:SPISDO
p:SPISS_0
p:SPISS_1
p:SPISS_2
p:SPISS_3
p:SPISS_4
p:SPISS_5
p:TDI
p:TDO
p:TMS
p:TRSTB
p:TX
p:TXN_0
p:TXN_1
p:TXN_2
p:TXN_3
p:TXN_4
p:TXN_5
p:TXN_6
p:TXN_7
p:TXN_8
p:TXN_9
p:TXP_0
p:TXP_1
p:TXP_2
p:TXP_3
p:TXP_4
p:TXP_5
p:TXP_6
p:TXP_7
p:TXP_8
p:TXP_9
p:WE_N
p:resetn


Inapplicable constraints
************************

set_false_path -from [get_cells { AXI4_Interconnect_0.*.SlvConvertor_loop[*].slvcnv.slvCDC.genblk1*.rdGrayCounter.cntGray* }] -to [get_cells { AXI4_Interconnect_0.*.SlvConvertor_loop[*].slvcnv.slvCDC.genblk1*.rdPtr_s1* }]
	@E::"c:/users/public/documents/libero/solution - copy/libero_project/designer/top/synthesis.fdc":17:0:17:0|Timing constraint (from [get_cells { AXI4_Interconnect_0.*.SlvConvertor_loop[*].slvcnv.slvCDC.genblk1*.rdGrayCounter.cntGray* }] to [get_cells { AXI4_Interconnect_0.*.SlvConvertor_loop[*].slvcnv.slvCDC.genblk1*.rdPtr_s1* }]) (false path) was not applied to the design because none of the '-from' objects specified by the constraint exist in the design
	@E::"c:/users/public/documents/libero/solution - copy/libero_project/designer/top/synthesis.fdc":17:0:17:0|collection "[get_cells { AXI4_Interconnect_0.*.SlvConvertor_loop[*].slvcnv.slvCDC.genblk1*.rdGrayCounter.cntGray* }]" is empty
	@E::"c:/users/public/documents/libero/solution - copy/libero_project/designer/top/synthesis.fdc":17:0:17:0|collection "[get_cells { AXI4_Interconnect_0.*.SlvConvertor_loop[*].slvcnv.slvCDC.genblk1*.rdPtr_s1* }]" is empty
set_false_path -from [get_cells { AXI4_Interconnect_0.*.SlvConvertor_loop[*].slvcnv.slvCDC.genblk1*.wrGrayCounter.cntGray* }] -to [get_cells { AXI4_Interconnect_0.*.SlvConvertor_loop[*].slvcnv.slvCDC.genblk1*.wrPtr_s1* }]
	@E::"c:/users/public/documents/libero/solution - copy/libero_project/designer/top/synthesis.fdc":18:0:18:0|Timing constraint (from [get_cells { AXI4_Interconnect_0.*.SlvConvertor_loop[*].slvcnv.slvCDC.genblk1*.wrGrayCounter.cntGray* }] to [get_cells { AXI4_Interconnect_0.*.SlvConvertor_loop[*].slvcnv.slvCDC.genblk1*.wrPtr_s1* }]) (false path) was not applied to the design because none of the '-from' objects specified by the constraint exist in the design
	@E::"c:/users/public/documents/libero/solution - copy/libero_project/designer/top/synthesis.fdc":18:0:18:0|collection "[get_cells { AXI4_Interconnect_0.*.SlvConvertor_loop[*].slvcnv.slvCDC.genblk1*.wrGrayCounter.cntGray* }]" is empty
	@E::"c:/users/public/documents/libero/solution - copy/libero_project/designer/top/synthesis.fdc":18:0:18:0|collection "[get_cells { AXI4_Interconnect_0.*.SlvConvertor_loop[*].slvcnv.slvCDC.genblk1*.wrPtr_s1* }]" is empty
set_false_path -through [get_nets { AXI4_Interconnect_0.ARESETN* }] -to [get_cells { AXI4_Interconnect_0.*.SlvConvertor_loop[*].slvcnv.genblk1.rsync.sysReset* }]
	@E::"c:/users/public/documents/libero/solution - copy/libero_project/designer/top/synthesis.fdc":16:0:16:0|Timing constraint (through [get_nets { AXI4_Interconnect_0.ARESETN* }] to [get_cells { AXI4_Interconnect_0.*.SlvConvertor_loop[*].slvcnv.genblk1.rsync.sysReset* }]) (false path) was not applied to the design because none of the '-to' objects specified by the constraint exist in the design
	@E::"c:/users/public/documents/libero/solution - copy/libero_project/designer/top/synthesis.fdc":16:0:16:0|collection "[get_cells { AXI4_Interconnect_0.*.SlvConvertor_loop[*].slvcnv.genblk1.rsync.sysReset* }]" is empty
set_multicycle_path -setup_only 2 -from [get_cells { DDR3_0_0.DDRPHY_BLK_0.IOD_TRAINING_0.COREDDR_TIP_INT_U.TIP_CTRL_BLK.u_write_callibrator.select* }]
	@E::"c:/users/public/documents/libero/solution - copy/libero_project/designer/top/synthesis.fdc":67:0:67:0|Parameter "-setup_only" is not valid.
	@E::"c:/users/public/documents/libero/solution - copy/libero_project/designer/top/synthesis.fdc":67:0:67:0|param { value } must be defined
	@N::"c:/users/public/documents/libero/solution - copy/libero_project/designer/top/synthesis.fdc":67:0:67:0|Constraint will be disabled.

Applicable constraints with issues
**********************************

set_false_path -through [get_pins { DDR3_0_0.DDRPHY_BLK_0.*.I_IOD_*.DELAY_LINE_OUT_OF_RANGE }]
	@W::"c:/users/public/documents/libero/solution - copy/libero_project/designer/top/synthesis.fdc":24:0:24:0|Timing constraint (through [get_pins { DDR3_0_0.DDRPHY_BLK_0.*.I_IOD_*.DELAY_LINE_OUT_OF_RANGE }]) (false path) was not applied to the design because none of the paths specified by the constraint exist in the design
set_false_path -to [get_pins { DDR3_0_0.CCC_0.pll_inst_0.PHASE_OUT0_SEL }]
	@W::"c:/users/public/documents/libero/solution - copy/libero_project/designer/top/synthesis.fdc":64:0:64:0|Timing constraint (to [get_pins { DDR3_0_0.CCC_0.pll_inst_0.PHASE_OUT0_SEL }]) (false path) was not applied to the design because none of the paths specified by the constraint exist in the design
set_false_path -to [get_pins { DDR3_0_0.CCC_0.pll_inst_0.PHASE_OUT2_SEL }]
	@W::"c:/users/public/documents/libero/solution - copy/libero_project/designer/top/synthesis.fdc":65:0:65:0|Timing constraint (to [get_pins { DDR3_0_0.CCC_0.pll_inst_0.PHASE_OUT2_SEL }]) (false path) was not applied to the design because none of the paths specified by the constraint exist in the design
set_false_path -to [get_pins { DDR3_0_0.CCC_0.pll_inst_0.PHASE_OUT3_SEL }]
	@W::"c:/users/public/documents/libero/solution - copy/libero_project/designer/top/synthesis.fdc":66:0:66:0|Timing constraint (to [get_pins { DDR3_0_0.CCC_0.pll_inst_0.PHASE_OUT3_SEL }]) (false path) was not applied to the design because none of the paths specified by the constraint exist in the design
set_false_path -to [get_pins { DDR3_0_0.DDRPHY_BLK_0.*.I_IOD_*.ARST_N }]
	@W::"c:/users/public/documents/libero/solution - copy/libero_project/designer/top/synthesis.fdc":19:0:19:0|Timing constraint (to [get_pins { DDR3_0_0.DDRPHY_BLK_0.*.I_IOD_*.ARST_N }]) (false path) was not applied to the design because none of the paths specified by the constraint exist in the design
set_false_path -to [get_pins { DDR3_0_0.DDRPHY_BLK_0.*.I_IOD_*.DELAY_LINE_MOVE }]
	@W::"c:/users/public/documents/libero/solution - copy/libero_project/designer/top/synthesis.fdc":23:0:23:0|Timing constraint (to [get_pins { DDR3_0_0.DDRPHY_BLK_0.*.I_IOD_*.DELAY_LINE_MOVE }]) (false path) was not applied to the design because none of the paths specified by the constraint exist in the design
set_false_path -to [get_pins { DDR3_0_0.DDRPHY_BLK_0.*.I_IOD_*.RX_SYNC_RST* }]
	@W::"c:/users/public/documents/libero/solution - copy/libero_project/designer/top/synthesis.fdc":22:0:22:0|Timing constraint (to [get_pins { DDR3_0_0.DDRPHY_BLK_0.*.I_IOD_*.RX_SYNC_RST* }]) (false path) was not applied to the design because none of the paths specified by the constraint exist in the design
set_false_path -to [get_pins { DDR3_0_0.DDRPHY_BLK_0.LANECTRL_ADDR_CMD_0.I_LANECTRL*.HS_IO_CLK_PAUSE }]
	@W::"c:/users/public/documents/libero/solution - copy/libero_project/designer/top/synthesis.fdc":21:0:21:0|Timing constraint (to [get_pins { DDR3_0_0.DDRPHY_BLK_0.LANECTRL_ADDR_CMD_0.I_LANECTRL*.HS_IO_CLK_PAUSE }]) (false path) was not applied to the design because none of the paths specified by the constraint exist in the design
set_false_path -to [get_pins { DDR3_0_0.DDRPHY_BLK_0.LANE_*_CTRL.I_LANECTRL.HS_IO_CLK_PAUSE }]
	@W::"c:/users/public/documents/libero/solution - copy/libero_project/designer/top/synthesis.fdc":20:0:20:0|Timing constraint (to [get_pins { DDR3_0_0.DDRPHY_BLK_0.LANE_*_CTRL.I_LANECTRL.HS_IO_CLK_PAUSE }]) (false path) was not applied to the design because none of the paths specified by the constraint exist in the design
set_false_path -to [get_pins { DDR3_0_0.DDRPHY_BLK_0.LANE_0_CTRL.I_LANECTRL.DDR_READ }]
	@W::"c:/users/public/documents/libero/solution - copy/libero_project/designer/top/synthesis.fdc":25:0:25:0|Timing constraint (to [get_pins { DDR3_0_0.DDRPHY_BLK_0.LANE_0_CTRL.I_LANECTRL.DDR_READ }]) (false path) was not applied to the design because no matching path was synchronous
set_false_path -to [get_pins { DDR3_0_0.DDRPHY_BLK_0.LANE_0_CTRL.I_LANECTRL.DELAY_LINE_DIRECTION }]
	@W::"c:/users/public/documents/libero/solution - copy/libero_project/designer/top/synthesis.fdc":27:0:27:0|Timing constraint (to [get_pins { DDR3_0_0.DDRPHY_BLK_0.LANE_0_CTRL.I_LANECTRL.DELAY_LINE_DIRECTION }]) (false path) was not applied to the design because none of the paths specified by the constraint exist in the design
set_false_path -to [get_pins { DDR3_0_0.DDRPHY_BLK_0.LANE_0_CTRL.I_LANECTRL.DELAY_LINE_LOAD DDR3_0_0.DDRPHY_BLK_0.LANE_0_CTRL.I_LANECTRL.DELAY_LINE_SEL }]
	@W::"c:/users/public/documents/libero/solution - copy/libero_project/designer/top/synthesis.fdc":29:0:29:0|Timing constraint (to [get_pins { DDR3_0_0.DDRPHY_BLK_0.LANE_0_CTRL.I_LANECTRL.DELAY_LINE_LOAD DDR3_0_0.DDRPHY_BLK_0.LANE_0_CTRL.I_LANECTRL.DELAY_LINE_SEL }]) (false path) was not applied to the design because none of the paths specified by the constraint exist in the design
set_false_path -to [get_pins { DDR3_0_0.DDRPHY_BLK_0.LANE_0_CTRL.I_LANECTRL.DELAY_LINE_MOVE }]
	@W::"c:/users/public/documents/libero/solution - copy/libero_project/designer/top/synthesis.fdc":28:0:28:0|Timing constraint (to [get_pins { DDR3_0_0.DDRPHY_BLK_0.LANE_0_CTRL.I_LANECTRL.DELAY_LINE_MOVE }]) (false path) was not applied to the design because none of the paths specified by the constraint exist in the design
set_false_path -to [get_pins { DDR3_0_0.DDRPHY_BLK_0.LANE_0_CTRL.I_LANECTRL.DLL_CODE[0] }]
	@W::"c:/users/public/documents/libero/solution - copy/libero_project/designer/top/synthesis.fdc":32:0:32:0|Timing constraint (to [get_pins { DDR3_0_0.DDRPHY_BLK_0.LANE_0_CTRL.I_LANECTRL.DLL_CODE[0] }]) (false path) was not applied to the design because none of the paths specified by the constraint exist in the design
set_false_path -to [get_pins { DDR3_0_0.DDRPHY_BLK_0.LANE_0_CTRL.I_LANECTRL.DLL_CODE[1] }]
	@W::"c:/users/public/documents/libero/solution - copy/libero_project/designer/top/synthesis.fdc":33:0:33:0|Timing constraint (to [get_pins { DDR3_0_0.DDRPHY_BLK_0.LANE_0_CTRL.I_LANECTRL.DLL_CODE[1] }]) (false path) was not applied to the design because none of the paths specified by the constraint exist in the design
set_false_path -to [get_pins { DDR3_0_0.DDRPHY_BLK_0.LANE_0_CTRL.I_LANECTRL.DLL_CODE[2] }]
	@W::"c:/users/public/documents/libero/solution - copy/libero_project/designer/top/synthesis.fdc":34:0:34:0|Timing constraint (to [get_pins { DDR3_0_0.DDRPHY_BLK_0.LANE_0_CTRL.I_LANECTRL.DLL_CODE[2] }]) (false path) was not applied to the design because none of the paths specified by the constraint exist in the design
set_false_path -to [get_pins { DDR3_0_0.DDRPHY_BLK_0.LANE_0_CTRL.I_LANECTRL.DLL_CODE[3] }]
	@W::"c:/users/public/documents/libero/solution - copy/libero_project/designer/top/synthesis.fdc":35:0:35:0|Timing constraint (to [get_pins { DDR3_0_0.DDRPHY_BLK_0.LANE_0_CTRL.I_LANECTRL.DLL_CODE[3] }]) (false path) was not applied to the design because none of the paths specified by the constraint exist in the design
set_false_path -to [get_pins { DDR3_0_0.DDRPHY_BLK_0.LANE_0_CTRL.I_LANECTRL.DLL_CODE[4] }]
	@W::"c:/users/public/documents/libero/solution - copy/libero_project/designer/top/synthesis.fdc":36:0:36:0|Timing constraint (to [get_pins { DDR3_0_0.DDRPHY_BLK_0.LANE_0_CTRL.I_LANECTRL.DLL_CODE[4] }]) (false path) was not applied to the design because none of the paths specified by the constraint exist in the design
set_false_path -to [get_pins { DDR3_0_0.DDRPHY_BLK_0.LANE_0_CTRL.I_LANECTRL.DLL_CODE[5] }]
	@W::"c:/users/public/documents/libero/solution - copy/libero_project/designer/top/synthesis.fdc":37:0:37:0|Timing constraint (to [get_pins { DDR3_0_0.DDRPHY_BLK_0.LANE_0_CTRL.I_LANECTRL.DLL_CODE[5] }]) (false path) was not applied to the design because none of the paths specified by the constraint exist in the design
set_false_path -to [get_pins { DDR3_0_0.DDRPHY_BLK_0.LANE_0_CTRL.I_LANECTRL.DLL_CODE[6] }]
	@W::"c:/users/public/documents/libero/solution - copy/libero_project/designer/top/synthesis.fdc":38:0:38:0|Timing constraint (to [get_pins { DDR3_0_0.DDRPHY_BLK_0.LANE_0_CTRL.I_LANECTRL.DLL_CODE[6] }]) (false path) was not applied to the design because none of the paths specified by the constraint exist in the design
set_false_path -to [get_pins { DDR3_0_0.DDRPHY_BLK_0.LANE_0_CTRL.I_LANECTRL.DLL_CODE[7] }]
	@W::"c:/users/public/documents/libero/solution - copy/libero_project/designer/top/synthesis.fdc":39:0:39:0|Timing constraint (to [get_pins { DDR3_0_0.DDRPHY_BLK_0.LANE_0_CTRL.I_LANECTRL.DLL_CODE[7] }]) (false path) was not applied to the design because none of the paths specified by the constraint exist in the design
set_false_path -to [get_pins { DDR3_0_0.DDRPHY_BLK_0.LANE_0_CTRL.I_LANECTRL.READ_CLK_SEL[2] }]
	@W::"c:/users/public/documents/libero/solution - copy/libero_project/designer/top/synthesis.fdc":31:0:31:0|Timing constraint (to [get_pins { DDR3_0_0.DDRPHY_BLK_0.LANE_0_CTRL.I_LANECTRL.READ_CLK_SEL[2] }]) (false path) was not applied to the design because none of the paths specified by the constraint exist in the design
set_false_path -to [get_pins { DDR3_0_0.DDRPHY_BLK_0.LANE_0_CTRL.I_LANECTRL.RESET }]
	@W::"c:/users/public/documents/libero/solution - copy/libero_project/designer/top/synthesis.fdc":26:0:26:0|Timing constraint (to [get_pins { DDR3_0_0.DDRPHY_BLK_0.LANE_0_CTRL.I_LANECTRL.RESET }]) (false path) was not applied to the design because none of the paths specified by the constraint exist in the design
set_false_path -to [get_pins { DDR3_0_0.DDRPHY_BLK_0.LANE_0_CTRL.I_LANECTRL.SWITCH }]
	@W::"c:/users/public/documents/libero/solution - copy/libero_project/designer/top/synthesis.fdc":30:0:30:0|Timing constraint (to [get_pins { DDR3_0_0.DDRPHY_BLK_0.LANE_0_CTRL.I_LANECTRL.SWITCH }]) (false path) was not applied to the design because none of the paths specified by the constraint exist in the design
set_false_path -to [get_pins { DDR3_0_0.DDRPHY_BLK_0.LANE_1_CTRL.I_LANECTRL.DDR_READ }]
	@W::"c:/users/public/documents/libero/solution - copy/libero_project/designer/top/synthesis.fdc":40:0:40:0|Timing constraint (to [get_pins { DDR3_0_0.DDRPHY_BLK_0.LANE_1_CTRL.I_LANECTRL.DDR_READ }]) (false path) was not applied to the design because no matching path was synchronous
set_false_path -to [get_pins { DDR3_0_0.DDRPHY_BLK_0.LANE_1_CTRL.I_LANECTRL.DELAY_LINE_DIRECTION }]
	@W::"c:/users/public/documents/libero/solution - copy/libero_project/designer/top/synthesis.fdc":42:0:42:0|Timing constraint (to [get_pins { DDR3_0_0.DDRPHY_BLK_0.LANE_1_CTRL.I_LANECTRL.DELAY_LINE_DIRECTION }]) (false path) was not applied to the design because none of the paths specified by the constraint exist in the design
set_false_path -to [get_pins { DDR3_0_0.DDRPHY_BLK_0.LANE_1_CTRL.I_LANECTRL.DELAY_LINE_LOAD DDR3_0_0.DDRPHY_BLK_0.LANE_1_CTRL.I_LANECTRL.DELAY_LINE_SEL }]
	@W::"c:/users/public/documents/libero/solution - copy/libero_project/designer/top/synthesis.fdc":44:0:44:0|Timing constraint (to [get_pins { DDR3_0_0.DDRPHY_BLK_0.LANE_1_CTRL.I_LANECTRL.DELAY_LINE_LOAD DDR3_0_0.DDRPHY_BLK_0.LANE_1_CTRL.I_LANECTRL.DELAY_LINE_SEL }]) (false path) was not applied to the design because none of the paths specified by the constraint exist in the design
set_false_path -to [get_pins { DDR3_0_0.DDRPHY_BLK_0.LANE_1_CTRL.I_LANECTRL.DELAY_LINE_MOVE }]
	@W::"c:/users/public/documents/libero/solution - copy/libero_project/designer/top/synthesis.fdc":43:0:43:0|Timing constraint (to [get_pins { DDR3_0_0.DDRPHY_BLK_0.LANE_1_CTRL.I_LANECTRL.DELAY_LINE_MOVE }]) (false path) was not applied to the design because none of the paths specified by the constraint exist in the design
set_false_path -to [get_pins { DDR3_0_0.DDRPHY_BLK_0.LANE_1_CTRL.I_LANECTRL.DLL_CODE[0] }]
	@W::"c:/users/public/documents/libero/solution - copy/libero_project/designer/top/synthesis.fdc":47:0:47:0|Timing constraint (to [get_pins { DDR3_0_0.DDRPHY_BLK_0.LANE_1_CTRL.I_LANECTRL.DLL_CODE[0] }]) (false path) was not applied to the design because none of the paths specified by the constraint exist in the design
set_false_path -to [get_pins { DDR3_0_0.DDRPHY_BLK_0.LANE_1_CTRL.I_LANECTRL.DLL_CODE[1] }]
	@W::"c:/users/public/documents/libero/solution - copy/libero_project/designer/top/synthesis.fdc":48:0:48:0|Timing constraint (to [get_pins { DDR3_0_0.DDRPHY_BLK_0.LANE_1_CTRL.I_LANECTRL.DLL_CODE[1] }]) (false path) was not applied to the design because none of the paths specified by the constraint exist in the design
set_false_path -to [get_pins { DDR3_0_0.DDRPHY_BLK_0.LANE_1_CTRL.I_LANECTRL.DLL_CODE[2] }]
	@W::"c:/users/public/documents/libero/solution - copy/libero_project/designer/top/synthesis.fdc":49:0:49:0|Timing constraint (to [get_pins { DDR3_0_0.DDRPHY_BLK_0.LANE_1_CTRL.I_LANECTRL.DLL_CODE[2] }]) (false path) was not applied to the design because none of the paths specified by the constraint exist in the design
set_false_path -to [get_pins { DDR3_0_0.DDRPHY_BLK_0.LANE_1_CTRL.I_LANECTRL.DLL_CODE[3] }]
	@W::"c:/users/public/documents/libero/solution - copy/libero_project/designer/top/synthesis.fdc":50:0:50:0|Timing constraint (to [get_pins { DDR3_0_0.DDRPHY_BLK_0.LANE_1_CTRL.I_LANECTRL.DLL_CODE[3] }]) (false path) was not applied to the design because none of the paths specified by the constraint exist in the design
set_false_path -to [get_pins { DDR3_0_0.DDRPHY_BLK_0.LANE_1_CTRL.I_LANECTRL.DLL_CODE[4] }]
	@W::"c:/users/public/documents/libero/solution - copy/libero_project/designer/top/synthesis.fdc":51:0:51:0|Timing constraint (to [get_pins { DDR3_0_0.DDRPHY_BLK_0.LANE_1_CTRL.I_LANECTRL.DLL_CODE[4] }]) (false path) was not applied to the design because none of the paths specified by the constraint exist in the design
set_false_path -to [get_pins { DDR3_0_0.DDRPHY_BLK_0.LANE_1_CTRL.I_LANECTRL.DLL_CODE[5] }]
	@W::"c:/users/public/documents/libero/solution - copy/libero_project/designer/top/synthesis.fdc":52:0:52:0|Timing constraint (to [get_pins { DDR3_0_0.DDRPHY_BLK_0.LANE_1_CTRL.I_LANECTRL.DLL_CODE[5] }]) (false path) was not applied to the design because none of the paths specified by the constraint exist in the design
set_false_path -to [get_pins { DDR3_0_0.DDRPHY_BLK_0.LANE_1_CTRL.I_LANECTRL.DLL_CODE[6] }]
	@W::"c:/users/public/documents/libero/solution - copy/libero_project/designer/top/synthesis.fdc":53:0:53:0|Timing constraint (to [get_pins { DDR3_0_0.DDRPHY_BLK_0.LANE_1_CTRL.I_LANECTRL.DLL_CODE[6] }]) (false path) was not applied to the design because none of the paths specified by the constraint exist in the design
set_false_path -to [get_pins { DDR3_0_0.DDRPHY_BLK_0.LANE_1_CTRL.I_LANECTRL.DLL_CODE[7] }]
	@W::"c:/users/public/documents/libero/solution - copy/libero_project/designer/top/synthesis.fdc":54:0:54:0|Timing constraint (to [get_pins { DDR3_0_0.DDRPHY_BLK_0.LANE_1_CTRL.I_LANECTRL.DLL_CODE[7] }]) (false path) was not applied to the design because none of the paths specified by the constraint exist in the design
set_false_path -to [get_pins { DDR3_0_0.DDRPHY_BLK_0.LANE_1_CTRL.I_LANECTRL.READ_CLK_SEL[2] }]
	@W::"c:/users/public/documents/libero/solution - copy/libero_project/designer/top/synthesis.fdc":46:0:46:0|Timing constraint (to [get_pins { DDR3_0_0.DDRPHY_BLK_0.LANE_1_CTRL.I_LANECTRL.READ_CLK_SEL[2] }]) (false path) was not applied to the design because none of the paths specified by the constraint exist in the design
set_false_path -to [get_pins { DDR3_0_0.DDRPHY_BLK_0.LANE_1_CTRL.I_LANECTRL.RESET }]
	@W::"c:/users/public/documents/libero/solution - copy/libero_project/designer/top/synthesis.fdc":41:0:41:0|Timing constraint (to [get_pins { DDR3_0_0.DDRPHY_BLK_0.LANE_1_CTRL.I_LANECTRL.RESET }]) (false path) was not applied to the design because none of the paths specified by the constraint exist in the design
set_false_path -to [get_pins { DDR3_0_0.DDRPHY_BLK_0.LANE_1_CTRL.I_LANECTRL.SWITCH }]
	@W::"c:/users/public/documents/libero/solution - copy/libero_project/designer/top/synthesis.fdc":45:0:45:0|Timing constraint (to [get_pins { DDR3_0_0.DDRPHY_BLK_0.LANE_1_CTRL.I_LANECTRL.SWITCH }]) (false path) was not applied to the design because none of the paths specified by the constraint exist in the design

Constraints with matching wildcard expressions
**********************************************

(none)


Library Report
**************


# End of Constraint Checker Report
