Timing Violation Report Min Delay Analysis

SmartTime Version v12.3
Microsemi Corporation - Microsemi Libero Software Release v12.3 (Version 12.800.0.16)
Date: Fri Mar  6 17:42:10 2020


Design: top
Family: PolarFire
Die: MPF300TS
Package: FCG1152
Temperature Range: -40 - 100 C
Voltage Range: 0.97 - 1.03 V
Speed Grade: -1
Design State: Post-Layout
Data source: Production
Multi Corner Report Operating Conditions: slow_lv_ht, slow_lv_lt, fast_hv_lt
Scenario for Timing Analysis: timing_analysis


Path 1
  From: MiV_AXI_0/MiV_AXI_0/ChiselTop0/debug_1/dmInner/dmiXing/MIV_RV32IMA_L1_AXI_ASYNC_QUEUE_SINK/widx_gray/sync_1/reg_0/q_tmr2:CLK
  To:   MiV_AXI_0/MiV_AXI_0/ChiselTop0/debug_1/dmInner/dmiXing/MIV_RV32IMA_L1_AXI_ASYNC_QUEUE_SINK/widx_gray/sync_0/reg_0/q:D
  Delay (ns):              0.189
  Slack (ns):              0.118
  Arrival (ns):            2.041
  Required (ns):           1.923
  Operating Conditions: fast_hv_lt

Path 2
  From: DDR3_0_0/MSC_i_0/MSC_i_1/MSC_i_4/dfi_rddata_r_tmr3[38]:CLK
  To:   DDR3_0_0/MSC_i_0/MSC_i_1/MSC_i_4/l_rd_data_to_mp_r[38]:D
  Delay (ns):              0.190
  Slack (ns):              0.118
  Arrival (ns):            4.068
  Required (ns):           3.950
  Operating Conditions: fast_hv_lt

Path 3
  From: DDR3_0_0/MSC_i_0/MSC_i_1/MSC_i_4/MSC_i_136/MSC_i_137/MSC_i_141/lat_n0.resettable.data_shifter_0__tmr2[124]:CLK
  To:   DDR3_0_0/MSC_i_0/MSC_i_1/MSC_i_4/MSC_i_136/MSC_i_137/MSC_i_141/lat_n0.resettable.data_shifter_1__tmr2[124]:D
  Delay (ns):              0.190
  Slack (ns):              0.118
  Arrival (ns):            4.086
  Required (ns):           3.968
  Operating Conditions: fast_hv_lt

Path 4
  From: MiV_AXI_0/MiV_AXI_0/ChiselTop0/debug_1/dmOuter/dmInner_TLAsyncCrossingSource/MIV_RV32IMA_L1_AXI_ASYNC_QUEUE_SINK/widx_gray/sync_1/reg_0/q:CLK
  To:   MiV_AXI_0/MiV_AXI_0/ChiselTop0/debug_1/dmOuter/dmInner_TLAsyncCrossingSource/MIV_RV32IMA_L1_AXI_ASYNC_QUEUE_SINK/widx_gray/sync_0/reg_0/q_tmr2:D
  Delay (ns):              0.190
  Slack (ns):              0.118
  Arrival (ns):            4.402
  Required (ns):           4.284
  Operating Conditions: fast_hv_lt

Path 5
  From: DDR3_0_0/MSC_i_0/MSC_i_1/MSC_i_4/MSC_i_136/MSC_i_137/w_valid_sh_tmr3[9]:CLK
  To:   DDR3_0_0/MSC_i_0/MSC_i_1/MSC_i_4/MSC_i_136/MSC_i_137/w_valid_sh_tmr3[10]:D
  Delay (ns):              0.189
  Slack (ns):              0.118
  Arrival (ns):            4.108
  Required (ns):           3.990
  Operating Conditions: fast_hv_lt

Path 6
  From: DDR3_0_0/MSC_i_0/MSC_i_1/MSC_i_4/MSC_i_6/wr_data_packed_tmr3[12]:CLK
  To:   DDR3_0_0/MSC_i_0/MSC_i_1/MSC_i_4/MSC_i_6/wr_data_fifo_wr_data_tmr3[12]:D
  Delay (ns):              0.190
  Slack (ns):              0.119
  Arrival (ns):            4.063
  Required (ns):           3.944
  Operating Conditions: fast_hv_lt

Path 7
  From: DDR3_0_0/MSC_i_0/MSC_i_1/MSC_i_4/MSC_i_6/wr_data_packed_tmr3[24]:CLK
  To:   DDR3_0_0/MSC_i_0/MSC_i_1/MSC_i_4/MSC_i_6/wr_data_fifo_wr_data_tmr3[24]:D
  Delay (ns):              0.190
  Slack (ns):              0.119
  Arrival (ns):            4.062
  Required (ns):           3.943
  Operating Conditions: fast_hv_lt

Path 8
  From: MiV_AXI_0/MiV_AXI_0/ChiselTop0/debug_1/dmOuter/dmInner_TLAsyncCrossingSource/MIV_RV32IMA_L1_AXI_ASYNC_QUEUE_SOURCE/MIV_RV32IMA_L1_AXI_ASYNC_VALID_SYNC_2/sink_valid/sync_2/reg_0/q_tmr2:CLK
  To:   MiV_AXI_0/MiV_AXI_0/ChiselTop0/debug_1/dmOuter/dmInner_TLAsyncCrossingSource/MIV_RV32IMA_L1_AXI_ASYNC_QUEUE_SOURCE/MIV_RV32IMA_L1_AXI_ASYNC_VALID_SYNC_2/sink_valid/sync_1/reg_0/q_tmr3:D
  Delay (ns):              0.191
  Slack (ns):              0.119
  Arrival (ns):            4.414
  Required (ns):           4.295
  Operating Conditions: fast_hv_lt

Path 9
  From: DDR3_0_0/MSC_i_0/MSC_i_1/MSC_i_4/dfi_rddata_r_tmr3[9]:CLK
  To:   DDR3_0_0/MSC_i_0/MSC_i_1/MSC_i_4/l_rd_data_to_mp_r_tmr2[9]:D
  Delay (ns):              0.190
  Slack (ns):              0.119
  Arrival (ns):            4.083
  Required (ns):           3.964
  Operating Conditions: fast_hv_lt

Path 10
  From: MiV_AXI_0/MiV_AXI_0/ChiselTop0/debug_1/dmOuter/dmInner_TLAsyncCrossingSource/MIV_RV32IMA_L1_AXI_ASYNC_QUEUE_SINK/MIV_RV32IMA_L1_AXI_ASYNC_VALID_SYNC_1/source_extend/sync_0/reg_0/q:CLK
  To:   MiV_AXI_0/MiV_AXI_0/ChiselTop0/debug_1/dmOuter/dmInner_TLAsyncCrossingSource/MIV_RV32IMA_L1_AXI_ASYNC_QUEUE_SINK/MIV_RV32IMA_L1_AXI_ASYNC_VALID_SYNC_2/source_valid/sync_2/reg_0/q_tmr2:D
  Delay (ns):              0.191
  Slack (ns):              0.119
  Arrival (ns):            4.401
  Required (ns):           4.282
  Operating Conditions: fast_hv_lt

Path 11
  From: MiV_AXI_0/MiV_AXI_0/ChiselTop0/debug_1/dmOuter/dmInner_TLAsyncCrossingSource/MIV_RV32IMA_L1_AXI_ASYNC_QUEUE_SINK/widx_gray/sync_2/reg_0/q_tmr2:CLK
  To:   MiV_AXI_0/MiV_AXI_0/ChiselTop0/debug_1/dmOuter/dmInner_TLAsyncCrossingSource/MIV_RV32IMA_L1_AXI_ASYNC_QUEUE_SINK/widx_gray/sync_1/reg_0/q:D
  Delay (ns):              0.191
  Slack (ns):              0.119
  Arrival (ns):            4.403
  Required (ns):           4.284
  Operating Conditions: fast_hv_lt

Path 12
  From: DDR3_0_0/MSC_i_0/MSC_i_1/MSC_i_4/MSC_i_136/MSC_i_137/w_valid_attr_sh_gen[1].w_valid_attr_sh[1]_tmr2[9]:CLK
  To:   DDR3_0_0/MSC_i_0/MSC_i_1/MSC_i_4/MSC_i_136/MSC_i_137/w_valid_attr_sh_gen[1].w_valid_attr_sh[1]_tmr3[10]:D
  Delay (ns):              0.191
  Slack (ns):              0.119
  Arrival (ns):            4.106
  Required (ns):           3.987
  Operating Conditions: fast_hv_lt

Path 13
  From: DDR3_0_0/DDRPHY_BLK_0/IOD_TRAINING_0/COREDDR_TIP_INT_U/TIP_CTRL_BLK/PHY_SIG_MOD/iog_dq_txdata_in_reg_tmr2[23]:CLK
  To:   DDR3_0_0/DDRPHY_BLK_0/IOD_TRAINING_0/COREDDR_TIP_INT_U/TIP_CTRL_BLK/PHY_SIG_MOD/iog_dq_txdata_in_reg_2[23]:D
  Delay (ns):              0.191
  Slack (ns):              0.119
  Arrival (ns):            4.102
  Required (ns):           3.983
  Operating Conditions: fast_hv_lt

Path 14
  From: DDR3_0_0/DDRPHY_BLK_0/IOD_TRAINING_0/COREDDR_TIP_INT_U/TIP_CTRL_BLK/LEVELLING/IOG_IF/move_int_tmr2[12]:CLK
  To:   DDR3_0_0/DDRPHY_BLK_0/IOD_TRAINING_0/COREDDR_TIP_INT_U/MOVE_tmr2[12]:D
  Delay (ns):              0.191
  Slack (ns):              0.119
  Arrival (ns):            4.067
  Required (ns):           3.948
  Operating Conditions: fast_hv_lt

Path 15
  From: AXI4_Interconnect_0/AXI4_Interconnect_0/SlvConvertor_loop[1].slvcnv/slvCDC/genblk1.genblk1.cdc_WChan/wrPtr_s1_tmr2[1]:CLK
  To:   AXI4_Interconnect_0/AXI4_Interconnect_0/SlvConvertor_loop[1].slvcnv/slvCDC/genblk1.genblk1.cdc_WChan/wrPtr_s2_tmr2[1]:D
  Delay (ns):              0.191
  Slack (ns):              0.119
  Arrival (ns):            4.072
  Required (ns):           3.953
  Operating Conditions: fast_hv_lt

Path 16
  From: MiV_AXI_0/MiV_AXI_0/ChiselTop0/debug_1/dmOuter/dmInner_TLAsyncCrossingSource/MIV_RV32IMA_L1_AXI_ASYNC_QUEUE_SOURCE/MIV_RV32IMA_L1_AXI_ASYNC_VALID_SYNC/source_valid/sync_1/reg_0/q_tmr3:CLK
  To:   MiV_AXI_0/MiV_AXI_0/ChiselTop0/debug_1/dmOuter/dmInner_TLAsyncCrossingSource/MIV_RV32IMA_L1_AXI_ASYNC_QUEUE_SOURCE/MIV_RV32IMA_L1_AXI_ASYNC_VALID_SYNC/source_valid/sync_0/reg_0/q_tmr3:D
  Delay (ns):              0.191
  Slack (ns):              0.119
  Arrival (ns):            4.409
  Required (ns):           4.290
  Operating Conditions: fast_hv_lt

Path 17
  From: DDR3_0_0/MSC_i_0/MSC_i_1/MSC_i_4/MSC_i_225/l_d_req_sr_tmr2[1]:CLK
  To:   DDR3_0_0/MSC_i_0/MSC_i_1/MSC_i_4/MSC_i_225/l_d_req_sr_tmr2[2]:D
  Delay (ns):              0.191
  Slack (ns):              0.119
  Arrival (ns):            4.088
  Required (ns):           3.969
  Operating Conditions: fast_hv_lt

Path 18
  From: DDR3_0_0/MSC_i_0/MSC_i_1/MSC_i_4/MSC_i_6/MSC_i_109/MSC_i_110/MSC_i_112/din_gray_r_tmr3[0]:CLK
  To:   DDR3_0_0/MSC_i_0/MSC_i_1/MSC_i_4/MSC_i_6/MSC_i_109/MSC_i_110/MSC_i_112/MSC_i_114/MSC_i_119/s0_tmr3:D
  Delay (ns):              0.190
  Slack (ns):              0.119
  Arrival (ns):            4.059
  Required (ns):           3.940
  Operating Conditions: fast_hv_lt

Path 19
  From: DDR3_0_0/MSC_i_0/MSC_i_1/MSC_i_4/MSC_i_6/MSC_i_79/MSC_i_80/MSC_i_82/MSC_i_84/MSC_i_85/s0_tmr3:CLK
  To:   DDR3_0_0/MSC_i_0/MSC_i_1/MSC_i_4/MSC_i_6/MSC_i_79/MSC_i_80/MSC_i_82/MSC_i_84/MSC_i_85/s1:D
  Delay (ns):              0.191
  Slack (ns):              0.119
  Arrival (ns):            4.066
  Required (ns):           3.947
  Operating Conditions: fast_hv_lt

Path 20
  From: DDR3_0_0/MSC_i_0/MSC_i_1/MSC_i_4/MSC_i_6/MSC_i_79/MSC_i_80/MSC_i_82/din_gray_r[6]:CLK
  To:   DDR3_0_0/MSC_i_0/MSC_i_1/MSC_i_4/MSC_i_6/MSC_i_79/MSC_i_80/MSC_i_82/MSC_i_84/MSC_i_93/s0_tmr3:D
  Delay (ns):              0.190
  Slack (ns):              0.119
  Arrival (ns):            4.072
  Required (ns):           3.953
  Operating Conditions: fast_hv_lt

Path 21
  From: DDR3_0_0/MSC_i_0/MSC_i_1/MSC_i_4/MSC_i_6/cmd_fifo_wr_data_reg1[70]:CLK
  To:   DDR3_0_0/MSC_i_0/MSC_i_1/MSC_i_4/MSC_i_6/cmd_fifo_wr_data_reg2[70]:D
  Delay (ns):              0.190
  Slack (ns):              0.119
  Arrival (ns):            4.088
  Required (ns):           3.969
  Operating Conditions: fast_hv_lt

Path 22
  From: DDR3_0_0/MSC_i_0/MSC_i_1/MSC_i_4/MSC_i_6/cmd_fifo_wr_data_reg1_tmr2[56]:CLK
  To:   DDR3_0_0/MSC_i_0/MSC_i_1/MSC_i_4/MSC_i_6/cmd_fifo_wr_data_reg2_tmr2[56]:D
  Delay (ns):              0.191
  Slack (ns):              0.119
  Arrival (ns):            4.104
  Required (ns):           3.985
  Operating Conditions: fast_hv_lt

Path 23
  From: DDR3_0_0/MSC_i_0/MSC_i_1/MSC_i_4/MSC_i_6/cmd_fifo_wr_data_reg1_tmr2[9]:CLK
  To:   DDR3_0_0/MSC_i_0/MSC_i_1/MSC_i_4/MSC_i_6/cmd_fifo_wr_data_reg2_tmr2[9]:D
  Delay (ns):              0.191
  Slack (ns):              0.119
  Arrival (ns):            4.076
  Required (ns):           3.957
  Operating Conditions: fast_hv_lt

Path 24
  From: DDR3_0_0/MSC_i_0/MSC_i_1/MSC_i_4/MSC_i_6/cmd_fifo_wr_data_reg1_tmr3[77]:CLK
  To:   DDR3_0_0/MSC_i_0/MSC_i_1/MSC_i_4/MSC_i_6/cmd_fifo_wr_data_reg2_tmr3[77]:D
  Delay (ns):              0.191
  Slack (ns):              0.119
  Arrival (ns):            4.092
  Required (ns):           3.973
  Operating Conditions: fast_hv_lt

Path 25
  From: DDR3_0_0/MSC_i_0/MSC_i_1/MSC_i_4/MSC_i_6/cmd_fifo_wr_data_reg2_tmr2[65]:CLK
  To:   DDR3_0_0/MSC_i_0/MSC_i_1/MSC_i_4/MSC_i_6/cmd_fifo_wr_data_reg3[65]:D
  Delay (ns):              0.191
  Slack (ns):              0.119
  Arrival (ns):            4.078
  Required (ns):           3.959
  Operating Conditions: fast_hv_lt

Path 26
  From: DDR3_0_0/MSC_i_0/MSC_i_1/MSC_i_4/MSC_i_6/cmd_fifo_wr_data_reg3_tmr2[1]:CLK
  To:   DDR3_0_0/MSC_i_0/MSC_i_1/MSC_i_4/MSC_i_6/cmd_fifo_wr_data_reg4[1]:D
  Delay (ns):              0.190
  Slack (ns):              0.119
  Arrival (ns):            4.097
  Required (ns):           3.978
  Operating Conditions: fast_hv_lt

Path 27
  From: DDR3_0_0/MSC_i_0/MSC_i_1/MSC_i_4/MSC_i_6/wr_data_delay_fifo_rd_data_reg_early_tmr2[19]:CLK
  To:   DDR3_0_0/MSC_i_0/MSC_i_1/MSC_i_4/MSC_i_6/wr_data_delay_fifo_rd_data_reg_tmr3[19]:D
  Delay (ns):              0.191
  Slack (ns):              0.119
  Arrival (ns):            4.056
  Required (ns):           3.937
  Operating Conditions: fast_hv_lt

Path 28
  From: DDR3_0_0/MSC_i_0/MSC_i_1/MSC_i_4/MSC_i_6/wr_data_delay_fifo_rd_data_reg_early_tmr3[12]:CLK
  To:   DDR3_0_0/MSC_i_0/MSC_i_1/MSC_i_4/MSC_i_6/wr_data_delay_fifo_rd_data_reg_tmr2[12]:D
  Delay (ns):              0.191
  Slack (ns):              0.119
  Arrival (ns):            4.058
  Required (ns):           3.939
  Operating Conditions: fast_hv_lt

Path 29
  From: DDR3_0_0/MSC_i_0/MSC_i_1/MSC_i_4/MSC_i_6/wr_data_packed_tmr2[119]:CLK
  To:   DDR3_0_0/MSC_i_0/MSC_i_1/MSC_i_4/MSC_i_6/wr_data_fifo_wr_data_tmr3[119]:D
  Delay (ns):              0.191
  Slack (ns):              0.119
  Arrival (ns):            4.080
  Required (ns):           3.961
  Operating Conditions: fast_hv_lt

Path 30
  From: DDR3_0_0/MSC_i_0/MSC_i_1/MSC_i_4/MSC_i_6/wr_data_packed_tmr2[11]:CLK
  To:   DDR3_0_0/MSC_i_0/MSC_i_1/MSC_i_4/MSC_i_6/wr_data_fifo_wr_data[11]:D
  Delay (ns):              0.191
  Slack (ns):              0.119
  Arrival (ns):            4.064
  Required (ns):           3.945
  Operating Conditions: fast_hv_lt

Path 31
  From: DDR3_0_0/MSC_i_0/MSC_i_1/MSC_i_4/MSC_i_6/wr_data_packed_tmr2[123]:CLK
  To:   DDR3_0_0/MSC_i_0/MSC_i_1/MSC_i_4/MSC_i_6/wr_data_fifo_wr_data_tmr3[123]:D
  Delay (ns):              0.190
  Slack (ns):              0.119
  Arrival (ns):            4.079
  Required (ns):           3.960
  Operating Conditions: fast_hv_lt

Path 32
  From: DDR3_0_0/MSC_i_0/MSC_i_1/MSC_i_4/MSC_i_6/wr_data_packed_tmr2[67]:CLK
  To:   DDR3_0_0/MSC_i_0/MSC_i_1/MSC_i_4/MSC_i_6/wr_data_fifo_wr_data_tmr3[67]:D
  Delay (ns):              0.191
  Slack (ns):              0.119
  Arrival (ns):            4.086
  Required (ns):           3.967
  Operating Conditions: fast_hv_lt

Path 33
  From: DDR3_0_0/MSC_i_0/MSC_i_1/MSC_i_4/MSC_i_6/wr_data_packed_tmr2[79]:CLK
  To:   DDR3_0_0/MSC_i_0/MSC_i_1/MSC_i_4/MSC_i_6/wr_data_fifo_wr_data_tmr2[79]:D
  Delay (ns):              0.191
  Slack (ns):              0.119
  Arrival (ns):            4.065
  Required (ns):           3.946
  Operating Conditions: fast_hv_lt

Path 34
  From: DDR3_0_0/MSC_i_0/MSC_i_1/MSC_i_4/MSC_i_6/wr_data_packed_tmr3[0]:CLK
  To:   DDR3_0_0/MSC_i_0/MSC_i_1/MSC_i_4/MSC_i_6/wr_data_fifo_wr_data_tmr2[0]:D
  Delay (ns):              0.190
  Slack (ns):              0.119
  Arrival (ns):            4.075
  Required (ns):           3.956
  Operating Conditions: fast_hv_lt

Path 35
  From: DDR3_0_0/MSC_i_0/MSC_i_1/MSC_i_4/MSC_i_6/wr_data_packed_tmr3[120]:CLK
  To:   DDR3_0_0/MSC_i_0/MSC_i_1/MSC_i_4/MSC_i_6/wr_data_fifo_wr_data_tmr3[120]:D
  Delay (ns):              0.191
  Slack (ns):              0.119
  Arrival (ns):            4.058
  Required (ns):           3.939
  Operating Conditions: fast_hv_lt

Path 36
  From: DDR3_0_0/MSC_i_0/MSC_i_1/MSC_i_4/MSC_i_6/MSC_i_39/MSC_i_40/MSC_i_42/MSC_i_44/MSC_i_50/s0_tmr3:CLK
  To:   DDR3_0_0/MSC_i_0/MSC_i_1/MSC_i_4/MSC_i_6/MSC_i_39/MSC_i_40/MSC_i_42/MSC_i_44/MSC_i_50/s1_tmr3:D
  Delay (ns):              0.192
  Slack (ns):              0.120
  Arrival (ns):            4.073
  Required (ns):           3.953
  Operating Conditions: fast_hv_lt

Path 37
  From: DDR3_0_0/MSC_i_0/MSC_i_1/MSC_i_4/MSC_i_223/data_shifter_gen[1].data_shifter[1]_tmr3[47]:CLK
  To:   DDR3_0_0/DDRPHY_BLK_0/IOD_TRAINING_0/COREDDR_TIP_INT_U/TIP_CTRL_BLK/PHY_SIG_MOD/iog_dq_txdata_in_reg_tmr3[60]:D
  Delay (ns):              0.192
  Slack (ns):              0.120
  Arrival (ns):            4.082
  Required (ns):           3.962
  Operating Conditions: fast_hv_lt

Path 38
  From: DDR3_0_0/MSC_i_0/MSC_i_1/MSC_i_4/MSC_i_216/o_data[6]:CLK
  To:   DDR3_0_0/MSC_i_0/MSC_i_1/MSC_i_4/MSC_i_136/cfg_ref_per_i_tmr3[6]:D
  Delay (ns):              0.191
  Slack (ns):              0.120
  Arrival (ns):            4.098
  Required (ns):           3.978
  Operating Conditions: fast_hv_lt

Path 39
  From: DDR3_0_0/MSC_i_0/MSC_i_1/MSC_i_4/MSC_i_211/MSC_i_212/s0_tmr3:CLK
  To:   DDR3_0_0/MSC_i_0/MSC_i_1/MSC_i_4/MSC_i_211/MSC_i_212/s1_tmr3:D
  Delay (ns):              0.192
  Slack (ns):              0.120
  Arrival (ns):            4.087
  Required (ns):           3.967
  Operating Conditions: fast_hv_lt

Path 40
  From: DDR3_0_0/MSC_i_0/MSC_i_1/MSC_i_4/MSC_i_195/write_burst_first_reg_tmr2:CLK
  To:   DDR3_0_0/MSC_i_0/MSC_i_1/MSC_i_4/MSC_i_195/MSC_i_197/lat_n0.nonresettable.data_shifter[0]_tmr3:D
  Delay (ns):              0.191
  Slack (ns):              0.120
  Arrival (ns):            4.076
  Required (ns):           3.956
  Operating Conditions: fast_hv_lt

Path 41
  From: DDR3_0_0/MSC_i_0/MSC_i_1/MSC_i_4/MSC_i_136/MSC_i_137/w_valid_attr_sh_gen[0].w_valid_attr_sh[0][7]:CLK
  To:   DDR3_0_0/MSC_i_0/MSC_i_1/MSC_i_4/MSC_i_136/MSC_i_137/w_valid_attr_sh_gen[0].w_valid_attr_sh[0]_tmr3[8]:D
  Delay (ns):              0.191
  Slack (ns):              0.120
  Arrival (ns):            4.110
  Required (ns):           3.990
  Operating Conditions: fast_hv_lt

Path 42
  From: DDR3_0_0/MSC_i_0/MSC_i_1/MSC_i_4/MSC_i_6/wr_data_packed_tmr2[2]:CLK
  To:   DDR3_0_0/MSC_i_0/MSC_i_1/MSC_i_4/MSC_i_6/wr_data_fifo_wr_data[2]:D
  Delay (ns):              0.192
  Slack (ns):              0.120
  Arrival (ns):            4.052
  Required (ns):           3.932
  Operating Conditions: fast_hv_lt

Path 43
  From: DDR3_0_0/MSC_i_0/MSC_i_1/MSC_i_4/MSC_i_136/MSC_i_137/rd_cmd_sh_tmr3[3]:CLK
  To:   DDR3_0_0/MSC_i_0/MSC_i_1/MSC_i_4/MSC_i_136/MSC_i_137/rd_cmd_sh_tmr3[4]:D
  Delay (ns):              0.191
  Slack (ns):              0.120
  Arrival (ns):            4.091
  Required (ns):           3.971
  Operating Conditions: fast_hv_lt

Path 44
  From: AXI4_Interconnect_0/AXI4_Interconnect_0/SlvConvertor_loop[1].slvcnv/slvCDC/genblk1.cdc_ARChan/wrPtr_s1_tmr3[0]:CLK
  To:   AXI4_Interconnect_0/AXI4_Interconnect_0/SlvConvertor_loop[1].slvcnv/slvCDC/genblk1.cdc_ARChan/wrPtr_s2_tmr3[0]:D
  Delay (ns):              0.192
  Slack (ns):              0.120
  Arrival (ns):            4.087
  Required (ns):           3.967
  Operating Conditions: fast_hv_lt

Path 45
  From: AXI4_Interconnect_0/AXI4_Interconnect_0/SlvConvertor_loop[1].slvcnv/slvCDC/genblk1.cdc_ARChan/wrPtr_s1_tmr3[2]:CLK
  To:   AXI4_Interconnect_0/AXI4_Interconnect_0/SlvConvertor_loop[1].slvcnv/slvCDC/genblk1.cdc_ARChan/wrPtr_s2_tmr3[2]:D
  Delay (ns):              0.192
  Slack (ns):              0.120
  Arrival (ns):            4.087
  Required (ns):           3.967
  Operating Conditions: fast_hv_lt

Path 46
  From: AXI4_Interconnect_0/AXI4_Interconnect_0/SlvConvertor_loop[1].slvcnv/slvCDC/genblk1.genblk1.cdc_WChan/rdPtr_s1_tmr2[2]:CLK
  To:   AXI4_Interconnect_0/AXI4_Interconnect_0/SlvConvertor_loop[1].slvcnv/slvCDC/genblk1.genblk1.cdc_WChan/rdPtr_s2_tmr3[2]:D
  Delay (ns):              0.191
  Slack (ns):              0.120
  Arrival (ns):            2.060
  Required (ns):           1.940
  Operating Conditions: fast_hv_lt

Path 47
  From: CORAXITOAHBL_0_0/CORAXITOAHBL_0_0/U_AHBMasterCtrl/rdFIFOWrAddr_tmr2[0]:CLK
  To:   CORAXITOAHBL_0_0/CORAXITOAHBL_0_0/U_rdFIFORAM/wrAddrReg_tmr2[0]:D
  Delay (ns):              0.191
  Slack (ns):              0.120
  Arrival (ns):            2.104
  Required (ns):           1.984
  Operating Conditions: fast_hv_lt

Path 48
  From: DDR3_0_0/DDRPHY_BLK_0/IOD_TRAINING_0/COREDDR_TIP_INT_U/LANE_ALIGNMENT/dfi_rddata_tmr2[45]:CLK
  To:   DDR3_0_0/MSC_i_0/MSC_i_1/dfi_rddata_w1_i_tmr3[13]:D
  Delay (ns):              0.192
  Slack (ns):              0.120
  Arrival (ns):            4.050
  Required (ns):           3.930
  Operating Conditions: fast_hv_lt

Path 49
  From: DDR3_0_0/DDRPHY_BLK_0/IOD_TRAINING_0/COREDDR_TIP_INT_U/LANE_ALIGNMENT/dfi_rddata_tmr2[5]:CLK
  To:   DDR3_0_0/MSC_i_0/MSC_i_1/dfi_rddata_w0_i_tmr2[5]:D
  Delay (ns):              0.191
  Slack (ns):              0.120
  Arrival (ns):            4.082
  Required (ns):           3.962
  Operating Conditions: fast_hv_lt

Path 50
  From: DDR3_0_0/DDRPHY_BLK_0/IOD_TRAINING_0/COREDDR_TIP_INT_U/LANE_ALIGNMENT/dfi_rddata_tmr2[64]:CLK
  To:   DDR3_0_0/MSC_i_0/MSC_i_1/dfi_rddata_w2_i_tmr3[0]:D
  Delay (ns):              0.188
  Slack (ns):              0.120
  Arrival (ns):            4.078
  Required (ns):           3.958
  Operating Conditions: fast_hv_lt

Path 51
  From: DDR3_0_0/DDRPHY_BLK_0/IOD_TRAINING_0/COREDDR_TIP_INT_U/TIP_CTRL_BLK/PHY_SIG_MOD/iog_dq_txdata_in_reg_tmr3[30]:CLK
  To:   DDR3_0_0/DDRPHY_BLK_0/IOD_TRAINING_0/COREDDR_TIP_INT_U/TIP_CTRL_BLK/PHY_SIG_MOD/iog_dq_txdata_in_reg_2_tmr3[30]:D
  Delay (ns):              0.191
  Slack (ns):              0.120
  Arrival (ns):            4.078
  Required (ns):           3.958
  Operating Conditions: fast_hv_lt

Path 52
  From: DDR3_0_0/MSC_i_0/MSC_i_1/MSC_i_4/MSC_i_136/MSC_i_137/MSC_i_141/lat_n0.resettable.data_shifter_0__tmr3[119]:CLK
  To:   DDR3_0_0/MSC_i_0/MSC_i_1/MSC_i_4/MSC_i_136/MSC_i_137/MSC_i_141/lat_n0.resettable.data_shifter_1__tmr2[119]:D
  Delay (ns):              0.191
  Slack (ns):              0.120
  Arrival (ns):            4.119
  Required (ns):           3.999
  Operating Conditions: fast_hv_lt

Path 53
  From: DDR3_0_0/MSC_i_0/MSC_i_1/MSC_i_4/MSC_i_136/MSC_i_137/MSC_i_141/lat_n0.resettable.data_shifter_0__tmr3[122]:CLK
  To:   DDR3_0_0/MSC_i_0/MSC_i_1/MSC_i_4/MSC_i_136/MSC_i_137/MSC_i_141/lat_n0.resettable.data_shifter_1__tmr2[122]:D
  Delay (ns):              0.191
  Slack (ns):              0.120
  Arrival (ns):            4.113
  Required (ns):           3.993
  Operating Conditions: fast_hv_lt

Path 54
  From: DDR3_0_0/MSC_i_0/MSC_i_1/MSC_i_4/MSC_i_136/MSC_i_137/MSC_i_141/lat_n0.resettable.data_shifter_2__tmr2[108]:CLK
  To:   DDR3_0_0/MSC_i_0/MSC_i_1/MSC_i_4/MSC_i_224/dfi_bank_r1_tmr2[2]:D
  Delay (ns):              0.191
  Slack (ns):              0.120
  Arrival (ns):            4.097
  Required (ns):           3.977
  Operating Conditions: fast_hv_lt

Path 55
  From: DDR3_0_0/MSC_i_0/MSC_i_1/MSC_i_4/MSC_i_136/MSC_i_137/MSC_i_152/data_shifter_gen[12].data_shifter[12]_tmr2[1]:CLK
  To:   DDR3_0_0/MSC_i_0/MSC_i_1/MSC_i_4/MSC_i_136/MSC_i_137/MSC_i_152/data_shifter_gen[11].data_shifter[11]_tmr3[1]:D
  Delay (ns):              0.191
  Slack (ns):              0.120
  Arrival (ns):            4.121
  Required (ns):           4.001
  Operating Conditions: fast_hv_lt

Path 56
  From: DDR3_0_0/MSC_i_0/MSC_i_1/MSC_i_4/MSC_i_136/MSC_i_137/MSC_i_152/data_shifter_gen[16].data_shifter[16]_tmr3[0]:CLK
  To:   DDR3_0_0/MSC_i_0/MSC_i_1/MSC_i_4/MSC_i_136/MSC_i_137/MSC_i_152/data_shifter_gen[15].data_shifter[15]_tmr3[0]:D
  Delay (ns):              0.191
  Slack (ns):              0.120
  Arrival (ns):            4.087
  Required (ns):           3.967
  Operating Conditions: fast_hv_lt

Path 57
  From: DDR3_0_0/MSC_i_0/MSC_i_1/MSC_i_4/MSC_i_136/MSC_i_137/MSC_i_152/data_shifter_gen[9].data_shifter[9]_tmr2[1]:CLK
  To:   DDR3_0_0/MSC_i_0/MSC_i_1/MSC_i_4/MSC_i_136/MSC_i_137/MSC_i_152/data_shifter_gen[8].data_shifter[8]_tmr2[1]:D
  Delay (ns):              0.191
  Slack (ns):              0.120
  Arrival (ns):            4.116
  Required (ns):           3.996
  Operating Conditions: fast_hv_lt

Path 58
  From: DDR3_0_0/MSC_i_0/MSC_i_1/MSC_i_4/MSC_i_136/MSC_i_137/r_valid_sh_tmr2[3]:CLK
  To:   DDR3_0_0/MSC_i_0/MSC_i_1/MSC_i_4/MSC_i_136/MSC_i_137/r_valid_sh_tmr2[4]:D
  Delay (ns):              0.191
  Slack (ns):              0.120
  Arrival (ns):            4.077
  Required (ns):           3.957
  Operating Conditions: fast_hv_lt

Path 59
  From: DDR3_0_0/MSC_i_0/MSC_i_1/MSC_i_4/MSC_i_6/cmd_fifo_wr_data_reg1_tmr3[3]:CLK
  To:   DDR3_0_0/MSC_i_0/MSC_i_1/MSC_i_4/MSC_i_6/cmd_fifo_wr_data_reg2_tmr2[3]:D
  Delay (ns):              0.191
  Slack (ns):              0.120
  Arrival (ns):            4.082
  Required (ns):           3.962
  Operating Conditions: fast_hv_lt

Path 60
  From: SPI_Controller_0/SPI_Controller_0/USPI/UCC/SYNC2_stxp_strobetx_tmr3:CLK
  To:   SPI_Controller_0/SPI_Controller_0/USPI/UCC/SYNC3_stxp_strobetx:D
  Delay (ns):              0.192
  Slack (ns):              0.120
  Arrival (ns):            2.112
  Required (ns):           1.992
  Operating Conditions: fast_hv_lt

Path 61
  From: MiV_AXI_0/MiV_AXI_0/ChiselTop0/tile/dcache/s2_victim_tag[1]:CLK
  To:   MiV_AXI_0/MiV_AXI_0/ChiselTop0/tile/dcache/probe_bits_address[14]:D
  Delay (ns):              0.192
  Slack (ns):              0.120
  Arrival (ns):            2.081
  Required (ns):           1.961
  Operating Conditions: fast_hv_lt

Path 62
  From: MiV_AXI_0/MiV_AXI_0/ChiselTop0/debug_1/dmOuter/dmInner_TLAsyncCrossingSource/MIV_RV32IMA_L1_AXI_ASYNC_QUEUE_SOURCE/MIV_RV32IMA_L1_AXI_ASYNC_VALID_SYNC/source_valid/sync_3/reg_0/q_tmr2:CLK
  To:   MiV_AXI_0/MiV_AXI_0/ChiselTop0/debug_1/dmOuter/dmInner_TLAsyncCrossingSource/MIV_RV32IMA_L1_AXI_ASYNC_QUEUE_SOURCE/MIV_RV32IMA_L1_AXI_ASYNC_VALID_SYNC/source_valid/sync_2/reg_0/q_tmr2:D
  Delay (ns):              0.192
  Slack (ns):              0.120
  Arrival (ns):            4.410
  Required (ns):           4.290
  Operating Conditions: fast_hv_lt

Path 63
  From: DDR3_0_0/MSC_i_0/MSC_i_1/MSC_i_4/dfi_rddata_r_tmr2[90]:CLK
  To:   DDR3_0_0/MSC_i_0/MSC_i_1/MSC_i_4/l_rd_data_to_mp_r_tmr3[90]:D
  Delay (ns):              0.188
  Slack (ns):              0.120
  Arrival (ns):            4.082
  Required (ns):           3.962
  Operating Conditions: fast_hv_lt

Path 64
  From: DDR3_0_0/MSC_i_0/MSC_i_1/MSC_i_4/dfi_rddata_r_tmr2[115]:CLK
  To:   DDR3_0_0/MSC_i_0/MSC_i_1/MSC_i_4/l_rd_data_to_mp_r_tmr2[115]:D
  Delay (ns):              0.187
  Slack (ns):              0.120
  Arrival (ns):            4.064
  Required (ns):           3.944
  Operating Conditions: fast_hv_lt

Path 65
  From: DDR3_0_0/MSC_i_0/MSC_i_1/MSC_i_4/MSC_i_6/wr_data_packed_tmr2[50]:CLK
  To:   DDR3_0_0/MSC_i_0/MSC_i_1/MSC_i_4/MSC_i_6/wr_data_fifo_wr_data_tmr2[50]:D
  Delay (ns):              0.191
  Slack (ns):              0.120
  Arrival (ns):            4.072
  Required (ns):           3.952
  Operating Conditions: fast_hv_lt

Path 66
  From: DDR3_0_0/MSC_i_0/MSC_i_1/MSC_i_4/MSC_i_6/wr_data_packed_tmr2[109]:CLK
  To:   DDR3_0_0/MSC_i_0/MSC_i_1/MSC_i_4/MSC_i_6/wr_data_fifo_wr_data_tmr3[109]:D
  Delay (ns):              0.191
  Slack (ns):              0.120
  Arrival (ns):            4.043
  Required (ns):           3.923
  Operating Conditions: fast_hv_lt

Path 67
  From: DDR3_0_0/MSC_i_0/MSC_i_1/MSC_i_4/MSC_i_6/wr_data_packed_tmr2[107]:CLK
  To:   DDR3_0_0/MSC_i_0/MSC_i_1/MSC_i_4/MSC_i_6/wr_data_fifo_wr_data_tmr2[107]:D
  Delay (ns):              0.191
  Slack (ns):              0.120
  Arrival (ns):            4.052
  Required (ns):           3.932
  Operating Conditions: fast_hv_lt

Path 68
  From: DDR3_0_0/MSC_i_0/MSC_i_1/MSC_i_4/MSC_i_6/wr_data_delay_fifo_rd_data_reg_early_tmr3[62]:CLK
  To:   DDR3_0_0/MSC_i_0/MSC_i_1/MSC_i_4/MSC_i_6/wr_data_delay_fifo_rd_data_reg_tmr3[62]:D
  Delay (ns):              0.192
  Slack (ns):              0.120
  Arrival (ns):            4.058
  Required (ns):           3.938
  Operating Conditions: fast_hv_lt

Path 69
  From: DDR3_0_0/MSC_i_0/MSC_i_1/MSC_i_4/MSC_i_6/wr_data_delay_fifo_rd_data_reg_early_tmr2[51]:CLK
  To:   DDR3_0_0/MSC_i_0/MSC_i_1/MSC_i_4/MSC_i_6/wr_data_delay_fifo_rd_data_reg_tmr2[51]:D
  Delay (ns):              0.191
  Slack (ns):              0.120
  Arrival (ns):            4.082
  Required (ns):           3.962
  Operating Conditions: fast_hv_lt

Path 70
  From: DDR3_0_0/MSC_i_0/MSC_i_1/MSC_i_4/MSC_i_6/wr_data_delay_fifo_rd_data_reg_early[2]:CLK
  To:   DDR3_0_0/MSC_i_0/MSC_i_1/MSC_i_4/MSC_i_6/wr_data_delay_fifo_rd_data_reg_tmr2[2]:D
  Delay (ns):              0.192
  Slack (ns):              0.120
  Arrival (ns):            4.054
  Required (ns):           3.934
  Operating Conditions: fast_hv_lt

Path 71
  From: DDR3_0_0/MSC_i_0/MSC_i_1/MSC_i_4/MSC_i_6/cmd_fifo_wr_data_reg3_tmr2[82]:CLK
  To:   DDR3_0_0/MSC_i_0/MSC_i_1/MSC_i_4/MSC_i_6/cmd_fifo_wr_data_reg4_tmr2[82]:D
  Delay (ns):              0.191
  Slack (ns):              0.120
  Arrival (ns):            4.069
  Required (ns):           3.949
  Operating Conditions: fast_hv_lt

Path 72
  From: DDR3_0_0/MSC_i_0/MSC_i_1/MSC_i_4/MSC_i_6/cmd_fifo_wr_data_reg3_tmr2[39]:CLK
  To:   DDR3_0_0/MSC_i_0/MSC_i_1/MSC_i_4/MSC_i_6/cmd_fifo_wr_data_reg4_tmr2[39]:D
  Delay (ns):              0.191
  Slack (ns):              0.120
  Arrival (ns):            4.070
  Required (ns):           3.950
  Operating Conditions: fast_hv_lt

Path 73
  From: DDR3_0_0/MSC_i_0/MSC_i_1/MSC_i_4/MSC_i_6/cmd_fifo_wr_data_reg2_tmr3[79]:CLK
  To:   DDR3_0_0/MSC_i_0/MSC_i_1/MSC_i_4/MSC_i_6/cmd_fifo_wr_data_reg3_tmr3[79]:D
  Delay (ns):              0.191
  Slack (ns):              0.120
  Arrival (ns):            4.099
  Required (ns):           3.979
  Operating Conditions: fast_hv_lt

Path 74
  From: DDR3_0_0/MSC_i_0/MSC_i_1/MSC_i_4/MSC_i_6/cmd_fifo_wr_data_reg2_tmr3[5]:CLK
  To:   DDR3_0_0/MSC_i_0/MSC_i_1/MSC_i_4/MSC_i_6/cmd_fifo_wr_data_reg3_tmr3[5]:D
  Delay (ns):              0.191
  Slack (ns):              0.120
  Arrival (ns):            4.086
  Required (ns):           3.966
  Operating Conditions: fast_hv_lt

Path 75
  From: DDR3_0_0/MSC_i_0/MSC_i_1/MSC_i_4/MSC_i_6/cmd_fifo_wr_data_reg2_tmr3[14]:CLK
  To:   DDR3_0_0/MSC_i_0/MSC_i_1/MSC_i_4/MSC_i_6/cmd_fifo_wr_data_reg3_tmr2[14]:D
  Delay (ns):              0.192
  Slack (ns):              0.120
  Arrival (ns):            4.096
  Required (ns):           3.976
  Operating Conditions: fast_hv_lt

Path 76
  From: DDR3_0_0/MSC_i_0/MSC_i_1/MSC_i_4/MSC_i_6/cmd_fifo_wr_data_reg2_tmr2[62]:CLK
  To:   DDR3_0_0/MSC_i_0/MSC_i_1/MSC_i_4/MSC_i_6/cmd_fifo_wr_data_reg3_tmr3[62]:D
  Delay (ns):              0.191
  Slack (ns):              0.120
  Arrival (ns):            4.099
  Required (ns):           3.979
  Operating Conditions: fast_hv_lt

Path 77
  From: DDR3_0_0/MSC_i_0/MSC_i_1/MSC_i_4/MSC_i_6/cmd_fifo_wr_data_reg2_tmr2[50]:CLK
  To:   DDR3_0_0/MSC_i_0/MSC_i_1/MSC_i_4/MSC_i_6/cmd_fifo_wr_data_reg3_tmr3[50]:D
  Delay (ns):              0.191
  Slack (ns):              0.120
  Arrival (ns):            4.103
  Required (ns):           3.983
  Operating Conditions: fast_hv_lt

Path 78
  From: DDR3_0_0/MSC_i_0/MSC_i_1/MSC_i_4/MSC_i_6/cmd_fifo_wr_data_reg1_tmr3[87]:CLK
  To:   DDR3_0_0/MSC_i_0/MSC_i_1/MSC_i_4/MSC_i_6/cmd_fifo_wr_data_reg2_tmr3[87]:D
  Delay (ns):              0.191
  Slack (ns):              0.120
  Arrival (ns):            4.087
  Required (ns):           3.967
  Operating Conditions: fast_hv_lt

Path 79
  From: DDR3_0_0/MSC_i_0/MSC_i_1/MSC_i_4/MSC_i_6/cmd_fifo_wr_data_reg1_tmr3[75]:CLK
  To:   DDR3_0_0/MSC_i_0/MSC_i_1/MSC_i_4/MSC_i_6/cmd_fifo_wr_data_reg2_tmr3[75]:D
  Delay (ns):              0.191
  Slack (ns):              0.120
  Arrival (ns):            4.094
  Required (ns):           3.974
  Operating Conditions: fast_hv_lt

Path 80
  From: DDR3_0_0/MSC_i_0/MSC_i_1/MSC_i_4/MSC_i_6/cmd_fifo_wr_data_reg1_tmr3[18]:CLK
  To:   DDR3_0_0/MSC_i_0/MSC_i_1/MSC_i_4/MSC_i_6/cmd_fifo_wr_data_reg2_tmr3[18]:D
  Delay (ns):              0.191
  Slack (ns):              0.120
  Arrival (ns):            4.091
  Required (ns):           3.971
  Operating Conditions: fast_hv_lt

Path 81
  From: DDR3_0_0/MSC_i_0/MSC_i_1/MSC_i_4/MSC_i_6/cmd_fifo_wr_data_reg1_tmr3[12]:CLK
  To:   DDR3_0_0/MSC_i_0/MSC_i_1/MSC_i_4/MSC_i_6/cmd_fifo_wr_data_reg2_tmr2[12]:D
  Delay (ns):              0.191
  Slack (ns):              0.120
  Arrival (ns):            4.096
  Required (ns):           3.976
  Operating Conditions: fast_hv_lt

Path 82
  From: DDR3_0_0/MSC_i_0/MSC_i_1/MSC_i_4/MSC_i_6/cmd_fifo_wr_data_reg1_tmr2[6]:CLK
  To:   DDR3_0_0/MSC_i_0/MSC_i_1/MSC_i_4/MSC_i_6/cmd_fifo_wr_data_reg2_tmr2[6]:D
  Delay (ns):              0.192
  Slack (ns):              0.120
  Arrival (ns):            4.083
  Required (ns):           3.963
  Operating Conditions: fast_hv_lt

Path 83
  From: DDR3_0_0/MSC_i_0/MSC_i_1/MSC_i_4/MSC_i_6/cmd_fifo_wr_data_reg1_tmr2[54]:CLK
  To:   DDR3_0_0/MSC_i_0/MSC_i_1/MSC_i_4/MSC_i_6/cmd_fifo_wr_data_reg2_tmr2[54]:D
  Delay (ns):              0.191
  Slack (ns):              0.120
  Arrival (ns):            4.083
  Required (ns):           3.963
  Operating Conditions: fast_hv_lt

Path 84
  From: DDR3_0_0/MSC_i_0/MSC_i_1/MSC_i_4/MSC_i_6/MSC_i_79/MSC_i_80/MSC_i_82/MSC_i_84/MSC_i_89/s0_tmr2:CLK
  To:   DDR3_0_0/MSC_i_0/MSC_i_1/MSC_i_4/MSC_i_6/MSC_i_79/MSC_i_80/MSC_i_82/MSC_i_84/MSC_i_89/s1_tmr2:D
  Delay (ns):              0.191
  Slack (ns):              0.120
  Arrival (ns):            4.079
  Required (ns):           3.959
  Operating Conditions: fast_hv_lt

Path 85
  From: DDR3_0_0/MSC_i_0/MSC_i_1/MSC_i_4/MSC_i_6/MSC_i_7/MSC_i_8/MSC_i_10/MSC_i_12/MSC_i_14/s0_tmr2:CLK
  To:   DDR3_0_0/MSC_i_0/MSC_i_1/MSC_i_4/MSC_i_6/MSC_i_7/MSC_i_8/MSC_i_10/MSC_i_12/MSC_i_14/s1_tmr2:D
  Delay (ns):              0.191
  Slack (ns):              0.120
  Arrival (ns):            4.066
  Required (ns):           3.946
  Operating Conditions: fast_hv_lt

Path 86
  From: DDR3_0_0/DDRPHY_BLK_0/IOD_TRAINING_0/COREDDR_TIP_INT_U/LANE_ALIGNMENT/dfi_rddata_tmr3[23]:CLK
  To:   DDR3_0_0/MSC_i_0/MSC_i_1/dfi_rddata_w0_i_tmr2[23]:D
  Delay (ns):              0.193
  Slack (ns):              0.121
  Arrival (ns):            4.087
  Required (ns):           3.966
  Operating Conditions: fast_hv_lt

Path 87
  From: DDR3_0_0/DDRPHY_BLK_0/IOD_TRAINING_0/COREDDR_TIP_INT_U/LANE_ALIGNMENT/dfi_rddata_tmr3[116]:CLK
  To:   DDR3_0_0/MSC_i_0/MSC_i_1/dfi_rddata_w3_i_tmr3[20]:D
  Delay (ns):              0.192
  Slack (ns):              0.121
  Arrival (ns):            4.056
  Required (ns):           3.935
  Operating Conditions: fast_hv_lt

Path 88
  From: DDR3_0_0/DDRPHY_BLK_0/IOD_TRAINING_0/COREDDR_TIP_INT_U/LANE_ALIGNMENT/dfi_rddata_tmr3[101]:CLK
  To:   DDR3_0_0/MSC_i_0/MSC_i_1/dfi_rddata_w3_i_tmr3[5]:D
  Delay (ns):              0.192
  Slack (ns):              0.121
  Arrival (ns):            4.062
  Required (ns):           3.941
  Operating Conditions: fast_hv_lt

Path 89
  From: DDR3_0_0/DDRPHY_BLK_0/IOD_TRAINING_0/COREDDR_TIP_INT_U/LANE_ALIGNMENT/dfi_rddata_tmr2[125]:CLK
  To:   DDR3_0_0/MSC_i_0/MSC_i_1/dfi_rddata_w3_i_tmr2[29]:D
  Delay (ns):              0.188
  Slack (ns):              0.121
  Arrival (ns):            4.066
  Required (ns):           3.945
  Operating Conditions: fast_hv_lt

Path 90
  From: AXI4_Interconnect_0/AXI4_Interconnect_0/SlvConvertor_loop[1].slvcnv/slvCDC/genblk1.cdc_RChan/wrPtr_s1_tmr2[2]:CLK
  To:   AXI4_Interconnect_0/AXI4_Interconnect_0/SlvConvertor_loop[1].slvcnv/slvCDC/genblk1.cdc_RChan/wrPtr_s2_tmr2[2]:D
  Delay (ns):              0.193
  Slack (ns):              0.121
  Arrival (ns):            2.089
  Required (ns):           1.968
  Operating Conditions: fast_hv_lt

Path 91
  From: AXI4_Interconnect_0/AXI4_Interconnect_0/SlvConvertor_loop[1].slvcnv/slvCDC/genblk1.cdc_BChan/rdPtr_s1_tmr2[0]:CLK
  To:   AXI4_Interconnect_0/AXI4_Interconnect_0/SlvConvertor_loop[1].slvcnv/slvCDC/genblk1.cdc_BChan/rdPtr_s2_tmr2[0]:D
  Delay (ns):              0.193
  Slack (ns):              0.121
  Arrival (ns):            4.065
  Required (ns):           3.944
  Operating Conditions: fast_hv_lt

Path 92
  From: DDR3_0_0/DDRPHY_BLK_0/IOD_TRAINING_0/COREDDR_TIP_INT_U/LANE_ALIGNMENT/dfi_rddata_tmr3[97]:CLK
  To:   DDR3_0_0/MSC_i_0/MSC_i_1/dfi_rddata_w3_i[1]:D
  Delay (ns):              0.188
  Slack (ns):              0.121
  Arrival (ns):            4.075
  Required (ns):           3.954
  Operating Conditions: fast_hv_lt

Path 93
  From: AXI4_Interconnect_0/AXI4_Interconnect_0/MstConvertor_loop[1].mstrconv/rgsl/genblk3.rrs/sDat_tmr2[27]:CLK
  To:   MiV_AXI_0/MiV_AXI_0/ChiselTop0/MIV_RV32IMA_L1_AXI_AXI4BUFFER/MIV_RV32IMA_L1_AXI_QUEUE_4/ram_data.MIV_RV32IMA_L1_AXI_AXI4BUFFER.MIV_RV32IMA_L1_AXI_QUEUE_4.ram_data_ram0_[23]:D
  Delay (ns):              0.192
  Slack (ns):              0.121
  Arrival (ns):            2.104
  Required (ns):           1.983
  Operating Conditions: fast_hv_lt

Path 94
  From: DDR3_0_0/DDRPHY_BLK_0/IOD_TRAINING_0/COREDDR_TIP_INT_U/TIP_CTRL_BLK/LEVELLING/IOG_IF/load_int_tmr2[17]:CLK
  To:   DDR3_0_0/DDRPHY_BLK_0/IOD_TRAINING_0/COREDDR_TIP_INT_U/LOAD_tmr2[17]:D
  Delay (ns):              0.193
  Slack (ns):              0.121
  Arrival (ns):            4.056
  Required (ns):           3.935
  Operating Conditions: fast_hv_lt

Path 95
  From: DDR3_0_0/DDRPHY_BLK_0/IOD_TRAINING_0/COREDDR_TIP_INT_U/TIP_CTRL_BLK/LEVELLING/IOG_IF/move_int_tmr2[15]:CLK
  To:   DDR3_0_0/DDRPHY_BLK_0/IOD_TRAINING_0/COREDDR_TIP_INT_U/MOVE_tmr2[15]:D
  Delay (ns):              0.193
  Slack (ns):              0.121
  Arrival (ns):            4.060
  Required (ns):           3.939
  Operating Conditions: fast_hv_lt

Path 96
  From: DDR3_0_0/DDRPHY_BLK_0/IOD_TRAINING_0/COREDDR_TIP_INT_U/TIP_CTRL_BLK/LEVELLING/delay_ctrl_instances[1].U_DELAY_CTRL/out_reg_tmr2[7]:CLK
  To:   DDR3_0_0/DDRPHY_BLK_0/IOD_TRAINING_0/COREDDR_TIP_INT_U/DQSW_SELA_tmr2[15]:D
  Delay (ns):              0.193
  Slack (ns):              0.121
  Arrival (ns):            4.062
  Required (ns):           3.941
  Operating Conditions: fast_hv_lt

Path 97
  From: DDR3_0_0/DDRPHY_BLK_0/IOD_TRAINING_0/COREDDR_TIP_INT_U/TIP_CTRL_BLK/PHY_SIG_MOD/iog_dm_txdata_in_reg_tmr2[14]:CLK
  To:   DDR3_0_0/DDRPHY_BLK_0/IOD_TRAINING_0/COREDDR_TIP_INT_U/TIP_CTRL_BLK/PHY_SIG_MOD/iog_dm_txdata_in_reg_2_tmr2[14]:D
  Delay (ns):              0.189
  Slack (ns):              0.121
  Arrival (ns):            4.076
  Required (ns):           3.955
  Operating Conditions: fast_hv_lt

Path 98
  From: DDR3_0_0/DDRPHY_BLK_0/IOD_TRAINING_0/COREDDR_TIP_INT_U/TIP_CTRL_BLK/PHY_SIG_MOD/iog_dm_txdata_in_reg_tmr2[7]:CLK
  To:   DDR3_0_0/DDRPHY_BLK_0/IOD_TRAINING_0/COREDDR_TIP_INT_U/TIP_CTRL_BLK/PHY_SIG_MOD/iog_dm_txdata_in_reg_2_tmr3[7]:D
  Delay (ns):              0.193
  Slack (ns):              0.121
  Arrival (ns):            4.079
  Required (ns):           3.958
  Operating Conditions: fast_hv_lt

Path 99
  From: DDR3_0_0/DDRPHY_BLK_0/IOD_TRAINING_0/COREDDR_TIP_INT_U/TIP_CTRL_BLK/PHY_SIG_MOD/iog_dm_txdata_in_reg_tmr3[12]:CLK
  To:   DDR3_0_0/DDRPHY_BLK_0/IOD_TRAINING_0/COREDDR_TIP_INT_U/TIP_CTRL_BLK/PHY_SIG_MOD/iog_dm_txdata_in_reg_2_tmr3[12]:D
  Delay (ns):              0.192
  Slack (ns):              0.121
  Arrival (ns):            4.095
  Required (ns):           3.974
  Operating Conditions: fast_hv_lt

Path 100
  From: DDR3_0_0/DDRPHY_BLK_0/IOD_TRAINING_0/COREDDR_TIP_INT_U/TIP_CTRL_BLK/PHY_SIG_MOD/iog_dm_txdata_in_reg_tmr3[4]:CLK
  To:   DDR3_0_0/DDRPHY_BLK_0/IOD_TRAINING_0/COREDDR_TIP_INT_U/TIP_CTRL_BLK/PHY_SIG_MOD/iog_dm_txdata_in_reg_2_tmr2[4]:D
  Delay (ns):              0.188
  Slack (ns):              0.121
  Arrival (ns):            4.091
  Required (ns):           3.970
  Operating Conditions: fast_hv_lt

