Timing Violation Report Min Delay Analysis

SmartTime Version 
Microsemi Corporation - Microsemi Libero Software Release  (Version 12.700.0.21)
Date: Mon Sep 23 19:17:16 2019


Design: top
Family: PolarFire
Die: MPF300TS
Package: FCG1152
Temperature Range: -40 - 100 C
Voltage Range: 1.0185 - 1.0815 V
Speed Grade: -1
Design State: Post-Layout
Data source: Production
Operating Conditions: fast_hv_lt
Scenario for Timing Analysis: timing_analysis


Path 1
  From: DDR3_0_0/MSC_i_0/MSC_i_1/MSC_i_4/MSC_i_8/cmd_fifo_wr_data_reg2[79]:CLK
  To:   DDR3_0_0/MSC_i_0/MSC_i_1/MSC_i_4/MSC_i_8/cmd_fifo_wr_data_reg3[79]:D
  Delay (ns):              0.178
  Slack (ns):              0.039
  Arrival (ns):            3.789
  Required (ns):           3.750

Path 2
  From: DDR3_0_0/DDRPHY_BLK_0/IOD_TRAINING_0/COREDDR_TIP_INT_U/TIP_CTRL_BLK/LEVELLING/RDLVL/RDLVL_SMS/genblk1[0].RDLVL_TRAIN/gate_training/steps_180_answer[1]:CLK
  To:   DDR3_0_0/DDRPHY_BLK_0/IOD_TRAINING_0/COREDDR_TIP_INT_U/TIP_CTRL_BLK/LEVELLING/RDLVL/RDLVL_SMS/genblk1[0].RDLVL_TRAIN/gate_training/steps_180_r0[1]:D
  Delay (ns):              0.187
  Slack (ns):              0.046
  Arrival (ns):            3.809
  Required (ns):           3.763

Path 3
  From: DDR3_0_0/DDRPHY_BLK_0/IOD_TRAINING_0/COREDDR_TIP_INT_U/TIP_CTRL_BLK/LEVELLING/RDLVL/RDLVL_SMS/genblk1[0].RDLVL_TRAIN/gate_training/steps_180_answer[1]:CLK
  To:   DDR3_0_0/DDRPHY_BLK_0/IOD_TRAINING_0/COREDDR_TIP_INT_U/TIP_CTRL_BLK/LEVELLING/RDLVL/RDLVL_SMS/genblk1[0].RDLVL_TRAIN/gate_training/steps_180_r1[1]:D
  Delay (ns):              0.187
  Slack (ns):              0.046
  Arrival (ns):            3.809
  Required (ns):           3.763

Path 4
  From: DDR3_0_0/DDRPHY_BLK_0/IOD_TRAINING_0/COREDDR_TIP_INT_U/TIP_CTRL_BLK/LEVELLING/RDLVL/RDLVL_SMS/genblk1[0].RDLVL_TRAIN/gate_training/clk_sel_answer[1]:CLK
  To:   DDR3_0_0/DDRPHY_BLK_0/IOD_TRAINING_0/COREDDR_TIP_INT_U/TIP_CTRL_BLK/LEVELLING/RDLVL/RDLVL_SMS/genblk1[0].RDLVL_TRAIN/gate_training/clk_sel_r0[1]:D
  Delay (ns):              0.190
  Slack (ns):              0.048
  Arrival (ns):            3.811
  Required (ns):           3.763

Path 5
  From: DDR3_0_0/DDRPHY_BLK_0/IOD_TRAINING_0/COREDDR_TIP_INT_U/TIP_CTRL_BLK/LEVELLING/RDLVL/RDLVL_SMS/genblk1[0].RDLVL_TRAIN/gate_training/clk_sel_answer[1]:CLK
  To:   DDR3_0_0/DDRPHY_BLK_0/IOD_TRAINING_0/COREDDR_TIP_INT_U/TIP_CTRL_BLK/LEVELLING/RDLVL/RDLVL_SMS/genblk1[0].RDLVL_TRAIN/gate_training/clk_sel_r1[1]:D
  Delay (ns):              0.190
  Slack (ns):              0.048
  Arrival (ns):            3.811
  Required (ns):           3.763

Path 6
  From: DDR3_0_0/DDRPHY_BLK_0/IOD_TRAINING_0/COREDDR_TIP_INT_U/TIP_CTRL_BLK/LEVELLING/RDLVL/RDLVL_SMS/genblk1[0].RDLVL_TRAIN/gate_training/steps_180_answer[0]:CLK
  To:   DDR3_0_0/DDRPHY_BLK_0/IOD_TRAINING_0/COREDDR_TIP_INT_U/TIP_CTRL_BLK/LEVELLING/RDLVL/RDLVL_SMS/genblk1[0].RDLVL_TRAIN/gate_training/steps_180_r0[0]:D
  Delay (ns):              0.190
  Slack (ns):              0.048
  Arrival (ns):            3.811
  Required (ns):           3.763

Path 7
  From: DDR3_0_0/DDRPHY_BLK_0/IOD_TRAINING_0/COREDDR_TIP_INT_U/TIP_CTRL_BLK/LEVELLING/RDLVL/RDLVL_SMS/genblk1[0].RDLVL_TRAIN/gate_training/steps_180_answer[3]:CLK
  To:   DDR3_0_0/DDRPHY_BLK_0/IOD_TRAINING_0/COREDDR_TIP_INT_U/TIP_CTRL_BLK/LEVELLING/RDLVL/RDLVL_SMS/genblk1[0].RDLVL_TRAIN/gate_training/steps_180_r0[3]:D
  Delay (ns):              0.190
  Slack (ns):              0.048
  Arrival (ns):            3.811
  Required (ns):           3.763

Path 8
  From: DDR3_0_0/DDRPHY_BLK_0/IOD_TRAINING_0/COREDDR_TIP_INT_U/TIP_CTRL_BLK/LEVELLING/RDLVL/RDLVL_SMS/genblk1[0].RDLVL_TRAIN/gate_training/steps_180_answer[3]:CLK
  To:   DDR3_0_0/DDRPHY_BLK_0/IOD_TRAINING_0/COREDDR_TIP_INT_U/TIP_CTRL_BLK/LEVELLING/RDLVL/RDLVL_SMS/genblk1[0].RDLVL_TRAIN/gate_training/steps_180_r1[3]:D
  Delay (ns):              0.190
  Slack (ns):              0.048
  Arrival (ns):            3.811
  Required (ns):           3.763

Path 9
  From: DDR3_0_0/MSC_i_0/MSC_i_1/MSC_i_4/MSC_i_190/MSC_i_191/w_valid_attr_sh_gen[0].w_valid_attr_sh[0][5]:CLK
  To:   DDR3_0_0/MSC_i_0/MSC_i_1/MSC_i_4/MSC_i_190/MSC_i_191/w_valid_attr_sh_gen[0].w_valid_attr_sh[0][6]:D
  Delay (ns):              0.188
  Slack (ns):              0.048
  Arrival (ns):            3.800
  Required (ns):           3.752

Path 10
  From: DDR3_0_0/MSC_i_0/MSC_i_1/MSC_i_4/MSC_i_8/cmd_fifo_wr_data_reg3[82]:CLK
  To:   DDR3_0_0/MSC_i_0/MSC_i_1/MSC_i_4/MSC_i_8/cmd_fifo_wr_data_reg4[82]:D
  Delay (ns):              0.187
  Slack (ns):              0.048
  Arrival (ns):            3.798
  Required (ns):           3.750

Path 11
  From: DDR3_0_0/DDRPHY_BLK_0/IOD_TRAINING_0/COREDDR_TIP_INT_U/TIP_CTRL_BLK/LEVELLING/RDLVL/RDLVL_SMS/genblk1[0].RDLVL_TRAIN/gate_training/steps_180_answer[0]:CLK
  To:   DDR3_0_0/DDRPHY_BLK_0/IOD_TRAINING_0/COREDDR_TIP_INT_U/TIP_CTRL_BLK/LEVELLING/RDLVL/RDLVL_SMS/genblk1[0].RDLVL_TRAIN/gate_training/steps_180_r1[0]:D
  Delay (ns):              0.191
  Slack (ns):              0.049
  Arrival (ns):            3.812
  Required (ns):           3.763

Path 12
  From: DDR3_0_0/DDRPHY_BLK_0/IOD_TRAINING_0/COREDDR_TIP_INT_U/TIP_CTRL_BLK/LEVELLING/RDLVL/RDLVL_SMS/genblk1[0].RDLVL_TRAIN/gate_training/steps_180_answer[2]:CLK
  To:   DDR3_0_0/DDRPHY_BLK_0/IOD_TRAINING_0/COREDDR_TIP_INT_U/TIP_CTRL_BLK/LEVELLING/RDLVL/RDLVL_SMS/genblk1[0].RDLVL_TRAIN/gate_training/steps_180_r0[2]:D
  Delay (ns):              0.191
  Slack (ns):              0.050
  Arrival (ns):            3.813
  Required (ns):           3.763

Path 13
  From: DDR3_0_0/DDRPHY_BLK_0/IOD_TRAINING_0/COREDDR_TIP_INT_U/TIP_CTRL_BLK/LEVELLING/RDLVL/RDLVL_SMS/genblk1[0].RDLVL_TRAIN/gate_training/steps_180_answer[2]:CLK
  To:   DDR3_0_0/DDRPHY_BLK_0/IOD_TRAINING_0/COREDDR_TIP_INT_U/TIP_CTRL_BLK/LEVELLING/RDLVL/RDLVL_SMS/genblk1[0].RDLVL_TRAIN/gate_training/steps_180_r1[2]:D
  Delay (ns):              0.191
  Slack (ns):              0.050
  Arrival (ns):            3.813
  Required (ns):           3.763

Path 14
  From: MiV_AXI_0/MiV_AXI_0/ChiselTop0/tile/frontend/s2_pc_Z[14]:CLK
  To:   MiV_AXI_0/MiV_AXI_0/ChiselTop0/tile/frontend/fq/elts_4_pc[14]:D
  Delay (ns):              0.204
  Slack (ns):              0.059
  Arrival (ns):            1.963
  Required (ns):           1.904

Path 15
  From: DDR3_0_0/MSC_i_0/MSC_i_1/MSC_i_4/MSC_i_190/MSC_i_191/w_valid_attr_sh_gen[1].w_valid_attr_sh[1][12]:CLK
  To:   DDR3_0_0/MSC_i_0/MSC_i_1/MSC_i_4/MSC_i_190/MSC_i_191/w_valid_attr_sh_gen[1].w_valid_attr_sh[1][13]:D
  Delay (ns):              0.130
  Slack (ns):              0.063
  Arrival (ns):            3.758
  Required (ns):           3.695

Path 16
  From: DDR3_0_0/MSC_i_0/MSC_i_1/MSC_i_4/MSC_i_190/MSC_i_191/MSC_i_203/lat_n0.resettable.data_shifter_2_[111]:CLK
  To:   DDR3_0_0/MSC_i_0/MSC_i_1/MSC_i_4/MSC_i_222/dfi_address_r1[1]:D
  Delay (ns):              0.131
  Slack (ns):              0.064
  Arrival (ns):            3.759
  Required (ns):           3.695

Path 17
  From: DDR3_0_0/MSC_i_0/MSC_i_1/MSC_i_4/MSC_i_190/MSC_i_191/MSC_i_206/data_shifter_gen[21].data_shifter[21][0]:CLK
  To:   DDR3_0_0/MSC_i_0/MSC_i_1/MSC_i_4/MSC_i_190/MSC_i_191/MSC_i_206/data_shifter_gen[20].data_shifter[20][0]:D
  Delay (ns):              0.131
  Slack (ns):              0.064
  Arrival (ns):            3.747
  Required (ns):           3.683

Path 18
  From: DDR3_0_0/MSC_i_0/MSC_i_1/MSC_i_4/MSC_i_8/cmd_fifo_wr_data_reg2[44]:CLK
  To:   DDR3_0_0/MSC_i_0/MSC_i_1/MSC_i_4/MSC_i_8/cmd_fifo_wr_data_reg3[44]:D
  Delay (ns):              0.131
  Slack (ns):              0.064
  Arrival (ns):            3.736
  Required (ns):           3.672

Path 19
  From: DDR3_0_0/MSC_i_0/MSC_i_1/MSC_i_4/MSC_i_8/cmd_fifo_wr_data_reg2[88]:CLK
  To:   DDR3_0_0/MSC_i_0/MSC_i_1/MSC_i_4/MSC_i_8/cmd_fifo_wr_data_reg3[88]:D
  Delay (ns):              0.131
  Slack (ns):              0.064
  Arrival (ns):            3.731
  Required (ns):           3.667

Path 20
  From: DDR3_0_0/MSC_i_0/MSC_i_1/MSC_i_4/MSC_i_8/wr_data_packed[6]:CLK
  To:   DDR3_0_0/MSC_i_0/MSC_i_1/MSC_i_4/MSC_i_8/wr_data_fifo_wr_data[6]:D
  Delay (ns):              0.131
  Slack (ns):              0.064
  Arrival (ns):            3.733
  Required (ns):           3.669

Path 21
  From: MiV_AXI_0/MiV_AXI_0/ChiselTop0/debug_1/dmInner/dmiXing/MIV_RV32IMA_L1_AXI_ASYNC_QUEUE_SOURCE/ridx_gray/sync_2/reg_0/q:CLK
  To:   MiV_AXI_0/MiV_AXI_0/ChiselTop0/debug_1/dmInner/dmiXing/MIV_RV32IMA_L1_AXI_ASYNC_QUEUE_SOURCE/ridx_gray/sync_1/reg_0/q:D
  Delay (ns):              0.130
  Slack (ns):              0.064
  Arrival (ns):            1.883
  Required (ns):           1.819

Path 22
  From: MiV_AXI_0/MiV_AXI_0/ChiselTop0/debug_1/dmOuter/dmInner_TLAsyncCrossingSource/MIV_RV32IMA_L1_AXI_ASYNC_QUEUE_SOURCE/ridx_gray/sync_2/reg_0/q:CLK
  To:   MiV_AXI_0/MiV_AXI_0/ChiselTop0/debug_1/dmOuter/dmInner_TLAsyncCrossingSource/MIV_RV32IMA_L1_AXI_ASYNC_QUEUE_SOURCE/ridx_gray/sync_1/reg_0/q:D
  Delay (ns):              0.132
  Slack (ns):              0.064
  Arrival (ns):            3.692
  Required (ns):           3.628

Path 23
  From: DDR3_0_0/MSC_i_0/MSC_i_1/MSC_i_4/MSC_i_190/MSC_i_191/MSC_i_203/lat_n0.resettable.data_shifter_1_[120]:CLK
  To:   DDR3_0_0/MSC_i_0/MSC_i_1/MSC_i_4/MSC_i_190/MSC_i_191/MSC_i_203/lat_n0.resettable.data_shifter_2_[120]:D
  Delay (ns):              0.132
  Slack (ns):              0.065
  Arrival (ns):            3.760
  Required (ns):           3.695

Path 24
  From: DDR3_0_0/MSC_i_0/MSC_i_1/MSC_i_4/MSC_i_190/MSC_i_191/MSC_i_206/data_shifter_gen[19].data_shifter[19][0]:CLK
  To:   DDR3_0_0/MSC_i_0/MSC_i_1/MSC_i_4/MSC_i_190/MSC_i_191/MSC_i_206/data_shifter_gen[18].data_shifter[18][0]:D
  Delay (ns):              0.132
  Slack (ns):              0.065
  Arrival (ns):            3.748
  Required (ns):           3.683

Path 25
  From: DDR3_0_0/MSC_i_0/MSC_i_1/MSC_i_4/MSC_i_224/data_shifter_gen[1].data_shifter[1][140]:CLK
  To:   DDR3_0_0/DDRPHY_BLK_0/IOD_TRAINING_0/COREDDR_TIP_INT_U/TIP_CTRL_BLK/PHY_SIG_MOD/iog_dm_txdata_in_reg[4]:D
  Delay (ns):              0.132
  Slack (ns):              0.065
  Arrival (ns):            3.755
  Required (ns):           3.690

Path 26
  From: DDR3_0_0/DDRPHY_BLK_0/IOD_TRAINING_0/COREDDR_TIP_INT_U/TIP_CTRL_BLK/LEVELLING/RDLVL/RDLVL_SMS/genblk1[1].RDLVL_TRAIN/gate_training/clk_sel_out[1]:CLK
  To:   DDR3_0_0/DDRPHY_BLK_0/IOD_TRAINING_0/COREDDR_TIP_INT_U/CLK_SEL[4]:D
  Delay (ns):              0.132
  Slack (ns):              0.066
  Arrival (ns):            3.743
  Required (ns):           3.677

Path 27
  From: DDR3_0_0/MSC_i_0/MSC_i_1/MSC_i_4/MSC_i_190/MSC_i_191/r_valid_sh[1]:CLK
  To:   DDR3_0_0/MSC_i_0/MSC_i_1/MSC_i_4/MSC_i_190/MSC_i_191/r_valid_sh[2]:D
  Delay (ns):              0.133
  Slack (ns):              0.066
  Arrival (ns):            3.746
  Required (ns):           3.680

Path 28
  From: DDR3_0_0/MSC_i_0/MSC_i_1/MSC_i_4/MSC_i_213/MSC_i_216/data_r1[23]:CLK
  To:   DDR3_0_0/MSC_i_0/MSC_i_1/MSC_i_4/MSC_i_213/MSC_i_216/data_r2[23]:D
  Delay (ns):              0.133
  Slack (ns):              0.066
  Arrival (ns):            3.736
  Required (ns):           3.670

Path 29
  From: MiV_AXI_0/MiV_AXI_0/ChiselTop0/dtm/idcodeChain/regs_26:CLK
  To:   MiV_AXI_0/MiV_AXI_0/ChiselTop0/dtm/idcodeChain/regs_25:D
  Delay (ns):              0.133
  Slack (ns):              0.066
  Arrival (ns):            3.712
  Required (ns):           3.646

Path 30
  From: DDR3_0_0/DDRPHY_BLK_0/IOD_TRAINING_0/COREDDR_TIP_INT_U/TIP_CTRL_BLK/LEVELLING/IOG_IF/move_int[3]:CLK
  To:   DDR3_0_0/DDRPHY_BLK_0/IOD_TRAINING_0/COREDDR_TIP_INT_U/MOVE[3]:D
  Delay (ns):              0.134
  Slack (ns):              0.067
  Arrival (ns):            3.749
  Required (ns):           3.682

Path 31
  From: DDR3_0_0/DDRPHY_BLK_0/IOD_TRAINING_0/COREDDR_TIP_INT_U/TIP_CTRL_BLK/LEVELLING/RDLVL/RDLVL_SMS/genblk1[1].RDLVL_TRAIN/gate_training/clk_sel_out[0]:CLK
  To:   DDR3_0_0/DDRPHY_BLK_0/IOD_TRAINING_0/COREDDR_TIP_INT_U/CLK_SEL[3]:D
  Delay (ns):              0.134
  Slack (ns):              0.067
  Arrival (ns):            3.744
  Required (ns):           3.677

Path 32
  From: DDR3_0_0/MSC_i_0/MSC_i_1/MSC_i_4/MSC_i_190/MSC_i_191/MSC_i_206/data_shifter_gen[29].data_shifter[29][0]:CLK
  To:   DDR3_0_0/MSC_i_0/MSC_i_1/MSC_i_4/MSC_i_190/MSC_i_191/MSC_i_206/data_shifter_gen[28].data_shifter[28][0]:D
  Delay (ns):              0.135
  Slack (ns):              0.067
  Arrival (ns):            3.752
  Required (ns):           3.685

Path 33
  From: DDR3_0_0/MSC_i_0/MSC_i_1/MSC_i_4/MSC_i_190/MSC_i_191/MSC_i_206/data_shifter_gen[40].data_shifter[40][0]:CLK
  To:   DDR3_0_0/MSC_i_0/MSC_i_1/MSC_i_4/MSC_i_190/MSC_i_191/MSC_i_206/data_shifter_gen[39].data_shifter[39][0]:D
  Delay (ns):              0.135
  Slack (ns):              0.067
  Arrival (ns):            3.753
  Required (ns):           3.686

Path 34
  From: DDR3_0_0/MSC_i_0/MSC_i_1/MSC_i_4/MSC_i_190/MSC_i_191/w_valid_attr_sh_gen[1].w_valid_attr_sh[1][15]:CLK
  To:   DDR3_0_0/MSC_i_0/MSC_i_1/MSC_i_4/MSC_i_190/MSC_i_191/w_valid_attr_sh_gen[1].w_valid_attr_sh[1][16]:D
  Delay (ns):              0.134
  Slack (ns):              0.067
  Arrival (ns):            3.762
  Required (ns):           3.695

Path 35
  From: DDR3_0_0/MSC_i_0/MSC_i_1/MSC_i_4/MSC_i_190/MSC_i_191/w_valid_attr_sh_gen[1].w_valid_attr_sh[1][19]:CLK
  To:   DDR3_0_0/MSC_i_0/MSC_i_1/MSC_i_4/MSC_i_190/MSC_i_191/w_valid_attr_sh_gen[1].w_valid_attr_sh[1][20]:D
  Delay (ns):              0.134
  Slack (ns):              0.067
  Arrival (ns):            3.762
  Required (ns):           3.695

Path 36
  From: MiV_AXI_0/MiV_AXI_0/ChiselTop0/dmiResetCatch/MIV_RV32IMA_L1_AXI_ASYNC_RESET_SYNCHRONIZER_SHIFT_REG_W1_D3_I0/sync_2/reg_0/q:CLK
  To:   MiV_AXI_0/MiV_AXI_0/ChiselTop0/dmiResetCatch/MIV_RV32IMA_L1_AXI_ASYNC_RESET_SYNCHRONIZER_SHIFT_REG_W1_D3_I0/sync_1/reg_0/q:D
  Delay (ns):              0.134
  Slack (ns):              0.067
  Arrival (ns):            3.711
  Required (ns):           3.644

Path 37
  From: DDR3_0_0/DDRPHY_BLK_0/IOD_TRAINING_0/COREDDR_TIP_INT_U/TIP_CTRL_BLK/LEVELLING/IOG_IF/load_int[0]:CLK
  To:   DDR3_0_0/DDRPHY_BLK_0/IOD_TRAINING_0/COREDDR_TIP_INT_U/LOAD[0]:D
  Delay (ns):              0.135
  Slack (ns):              0.068
  Arrival (ns):            3.739
  Required (ns):           3.671

Path 38
  From: DDR3_0_0/MSC_i_0/MSC_i_1/MSC_i_4/MSC_i_190/MSC_i_191/MSC_i_206/data_shifter_gen[30].data_shifter[30][0]:CLK
  To:   DDR3_0_0/MSC_i_0/MSC_i_1/MSC_i_4/MSC_i_190/MSC_i_191/MSC_i_206/data_shifter_gen[29].data_shifter[29][0]:D
  Delay (ns):              0.135
  Slack (ns):              0.068
  Arrival (ns):            3.752
  Required (ns):           3.684

Path 39
  From: DDR3_0_0/MSC_i_0/MSC_i_1/MSC_i_4/MSC_i_190/MSC_i_191/MSC_i_206/data_shifter_gen[39].data_shifter[39][0]:CLK
  To:   DDR3_0_0/MSC_i_0/MSC_i_1/MSC_i_4/MSC_i_190/MSC_i_191/MSC_i_206/data_shifter_gen[38].data_shifter[38][0]:D
  Delay (ns):              0.136
  Slack (ns):              0.068
  Arrival (ns):            3.754
  Required (ns):           3.686

Path 40
  From: DDR3_0_0/MSC_i_0/MSC_i_1/MSC_i_4/MSC_i_222/dfi_odt_p0_r1[0]:CLK
  To:   DDR3_0_0/MSC_i_0/MSC_i_1/MSC_i_4/MSC_i_222/dfi_odt_p1_r2[0]:D
  Delay (ns):              0.135
  Slack (ns):              0.068
  Arrival (ns):            3.751
  Required (ns):           3.683

Path 41
  From: DDR3_0_0/MSC_i_0/MSC_i_1/MSC_i_4/MSC_i_8/MSC_i_72/MSC_i_73/MSC_i_89/MSC_i_91/MSC_i_97/s0:CLK
  To:   DDR3_0_0/MSC_i_0/MSC_i_1/MSC_i_4/MSC_i_8/MSC_i_72/MSC_i_73/MSC_i_89/MSC_i_91/MSC_i_97/s1:D
  Delay (ns):              0.136
  Slack (ns):              0.068
  Arrival (ns):            3.725
  Required (ns):           3.657

Path 42
  From: MiV_AXI_0/MiV_AXI_0/ChiselTop0/dtm/dmiReqReg_data[3]:CLK
  To:   MiV_AXI_0/MiV_AXI_0/ChiselTop0/debug_1/dmOuter/dmInner_TLAsyncCrossingSource/MIV_RV32IMA_L1_AXI_ASYNC_QUEUE_SOURCE/mem_0_data[3]:D
  Delay (ns):              0.134
  Slack (ns):              0.068
  Arrival (ns):            3.696
  Required (ns):           3.628

Path 43
  From: DDR3_0_0/MSC_i_0/MSC_i_1/MSC_i_4/MSC_i_190/MSC_i_191/w_valid_attr_sh_gen[1].w_valid_attr_sh[1][16]:CLK
  To:   DDR3_0_0/MSC_i_0/MSC_i_1/MSC_i_4/MSC_i_190/MSC_i_191/w_valid_attr_sh_gen[1].w_valid_attr_sh[1][17]:D
  Delay (ns):              0.137
  Slack (ns):              0.069
  Arrival (ns):            3.764
  Required (ns):           3.695

Path 44
  From: DDR3_0_0/MSC_i_0/MSC_i_1/MSC_i_4/MSC_i_8/MSC_i_21/MSC_i_22/MSC_i_37/MSC_i_39/MSC_i_43/s0:CLK
  To:   DDR3_0_0/MSC_i_0/MSC_i_1/MSC_i_4/MSC_i_8/MSC_i_21/MSC_i_22/MSC_i_37/MSC_i_39/MSC_i_43/s1:D
  Delay (ns):              0.134
  Slack (ns):              0.069
  Arrival (ns):            3.739
  Required (ns):           3.670

Path 45
  From: DDR3_0_0/MSC_i_0/MSC_i_1/MSC_i_4/MSC_i_8/cmd_fifo_wr_data_reg3[63]:CLK
  To:   DDR3_0_0/MSC_i_0/MSC_i_1/MSC_i_4/MSC_i_8/cmd_fifo_wr_data_reg4[63]:D
  Delay (ns):              0.136
  Slack (ns):              0.069
  Arrival (ns):            3.745
  Required (ns):           3.676

Path 46
  From: DDR3_0_0/MSC_i_0/MSC_i_1/dfi_rddata_w0_i[13]:CLK
  To:   DDR3_0_0/MSC_i_0/MSC_i_1/MSC_i_4/MSC_i_145/dfi_rddata_w0_r[13]:D
  Delay (ns):              0.182
  Slack (ns):              0.069
  Arrival (ns):            3.797
  Required (ns):           3.728

Path 47
  From: MiV_AXI_0/MiV_AXI_0/ChiselTop0/debug_1/dmInner/dmiXing/MIV_RV32IMA_L1_AXI_ASYNC_QUEUE_SINK/widx_gray/sync_1/reg_0/q:CLK
  To:   MiV_AXI_0/MiV_AXI_0/ChiselTop0/debug_1/dmInner/dmiXing/MIV_RV32IMA_L1_AXI_ASYNC_QUEUE_SINK/widx_gray/sync_0/reg_0/q:D
  Delay (ns):              0.134
  Slack (ns):              0.069
  Arrival (ns):            1.888
  Required (ns):           1.819

Path 48
  From: DDR3_0_0/MSC_i_0/MSC_i_1/MSC_i_4/MSC_i_183/back_mux_sel[3]:CLK
  To:   DDR3_0_0/MSC_i_0/MSC_i_1/MSC_i_4/MSC_i_183/back_mux_sel_queue.back_mux_sel_queue_ram3_[3]:D
  Delay (ns):              0.211
  Slack (ns):              0.070
  Arrival (ns):            3.820
  Required (ns):           3.750

Path 49
  From: DDR3_0_0/MSC_i_0/MSC_i_1/MSC_i_4/MSC_i_190/MSC_i_191/MSC_i_206/data_shifter_gen[20].data_shifter[20][0]:CLK
  To:   DDR3_0_0/MSC_i_0/MSC_i_1/MSC_i_4/MSC_i_190/MSC_i_191/MSC_i_206/data_shifter_gen[19].data_shifter[19][0]:D
  Delay (ns):              0.137
  Slack (ns):              0.070
  Arrival (ns):            3.753
  Required (ns):           3.683

Path 50
  From: MiV_AXI_0/MiV_AXI_0/ChiselTop0/debug_1/dmInner/dmiXing/MIV_RV32IMA_L1_AXI_ASYNC_QUEUE_SOURCE/MIV_RV32IMA_L1_AXI_ASYNC_VALID_SYNC/source_valid/sync_1/reg_0/q:CLK
  To:   MiV_AXI_0/MiV_AXI_0/ChiselTop0/debug_1/dmInner/dmiXing/MIV_RV32IMA_L1_AXI_ASYNC_QUEUE_SOURCE/MIV_RV32IMA_L1_AXI_ASYNC_VALID_SYNC/source_valid/sync_0/reg_0/q:D
  Delay (ns):              0.135
  Slack (ns):              0.070
  Arrival (ns):            1.898
  Required (ns):           1.828

Path 51
  From: MiV_AXI_0/MiV_AXI_0/ChiselTop0/tile/core/ex_reg_pc[30]:CLK
  To:   MiV_AXI_0/MiV_AXI_0/ChiselTop0/tile/core/mem_reg_pc[30]:D
  Delay (ns):              0.137
  Slack (ns):              0.070
  Arrival (ns):            1.894
  Required (ns):           1.824

Path 52
  From: DDR3_0_0/DDRPHY_BLK_0/IOD_TRAINING_0/COREDDR_TIP_INT_U/TIP_CTRL_BLK/LEVELLING/IOG_IF/move_int[16]:CLK
  To:   DDR3_0_0/DDRPHY_BLK_0/IOD_TRAINING_0/COREDDR_TIP_INT_U/MOVE[16]:D
  Delay (ns):              0.138
  Slack (ns):              0.071
  Arrival (ns):            3.728
  Required (ns):           3.657

Path 53
  From: DDR3_0_0/DDRPHY_BLK_0/IOD_TRAINING_0/COREDDR_TIP_INT_U/TIP_CTRL_BLK/LEVELLING/IOG_IF/move_int[2]:CLK
  To:   DDR3_0_0/DDRPHY_BLK_0/IOD_TRAINING_0/COREDDR_TIP_INT_U/MOVE[2]:D
  Delay (ns):              0.138
  Slack (ns):              0.071
  Arrival (ns):            3.753
  Required (ns):           3.682

Path 54
  From: DDR3_0_0/DDRPHY_BLK_0/IOD_TRAINING_0/COREDDR_TIP_INT_U/TIP_CTRL_BLK/LEVELLING/RDLVL/RDLVL_SMS/genblk1[1].RDLVL_TRAIN/gate_training/pre_iog_counter[0]:CLK
  To:   DDR3_0_0/DDRPHY_BLK_0/IOD_TRAINING_0/COREDDR_TIP_INT_U/TIP_CTRL_BLK/LEVELLING/RDLVL/RDLVL_SMS/genblk1[1].RDLVL_TRAIN/gate_training/pre_iog_en_output_registered_1[4]:SLn
  Delay (ns):              0.198
  Slack (ns):              0.071
  Arrival (ns):            3.806
  Required (ns):           3.735

Path 55
  From: DDR3_0_0/DDRPHY_BLK_0/IOD_TRAINING_0/COREDDR_TIP_INT_U/TIP_CTRL_BLK/LEVELLING/WRLVL/wrlvl_instances[0].uWrlvl/current_state[3]:CLK
  To:   DDR3_0_0/DDRPHY_BLK_0/IOD_TRAINING_0/COREDDR_TIP_INT_U/TIP_CTRL_BLK/LEVELLING/WRLVL/wrlvl_instances[0].uWrlvl/current_state[4]:D
  Delay (ns):              0.136
  Slack (ns):              0.071
  Arrival (ns):            3.734
  Required (ns):           3.663

Path 56
  From: DDR3_0_0/DDRPHY_BLK_0/IOD_TRAINING_0/COREDDR_TIP_INT_U/TIP_CTRL_BLK/LEVELLING/WRLVL/wrlvl_instances[0].uWrlvl/dq_in_reg[7]:CLK
  To:   DDR3_0_0/DDRPHY_BLK_0/IOD_TRAINING_0/COREDDR_TIP_INT_U/TIP_CTRL_BLK/LEVELLING/WRLVL/wrlvl_instances[0].uWrlvl/dq_in_reg_2[7]:D
  Delay (ns):              0.138
  Slack (ns):              0.071
  Arrival (ns):            3.745
  Required (ns):           3.674

Path 57
  From: DDR3_0_0/MSC_i_0/MSC_i_1/MSC_i_4/MSC_i_190/MSC_i_191/w_valid_attr_sh_gen[1].w_valid_attr_sh[1][14]:CLK
  To:   DDR3_0_0/MSC_i_0/MSC_i_1/MSC_i_4/MSC_i_190/MSC_i_191/w_valid_attr_sh_gen[1].w_valid_attr_sh[1][15]:D
  Delay (ns):              0.139
  Slack (ns):              0.071
  Arrival (ns):            3.766
  Required (ns):           3.695

Path 58
  From: DDR3_0_0/MSC_i_0/MSC_i_1/MSC_i_4/MSC_i_222/dfi_ras_n_r1:CLK
  To:   DDR3_0_0/MSC_i_0/MSC_i_1/MSC_i_4/MSC_i_222/dfi_ras_n_r2:D
  Delay (ns):              0.138
  Slack (ns):              0.071
  Arrival (ns):            3.759
  Required (ns):           3.688

Path 59
  From: DDR3_0_0/MSC_i_0/MSC_i_1/MSC_i_4/MSC_i_224/data_shifter_gen[1].data_shifter[1][148]:CLK
  To:   DDR3_0_0/DDRPHY_BLK_0/IOD_TRAINING_0/COREDDR_TIP_INT_U/TIP_CTRL_BLK/PHY_SIG_MOD/iog_dm_txdata_in_reg[0]:D
  Delay (ns):              0.138
  Slack (ns):              0.071
  Arrival (ns):            3.761
  Required (ns):           3.690

Path 60
  From: DDR3_0_0/MSC_i_0/MSC_i_1/MSC_i_4/MSC_i_224/data_shifter_gen[1].data_shifter[1][57]:CLK
  To:   DDR3_0_0/DDRPHY_BLK_0/IOD_TRAINING_0/COREDDR_TIP_INT_U/TIP_CTRL_BLK/PHY_SIG_MOD/iog_dq_txdata_in_reg[13]:D
  Delay (ns):              0.137
  Slack (ns):              0.071
  Arrival (ns):            3.751
  Required (ns):           3.680

Path 61
  From: DDR3_0_0/MSC_i_0/MSC_i_1/MSC_i_4/MSC_i_8/cmd_fifo_wr_data_reg3[73]:CLK
  To:   DDR3_0_0/MSC_i_0/MSC_i_1/MSC_i_4/MSC_i_8/cmd_fifo_wr_data_reg4[73]:D
  Delay (ns):              0.136
  Slack (ns):              0.071
  Arrival (ns):            3.747
  Required (ns):           3.676

Path 62
  From: DDR3_0_0/MSC_i_0/MSC_i_1/MSC_i_4/MSC_i_8/cmd_fifo_wr_data_reg3[78]:CLK
  To:   DDR3_0_0/MSC_i_0/MSC_i_1/MSC_i_4/MSC_i_8/cmd_fifo_wr_data_reg4[78]:D
  Delay (ns):              0.219
  Slack (ns):              0.071
  Arrival (ns):            3.821
  Required (ns):           3.750

Path 63
  From: MiV_AXI_0/MiV_AXI_0/ChiselTop0/dtm/dtmInfoChain/regs_24:CLK
  To:   MiV_AXI_0/MiV_AXI_0/ChiselTop0/dtm/dtmInfoChain/regs_23:D
  Delay (ns):              0.139
  Slack (ns):              0.071
  Arrival (ns):            3.718
  Required (ns):           3.647

Path 64
  From: MiV_AXI_0/MiV_AXI_0/ChiselTop0/plic/MIV_RV32IMA_L1_AXI_QUEUE/ram_data[0][28]:CLK
  To:   MiV_AXI_0/MiV_AXI_0/ChiselTop0/plic/enables_0_28:D
  Delay (ns):              0.136
  Slack (ns):              0.071
  Arrival (ns):            1.902
  Required (ns):           1.831

Path 65
  From: AXI4_Interconnect_0/AXI4_Interconnect_0/arst_aclk_sync/sysReset_f1:CLK
  To:   AXI4_Interconnect_0/AXI4_Interconnect_0/arst_aclk_sync/sysReset:D
  Delay (ns):              0.137
  Slack (ns):              0.072
  Arrival (ns):            1.888
  Required (ns):           1.816

Path 66
  From: DDR3_0_0/DDRPHY_BLK_0/IOD_TRAINING_0/COREDDR_TIP_INT_U/TIP_CTRL_BLK/LEVELLING/IOG_IF/move_int[10]:CLK
  To:   DDR3_0_0/DDRPHY_BLK_0/IOD_TRAINING_0/COREDDR_TIP_INT_U/MOVE[10]:D
  Delay (ns):              0.137
  Slack (ns):              0.072
  Arrival (ns):            3.736
  Required (ns):           3.664

Path 67
  From: DDR3_0_0/DDRPHY_BLK_0/IOD_TRAINING_0/COREDDR_TIP_INT_U/TIP_CTRL_BLK/LEVELLING/RDLVL/RDLVL_SMS/genblk1[1].RDLVL_TRAIN/gate_training/pre_iog_counter[0]:CLK
  To:   DDR3_0_0/DDRPHY_BLK_0/IOD_TRAINING_0/COREDDR_TIP_INT_U/TIP_CTRL_BLK/LEVELLING/RDLVL/RDLVL_SMS/genblk1[1].RDLVL_TRAIN/gate_training/pre_iog_en_output_registered_1[10]:SLn
  Delay (ns):              0.198
  Slack (ns):              0.072
  Arrival (ns):            3.806
  Required (ns):           3.734

Path 68
  From: DDR3_0_0/DDRPHY_BLK_0/IOD_TRAINING_0/COREDDR_TIP_INT_U/TIP_CTRL_BLK/LEVELLING/RDLVL/RDLVL_SMS/genblk1[1].RDLVL_TRAIN/gate_training/pre_iog_counter[0]:CLK
  To:   DDR3_0_0/DDRPHY_BLK_0/IOD_TRAINING_0/COREDDR_TIP_INT_U/TIP_CTRL_BLK/LEVELLING/RDLVL/RDLVL_SMS/genblk1[1].RDLVL_TRAIN/gate_training/pre_iog_en_output_registered_1[12]:SLn
  Delay (ns):              0.198
  Slack (ns):              0.072
  Arrival (ns):            3.806
  Required (ns):           3.734

Path 69
  From: DDR3_0_0/DDRPHY_BLK_0/IOD_TRAINING_0/COREDDR_TIP_INT_U/TIP_CTRL_BLK/LEVELLING/RDLVL/RDLVL_SMS/genblk1[1].RDLVL_TRAIN/gate_training/pre_iog_counter[0]:CLK
  To:   DDR3_0_0/DDRPHY_BLK_0/IOD_TRAINING_0/COREDDR_TIP_INT_U/TIP_CTRL_BLK/LEVELLING/RDLVL/RDLVL_SMS/genblk1[1].RDLVL_TRAIN/gate_training/pre_iog_en_output_registered_1[8]:SLn
  Delay (ns):              0.198
  Slack (ns):              0.072
  Arrival (ns):            3.806
  Required (ns):           3.734

Path 70
  From: DDR3_0_0/DDRPHY_BLK_0/IOD_TRAINING_0/COREDDR_TIP_INT_U/TIP_CTRL_BLK/LEVELLING/WRLVL/wrlvl_instances[1].uWrlvl/current_state[3]:CLK
  To:   DDR3_0_0/DDRPHY_BLK_0/IOD_TRAINING_0/COREDDR_TIP_INT_U/TIP_CTRL_BLK/LEVELLING/WRLVL/wrlvl_instances[1].uWrlvl/current_state[4]:D
  Delay (ns):              0.137
  Slack (ns):              0.072
  Arrival (ns):            3.728
  Required (ns):           3.656

Path 71
  From: DDR3_0_0/MSC_i_0/MSC_i_1/MSC_i_4/MSC_i_146/gen_fr4.DFI_WRDATA_ALIGN_eq_0.dfi_wrdata_p3_po_r1[14]:CLK
  To:   DDR3_0_0/MSC_i_0/MSC_i_1/MSC_i_4/MSC_i_224/data_shifter_gen[1].data_shifter[1][54]:D
  Delay (ns):              0.137
  Slack (ns):              0.072
  Arrival (ns):            3.738
  Required (ns):           3.666

Path 72
  From: DDR3_0_0/MSC_i_0/MSC_i_1/MSC_i_4/MSC_i_190/MSC_i_191/MSC_i_206/data_shifter_gen[14].data_shifter[14][0]:CLK
  To:   DDR3_0_0/MSC_i_0/MSC_i_1/MSC_i_4/MSC_i_190/MSC_i_191/MSC_i_206/data_shifter_gen[13].data_shifter[13][0]:D
  Delay (ns):              0.139
  Slack (ns):              0.072
  Arrival (ns):            3.755
  Required (ns):           3.683

Path 73
  From: DDR3_0_0/MSC_i_0/MSC_i_1/MSC_i_4/MSC_i_190/MSC_i_191/MSC_i_206/data_shifter_gen[27].data_shifter[27][0]:CLK
  To:   DDR3_0_0/MSC_i_0/MSC_i_1/MSC_i_4/MSC_i_190/MSC_i_191/MSC_i_206/data_shifter_gen[26].data_shifter[26][0]:D
  Delay (ns):              0.140
  Slack (ns):              0.072
  Arrival (ns):            3.757
  Required (ns):           3.685

Path 74
  From: DDR3_0_0/MSC_i_0/MSC_i_1/MSC_i_4/MSC_i_190/MSC_i_191/rd_cmd_sh[3]:CLK
  To:   DDR3_0_0/MSC_i_0/MSC_i_1/MSC_i_4/MSC_i_190/MSC_i_191/rd_cmd_sh[4]:D
  Delay (ns):              0.139
  Slack (ns):              0.072
  Arrival (ns):            3.752
  Required (ns):           3.680

Path 75
  From: DDR3_0_0/MSC_i_0/MSC_i_1/MSC_i_4/MSC_i_213/MSC_i_216/data_r1[93]:CLK
  To:   DDR3_0_0/MSC_i_0/MSC_i_1/MSC_i_4/MSC_i_213/MSC_i_216/data_r2[93]:D
  Delay (ns):              0.140
  Slack (ns):              0.072
  Arrival (ns):            3.738
  Required (ns):           3.666

Path 76
  From: DDR3_0_0/MSC_i_0/MSC_i_1/MSC_i_4/MSC_i_224/data_shifter_gen[1].data_shifter[1][65]:CLK
  To:   DDR3_0_0/DDRPHY_BLK_0/IOD_TRAINING_0/COREDDR_TIP_INT_U/TIP_CTRL_BLK/PHY_SIG_MOD/iog_dq_txdata_in_reg[77]:D
  Delay (ns):              0.137
  Slack (ns):              0.072
  Arrival (ns):            3.743
  Required (ns):           3.671

Path 77
  From: DDR3_0_0/MSC_i_0/MSC_i_1/MSC_i_4/MSC_i_8/MSC_i_51/MSC_i_52/MSC_i_62/s1:CLK
  To:   DDR3_0_0/MSC_i_0/MSC_i_1/MSC_i_4/MSC_i_8/MSC_i_21/MSC_i_22/MSC_i_37/din_gray_r[4]:SLn
  Delay (ns):              0.249
  Slack (ns):              0.072
  Arrival (ns):            3.847
  Required (ns):           3.775

Path 78
  From: DDR3_0_0/MSC_i_0/MSC_i_1/MSC_i_4/MSC_i_8/MSC_i_51/MSC_i_52/MSC_i_62/s1:CLK
  To:   DDR3_0_0/MSC_i_0/MSC_i_1/MSC_i_4/MSC_i_8/MSC_i_21/MSC_i_22/gen_dc_level.rd_addr[4]:SLn
  Delay (ns):              0.249
  Slack (ns):              0.072
  Arrival (ns):            3.847
  Required (ns):           3.775

Path 79
  From: DDR3_0_0/MSC_i_0/MSC_i_1/MSC_i_4/MSC_i_8/MSC_i_51/MSC_i_52/gen_dc_level.logic_wr_reset:CLK
  To:   DDR3_0_0/MSC_i_0/MSC_i_1/MSC_i_4/MSC_i_8/MSC_i_51/MSC_i_52/MSC_i_62/s0:D
  Delay (ns):              0.136
  Slack (ns):              0.072
  Arrival (ns):            3.735
  Required (ns):           3.663

Path 80
  From: DDR3_0_0/MSC_i_0/MSC_i_1/MSC_i_4/MSC_i_8/MSC_i_72/MSC_i_73/MSC_i_75/din_gray_r[0]:CLK
  To:   DDR3_0_0/MSC_i_0/MSC_i_1/MSC_i_4/MSC_i_8/MSC_i_72/MSC_i_73/MSC_i_75/MSC_i_77/MSC_i_88/s0:D
  Delay (ns):              0.139
  Slack (ns):              0.072
  Arrival (ns):            3.729
  Required (ns):           3.657

Path 81
  From: DDR3_0_0/MSC_i_0/MSC_i_1/MSC_i_4/MSC_i_8/wr_data_delay_fifo_rd_data_reg_early[70]:CLK
  To:   DDR3_0_0/MSC_i_0/MSC_i_1/MSC_i_4/MSC_i_8/wr_data_delay_fifo_rd_data_reg[70]:D
  Delay (ns):              0.137
  Slack (ns):              0.072
  Arrival (ns):            3.719
  Required (ns):           3.647

Path 82
  From: MiV_AXI_0/MiV_AXI_0/ChiselTop0/debug_1/dmOuter/dmInner_TLAsyncCrossingSource/MIV_RV32IMA_L1_AXI_ASYNC_QUEUE_SINK/widx_gray/sync_2/reg_0/q:CLK
  To:   MiV_AXI_0/MiV_AXI_0/ChiselTop0/debug_1/dmOuter/dmInner_TLAsyncCrossingSource/MIV_RV32IMA_L1_AXI_ASYNC_QUEUE_SINK/widx_gray/sync_1/reg_0/q:D
  Delay (ns):              0.138
  Slack (ns):              0.072
  Arrival (ns):            3.691
  Required (ns):           3.619

Path 83
  From: MiV_AXI_0/MiV_AXI_0/ChiselTop0/debug_1/dmOuter/dmInner_TLAsyncCrossingSource/MIV_RV32IMA_L1_AXI_ASYNC_QUEUE_SOURCE/MIV_RV32IMA_L1_AXI_ASYNC_VALID_SYNC/source_valid/sync_2/reg_0/q:CLK
  To:   MiV_AXI_0/MiV_AXI_0/ChiselTop0/debug_1/dmOuter/dmInner_TLAsyncCrossingSource/MIV_RV32IMA_L1_AXI_ASYNC_QUEUE_SOURCE/MIV_RV32IMA_L1_AXI_ASYNC_VALID_SYNC/source_valid/sync_1/reg_0/q:D
  Delay (ns):              0.138
  Slack (ns):              0.072
  Arrival (ns):            3.682
  Required (ns):           3.610

Path 84
  From: MiV_AXI_0/MiV_AXI_0/ChiselTop0/dtm/idcodeChain/regs_6:CLK
  To:   MiV_AXI_0/MiV_AXI_0/ChiselTop0/dtm/idcodeChain/regs_5:D
  Delay (ns):              0.137
  Slack (ns):              0.072
  Arrival (ns):            3.719
  Required (ns):           3.647

Path 85
  From: MiV_AXI_0/MiV_AXI_0/ChiselTop0/tile/dcache/s2_req_addr_Z[1]:CLK
  To:   MiV_AXI_0/MiV_AXI_0/ChiselTop0/tile/dcache/uncachedReqs_0_addr[1]:D
  Delay (ns):              0.139
  Slack (ns):              0.072
  Arrival (ns):            1.899
  Required (ns):           1.827

Path 86
  From: SPI_Controller_0/SPI_Controller_0/USPI/UCC/stxs_strobetx:CLK
  To:   SPI_Controller_0/SPI_Controller_0/USPI/UCC/SYNC1_stxp_strobetx:D
  Delay (ns):              0.137
  Slack (ns):              0.072
  Arrival (ns):            1.870
  Required (ns):           1.798

Path 87
  From: AXI4_Interconnect_0/AXI4_Interconnect_0/SlvConvertor_loop[0].slvcnv/rgsl/genblk4.wrs/sDat[17]:CLK
  To:   LSRAM_0/COREAXI4SRAM_0/U_LSRAM_COREAXI4SRAM_0_CoreAXI4SRAM_MAINCTRL/wdata_sc_r[7]:D
  Delay (ns):              0.138
  Slack (ns):              0.073
  Arrival (ns):            1.879
  Required (ns):           1.806

Path 88
  From: AXI4_Interconnect_0/AXI4_Interconnect_0/SlvConvertor_loop[0].slvcnv/rgsl/genblk4.wrs/sDat[59]:CLK
  To:   LSRAM_0/COREAXI4SRAM_0/U_LSRAM_COREAXI4SRAM_0_CoreAXI4SRAM_MAINCTRL/wdata_sc_r[49]:D
  Delay (ns):              0.133
  Slack (ns):              0.073
  Arrival (ns):            1.867
  Required (ns):           1.794

Path 89
  From: AXI4_Interconnect_0/AXI4_Interconnect_0/SlvConvertor_loop[0].slvcnv/rgsl/genblk4.wrs/sDat[72]:CLK
  To:   LSRAM_0/COREAXI4SRAM_0/U_LSRAM_COREAXI4SRAM_0_CoreAXI4SRAM_MAINCTRL/wdata_sc_r[62]:D
  Delay (ns):              0.133
  Slack (ns):              0.073
  Arrival (ns):            1.872
  Required (ns):           1.799

Path 90
  From: AXI4_Interconnect_0/AXI4_Interconnect_0/SlvConvertor_loop[1].slvcnv/slvCDC/genblk1.cdc_ARChan/rdPtr_s1[2]:CLK
  To:   AXI4_Interconnect_0/AXI4_Interconnect_0/SlvConvertor_loop[1].slvcnv/slvCDC/genblk1.cdc_ARChan/rdPtr_s2[2]:D
  Delay (ns):              0.138
  Slack (ns):              0.073
  Arrival (ns):            1.879
  Required (ns):           1.806

Path 91
  From: DDR3_0_0/DDRPHY_BLK_0/IOD_TRAINING_0/COREDDR_TIP_INT_U/TIP_CTRL_BLK/LEVELLING/RDLVL/RDLVL_SMS/genblk1[1].RDLVL_TRAIN/gate_training/pre_iog_counter[0]:CLK
  To:   DDR3_0_0/DDRPHY_BLK_0/IOD_TRAINING_0/COREDDR_TIP_INT_U/TIP_CTRL_BLK/LEVELLING/RDLVL/RDLVL_SMS/genblk1[1].RDLVL_TRAIN/gate_training/pre_iog_en_output_registered_1[2]:SLn
  Delay (ns):              0.199
  Slack (ns):              0.073
  Arrival (ns):            3.807
  Required (ns):           3.734

Path 92
  From: DDR3_0_0/DDRPHY_BLK_0/IOD_TRAINING_0/COREDDR_TIP_INT_U/TIP_CTRL_BLK/TRN_CLK/genblk2[1].dqsw_trainer/current_state[14]:CLK
  To:   DDR3_0_0/DDRPHY_BLK_0/IOD_TRAINING_0/COREDDR_TIP_INT_U/TIP_CTRL_BLK/TRN_CLK/genblk2[1].dqsw_trainer/current_state[22]:D
  Delay (ns):              0.140
  Slack (ns):              0.073
  Arrival (ns):            3.752
  Required (ns):           3.679

Path 93
  From: DDR3_0_0/MSC_i_0/MSC_i_1/MSC_i_4/MSC_i_190/MSC_i_191/MSC_i_206/data_shifter_gen[10].data_shifter[10][1]:CLK
  To:   DDR3_0_0/MSC_i_0/MSC_i_1/MSC_i_4/MSC_i_190/MSC_i_191/MSC_i_206/data_shifter_gen[9].data_shifter[9][1]:D
  Delay (ns):              0.140
  Slack (ns):              0.073
  Arrival (ns):            3.775
  Required (ns):           3.702

Path 94
  From: DDR3_0_0/MSC_i_0/MSC_i_1/MSC_i_4/MSC_i_190/MSC_i_191/MSC_i_206/data_shifter_gen[12].data_shifter[12][0]:CLK
  To:   DDR3_0_0/MSC_i_0/MSC_i_1/MSC_i_4/MSC_i_190/MSC_i_191/MSC_i_206/data_shifter_gen[11].data_shifter[11][0]:D
  Delay (ns):              0.140
  Slack (ns):              0.073
  Arrival (ns):            3.756
  Required (ns):           3.683

Path 95
  From: DDR3_0_0/MSC_i_0/MSC_i_1/MSC_i_4/MSC_i_190/MSC_i_191/MSC_i_206/data_shifter_gen[31].data_shifter[31][0]:CLK
  To:   DDR3_0_0/MSC_i_0/MSC_i_1/MSC_i_4/MSC_i_190/MSC_i_191/MSC_i_206/data_shifter_gen[30].data_shifter[30][0]:D
  Delay (ns):              0.141
  Slack (ns):              0.073
  Arrival (ns):            3.758
  Required (ns):           3.685

Path 96
  From: DDR3_0_0/MSC_i_0/MSC_i_1/MSC_i_4/MSC_i_190/MSC_i_191/MSC_i_206/data_shifter_gen[32].data_shifter[32][0]:CLK
  To:   DDR3_0_0/MSC_i_0/MSC_i_1/MSC_i_4/MSC_i_190/MSC_i_191/MSC_i_206/data_shifter_gen[31].data_shifter[31][0]:D
  Delay (ns):              0.141
  Slack (ns):              0.073
  Arrival (ns):            3.758
  Required (ns):           3.685

Path 97
  From: DDR3_0_0/MSC_i_0/MSC_i_1/MSC_i_4/MSC_i_190/MSC_i_191/w_valid_attr_sh_gen[1].w_valid_attr_sh[1][1]:CLK
  To:   DDR3_0_0/MSC_i_0/MSC_i_1/MSC_i_4/MSC_i_190/MSC_i_191/w_valid_attr_sh_gen[1].w_valid_attr_sh[1][2]:D
  Delay (ns):              0.138
  Slack (ns):              0.073
  Arrival (ns):            3.751
  Required (ns):           3.678

Path 98
  From: DDR3_0_0/MSC_i_0/MSC_i_1/MSC_i_4/MSC_i_8/MSC_i_104/MSC_i_105/MSC_i_107/MSC_i_109/MSC_i_112/s0:CLK
  To:   DDR3_0_0/MSC_i_0/MSC_i_1/MSC_i_4/MSC_i_8/MSC_i_104/MSC_i_105/MSC_i_107/MSC_i_109/MSC_i_112/s1:D
  Delay (ns):              0.138
  Slack (ns):              0.073
  Arrival (ns):            3.730
  Required (ns):           3.657

Path 99
  From: DDR3_0_0/MSC_i_0/MSC_i_1/MSC_i_4/MSC_i_8/MSC_i_104/MSC_i_105/MSC_i_121/din_gray_r[9]:CLK
  To:   DDR3_0_0/MSC_i_0/MSC_i_1/MSC_i_4/MSC_i_8/MSC_i_104/MSC_i_105/MSC_i_121/MSC_i_123/MSC_i_124/s0:D
  Delay (ns):              0.138
  Slack (ns):              0.073
  Arrival (ns):            3.746
  Required (ns):           3.673

Path 100
  From: DDR3_0_0/MSC_i_0/MSC_i_1/MSC_i_4/MSC_i_8/MSC_i_21/MSC_i_22/MSC_i_37/MSC_i_39/MSC_i_45/s0:CLK
  To:   DDR3_0_0/MSC_i_0/MSC_i_1/MSC_i_4/MSC_i_8/MSC_i_21/MSC_i_22/MSC_i_37/MSC_i_39/MSC_i_45/s1:D
  Delay (ns):              0.138
  Slack (ns):              0.073
  Arrival (ns):            3.754
  Required (ns):           3.681

