Timing Violation Report Max Delay Analysis

SmartTime Version v12.3
Microsemi Corporation - Microsemi Libero Software Release v12.3 (Version 12.800.0.16)
Date: Sat Mar 14 17:17:54 2020


Design: top
Family: PolarFire
Die: MPF300TS
Package: FCG1152
Temperature Range: -40 - 100 C
Voltage Range: 0.97 - 1.03 V
Speed Grade: -1
Design State: Post-Layout
Data source: Production
Multi Corner Report Operating Conditions: slow_lv_ht, slow_lv_lt, fast_hv_lt
Scenario for Timing Analysis: timing_analysis


Path 1
  From: MiV_AXI_0/MiV_AXI_0/ChiselTop0/tile/core/div/divisor[0]:CLK
  To:   MiV_AXI_0/MiV_AXI_0/ChiselTop0/tile/core/div/remainder[58]:D
  Delay (ns):              6.847
  Slack (ns):              2.133
  Arrival (ns):           10.104
  Required (ns):          12.237
  Operating Conditions: slow_lv_lt

Path 2
  From: MiV_AXI_0/MiV_AXI_0/ChiselTop0/tile/core/div/remainder[1]:CLK
  To:   MiV_AXI_0/MiV_AXI_0/ChiselTop0/tile/core/div/remainder[58]:D
  Delay (ns):              6.752
  Slack (ns):              2.139
  Arrival (ns):           10.024
  Required (ns):          12.163
  Operating Conditions: slow_lv_lt

Path 3
  From: MiV_AXI_0/MiV_AXI_0/ChiselTop0/tile/core/div/divisor[7]:CLK
  To:   MiV_AXI_0/MiV_AXI_0/ChiselTop0/tile/core/div/remainder[58]:D
  Delay (ns):              6.824
  Slack (ns):              2.149
  Arrival (ns):           10.088
  Required (ns):          12.237
  Operating Conditions: slow_lv_lt

Path 4
  From: MiV_AXI_0/MiV_AXI_0/ChiselTop0/tile/core/div/divisor[0]:CLK
  To:   MiV_AXI_0/MiV_AXI_0/ChiselTop0/tile/core/div/remainder[56]:D
  Delay (ns):              6.812
  Slack (ns):              2.157
  Arrival (ns):           10.069
  Required (ns):          12.226
  Operating Conditions: slow_lv_lt

Path 5
  From: MiV_AXI_0/MiV_AXI_0/ChiselTop0/tile/core/div/remainder[1]:CLK
  To:   MiV_AXI_0/MiV_AXI_0/ChiselTop0/tile/core/div/remainder[56]:D
  Delay (ns):              6.717
  Slack (ns):              2.163
  Arrival (ns):            9.989
  Required (ns):          12.152
  Operating Conditions: slow_lv_lt

Path 6
  From: MiV_AXI_0/MiV_AXI_0/ChiselTop0/tile/core/div/divisor[7]:CLK
  To:   MiV_AXI_0/MiV_AXI_0/ChiselTop0/tile/core/div/remainder[56]:D
  Delay (ns):              6.789
  Slack (ns):              2.173
  Arrival (ns):           10.053
  Required (ns):          12.226
  Operating Conditions: slow_lv_lt

Path 7
  From: MiV_AXI_0/MiV_AXI_0/ChiselTop0/tile/core/div/divisor[3]:CLK
  To:   MiV_AXI_0/MiV_AXI_0/ChiselTop0/tile/core/div/remainder[58]:D
  Delay (ns):              6.795
  Slack (ns):              2.174
  Arrival (ns):           10.063
  Required (ns):          12.237
  Operating Conditions: slow_lv_lt

Path 8
  From: MiV_AXI_0/MiV_AXI_0/ChiselTop0/tile/core/div/remainder[1]:CLK
  To:   MiV_AXI_0/MiV_AXI_0/ChiselTop0/tile/core/div/remainder[60]:D
  Delay (ns):              6.691
  Slack (ns):              2.177
  Arrival (ns):            9.963
  Required (ns):          12.140
  Operating Conditions: slow_lv_lt

Path 9
  From: MiV_AXI_0/MiV_AXI_0/ChiselTop0/tile/core/div/divisor[0]:CLK
  To:   MiV_AXI_0/MiV_AXI_0/ChiselTop0/tile/core/div/remainder[60]:D
  Delay (ns):              6.786
  Slack (ns):              2.185
  Arrival (ns):           10.043
  Required (ns):          12.228
  Operating Conditions: slow_lv_lt

Path 10
  From: MiV_AXI_0/MiV_AXI_0/ChiselTop0/tile/core/div/remainder[11]:CLK
  To:   MiV_AXI_0/MiV_AXI_0/ChiselTop0/tile/core/div/remainder[58]:D
  Delay (ns):              6.777
  Slack (ns):              2.192
  Arrival (ns):           10.045
  Required (ns):          12.237
  Operating Conditions: slow_lv_lt

Path 11
  From: MiV_AXI_0/MiV_AXI_0/ChiselTop0/tile/core/div/divisor[3]:CLK
  To:   MiV_AXI_0/MiV_AXI_0/ChiselTop0/tile/core/div/remainder[56]:D
  Delay (ns):              6.760
  Slack (ns):              2.198
  Arrival (ns):           10.028
  Required (ns):          12.226
  Operating Conditions: slow_lv_lt

Path 12
  From: MiV_AXI_0/MiV_AXI_0/ChiselTop0/tile/core/div/divisor[7]:CLK
  To:   MiV_AXI_0/MiV_AXI_0/ChiselTop0/tile/core/div/remainder[60]:D
  Delay (ns):              6.763
  Slack (ns):              2.201
  Arrival (ns):           10.027
  Required (ns):          12.228
  Operating Conditions: slow_lv_lt

Path 13
  From: MiV_AXI_0/MiV_AXI_0/ChiselTop0/tile/core/div/divisor[0]:CLK
  To:   MiV_AXI_0/MiV_AXI_0/ChiselTop0/tile/core/div/remainder[62]:D
  Delay (ns):              6.767
  Slack (ns):              2.202
  Arrival (ns):           10.024
  Required (ns):          12.226
  Operating Conditions: slow_lv_lt

Path 14
  From: MiV_AXI_0/MiV_AXI_0/ChiselTop0/tile/core/div/remainder[1]:CLK
  To:   MiV_AXI_0/MiV_AXI_0/ChiselTop0/tile/core/div/remainder[48]:D
  Delay (ns):              6.662
  Slack (ns):              2.205
  Arrival (ns):            9.934
  Required (ns):          12.139
  Operating Conditions: slow_lv_lt

Path 15
  From: MiV_AXI_0/MiV_AXI_0/ChiselTop0/tile/core/div/remainder_0[16]:CLK
  To:   MiV_AXI_0/MiV_AXI_0/ChiselTop0/tile/core/div/remainder[58]:D
  Delay (ns):              6.766
  Slack (ns):              2.207
  Arrival (ns):           10.030
  Required (ns):          12.237
  Operating Conditions: slow_lv_lt

Path 16
  From: MiV_AXI_0/MiV_AXI_0/ChiselTop0/tile/core/div/remainder[1]:CLK
  To:   MiV_AXI_0/MiV_AXI_0/ChiselTop0/tile/core/div/remainder[62]:D
  Delay (ns):              6.672
  Slack (ns):              2.208
  Arrival (ns):            9.944
  Required (ns):          12.152
  Operating Conditions: slow_lv_lt

Path 17
  From: MiV_AXI_0/MiV_AXI_0/ChiselTop0/tile/core/div/remainder[12]:CLK
  To:   MiV_AXI_0/MiV_AXI_0/ChiselTop0/tile/core/div/remainder[58]:D
  Delay (ns):              6.763
  Slack (ns):              2.210
  Arrival (ns):           10.027
  Required (ns):          12.237
  Operating Conditions: slow_lv_lt

Path 18
  From: MiV_AXI_0/MiV_AXI_0/ChiselTop0/tile/core/div/divisor[0]:CLK
  To:   MiV_AXI_0/MiV_AXI_0/ChiselTop0/tile/core/div/remainder[48]:D
  Delay (ns):              6.757
  Slack (ns):              2.213
  Arrival (ns):           10.014
  Required (ns):          12.227
  Operating Conditions: slow_lv_lt

Path 19
  From: MiV_AXI_0/MiV_AXI_0/ChiselTop0/tile/core/div/remainder[11]:CLK
  To:   MiV_AXI_0/MiV_AXI_0/ChiselTop0/tile/core/div/remainder[56]:D
  Delay (ns):              6.742
  Slack (ns):              2.216
  Arrival (ns):           10.010
  Required (ns):          12.226
  Operating Conditions: slow_lv_lt

Path 20
  From: MiV_AXI_0/MiV_AXI_0/ChiselTop0/tile/core/div/divisor[7]:CLK
  To:   MiV_AXI_0/MiV_AXI_0/ChiselTop0/tile/core/div/remainder[62]:D
  Delay (ns):              6.744
  Slack (ns):              2.218
  Arrival (ns):           10.008
  Required (ns):          12.226
  Operating Conditions: slow_lv_lt

Path 21
  From: MiV_AXI_0/MiV_AXI_0/ChiselTop0/tile/core/div/divisor[0]:CLK
  To:   MiV_AXI_0/MiV_AXI_0/ChiselTop0/tile/core/div/remainder[57]:D
  Delay (ns):              6.750
  Slack (ns):              2.219
  Arrival (ns):           10.007
  Required (ns):          12.226
  Operating Conditions: slow_lv_lt

Path 22
  From: MiV_AXI_0/MiV_AXI_0/ChiselTop0/tile/core/div/divisor[0]:CLK
  To:   MiV_AXI_0/MiV_AXI_0/ChiselTop0/tile/core/div/remainder[52]:D
  Delay (ns):              6.748
  Slack (ns):              2.221
  Arrival (ns):           10.005
  Required (ns):          12.226
  Operating Conditions: slow_lv_lt

Path 23
  From: MiV_AXI_0/MiV_AXI_0/ChiselTop0/tile/core/div/remainder[1]:CLK
  To:   MiV_AXI_0/MiV_AXI_0/ChiselTop0/tile/core/div/remainder[57]:D
  Delay (ns):              6.655
  Slack (ns):              2.225
  Arrival (ns):            9.927
  Required (ns):          12.152
  Operating Conditions: slow_lv_lt

Path 24
  From: MiV_AXI_0/MiV_AXI_0/ChiselTop0/tile/core/div/divisor[3]:CLK
  To:   MiV_AXI_0/MiV_AXI_0/ChiselTop0/tile/core/div/remainder[60]:D
  Delay (ns):              6.734
  Slack (ns):              2.226
  Arrival (ns):           10.002
  Required (ns):          12.228
  Operating Conditions: slow_lv_lt

Path 25
  From: MiV_AXI_0/MiV_AXI_0/ChiselTop0/tile/core/div/remainder[1]:CLK
  To:   MiV_AXI_0/MiV_AXI_0/ChiselTop0/tile/core/div/remainder[52]:D
  Delay (ns):              6.653
  Slack (ns):              2.227
  Arrival (ns):            9.925
  Required (ns):          12.152
  Operating Conditions: slow_lv_lt

Path 26
  From: MiV_AXI_0/MiV_AXI_0/ChiselTop0/tile/core/div/divisor[7]:CLK
  To:   MiV_AXI_0/MiV_AXI_0/ChiselTop0/tile/core/div/remainder[48]:D
  Delay (ns):              6.734
  Slack (ns):              2.229
  Arrival (ns):            9.998
  Required (ns):          12.227
  Operating Conditions: slow_lv_lt

Path 27
  From: MiV_AXI_0/MiV_AXI_0/ChiselTop0/tile/core/div/remainder_0[16]:CLK
  To:   MiV_AXI_0/MiV_AXI_0/ChiselTop0/tile/core/div/remainder[56]:D
  Delay (ns):              6.731
  Slack (ns):              2.231
  Arrival (ns):            9.995
  Required (ns):          12.226
  Operating Conditions: slow_lv_lt

Path 28
  From: MiV_AXI_0/MiV_AXI_0/ChiselTop0/tile/core/div/remainder[4]:CLK
  To:   MiV_AXI_0/MiV_AXI_0/ChiselTop0/tile/core/div/remainder[58]:D
  Delay (ns):              6.661
  Slack (ns):              2.232
  Arrival (ns):            9.931
  Required (ns):          12.163
  Operating Conditions: slow_lv_lt

Path 29
  From: MiV_AXI_0/MiV_AXI_0/ChiselTop0/tile/core/div/remainder[12]:CLK
  To:   MiV_AXI_0/MiV_AXI_0/ChiselTop0/tile/core/div/remainder[56]:D
  Delay (ns):              6.728
  Slack (ns):              2.234
  Arrival (ns):            9.992
  Required (ns):          12.226
  Operating Conditions: slow_lv_lt

Path 30
  From: MiV_AXI_0/MiV_AXI_0/ChiselTop0/tile/core/div/divisor[7]:CLK
  To:   MiV_AXI_0/MiV_AXI_0/ChiselTop0/tile/core/div/remainder[57]:D
  Delay (ns):              6.727
  Slack (ns):              2.235
  Arrival (ns):            9.991
  Required (ns):          12.226
  Operating Conditions: slow_lv_lt

Path 31
  From: MiV_AXI_0/MiV_AXI_0/ChiselTop0/tile/core/div/divisor[0]:CLK
  To:   MiV_AXI_0/MiV_AXI_0/ChiselTop0/tile/core/div/remainder[53]:D
  Delay (ns):              6.736
  Slack (ns):              2.236
  Arrival (ns):            9.993
  Required (ns):          12.229
  Operating Conditions: slow_lv_lt

Path 32
  From: MiV_AXI_0/MiV_AXI_0/ChiselTop0/tile/core/div/remainder[5]:CLK
  To:   MiV_AXI_0/MiV_AXI_0/ChiselTop0/tile/core/div/remainder[58]:D
  Delay (ns):              6.730
  Slack (ns):              2.236
  Arrival (ns):           10.001
  Required (ns):          12.237
  Operating Conditions: slow_lv_lt

Path 33
  From: MiV_AXI_0/MiV_AXI_0/ChiselTop0/tile/core/div/divisor[7]:CLK
  To:   MiV_AXI_0/MiV_AXI_0/ChiselTop0/tile/core/div/remainder[52]:D
  Delay (ns):              6.725
  Slack (ns):              2.237
  Arrival (ns):            9.989
  Required (ns):          12.226
  Operating Conditions: slow_lv_lt

Path 34
  From: MiV_AXI_0/MiV_AXI_0/ChiselTop0/tile/core/div/remainder[3]:CLK
  To:   MiV_AXI_0/MiV_AXI_0/ChiselTop0/tile/core/div/remainder[58]:D
  Delay (ns):              6.728
  Slack (ns):              2.238
  Arrival (ns):            9.999
  Required (ns):          12.237
  Operating Conditions: slow_lv_lt

Path 35
  From: MiV_AXI_0/MiV_AXI_0/ChiselTop0/tile/core/div/remainder[6]:CLK
  To:   MiV_AXI_0/MiV_AXI_0/ChiselTop0/tile/core/div/remainder[58]:D
  Delay (ns):              6.655
  Slack (ns):              2.238
  Arrival (ns):            9.925
  Required (ns):          12.163
  Operating Conditions: slow_lv_lt

Path 36
  From: MiV_AXI_0/MiV_AXI_0/ChiselTop0/tile/core/div/remainder[1]:CLK
  To:   MiV_AXI_0/MiV_AXI_0/ChiselTop0/tile/core/div/remainder[54]:D
  Delay (ns):              6.623
  Slack (ns):              2.240
  Arrival (ns):            9.895
  Required (ns):          12.135
  Operating Conditions: slow_lv_lt

Path 37
  From: MiV_AXI_0/MiV_AXI_0/ChiselTop0/tile/core/div/remainder[1]:CLK
  To:   MiV_AXI_0/MiV_AXI_0/ChiselTop0/tile/core/div/remainder[53]:D
  Delay (ns):              6.641
  Slack (ns):              2.242
  Arrival (ns):            9.913
  Required (ns):          12.155
  Operating Conditions: slow_lv_lt

Path 38
  From: MiV_AXI_0/MiV_AXI_0/ChiselTop0/tile/core/div/divisor[3]:CLK
  To:   MiV_AXI_0/MiV_AXI_0/ChiselTop0/tile/core/div/remainder[62]:D
  Delay (ns):              6.715
  Slack (ns):              2.243
  Arrival (ns):            9.983
  Required (ns):          12.226
  Operating Conditions: slow_lv_lt

Path 39
  From: MiV_AXI_0/MiV_AXI_0/ChiselTop0/tile/core/div/remainder[11]:CLK
  To:   MiV_AXI_0/MiV_AXI_0/ChiselTop0/tile/core/div/remainder[60]:D
  Delay (ns):              6.716
  Slack (ns):              2.244
  Arrival (ns):            9.984
  Required (ns):          12.228
  Operating Conditions: slow_lv_lt

Path 40
  From: MiV_AXI_0/MiV_AXI_0/ChiselTop0/tile/core/div/remainder[13]:CLK
  To:   MiV_AXI_0/MiV_AXI_0/ChiselTop0/tile/core/div/remainder[58]:D
  Delay (ns):              6.736
  Slack (ns):              2.245
  Arrival (ns):            9.992
  Required (ns):          12.237
  Operating Conditions: slow_lv_lt

Path 41
  From: MiV_AXI_0/MiV_AXI_0/ChiselTop0/tile/core/div/remainder[7]:CLK
  To:   MiV_AXI_0/MiV_AXI_0/ChiselTop0/tile/core/div/remainder[58]:D
  Delay (ns):              6.730
  Slack (ns):              2.245
  Arrival (ns):            9.992
  Required (ns):          12.237
  Operating Conditions: slow_lv_lt

Path 42
  From: MiV_AXI_0/MiV_AXI_0/ChiselTop0/tile/core/div/remainder[2]:CLK
  To:   MiV_AXI_0/MiV_AXI_0/ChiselTop0/tile/core/div/remainder[58]:D
  Delay (ns):              6.719
  Slack (ns):              2.247
  Arrival (ns):            9.990
  Required (ns):          12.237
  Operating Conditions: slow_lv_lt

Path 43
  From: MiV_AXI_0/MiV_AXI_0/ChiselTop0/tile/core/div/divisor[0]:CLK
  To:   MiV_AXI_0/MiV_AXI_0/ChiselTop0/tile/core/div/remainder[54]:D
  Delay (ns):              6.718
  Slack (ns):              2.248
  Arrival (ns):            9.975
  Required (ns):          12.223
  Operating Conditions: slow_lv_lt

Path 44
  From: MiV_AXI_0/MiV_AXI_0/ChiselTop0/tile/core/div/remainder[8]:CLK
  To:   MiV_AXI_0/MiV_AXI_0/ChiselTop0/tile/core/div/remainder[58]:D
  Delay (ns):              6.727
  Slack (ns):              2.248
  Arrival (ns):            9.989
  Required (ns):          12.237
  Operating Conditions: slow_lv_lt

Path 45
  From: MiV_AXI_0/MiV_AXI_0/ChiselTop0/tile/core/div/divisor[7]:CLK
  To:   MiV_AXI_0/MiV_AXI_0/ChiselTop0/tile/core/div/remainder[53]:D
  Delay (ns):              6.713
  Slack (ns):              2.252
  Arrival (ns):            9.977
  Required (ns):          12.229
  Operating Conditions: slow_lv_lt

Path 46
  From: MiV_AXI_0/MiV_AXI_0/ChiselTop0/tile/core/div/remainder[1]:CLK
  To:   MiV_AXI_0/MiV_AXI_0/ChiselTop0/tile/core/div/remainder[64]:D
  Delay (ns):              6.617
  Slack (ns):              2.252
  Arrival (ns):            9.889
  Required (ns):          12.141
  Operating Conditions: slow_lv_lt

Path 47
  From: MiV_AXI_0/MiV_AXI_0/ChiselTop0/tile/core/div/divisor[0]:CLK
  To:   MiV_AXI_0/MiV_AXI_0/ChiselTop0/tile/core/div/remainder[50]:D
  Delay (ns):              6.717
  Slack (ns):              2.252
  Arrival (ns):            9.974
  Required (ns):          12.226
  Operating Conditions: slow_lv_lt

Path 48
  From: MiV_AXI_0/MiV_AXI_0/ChiselTop0/tile/core/div/divisor[8]:CLK
  To:   MiV_AXI_0/MiV_AXI_0/ChiselTop0/tile/core/div/remainder[58]:D
  Delay (ns):              6.716
  Slack (ns):              2.253
  Arrival (ns):            9.984
  Required (ns):          12.237
  Operating Conditions: slow_lv_lt

Path 49
  From: MiV_AXI_0/MiV_AXI_0/ChiselTop0/tile/core/div/divisor[3]:CLK
  To:   MiV_AXI_0/MiV_AXI_0/ChiselTop0/tile/core/div/remainder[48]:D
  Delay (ns):              6.705
  Slack (ns):              2.254
  Arrival (ns):            9.973
  Required (ns):          12.227
  Operating Conditions: slow_lv_lt

Path 50
  From: MiV_AXI_0/MiV_AXI_0/ChiselTop0/tile/core/div/remainder[4]:CLK
  To:   MiV_AXI_0/MiV_AXI_0/ChiselTop0/tile/core/div/remainder[56]:D
  Delay (ns):              6.626
  Slack (ns):              2.256
  Arrival (ns):            9.896
  Required (ns):          12.152
  Operating Conditions: slow_lv_lt

Path 51
  From: MiV_AXI_0/MiV_AXI_0/ChiselTop0/tile/core/div/divisor[1]:CLK
  To:   MiV_AXI_0/MiV_AXI_0/ChiselTop0/tile/core/div/remainder[58]:D
  Delay (ns):              6.713
  Slack (ns):              2.256
  Arrival (ns):            9.981
  Required (ns):          12.237
  Operating Conditions: slow_lv_lt

Path 52
  From: MiV_AXI_0/MiV_AXI_0/ChiselTop0/tile/core/div/remainder[1]:CLK
  To:   MiV_AXI_0/MiV_AXI_0/ChiselTop0/tile/core/div/remainder[50]:D
  Delay (ns):              6.622
  Slack (ns):              2.258
  Arrival (ns):            9.894
  Required (ns):          12.152
  Operating Conditions: slow_lv_lt

Path 53
  From: MiV_AXI_0/MiV_AXI_0/ChiselTop0/tile/core/div/remainder[15]:CLK
  To:   MiV_AXI_0/MiV_AXI_0/ChiselTop0/tile/core/div/remainder[58]:D
  Delay (ns):              6.715
  Slack (ns):              2.258
  Arrival (ns):            9.979
  Required (ns):          12.237
  Operating Conditions: slow_lv_lt

Path 54
  From: MiV_AXI_0/MiV_AXI_0/ChiselTop0/tile/core/div/remainder_0[16]:CLK
  To:   MiV_AXI_0/MiV_AXI_0/ChiselTop0/tile/core/div/remainder[60]:D
  Delay (ns):              6.705
  Slack (ns):              2.259
  Arrival (ns):            9.969
  Required (ns):          12.228
  Operating Conditions: slow_lv_lt

Path 55
  From: MiV_AXI_0/MiV_AXI_0/ChiselTop0/tile/core/div/remainder[5]:CLK
  To:   MiV_AXI_0/MiV_AXI_0/ChiselTop0/tile/core/div/remainder[56]:D
  Delay (ns):              6.695
  Slack (ns):              2.260
  Arrival (ns):            9.966
  Required (ns):          12.226
  Operating Conditions: slow_lv_lt

Path 56
  From: MiV_AXI_0/MiV_AXI_0/ChiselTop0/tile/core/div/divisor[3]:CLK
  To:   MiV_AXI_0/MiV_AXI_0/ChiselTop0/tile/core/div/remainder[57]:D
  Delay (ns):              6.698
  Slack (ns):              2.260
  Arrival (ns):            9.966
  Required (ns):          12.226
  Operating Conditions: slow_lv_lt

Path 57
  From: MiV_AXI_0/MiV_AXI_0/ChiselTop0/tile/core/div/divisor[0]:CLK
  To:   MiV_AXI_0/MiV_AXI_0/ChiselTop0/tile/core/div/remainder[64]:D
  Delay (ns):              6.712
  Slack (ns):              2.260
  Arrival (ns):            9.969
  Required (ns):          12.229
  Operating Conditions: slow_lv_lt

Path 58
  From: MiV_AXI_0/MiV_AXI_0/ChiselTop0/tile/core/div/remainder[11]:CLK
  To:   MiV_AXI_0/MiV_AXI_0/ChiselTop0/tile/core/div/remainder[62]:D
  Delay (ns):              6.697
  Slack (ns):              2.261
  Arrival (ns):            9.965
  Required (ns):          12.226
  Operating Conditions: slow_lv_lt

Path 59
  From: MiV_AXI_0/MiV_AXI_0/ChiselTop0/tile/core/div/remainder[6]:CLK
  To:   MiV_AXI_0/MiV_AXI_0/ChiselTop0/tile/core/div/remainder[56]:D
  Delay (ns):              6.620
  Slack (ns):              2.262
  Arrival (ns):            9.890
  Required (ns):          12.152
  Operating Conditions: slow_lv_lt

Path 60
  From: MiV_AXI_0/MiV_AXI_0/ChiselTop0/tile/core/div/remainder[3]:CLK
  To:   MiV_AXI_0/MiV_AXI_0/ChiselTop0/tile/core/div/remainder[56]:D
  Delay (ns):              6.693
  Slack (ns):              2.262
  Arrival (ns):            9.964
  Required (ns):          12.226
  Operating Conditions: slow_lv_lt

Path 61
  From: MiV_AXI_0/MiV_AXI_0/ChiselTop0/tile/core/div/remainder[12]:CLK
  To:   MiV_AXI_0/MiV_AXI_0/ChiselTop0/tile/core/div/remainder[60]:D
  Delay (ns):              6.702
  Slack (ns):              2.262
  Arrival (ns):            9.966
  Required (ns):          12.228
  Operating Conditions: slow_lv_lt

Path 62
  From: MiV_AXI_0/MiV_AXI_0/ChiselTop0/tile/core/div/divisor[3]:CLK
  To:   MiV_AXI_0/MiV_AXI_0/ChiselTop0/tile/core/div/remainder[52]:D
  Delay (ns):              6.696
  Slack (ns):              2.262
  Arrival (ns):            9.964
  Required (ns):          12.226
  Operating Conditions: slow_lv_lt

Path 63
  From: MiV_AXI_0/MiV_AXI_0/ChiselTop0/tile/core/div/divisor[7]:CLK
  To:   MiV_AXI_0/MiV_AXI_0/ChiselTop0/tile/core/div/remainder[54]:D
  Delay (ns):              6.695
  Slack (ns):              2.264
  Arrival (ns):            9.959
  Required (ns):          12.223
  Operating Conditions: slow_lv_lt

Path 64
  From: MiV_AXI_0/MiV_AXI_0/ChiselTop0/tile/core/div/remainder[1]:CLK
  To:   MiV_AXI_0/MiV_AXI_0/ChiselTop0/tile/core/div/remainder[63]:D
  Delay (ns):              6.604
  Slack (ns):              2.265
  Arrival (ns):            9.876
  Required (ns):          12.141
  Operating Conditions: slow_lv_lt

Path 65
  From: DDR3_0_0/MSC_i_0/MSC_i_1/MSC_i_224/MSC_i_225/cal_init_mr_addr_1[5]:CLK
  To:   DDR3_0_0/MSC_i_0/MSC_i_1/MSC_i_4/MSC_i_190/MSC_i_191/precharge_ob[0]:D
  Delay (ns):              3.689
  Slack (ns):              2.266
  Arrival (ns):           10.648
  Required (ns):          12.914
  Operating Conditions: slow_lv_ht

Path 66
  From: DDR3_0_0/MSC_i_0/MSC_i_1/MSC_i_224/MSC_i_225/cal_init_mr_addr_1[5]:CLK
  To:   DDR3_0_0/MSC_i_0/MSC_i_1/MSC_i_4/MSC_i_190/MSC_i_191/precharge_ob[1]:D
  Delay (ns):              3.688
  Slack (ns):              2.266
  Arrival (ns):           10.647
  Required (ns):          12.913
  Operating Conditions: slow_lv_ht

Path 67
  From: DDR3_0_0/MSC_i_0/MSC_i_1/MSC_i_224/MSC_i_225/cal_select:CLK
  To:   DDR3_0_0/MSC_i_0/MSC_i_1/MSC_i_4/MSC_i_190/MSC_i_191/MSC_i_203/pending_cmd:EN
  Delay (ns):              3.488
  Slack (ns):              2.267
  Arrival (ns):           10.447
  Required (ns):          12.714
  Operating Conditions: slow_lv_ht

Path 68
  From: DDR3_0_0/MSC_i_0/MSC_i_1/MSC_i_224/MSC_i_225/cal_init_mr_addr_1[5]:CLK
  To:   DDR3_0_0/MSC_i_0/MSC_i_1/MSC_i_4/MSC_i_190/MSC_i_191/precharge_ob[3]:D
  Delay (ns):              3.687
  Slack (ns):              2.267
  Arrival (ns):           10.646
  Required (ns):          12.913
  Operating Conditions: slow_lv_ht

Path 69
  From: MiV_AXI_0/MiV_AXI_0/ChiselTop0/tile/core/div/divisor[7]:CLK
  To:   MiV_AXI_0/MiV_AXI_0/ChiselTop0/tile/core/div/remainder[50]:D
  Delay (ns):              6.694
  Slack (ns):              2.268
  Arrival (ns):            9.958
  Required (ns):          12.226
  Operating Conditions: slow_lv_lt

Path 70
  From: MiV_AXI_0/MiV_AXI_0/ChiselTop0/tile/core/div/remainder[1]:CLK
  To:   MiV_AXI_0/MiV_AXI_0/ChiselTop0/tile/core/div/remainder[61]:D
  Delay (ns):              6.598
  Slack (ns):              2.269
  Arrival (ns):            9.870
  Required (ns):          12.139
  Operating Conditions: slow_lv_lt

Path 71
  From: MiV_AXI_0/MiV_AXI_0/ChiselTop0/tile/core/div/remainder[7]:CLK
  To:   MiV_AXI_0/MiV_AXI_0/ChiselTop0/tile/core/div/remainder[56]:D
  Delay (ns):              6.695
  Slack (ns):              2.269
  Arrival (ns):            9.957
  Required (ns):          12.226
  Operating Conditions: slow_lv_lt

Path 72
  From: MiV_AXI_0/MiV_AXI_0/ChiselTop0/tile/core/div/remainder[13]:CLK
  To:   MiV_AXI_0/MiV_AXI_0/ChiselTop0/tile/core/div/remainder[56]:D
  Delay (ns):              6.701
  Slack (ns):              2.269
  Arrival (ns):            9.957
  Required (ns):          12.226
  Operating Conditions: slow_lv_lt

Path 73
  From: MiV_AXI_0/MiV_AXI_0/ChiselTop0/tile/core/div/remainder[4]:CLK
  To:   MiV_AXI_0/MiV_AXI_0/ChiselTop0/tile/core/div/remainder[60]:D
  Delay (ns):              6.600
  Slack (ns):              2.270
  Arrival (ns):            9.870
  Required (ns):          12.140
  Operating Conditions: slow_lv_lt

Path 74
  From: MiV_AXI_0/MiV_AXI_0/ChiselTop0/tile/core/div/divisor[2]:CLK
  To:   MiV_AXI_0/MiV_AXI_0/ChiselTop0/tile/core/div/remainder[58]:D
  Delay (ns):              6.709
  Slack (ns):              2.271
  Arrival (ns):            9.966
  Required (ns):          12.237
  Operating Conditions: slow_lv_lt

Path 75
  From: MiV_AXI_0/MiV_AXI_0/ChiselTop0/tile/core/div/remainder[2]:CLK
  To:   MiV_AXI_0/MiV_AXI_0/ChiselTop0/tile/core/div/remainder[56]:D
  Delay (ns):              6.684
  Slack (ns):              2.271
  Arrival (ns):            9.955
  Required (ns):          12.226
  Operating Conditions: slow_lv_lt

Path 76
  From: MiV_AXI_0/MiV_AXI_0/ChiselTop0/tile/core/div/remainder[9]:CLK
  To:   MiV_AXI_0/MiV_AXI_0/ChiselTop0/tile/core/div/remainder[58]:D
  Delay (ns):              6.704
  Slack (ns):              2.271
  Arrival (ns):            9.966
  Required (ns):          12.237
  Operating Conditions: slow_lv_lt

Path 77
  From: MiV_AXI_0/MiV_AXI_0/ChiselTop0/tile/core/div/remainder[8]:CLK
  To:   MiV_AXI_0/MiV_AXI_0/ChiselTop0/tile/core/div/remainder[56]:D
  Delay (ns):              6.692
  Slack (ns):              2.272
  Arrival (ns):            9.954
  Required (ns):          12.226
  Operating Conditions: slow_lv_lt

Path 78
  From: MiV_AXI_0/MiV_AXI_0/ChiselTop0/tile/core/div/remainder[11]:CLK
  To:   MiV_AXI_0/MiV_AXI_0/ChiselTop0/tile/core/div/remainder[48]:D
  Delay (ns):              6.687
  Slack (ns):              2.272
  Arrival (ns):            9.955
  Required (ns):          12.227
  Operating Conditions: slow_lv_lt

Path 79
  From: MiV_AXI_0/MiV_AXI_0/ChiselTop0/tile/core/div/divisor[0]:CLK
  To:   MiV_AXI_0/MiV_AXI_0/ChiselTop0/tile/core/div/remainder[63]:D
  Delay (ns):              6.699
  Slack (ns):              2.273
  Arrival (ns):            9.956
  Required (ns):          12.229
  Operating Conditions: slow_lv_lt

Path 80
  From: MiV_AXI_0/MiV_AXI_0/ChiselTop0/tile/core/div/divisor[11]:CLK
  To:   MiV_AXI_0/MiV_AXI_0/ChiselTop0/tile/core/div/remainder[58]:D
  Delay (ns):              6.697
  Slack (ns):              2.273
  Arrival (ns):           10.136
  Required (ns):          12.409
  Operating Conditions: slow_lv_ht

Path 81
  From: MiV_AXI_0/MiV_AXI_0/ChiselTop0/tile/core/div/divisor[7]:CLK
  To:   MiV_AXI_0/MiV_AXI_0/ChiselTop0/tile/core/div/remainder[64]:D
  Delay (ns):              6.689
  Slack (ns):              2.276
  Arrival (ns):            9.953
  Required (ns):          12.229
  Operating Conditions: slow_lv_lt

Path 82
  From: MiV_AXI_0/MiV_AXI_0/ChiselTop0/tile/core/div/remainder[6]:CLK
  To:   MiV_AXI_0/MiV_AXI_0/ChiselTop0/tile/core/div/remainder[60]:D
  Delay (ns):              6.594
  Slack (ns):              2.276
  Arrival (ns):            9.864
  Required (ns):          12.140
  Operating Conditions: slow_lv_lt

Path 83
  From: MiV_AXI_0/MiV_AXI_0/ChiselTop0/tile/core/div/remainder_0[16]:CLK
  To:   MiV_AXI_0/MiV_AXI_0/ChiselTop0/tile/core/div/remainder[62]:D
  Delay (ns):              6.686
  Slack (ns):              2.276
  Arrival (ns):            9.950
  Required (ns):          12.226
  Operating Conditions: slow_lv_lt

Path 84
  From: MiV_AXI_0/MiV_AXI_0/ChiselTop0/tile/core/div/divisor[3]:CLK
  To:   MiV_AXI_0/MiV_AXI_0/ChiselTop0/tile/core/div/remainder[53]:D
  Delay (ns):              6.684
  Slack (ns):              2.277
  Arrival (ns):            9.952
  Required (ns):          12.229
  Operating Conditions: slow_lv_lt

Path 85
  From: MiV_AXI_0/MiV_AXI_0/ChiselTop0/tile/core/div/divisor[8]:CLK
  To:   MiV_AXI_0/MiV_AXI_0/ChiselTop0/tile/core/div/remainder[56]:D
  Delay (ns):              6.681
  Slack (ns):              2.277
  Arrival (ns):            9.949
  Required (ns):          12.226
  Operating Conditions: slow_lv_lt

Path 86
  From: MiV_AXI_0/MiV_AXI_0/ChiselTop0/tile/core/div/divisor[0]:CLK
  To:   MiV_AXI_0/MiV_AXI_0/ChiselTop0/tile/core/div/remainder[61]:D
  Delay (ns):              6.693
  Slack (ns):              2.277
  Arrival (ns):            9.950
  Required (ns):          12.227
  Operating Conditions: slow_lv_lt

Path 87
  From: MiV_AXI_0/MiV_AXI_0/ChiselTop0/tile/core/div/remainder[11]:CLK
  To:   MiV_AXI_0/MiV_AXI_0/ChiselTop0/tile/core/div/remainder[57]:D
  Delay (ns):              6.680
  Slack (ns):              2.278
  Arrival (ns):            9.948
  Required (ns):          12.226
  Operating Conditions: slow_lv_lt

Path 88
  From: MiV_AXI_0/MiV_AXI_0/ChiselTop0/tile/core/div/remainder[1]:CLK
  To:   MiV_AXI_0/MiV_AXI_0/ChiselTop0/tile/core/div/remainder[49]:D
  Delay (ns):              6.589
  Slack (ns):              2.278
  Arrival (ns):            9.861
  Required (ns):          12.139
  Operating Conditions: slow_lv_lt

Path 89
  From: MiV_AXI_0/MiV_AXI_0/ChiselTop0/tile/core/div/remainder[12]:CLK
  To:   MiV_AXI_0/MiV_AXI_0/ChiselTop0/tile/core/div/remainder[62]:D
  Delay (ns):              6.683
  Slack (ns):              2.279
  Arrival (ns):            9.947
  Required (ns):          12.226
  Operating Conditions: slow_lv_lt

Path 90
  From: MiV_AXI_0/MiV_AXI_0/ChiselTop0/tile/core/div/remainder[11]:CLK
  To:   MiV_AXI_0/MiV_AXI_0/ChiselTop0/tile/core/div/remainder[52]:D
  Delay (ns):              6.678
  Slack (ns):              2.280
  Arrival (ns):            9.946
  Required (ns):          12.226
  Operating Conditions: slow_lv_lt

Path 91
  From: DDR3_0_0/MSC_i_0/MSC_i_1/MSC_i_224/MSC_i_225/cal_init_mr_addr_1[5]:CLK
  To:   DDR3_0_0/MSC_i_0/MSC_i_1/MSC_i_4/MSC_i_190/MSC_i_191/precharge_ob[2]:D
  Delay (ns):              3.674
  Slack (ns):              2.280
  Arrival (ns):           10.633
  Required (ns):          12.913
  Operating Conditions: slow_lv_ht

Path 92
  From: DDR3_0_0/MSC_i_0/MSC_i_1/MSC_i_224/MSC_i_225/cal_init_mr_addr_1[5]:CLK
  To:   DDR3_0_0/MSC_i_0/MSC_i_1/MSC_i_4/MSC_i_190/MSC_i_191/precharge_cs[0]:D
  Delay (ns):              3.674
  Slack (ns):              2.280
  Arrival (ns):           10.633
  Required (ns):          12.913
  Operating Conditions: slow_lv_ht

Path 93
  From: MiV_AXI_0/MiV_AXI_0/ChiselTop0/tile/core/div/divisor[1]:CLK
  To:   MiV_AXI_0/MiV_AXI_0/ChiselTop0/tile/core/div/remainder[56]:D
  Delay (ns):              6.678
  Slack (ns):              2.280
  Arrival (ns):            9.946
  Required (ns):          12.226
  Operating Conditions: slow_lv_lt

Path 94
  From: MiV_AXI_0/MiV_AXI_0/ChiselTop0/tile/core/div/remainder[15]:CLK
  To:   MiV_AXI_0/MiV_AXI_0/ChiselTop0/tile/core/div/remainder[56]:D
  Delay (ns):              6.680
  Slack (ns):              2.282
  Arrival (ns):            9.944
  Required (ns):          12.226
  Operating Conditions: slow_lv_lt

Path 95
  From: MiV_AXI_0/MiV_AXI_0/ChiselTop0/tile/core/div/divisor[0]:CLK
  To:   MiV_AXI_0/MiV_AXI_0/ChiselTop0/tile/core/div/remainder[49]:D
  Delay (ns):              6.684
  Slack (ns):              2.286
  Arrival (ns):            9.941
  Required (ns):          12.227
  Operating Conditions: slow_lv_lt

Path 96
  From: MiV_AXI_0/MiV_AXI_0/ChiselTop0/tile/core/div/remainder_0[16]:CLK
  To:   MiV_AXI_0/MiV_AXI_0/ChiselTop0/tile/core/div/remainder[48]:D
  Delay (ns):              6.676
  Slack (ns):              2.287
  Arrival (ns):            9.940
  Required (ns):          12.227
  Operating Conditions: slow_lv_lt

Path 97
  From: MiV_AXI_0/MiV_AXI_0/ChiselTop0/tile/core/div/divisor[6]:CLK
  To:   MiV_AXI_0/MiV_AXI_0/ChiselTop0/tile/core/div/remainder[58]:D
  Delay (ns):              6.688
  Slack (ns):              2.287
  Arrival (ns):            9.950
  Required (ns):          12.237
  Operating Conditions: slow_lv_lt

Path 98
  From: MiV_AXI_0/MiV_AXI_0/ChiselTop0/tile/core/div/remainder[5]:CLK
  To:   MiV_AXI_0/MiV_AXI_0/ChiselTop0/tile/core/div/remainder[60]:D
  Delay (ns):              6.669
  Slack (ns):              2.288
  Arrival (ns):            9.940
  Required (ns):          12.228
  Operating Conditions: slow_lv_lt

Path 99
  From: MiV_AXI_0/MiV_AXI_0/ChiselTop0/tile/core/div/divisor[3]:CLK
  To:   MiV_AXI_0/MiV_AXI_0/ChiselTop0/tile/core/div/remainder[54]:D
  Delay (ns):              6.666
  Slack (ns):              2.289
  Arrival (ns):            9.934
  Required (ns):          12.223
  Operating Conditions: slow_lv_lt

Path 100
  From: MiV_AXI_0/MiV_AXI_0/ChiselTop0/tile/core/div/divisor[7]:CLK
  To:   MiV_AXI_0/MiV_AXI_0/ChiselTop0/tile/core/div/remainder[63]:D
  Delay (ns):              6.676
  Slack (ns):              2.289
  Arrival (ns):            9.940
  Required (ns):          12.229
  Operating Conditions: slow_lv_lt

