Timing Violation Report Max Delay Analysis

SmartTime Version v12.3
Microsemi Corporation - Microsemi Libero Software Release v12.3 (Version 12.800.0.16)
Date: Mon Mar  2 17:42:00 2020


Design: top
Family: PolarFire
Die: MPF300TS
Package: FCG1152
Temperature Range: -40 - 100 C
Voltage Range: 1.0185 - 1.0815 V
Speed Grade: -1
Design State: Post-Layout
Data source: Production
Multi Corner Report Operating Conditions: slow_lv_ht, slow_lv_lt, fast_hv_lt
Scenario for Timing Analysis: timing_analysis


Path 1
  From: DDR3_0_0/MSC_i_0/MSC_i_1/MSC_i_4/MSC_i_190/init_sm[3]:CLK
  To:   DDR3_0_0/MSC_i_0/MSC_i_1/MSC_i_4/MSC_i_190/MSC_i_191/precharge_ob[3]:D
  Delay (ns):              3.352
  Slack (ns):              2.531
  Arrival (ns):            9.849
  Required (ns):          12.380
  Operating Conditions: slow_lv_ht

Path 2
  From: DDR3_0_0/MSC_i_0/MSC_i_1/MSC_i_224/MSC_i_225/cal_init_mr_addr_1[3]:CLK
  To:   DDR3_0_0/MSC_i_0/MSC_i_1/MSC_i_4/MSC_i_190/MSC_i_191/precharge_ob[3]:D
  Delay (ns):              3.344
  Slack (ns):              2.533
  Arrival (ns):            9.847
  Required (ns):          12.380
  Operating Conditions: slow_lv_ht

Path 3
  From: DDR3_0_0/MSC_i_0/MSC_i_1/MSC_i_224/MSC_i_225/cal_init_mr_addr_1[2]:CLK
  To:   DDR3_0_0/MSC_i_0/MSC_i_1/MSC_i_4/MSC_i_190/MSC_i_191/precharge_ob[3]:D
  Delay (ns):              3.341
  Slack (ns):              2.535
  Arrival (ns):            9.845
  Required (ns):          12.380
  Operating Conditions: slow_lv_ht

Path 4
  From: DDR3_0_0/MSC_i_0/MSC_i_1/MSC_i_224/MSC_i_225/cal_init_mr_addr_1[5]:CLK
  To:   DDR3_0_0/MSC_i_0/MSC_i_1/MSC_i_4/MSC_i_190/MSC_i_191/precharge_ob[3]:D
  Delay (ns):              3.339
  Slack (ns):              2.537
  Arrival (ns):            9.843
  Required (ns):          12.380
  Operating Conditions: slow_lv_ht

Path 5
  From: DDR3_0_0/MSC_i_0/MSC_i_1/MSC_i_4/MSC_i_190/init_sm[3]:CLK
  To:   DDR3_0_0/MSC_i_0/MSC_i_1/MSC_i_4/MSC_i_190/MSC_i_191/precharge_cs[0]:D
  Delay (ns):              3.339
  Slack (ns):              2.544
  Arrival (ns):            9.836
  Required (ns):          12.380
  Operating Conditions: slow_lv_ht

Path 6
  From: DDR3_0_0/MSC_i_0/MSC_i_1/MSC_i_4/MSC_i_190/init_sm[3]:CLK
  To:   DDR3_0_0/MSC_i_0/MSC_i_1/MSC_i_4/MSC_i_190/MSC_i_191/precharge_ob[1]:D
  Delay (ns):              3.339
  Slack (ns):              2.544
  Arrival (ns):            9.836
  Required (ns):          12.380
  Operating Conditions: slow_lv_ht

Path 7
  From: DDR3_0_0/MSC_i_0/MSC_i_1/MSC_i_4/MSC_i_190/init_sm[3]:CLK
  To:   DDR3_0_0/MSC_i_0/MSC_i_1/MSC_i_4/MSC_i_190/MSC_i_191/precharge_ob[2]:D
  Delay (ns):              3.339
  Slack (ns):              2.544
  Arrival (ns):            9.836
  Required (ns):          12.380
  Operating Conditions: slow_lv_ht

Path 8
  From: DDR3_0_0/MSC_i_0/MSC_i_1/MSC_i_224/MSC_i_225/cal_init_mr_addr_1[3]:CLK
  To:   DDR3_0_0/MSC_i_0/MSC_i_1/MSC_i_4/MSC_i_190/MSC_i_191/precharge_cs[0]:D
  Delay (ns):              3.331
  Slack (ns):              2.546
  Arrival (ns):            9.834
  Required (ns):          12.380
  Operating Conditions: slow_lv_ht

Path 9
  From: DDR3_0_0/MSC_i_0/MSC_i_1/MSC_i_224/MSC_i_225/cal_init_mr_addr_1[3]:CLK
  To:   DDR3_0_0/MSC_i_0/MSC_i_1/MSC_i_4/MSC_i_190/MSC_i_191/precharge_ob[1]:D
  Delay (ns):              3.331
  Slack (ns):              2.546
  Arrival (ns):            9.834
  Required (ns):          12.380
  Operating Conditions: slow_lv_ht

Path 10
  From: DDR3_0_0/MSC_i_0/MSC_i_1/MSC_i_4/MSC_i_190/user_mr_w_req:CLK
  To:   DDR3_0_0/MSC_i_0/MSC_i_1/MSC_i_4/MSC_i_190/MSC_i_191/precharge_ob[3]:D
  Delay (ns):              3.328
  Slack (ns):              2.546
  Arrival (ns):            9.834
  Required (ns):          12.380
  Operating Conditions: slow_lv_ht

Path 11
  From: DDR3_0_0/MSC_i_0/MSC_i_1/MSC_i_224/MSC_i_225/cal_init_mr_addr_1[3]:CLK
  To:   DDR3_0_0/MSC_i_0/MSC_i_1/MSC_i_4/MSC_i_190/MSC_i_191/precharge_ob[2]:D
  Delay (ns):              3.331
  Slack (ns):              2.546
  Arrival (ns):            9.834
  Required (ns):          12.380
  Operating Conditions: slow_lv_ht

Path 12
  From: DDR3_0_0/MSC_i_0/MSC_i_1/MSC_i_224/MSC_i_225/cal_init_mr_addr_1[2]:CLK
  To:   DDR3_0_0/MSC_i_0/MSC_i_1/MSC_i_4/MSC_i_190/MSC_i_191/precharge_ob[2]:D
  Delay (ns):              3.328
  Slack (ns):              2.548
  Arrival (ns):            9.832
  Required (ns):          12.380
  Operating Conditions: slow_lv_ht

Path 13
  From: DDR3_0_0/MSC_i_0/MSC_i_1/MSC_i_224/MSC_i_225/cal_init_mr_addr_1[2]:CLK
  To:   DDR3_0_0/MSC_i_0/MSC_i_1/MSC_i_4/MSC_i_190/MSC_i_191/precharge_ob[1]:D
  Delay (ns):              3.328
  Slack (ns):              2.548
  Arrival (ns):            9.832
  Required (ns):          12.380
  Operating Conditions: slow_lv_ht

Path 14
  From: DDR3_0_0/MSC_i_0/MSC_i_1/MSC_i_224/MSC_i_225/cal_init_mr_addr_1[2]:CLK
  To:   DDR3_0_0/MSC_i_0/MSC_i_1/MSC_i_4/MSC_i_190/MSC_i_191/precharge_cs[0]:D
  Delay (ns):              3.328
  Slack (ns):              2.548
  Arrival (ns):            9.832
  Required (ns):          12.380
  Operating Conditions: slow_lv_ht

Path 15
  From: DDR3_0_0/MSC_i_0/MSC_i_1/MSC_i_4/MSC_i_190/init_sm[1]:CLK
  To:   DDR3_0_0/MSC_i_0/MSC_i_1/MSC_i_4/MSC_i_190/MSC_i_191/precharge_ob[3]:D
  Delay (ns):              3.341
  Slack (ns):              2.549
  Arrival (ns):            9.831
  Required (ns):          12.380
  Operating Conditions: slow_lv_ht

Path 16
  From: DDR3_0_0/MSC_i_0/MSC_i_1/MSC_i_224/MSC_i_225/cal_init_mr_addr_1[5]:CLK
  To:   DDR3_0_0/MSC_i_0/MSC_i_1/MSC_i_4/MSC_i_190/MSC_i_191/precharge_ob[2]:D
  Delay (ns):              3.326
  Slack (ns):              2.550
  Arrival (ns):            9.830
  Required (ns):          12.380
  Operating Conditions: slow_lv_ht

Path 17
  From: DDR3_0_0/MSC_i_0/MSC_i_1/MSC_i_224/MSC_i_225/cal_init_mr_addr_1[5]:CLK
  To:   DDR3_0_0/MSC_i_0/MSC_i_1/MSC_i_4/MSC_i_190/MSC_i_191/precharge_ob[1]:D
  Delay (ns):              3.326
  Slack (ns):              2.550
  Arrival (ns):            9.830
  Required (ns):          12.380
  Operating Conditions: slow_lv_ht

Path 18
  From: DDR3_0_0/MSC_i_0/MSC_i_1/MSC_i_224/MSC_i_225/cal_init_mr_addr_1[5]:CLK
  To:   DDR3_0_0/MSC_i_0/MSC_i_1/MSC_i_4/MSC_i_190/MSC_i_191/precharge_cs[0]:D
  Delay (ns):              3.326
  Slack (ns):              2.550
  Arrival (ns):            9.830
  Required (ns):          12.380
  Operating Conditions: slow_lv_ht

Path 19
  From: DDR3_0_0/MSC_i_0/MSC_i_1/MSC_i_4/MSC_i_190/init_sm[2]:CLK
  To:   DDR3_0_0/MSC_i_0/MSC_i_1/MSC_i_4/MSC_i_190/MSC_i_191/precharge_ob[3]:D
  Delay (ns):              3.326
  Slack (ns):              2.557
  Arrival (ns):            9.823
  Required (ns):          12.380
  Operating Conditions: slow_lv_ht

Path 20
  From: DDR3_0_0/MSC_i_0/MSC_i_1/MSC_i_4/MSC_i_190/init_sm[5]:CLK
  To:   DDR3_0_0/MSC_i_0/MSC_i_1/MSC_i_4/MSC_i_190/MSC_i_191/precharge_ob[3]:D
  Delay (ns):              3.325
  Slack (ns):              2.558
  Arrival (ns):            9.822
  Required (ns):          12.380
  Operating Conditions: slow_lv_ht

Path 21
  From: DDR3_0_0/MSC_i_0/MSC_i_1/MSC_i_4/MSC_i_190/user_mr_w_req:CLK
  To:   DDR3_0_0/MSC_i_0/MSC_i_1/MSC_i_4/MSC_i_190/MSC_i_191/precharge_cs[0]:D
  Delay (ns):              3.315
  Slack (ns):              2.559
  Arrival (ns):            9.821
  Required (ns):          12.380
  Operating Conditions: slow_lv_ht

Path 22
  From: DDR3_0_0/MSC_i_0/MSC_i_1/MSC_i_4/MSC_i_190/user_mr_w_req:CLK
  To:   DDR3_0_0/MSC_i_0/MSC_i_1/MSC_i_4/MSC_i_190/MSC_i_191/precharge_ob[2]:D
  Delay (ns):              3.315
  Slack (ns):              2.559
  Arrival (ns):            9.821
  Required (ns):          12.380
  Operating Conditions: slow_lv_ht

Path 23
  From: DDR3_0_0/MSC_i_0/MSC_i_1/MSC_i_4/MSC_i_190/user_mr_w_req:CLK
  To:   DDR3_0_0/MSC_i_0/MSC_i_1/MSC_i_4/MSC_i_190/MSC_i_191/precharge_ob[1]:D
  Delay (ns):              3.315
  Slack (ns):              2.559
  Arrival (ns):            9.821
  Required (ns):          12.380
  Operating Conditions: slow_lv_ht

Path 24
  From: DDR3_0_0/MSC_i_0/MSC_i_1/MSC_i_4/MSC_i_190/init_sm[1]:CLK
  To:   DDR3_0_0/MSC_i_0/MSC_i_1/MSC_i_4/MSC_i_190/MSC_i_191/precharge_ob[2]:D
  Delay (ns):              3.328
  Slack (ns):              2.562
  Arrival (ns):            9.818
  Required (ns):          12.380
  Operating Conditions: slow_lv_ht

Path 25
  From: DDR3_0_0/MSC_i_0/MSC_i_1/MSC_i_4/MSC_i_190/init_sm[1]:CLK
  To:   DDR3_0_0/MSC_i_0/MSC_i_1/MSC_i_4/MSC_i_190/MSC_i_191/precharge_ob[1]:D
  Delay (ns):              3.328
  Slack (ns):              2.562
  Arrival (ns):            9.818
  Required (ns):          12.380
  Operating Conditions: slow_lv_ht

Path 26
  From: DDR3_0_0/MSC_i_0/MSC_i_1/MSC_i_4/MSC_i_190/init_sm[1]:CLK
  To:   DDR3_0_0/MSC_i_0/MSC_i_1/MSC_i_4/MSC_i_190/MSC_i_191/precharge_cs[0]:D
  Delay (ns):              3.328
  Slack (ns):              2.562
  Arrival (ns):            9.818
  Required (ns):          12.380
  Operating Conditions: slow_lv_ht

Path 27
  From: DDR3_0_0/MSC_i_0/MSC_i_1/MSC_i_4/MSC_i_190/init_sm[2]:CLK
  To:   DDR3_0_0/MSC_i_0/MSC_i_1/MSC_i_4/MSC_i_190/MSC_i_191/precharge_ob[1]:D
  Delay (ns):              3.313
  Slack (ns):              2.570
  Arrival (ns):            9.810
  Required (ns):          12.380
  Operating Conditions: slow_lv_ht

Path 28
  From: DDR3_0_0/MSC_i_0/MSC_i_1/MSC_i_4/MSC_i_190/init_sm[2]:CLK
  To:   DDR3_0_0/MSC_i_0/MSC_i_1/MSC_i_4/MSC_i_190/MSC_i_191/precharge_ob[2]:D
  Delay (ns):              3.313
  Slack (ns):              2.570
  Arrival (ns):            9.810
  Required (ns):          12.380
  Operating Conditions: slow_lv_ht

Path 29
  From: DDR3_0_0/MSC_i_0/MSC_i_1/MSC_i_4/MSC_i_190/init_sm[2]:CLK
  To:   DDR3_0_0/MSC_i_0/MSC_i_1/MSC_i_4/MSC_i_190/MSC_i_191/precharge_cs[0]:D
  Delay (ns):              3.313
  Slack (ns):              2.570
  Arrival (ns):            9.810
  Required (ns):          12.380
  Operating Conditions: slow_lv_ht

Path 30
  From: DDR3_0_0/MSC_i_0/MSC_i_1/MSC_i_4/MSC_i_190/init_sm[5]:CLK
  To:   DDR3_0_0/MSC_i_0/MSC_i_1/MSC_i_4/MSC_i_190/MSC_i_191/precharge_cs[0]:D
  Delay (ns):              3.312
  Slack (ns):              2.571
  Arrival (ns):            9.809
  Required (ns):          12.380
  Operating Conditions: slow_lv_ht

Path 31
  From: DDR3_0_0/MSC_i_0/MSC_i_1/MSC_i_4/MSC_i_190/init_sm[5]:CLK
  To:   DDR3_0_0/MSC_i_0/MSC_i_1/MSC_i_4/MSC_i_190/MSC_i_191/precharge_ob[2]:D
  Delay (ns):              3.312
  Slack (ns):              2.571
  Arrival (ns):            9.809
  Required (ns):          12.380
  Operating Conditions: slow_lv_ht

Path 32
  From: DDR3_0_0/MSC_i_0/MSC_i_1/MSC_i_4/MSC_i_190/init_sm[5]:CLK
  To:   DDR3_0_0/MSC_i_0/MSC_i_1/MSC_i_4/MSC_i_190/MSC_i_191/precharge_ob[1]:D
  Delay (ns):              3.312
  Slack (ns):              2.571
  Arrival (ns):            9.809
  Required (ns):          12.380
  Operating Conditions: slow_lv_ht

Path 33
  From: DDR3_0_0/MSC_i_0/MSC_i_1/MSC_i_224/MSC_i_225/cal_init_mr_addr_1[4]:CLK
  To:   DDR3_0_0/MSC_i_0/MSC_i_1/MSC_i_4/MSC_i_190/MSC_i_191/precharge_ob[3]:D
  Delay (ns):              3.292
  Slack (ns):              2.584
  Arrival (ns):            9.796
  Required (ns):          12.380
  Operating Conditions: slow_lv_ht

Path 34
  From: DDR3_0_0/MSC_i_0/MSC_i_1/MSC_i_224/MSC_i_225/cal_init_mr_addr_1[4]:CLK
  To:   DDR3_0_0/MSC_i_0/MSC_i_1/MSC_i_4/MSC_i_190/MSC_i_191/precharge_cs[0]:D
  Delay (ns):              3.279
  Slack (ns):              2.597
  Arrival (ns):            9.783
  Required (ns):          12.380
  Operating Conditions: slow_lv_ht

Path 35
  From: DDR3_0_0/MSC_i_0/MSC_i_1/MSC_i_4/MSC_i_190/init_sm[3]:CLK
  To:   DDR3_0_0/MSC_i_0/MSC_i_1/MSC_i_4/MSC_i_190/MSC_i_191/precharge_ob[0]:D
  Delay (ns):              3.287
  Slack (ns):              2.597
  Arrival (ns):            9.784
  Required (ns):          12.381
  Operating Conditions: slow_lv_ht

Path 36
  From: DDR3_0_0/MSC_i_0/MSC_i_1/MSC_i_224/MSC_i_225/cal_init_mr_addr_1[4]:CLK
  To:   DDR3_0_0/MSC_i_0/MSC_i_1/MSC_i_4/MSC_i_190/MSC_i_191/precharge_ob[2]:D
  Delay (ns):              3.279
  Slack (ns):              2.597
  Arrival (ns):            9.783
  Required (ns):          12.380
  Operating Conditions: slow_lv_ht

Path 37
  From: DDR3_0_0/MSC_i_0/MSC_i_1/MSC_i_224/MSC_i_225/cal_init_mr_addr_1[4]:CLK
  To:   DDR3_0_0/MSC_i_0/MSC_i_1/MSC_i_4/MSC_i_190/MSC_i_191/precharge_ob[1]:D
  Delay (ns):              3.279
  Slack (ns):              2.597
  Arrival (ns):            9.783
  Required (ns):          12.380
  Operating Conditions: slow_lv_ht

Path 38
  From: DDR3_0_0/MSC_i_0/MSC_i_1/MSC_i_224/MSC_i_225/cal_init_mr_addr_1[3]:CLK
  To:   DDR3_0_0/MSC_i_0/MSC_i_1/MSC_i_4/MSC_i_190/MSC_i_191/precharge_ob[0]:D
  Delay (ns):              3.279
  Slack (ns):              2.599
  Arrival (ns):            9.782
  Required (ns):          12.381
  Operating Conditions: slow_lv_ht

Path 39
  From: DDR3_0_0/MSC_i_0/MSC_i_1/MSC_i_224/MSC_i_225/cal_init_mr_addr_1[2]:CLK
  To:   DDR3_0_0/MSC_i_0/MSC_i_1/MSC_i_4/MSC_i_190/MSC_i_191/precharge_ob[0]:D
  Delay (ns):              3.276
  Slack (ns):              2.601
  Arrival (ns):            9.780
  Required (ns):          12.381
  Operating Conditions: slow_lv_ht

Path 40
  From: DDR3_0_0/MSC_i_0/MSC_i_1/MSC_i_224/MSC_i_225/cal_init_mr_addr_1[1]:CLK
  To:   DDR3_0_0/MSC_i_0/MSC_i_1/MSC_i_4/MSC_i_190/MSC_i_191/precharge_ob[3]:D
  Delay (ns):              3.275
  Slack (ns):              2.601
  Arrival (ns):            9.779
  Required (ns):          12.380
  Operating Conditions: slow_lv_ht

Path 41
  From: DDR3_0_0/MSC_i_0/MSC_i_1/MSC_i_224/MSC_i_225/cal_init_mr_addr_1[5]:CLK
  To:   DDR3_0_0/MSC_i_0/MSC_i_1/MSC_i_4/MSC_i_190/MSC_i_191/precharge_ob[0]:D
  Delay (ns):              3.274
  Slack (ns):              2.603
  Arrival (ns):            9.778
  Required (ns):          12.381
  Operating Conditions: slow_lv_ht

Path 42
  From: DDR3_0_0/MSC_i_0/MSC_i_1/MSC_i_224/MSC_i_225/cal_init_mr_addr_1[0]:CLK
  To:   DDR3_0_0/MSC_i_0/MSC_i_1/MSC_i_4/MSC_i_190/MSC_i_191/precharge_ob[3]:D
  Delay (ns):              3.268
  Slack (ns):              2.608
  Arrival (ns):            9.772
  Required (ns):          12.380
  Operating Conditions: slow_lv_ht

Path 43
  From: DDR3_0_0/MSC_i_0/MSC_i_1/MSC_i_4/MSC_i_190/init_sm[4]:CLK
  To:   DDR3_0_0/MSC_i_0/MSC_i_1/MSC_i_4/MSC_i_190/MSC_i_191/precharge_ob[3]:D
  Delay (ns):              3.274
  Slack (ns):              2.609
  Arrival (ns):            9.771
  Required (ns):          12.380
  Operating Conditions: slow_lv_ht

Path 44
  From: DDR3_0_0/MSC_i_0/MSC_i_1/MSC_i_4/MSC_i_190/init_sm[0]:CLK
  To:   DDR3_0_0/MSC_i_0/MSC_i_1/MSC_i_4/MSC_i_190/MSC_i_191/precharge_ob[3]:D
  Delay (ns):              3.280
  Slack (ns):              2.610
  Arrival (ns):            9.770
  Required (ns):          12.380
  Operating Conditions: slow_lv_ht

Path 45
  From: DDR3_0_0/MSC_i_0/MSC_i_1/MSC_i_4/MSC_i_190/user_mr_w_req:CLK
  To:   DDR3_0_0/MSC_i_0/MSC_i_1/MSC_i_4/MSC_i_190/MSC_i_191/precharge_ob[0]:D
  Delay (ns):              3.263
  Slack (ns):              2.612
  Arrival (ns):            9.769
  Required (ns):          12.381
  Operating Conditions: slow_lv_ht

Path 46
  From: DDR3_0_0/MSC_i_0/MSC_i_1/MSC_i_224/MSC_i_225/cal_init_mr_addr_1[1]:CLK
  To:   DDR3_0_0/MSC_i_0/MSC_i_1/MSC_i_4/MSC_i_190/MSC_i_191/precharge_ob[1]:D
  Delay (ns):              3.262
  Slack (ns):              2.614
  Arrival (ns):            9.766
  Required (ns):          12.380
  Operating Conditions: slow_lv_ht

Path 47
  From: DDR3_0_0/MSC_i_0/MSC_i_1/MSC_i_224/MSC_i_225/cal_init_mr_addr_1[1]:CLK
  To:   DDR3_0_0/MSC_i_0/MSC_i_1/MSC_i_4/MSC_i_190/MSC_i_191/precharge_cs[0]:D
  Delay (ns):              3.262
  Slack (ns):              2.614
  Arrival (ns):            9.766
  Required (ns):          12.380
  Operating Conditions: slow_lv_ht

Path 48
  From: DDR3_0_0/MSC_i_0/MSC_i_1/MSC_i_224/MSC_i_225/cal_init_mr_addr_1[1]:CLK
  To:   DDR3_0_0/MSC_i_0/MSC_i_1/MSC_i_4/MSC_i_190/MSC_i_191/precharge_ob[2]:D
  Delay (ns):              3.262
  Slack (ns):              2.614
  Arrival (ns):            9.766
  Required (ns):          12.380
  Operating Conditions: slow_lv_ht

Path 49
  From: DDR3_0_0/MSC_i_0/MSC_i_1/MSC_i_4/MSC_i_190/init_sm[1]:CLK
  To:   DDR3_0_0/MSC_i_0/MSC_i_1/MSC_i_4/MSC_i_190/MSC_i_191/precharge_ob[0]:D
  Delay (ns):              3.276
  Slack (ns):              2.615
  Arrival (ns):            9.766
  Required (ns):          12.381
  Operating Conditions: slow_lv_ht

Path 50
  From: DDR3_0_0/MSC_i_0/MSC_i_1/MSC_i_224/MSC_i_225/cal_init_mr_addr_1[0]:CLK
  To:   DDR3_0_0/MSC_i_0/MSC_i_1/MSC_i_4/MSC_i_190/MSC_i_191/precharge_ob[1]:D
  Delay (ns):              3.255
  Slack (ns):              2.621
  Arrival (ns):            9.759
  Required (ns):          12.380
  Operating Conditions: slow_lv_ht

Path 51
  From: DDR3_0_0/MSC_i_0/MSC_i_1/MSC_i_224/MSC_i_225/cal_init_mr_addr_1[0]:CLK
  To:   DDR3_0_0/MSC_i_0/MSC_i_1/MSC_i_4/MSC_i_190/MSC_i_191/precharge_cs[0]:D
  Delay (ns):              3.255
  Slack (ns):              2.621
  Arrival (ns):            9.759
  Required (ns):          12.380
  Operating Conditions: slow_lv_ht

Path 52
  From: DDR3_0_0/MSC_i_0/MSC_i_1/MSC_i_224/MSC_i_225/cal_init_mr_addr_1[0]:CLK
  To:   DDR3_0_0/MSC_i_0/MSC_i_1/MSC_i_4/MSC_i_190/MSC_i_191/precharge_ob[2]:D
  Delay (ns):              3.255
  Slack (ns):              2.621
  Arrival (ns):            9.759
  Required (ns):          12.380
  Operating Conditions: slow_lv_ht

Path 53
  From: DDR3_0_0/MSC_i_0/MSC_i_1/MSC_i_4/MSC_i_190/init_sm[4]:CLK
  To:   DDR3_0_0/MSC_i_0/MSC_i_1/MSC_i_4/MSC_i_190/MSC_i_191/precharge_ob[2]:D
  Delay (ns):              3.261
  Slack (ns):              2.622
  Arrival (ns):            9.758
  Required (ns):          12.380
  Operating Conditions: slow_lv_ht

Path 54
  From: DDR3_0_0/MSC_i_0/MSC_i_1/MSC_i_4/MSC_i_190/init_sm[4]:CLK
  To:   DDR3_0_0/MSC_i_0/MSC_i_1/MSC_i_4/MSC_i_190/MSC_i_191/precharge_ob[1]:D
  Delay (ns):              3.261
  Slack (ns):              2.622
  Arrival (ns):            9.758
  Required (ns):          12.380
  Operating Conditions: slow_lv_ht

Path 55
  From: DDR3_0_0/MSC_i_0/MSC_i_1/MSC_i_4/MSC_i_190/init_sm[4]:CLK
  To:   DDR3_0_0/MSC_i_0/MSC_i_1/MSC_i_4/MSC_i_190/MSC_i_191/precharge_cs[0]:D
  Delay (ns):              3.261
  Slack (ns):              2.622
  Arrival (ns):            9.758
  Required (ns):          12.380
  Operating Conditions: slow_lv_ht

Path 56
  From: DDR3_0_0/MSC_i_0/MSC_i_1/MSC_i_4/MSC_i_190/init_sm[0]:CLK
  To:   DDR3_0_0/MSC_i_0/MSC_i_1/MSC_i_4/MSC_i_190/MSC_i_191/precharge_ob[1]:D
  Delay (ns):              3.267
  Slack (ns):              2.623
  Arrival (ns):            9.757
  Required (ns):          12.380
  Operating Conditions: slow_lv_ht

Path 57
  From: DDR3_0_0/MSC_i_0/MSC_i_1/MSC_i_4/MSC_i_190/init_sm[0]:CLK
  To:   DDR3_0_0/MSC_i_0/MSC_i_1/MSC_i_4/MSC_i_190/MSC_i_191/precharge_ob[2]:D
  Delay (ns):              3.267
  Slack (ns):              2.623
  Arrival (ns):            9.757
  Required (ns):          12.380
  Operating Conditions: slow_lv_ht

Path 58
  From: DDR3_0_0/MSC_i_0/MSC_i_1/MSC_i_4/MSC_i_190/init_sm[2]:CLK
  To:   DDR3_0_0/MSC_i_0/MSC_i_1/MSC_i_4/MSC_i_190/MSC_i_191/precharge_ob[0]:D
  Delay (ns):              3.261
  Slack (ns):              2.623
  Arrival (ns):            9.758
  Required (ns):          12.381
  Operating Conditions: slow_lv_ht

Path 59
  From: DDR3_0_0/MSC_i_0/MSC_i_1/MSC_i_4/MSC_i_190/init_sm[0]:CLK
  To:   DDR3_0_0/MSC_i_0/MSC_i_1/MSC_i_4/MSC_i_190/MSC_i_191/precharge_cs[0]:D
  Delay (ns):              3.267
  Slack (ns):              2.623
  Arrival (ns):            9.757
  Required (ns):          12.380
  Operating Conditions: slow_lv_ht

Path 60
  From: DDR3_0_0/MSC_i_0/MSC_i_1/MSC_i_4/MSC_i_190/init_sm[5]:CLK
  To:   DDR3_0_0/MSC_i_0/MSC_i_1/MSC_i_4/MSC_i_190/MSC_i_191/precharge_ob[0]:D
  Delay (ns):              3.260
  Slack (ns):              2.624
  Arrival (ns):            9.757
  Required (ns):          12.381
  Operating Conditions: slow_lv_ht

Path 61
  From: DDR3_0_0/MSC_i_0/MSC_i_1/MSC_i_224/MSC_i_225/cal_init_mr_addr_1[4]:CLK
  To:   DDR3_0_0/MSC_i_0/MSC_i_1/MSC_i_4/MSC_i_190/MSC_i_191/precharge_ob[0]:D
  Delay (ns):              3.227
  Slack (ns):              2.650
  Arrival (ns):            9.731
  Required (ns):          12.381
  Operating Conditions: slow_lv_ht

Path 62
  From: DDR3_0_0/MSC_i_0/MSC_i_1/MSC_i_4/MSC_i_7/data_shifter_gen[1].data_shifter[1][0]:CLK
  To:   DDR3_0_0/MSC_i_0/MSC_i_1/MSC_i_4/MSC_i_183/write_count[9]:D
  Delay (ns):              3.240
  Slack (ns):              2.659
  Arrival (ns):            9.731
  Required (ns):          12.390
  Operating Conditions: slow_lv_ht

Path 63
  From: DDR3_0_0/MSC_i_0/MSC_i_1/MSC_i_4/MSC_i_190/init_sm[4]:CLK
  To:   DDR3_0_0/MSC_i_0/MSC_i_1/MSC_i_4/MSC_i_190/nwl_timer2[13]:D
  Delay (ns):              3.271
  Slack (ns):              2.664
  Arrival (ns):            9.768
  Required (ns):          12.432
  Operating Conditions: slow_lv_ht

Path 64
  From: DDR3_0_0/MSC_i_0/MSC_i_1/MSC_i_4/MSC_i_7/data_shifter_gen[1].data_shifter[1][0]:CLK
  To:   DDR3_0_0/MSC_i_0/MSC_i_1/MSC_i_4/MSC_i_183/write_count[10]:D
  Delay (ns):              3.231
  Slack (ns):              2.665
  Arrival (ns):            9.722
  Required (ns):          12.387
  Operating Conditions: slow_lv_ht

Path 65
  From: DDR3_0_0/MSC_i_0/MSC_i_1/MSC_i_224/MSC_i_225/cal_init_mr_addr_1[1]:CLK
  To:   DDR3_0_0/MSC_i_0/MSC_i_1/MSC_i_4/MSC_i_190/MSC_i_191/precharge_ob[0]:D
  Delay (ns):              3.210
  Slack (ns):              2.667
  Arrival (ns):            9.714
  Required (ns):          12.381
  Operating Conditions: slow_lv_ht

Path 66
  From: DDR3_0_0/MSC_i_0/MSC_i_1/MSC_i_4/MSC_i_190/init_sm[1]:CLK
  To:   DDR3_0_0/MSC_i_0/MSC_i_1/MSC_i_4/MSC_i_190/nwl_timer2[13]:D
  Delay (ns):              3.273
  Slack (ns):              2.669
  Arrival (ns):            9.763
  Required (ns):          12.432
  Operating Conditions: slow_lv_ht

Path 67
  From: DDR3_0_0/MSC_i_0/MSC_i_1/MSC_i_224/MSC_i_225/cal_init_mr_addr_1[0]:CLK
  To:   DDR3_0_0/MSC_i_0/MSC_i_1/MSC_i_4/MSC_i_190/MSC_i_191/precharge_ob[0]:D
  Delay (ns):              3.203
  Slack (ns):              2.674
  Arrival (ns):            9.707
  Required (ns):          12.381
  Operating Conditions: slow_lv_ht

Path 68
  From: DDR3_0_0/MSC_i_0/MSC_i_1/MSC_i_4/MSC_i_190/init_sm[4]:CLK
  To:   DDR3_0_0/MSC_i_0/MSC_i_1/MSC_i_4/MSC_i_190/MSC_i_191/precharge_ob[0]:D
  Delay (ns):              3.209
  Slack (ns):              2.675
  Arrival (ns):            9.706
  Required (ns):          12.381
  Operating Conditions: slow_lv_ht

Path 69
  From: DDR3_0_0/MSC_i_0/MSC_i_1/MSC_i_4/MSC_i_8/MSC_i_72/MSC_i_73/MSC_i_74/rd_addr[0]:CLK
  To:   DDR3_0_0/MSC_i_0/MSC_i_1/MSC_i_4/MSC_i_8/rd_data_asm_fifo_wr_data[37]:D
  Delay (ns):              3.237
  Slack (ns):              2.676
  Arrival (ns):            9.676
  Required (ns):          12.352
  Operating Conditions: slow_lv_ht

Path 70
  From: DDR3_0_0/MSC_i_0/MSC_i_1/MSC_i_4/MSC_i_190/init_sm[0]:CLK
  To:   DDR3_0_0/MSC_i_0/MSC_i_1/MSC_i_4/MSC_i_190/MSC_i_191/precharge_ob[0]:D
  Delay (ns):              3.215
  Slack (ns):              2.676
  Arrival (ns):            9.705
  Required (ns):          12.381
  Operating Conditions: slow_lv_ht

Path 71
  From: DDR3_0_0/MSC_i_0/MSC_i_1/MSC_i_4/MSC_i_8/MSC_i_72/MSC_i_73/MSC_i_74/rd_addr[0]:CLK
  To:   DDR3_0_0/MSC_i_0/MSC_i_1/MSC_i_4/MSC_i_8/rd_data_asm_fifo_wr_data[14]:D
  Delay (ns):              3.236
  Slack (ns):              2.677
  Arrival (ns):            9.675
  Required (ns):          12.352
  Operating Conditions: slow_lv_ht

Path 72
  From: DDR3_0_0/MSC_i_0/MSC_i_1/MSC_i_4/MSC_i_8/MSC_i_72/MSC_i_73/MSC_i_74/rd_addr[0]:CLK
  To:   DDR3_0_0/MSC_i_0/MSC_i_1/MSC_i_4/MSC_i_8/rd_data_asm_fifo_wr_data[50]:D
  Delay (ns):              3.232
  Slack (ns):              2.681
  Arrival (ns):            9.671
  Required (ns):          12.352
  Operating Conditions: slow_lv_ht

Path 73
  From: DDR3_0_0/MSC_i_0/MSC_i_1/MSC_i_4/MSC_i_8/MSC_i_72/MSC_i_73/MSC_i_74/rd_addr[0]:CLK
  To:   DDR3_0_0/MSC_i_0/MSC_i_1/MSC_i_4/MSC_i_8/rd_data_asm_fifo_wr_data[33]:D
  Delay (ns):              3.232
  Slack (ns):              2.681
  Arrival (ns):            9.671
  Required (ns):          12.352
  Operating Conditions: slow_lv_ht

Path 74
  From: DDR3_0_0/MSC_i_0/MSC_i_1/MSC_i_4/MSC_i_7/data_shifter_gen[1].data_shifter[1][0]:CLK
  To:   DDR3_0_0/MSC_i_0/MSC_i_1/MSC_i_4/MSC_i_183/write_count[6]:D
  Delay (ns):              3.198
  Slack (ns):              2.701
  Arrival (ns):            9.689
  Required (ns):          12.390
  Operating Conditions: slow_lv_ht

Path 75
  From: DDR3_0_0/MSC_i_0/MSC_i_1/MSC_i_4/MSC_i_190/MSC_i_191/wr_ack[0]:CLK
  To:   DDR3_0_0/MSC_i_0/MSC_i_1/MSC_i_4/MSC_i_183/write_count[9]:D
  Delay (ns):              3.185
  Slack (ns):              2.704
  Arrival (ns):            9.686
  Required (ns):          12.390
  Operating Conditions: slow_lv_ht

Path 76
  From: DDR3_0_0/MSC_i_0/MSC_i_1/MSC_i_4/MSC_i_190/MSC_i_191/wr_ack[0]:CLK
  To:   DDR3_0_0/MSC_i_0/MSC_i_1/MSC_i_4/MSC_i_183/m_busy_reg:EN
  Delay (ns):              3.050
  Slack (ns):              2.704
  Arrival (ns):            9.551
  Required (ns):          12.255
  Operating Conditions: slow_lv_ht

Path 77
  From: DDR3_0_0/MSC_i_0/MSC_i_1/MSC_i_4/MSC_i_190/MSC_i_191/wr_ack[0]:CLK
  To:   DDR3_0_0/MSC_i_0/MSC_i_1/MSC_i_4/MSC_i_183/write_count[10]:D
  Delay (ns):              3.176
  Slack (ns):              2.710
  Arrival (ns):            9.677
  Required (ns):          12.387
  Operating Conditions: slow_lv_ht

Path 78
  From: DDR3_0_0/MSC_i_0/MSC_i_1/MSC_i_4/MSC_i_7/data_shifter_gen[1].data_shifter[1][0]:CLK
  To:   DDR3_0_0/MSC_i_0/MSC_i_1/MSC_i_4/MSC_i_183/write_count[7]:D
  Delay (ns):              3.186
  Slack (ns):              2.712
  Arrival (ns):            9.677
  Required (ns):          12.389
  Operating Conditions: slow_lv_ht

Path 79
  From: DDR3_0_0/MSC_i_0/MSC_i_1/MSC_i_224/MSC_i_225/cal_select:CLK
  To:   DDR3_0_0/MSC_i_0/MSC_i_1/MSC_i_4/MSC_i_183/write_count[9]:D
  Delay (ns):              3.193
  Slack (ns):              2.715
  Arrival (ns):            9.675
  Required (ns):          12.390
  Operating Conditions: slow_lv_ht

Path 80
  From: DDR3_0_0/MSC_i_0/MSC_i_1/MSC_i_224/MSC_i_225/cal_select:CLK
  To:   DDR3_0_0/MSC_i_0/MSC_i_1/MSC_i_4/MSC_i_183/write_count[10]:D
  Delay (ns):              3.184
  Slack (ns):              2.721
  Arrival (ns):            9.666
  Required (ns):          12.387
  Operating Conditions: slow_lv_ht

Path 81
  From: DDR3_0_0/MSC_i_0/MSC_i_1/MSC_i_4/MSC_i_8/MSC_i_72/MSC_i_73/MSC_i_74/rd_addr[1]:CLK
  To:   DDR3_0_0/MSC_i_0/MSC_i_1/MSC_i_4/MSC_i_8/rd_data_asm_fifo_wr_data[37]:D
  Delay (ns):              3.191
  Slack (ns):              2.722
  Arrival (ns):            9.630
  Required (ns):          12.352
  Operating Conditions: slow_lv_ht

Path 82
  From: DDR3_0_0/MSC_i_0/MSC_i_1/MSC_i_4/MSC_i_8/MSC_i_72/MSC_i_73/MSC_i_74/rd_addr[1]:CLK
  To:   DDR3_0_0/MSC_i_0/MSC_i_1/MSC_i_4/MSC_i_8/rd_data_asm_fifo_wr_data[14]:D
  Delay (ns):              3.190
  Slack (ns):              2.723
  Arrival (ns):            9.629
  Required (ns):          12.352
  Operating Conditions: slow_lv_ht

Path 83
  From: DDR3_0_0/MSC_i_0/MSC_i_1/MSC_i_4/MSC_i_190/MSC_i_191/wr_ack[2]:CLK
  To:   DDR3_0_0/MSC_i_0/MSC_i_1/MSC_i_4/MSC_i_183/m_busy_reg:EN
  Delay (ns):              3.030
  Slack (ns):              2.724
  Arrival (ns):            9.531
  Required (ns):          12.255
  Operating Conditions: slow_lv_ht

Path 84
  From: DDR3_0_0/MSC_i_0/MSC_i_1/MSC_i_224/MSC_i_225/cal_select:CLK
  To:   DDR3_0_0/MSC_i_0/MSC_i_1/MSC_i_4/MSC_i_190/MSC_i_191/precharge_ob[3]:D
  Delay (ns):              3.237
  Slack (ns):              2.725
  Arrival (ns):            9.719
  Required (ns):          12.444
  Operating Conditions: slow_lv_ht

Path 85
  From: DDR3_0_0/MSC_i_0/MSC_i_1/MSC_i_4/MSC_i_190/MSC_i_191/wr_ack[2]:CLK
  To:   DDR3_0_0/MSC_i_0/MSC_i_1/MSC_i_4/MSC_i_183/write_count[9]:D
  Delay (ns):              3.162
  Slack (ns):              2.727
  Arrival (ns):            9.663
  Required (ns):          12.390
  Operating Conditions: slow_lv_ht

Path 86
  From: DDR3_0_0/MSC_i_0/MSC_i_1/MSC_i_4/MSC_i_8/MSC_i_72/MSC_i_73/MSC_i_74/rd_addr[1]:CLK
  To:   DDR3_0_0/MSC_i_0/MSC_i_1/MSC_i_4/MSC_i_8/rd_data_asm_fifo_wr_data[33]:D
  Delay (ns):              3.186
  Slack (ns):              2.727
  Arrival (ns):            9.625
  Required (ns):          12.352
  Operating Conditions: slow_lv_ht

Path 87
  From: DDR3_0_0/MSC_i_0/MSC_i_1/MSC_i_4/MSC_i_8/MSC_i_72/MSC_i_73/MSC_i_74/rd_addr[1]:CLK
  To:   DDR3_0_0/MSC_i_0/MSC_i_1/MSC_i_4/MSC_i_8/rd_data_asm_fifo_wr_data[50]:D
  Delay (ns):              3.186
  Slack (ns):              2.727
  Arrival (ns):            9.625
  Required (ns):          12.352
  Operating Conditions: slow_lv_ht

Path 88
  From: DDR3_0_0/MSC_i_0/MSC_i_1/MSC_i_4/MSC_i_190/MSC_i_191/MSC_i_207/rw_queued:CLK
  To:   DDR3_0_0/MSC_i_0/MSC_i_1/MSC_i_4/MSC_i_183/write_count[9]:D
  Delay (ns):              3.161
  Slack (ns):              2.728
  Arrival (ns):            9.662
  Required (ns):          12.390
  Operating Conditions: slow_lv_ht

Path 89
  From: DDR3_0_0/MSC_i_0/MSC_i_1/MSC_i_4/MSC_i_190/init_sm[0]:CLK
  To:   DDR3_0_0/MSC_i_0/MSC_i_1/MSC_i_4/MSC_i_190/nwl_timer2[13]:D
  Delay (ns):              3.214
  Slack (ns):              2.728
  Arrival (ns):            9.704
  Required (ns):          12.432
  Operating Conditions: slow_lv_ht

Path 90
  From: DDR3_0_0/MSC_i_0/MSC_i_1/MSC_i_4/MSC_i_190/init_sm[4]:CLK
  To:   DDR3_0_0/MSC_i_0/MSC_i_1/MSC_i_4/MSC_i_190/nwl_timer2[16]:D
  Delay (ns):              3.226
  Slack (ns):              2.728
  Arrival (ns):            9.723
  Required (ns):          12.451
  Operating Conditions: slow_lv_ht

Path 91
  From: DDR3_0_0/MSC_i_0/MSC_i_1/MSC_i_4/MSC_i_7/data_shifter_gen[1].data_shifter[1][0]:CLK
  To:   DDR3_0_0/MSC_i_0/MSC_i_1/MSC_i_4/MSC_i_183/write_count[8]:D
  Delay (ns):              3.168
  Slack (ns):              2.731
  Arrival (ns):            9.659
  Required (ns):          12.390
  Operating Conditions: slow_lv_ht

Path 92
  From: DDR3_0_0/MSC_i_0/MSC_i_1/MSC_i_4/MSC_i_190/MSC_i_191/wr_ack[2]:CLK
  To:   DDR3_0_0/MSC_i_0/MSC_i_1/MSC_i_4/MSC_i_183/write_count[10]:D
  Delay (ns):              3.153
  Slack (ns):              2.733
  Arrival (ns):            9.654
  Required (ns):          12.387
  Operating Conditions: slow_lv_ht

Path 93
  From: DDR3_0_0/MSC_i_0/MSC_i_1/MSC_i_4/MSC_i_190/init_sm[1]:CLK
  To:   DDR3_0_0/MSC_i_0/MSC_i_1/MSC_i_4/MSC_i_190/nwl_timer2[16]:D
  Delay (ns):              3.228
  Slack (ns):              2.733
  Arrival (ns):            9.718
  Required (ns):          12.451
  Operating Conditions: slow_lv_ht

Path 94
  From: DDR3_0_0/MSC_i_0/MSC_i_1/MSC_i_4/MSC_i_190/MSC_i_191/MSC_i_207/rw_queued:CLK
  To:   DDR3_0_0/MSC_i_0/MSC_i_1/MSC_i_4/MSC_i_183/write_count[10]:D
  Delay (ns):              3.152
  Slack (ns):              2.734
  Arrival (ns):            9.653
  Required (ns):          12.387
  Operating Conditions: slow_lv_ht

Path 95
  From: DDR3_0_0/MSC_i_0/MSC_i_1/MSC_i_224/MSC_i_225/cal_select:CLK
  To:   DDR3_0_0/MSC_i_0/MSC_i_1/MSC_i_4/MSC_i_190/MSC_i_191/precharge_ob[1]:D
  Delay (ns):              3.224
  Slack (ns):              2.738
  Arrival (ns):            9.706
  Required (ns):          12.444
  Operating Conditions: slow_lv_ht

Path 96
  From: DDR3_0_0/MSC_i_0/MSC_i_1/MSC_i_224/MSC_i_225/cal_select:CLK
  To:   DDR3_0_0/MSC_i_0/MSC_i_1/MSC_i_4/MSC_i_190/MSC_i_191/precharge_ob[2]:D
  Delay (ns):              3.224
  Slack (ns):              2.738
  Arrival (ns):            9.706
  Required (ns):          12.444
  Operating Conditions: slow_lv_ht

Path 97
  From: DDR3_0_0/MSC_i_0/MSC_i_1/MSC_i_224/MSC_i_225/cal_select:CLK
  To:   DDR3_0_0/MSC_i_0/MSC_i_1/MSC_i_4/MSC_i_190/MSC_i_191/precharge_cs[0]:D
  Delay (ns):              3.224
  Slack (ns):              2.738
  Arrival (ns):            9.706
  Required (ns):          12.444
  Operating Conditions: slow_lv_ht

Path 98
  From: DDR3_0_0/MSC_i_0/MSC_i_1/MSC_i_4/MSC_i_8/MSC_i_72/MSC_i_73/MSC_i_74/rd_addr[0]:CLK
  To:   DDR3_0_0/MSC_i_0/MSC_i_1/MSC_i_4/MSC_i_8/rd_data_asm_fifo_wr_data[36]:D
  Delay (ns):              3.174
  Slack (ns):              2.739
  Arrival (ns):            9.613
  Required (ns):          12.352
  Operating Conditions: slow_lv_ht

Path 99
  From: DDR3_0_0/MSC_i_0/MSC_i_1/MSC_i_4/MSC_i_8/MSC_i_72/MSC_i_73/MSC_i_74/rd_addr[0]:CLK
  To:   DDR3_0_0/MSC_i_0/MSC_i_1/MSC_i_4/MSC_i_8/rd_data_asm_fifo_wr_data[43]:D
  Delay (ns):              3.173
  Slack (ns):              2.740
  Arrival (ns):            9.612
  Required (ns):          12.352
  Operating Conditions: slow_lv_ht

Path 100
  From: DDR3_0_0/MSC_i_0/MSC_i_1/MSC_i_4/MSC_i_190/MSC_i_191/dowrite_attr[0]:CLK
  To:   DDR3_0_0/MSC_i_0/MSC_i_1/MSC_i_4/MSC_i_183/write_count[9]:D
  Delay (ns):              3.159
  Slack (ns):              2.740
  Arrival (ns):            9.650
  Required (ns):          12.390
  Operating Conditions: slow_lv_ht

