Resource Usage Report for top 

Mapping to part: mpf300tfcg1152-1
Cell usage:
BANKCTRL_HSIO   1 use
BIBUF_DIFF_DQS  2 uses
BUFD            102 uses
CLKINT          15 uses
CLKINT_PRESERVE  1 use
DFN1            1 use
DLL             1 use
HS_IO_CLK       2 uses
INIT            1 use
INV             4 uses
IOD             106 uses
LANECTRL        3 uses
OR2             1 use
OR4             322 uses
OUTBUF_FEEDBACK  1 use
OUTBUF_FEEDBACK_DIFF  1 use
PLL             2 uses
TRIBUFF_FEEDBACK  2 uses
UJTAG           1 use
CFG1           194 uses
CFG2           3587 uses
CFG3           10793 uses
CFG4           11867 uses

Carry cells:
ARI1            3145 uses - used for arithmetic functions
ARI1            3097 uses - used for Wide-Mux implementation
Total ARI1      6242 uses


Sequential Cells: 
SLE            24466 uses

DSP Blocks:    2 of 924 (0%)
 MACC_PA:         1 Mult
 MACC_PA:         1 MultAdd

I/O ports: 145
I/O primitives: 111
BIBUF          50 uses
INBUF          4 uses
INBUF_DIFF     10 uses
OUTBUF         10 uses
OUTBUF_DIFF    10 uses
TRIBUFF        27 uses


Global Clock Buffers: 15

Total LUTs:    32683

Extra resources required for RAM and MACC_PA interface logic during P&R:

RAM64X12 Interface Logic : SLEs = 1284; LUTs = 1284;
RAM1K20  Interface Logic : SLEs = 2160; LUTs = 2160;
MACC_PA     Interface Logic : SLEs = 72; LUTs = 72;
MACC_PA_BC_ROM     Interface Logic : SLEs = 0; LUTs = 0;

Total number of SLEs after P&R:  24466 + 1284 + 2160 + 72 = 27982;
Total number of LUTs after P&R:  32683 + 1284 + 2160 + 72 = 36199;

