Timing Violation Report Max Delay Analysis

SmartTime Version v12.3
Microsemi Corporation - Microsemi Libero Software Release v12.3 (Version 12.800.0.16)
Date: Mon Mar  2 17:16:05 2020


Design: top
Family: PolarFire
Die: MPF300TS
Package: FCG1152
Temperature Range: -40 - 100 C
Voltage Range: 1.0185 - 1.0815 V
Speed Grade: -1
Design State: Post-Layout
Data source: Production
Multi Corner Report Operating Conditions: slow_lv_ht, slow_lv_lt, fast_hv_lt
Scenario for Timing Analysis: timing_analysis


Path 1
  From: DDR3_0_0/MSC_i_0/MSC_i_1/MSC_i_4/MSC_i_190/MSC_i_191/MSC_i_207/rw_queued:CLK
  To:   DDR3_0_0/MSC_i_0/MSC_i_1/MSC_i_4/MSC_i_183/read_count[10]:D
  Delay (ns):              3.480
  Slack (ns):              2.396
  Arrival (ns):            9.982
  Required (ns):          12.378
  Operating Conditions: slow_lv_ht

Path 2
  From: DDR3_0_0/MSC_i_0/MSC_i_1/MSC_i_4/MSC_i_190/MSC_i_191/MSC_i_203/rw_queued:CLK
  To:   DDR3_0_0/MSC_i_0/MSC_i_1/MSC_i_4/MSC_i_183/read_count[10]:D
  Delay (ns):              3.437
  Slack (ns):              2.428
  Arrival (ns):            9.950
  Required (ns):          12.378
  Operating Conditions: slow_lv_ht

Path 3
  From: DDR3_0_0/MSC_i_0/MSC_i_1/MSC_i_4/MSC_i_190/MSC_i_191/wr_ack[2]:CLK
  To:   DDR3_0_0/MSC_i_0/MSC_i_1/MSC_i_4/MSC_i_183/read_count[10]:D
  Delay (ns):              3.428
  Slack (ns):              2.437
  Arrival (ns):            9.941
  Required (ns):          12.378
  Operating Conditions: slow_lv_ht

Path 4
  From: DDR3_0_0/MSC_i_0/MSC_i_1/MSC_i_4/MSC_i_190/MSC_i_191/MSC_i_207/rw_queued:CLK
  To:   DDR3_0_0/MSC_i_0/MSC_i_1/MSC_i_4/MSC_i_183/read_count[8]:D
  Delay (ns):              3.427
  Slack (ns):              2.449
  Arrival (ns):            9.929
  Required (ns):          12.378
  Operating Conditions: slow_lv_ht

Path 5
  From: DDR3_0_0/MSC_i_0/MSC_i_1/MSC_i_4/MSC_i_190/MSC_i_191/MSC_i_207/rw_queued:CLK
  To:   DDR3_0_0/MSC_i_0/MSC_i_1/MSC_i_4/MSC_i_183/read_count[7]:D
  Delay (ns):              3.420
  Slack (ns):              2.453
  Arrival (ns):            9.922
  Required (ns):          12.375
  Operating Conditions: slow_lv_ht

Path 6
  From: DDR3_0_0/MSC_i_0/MSC_i_1/MSC_i_4/MSC_i_190/MSC_i_191/MSC_i_207/rw_queued:CLK
  To:   DDR3_0_0/MSC_i_0/MSC_i_1/MSC_i_4/MSC_i_183/read_count[9]:D
  Delay (ns):              3.410
  Slack (ns):              2.466
  Arrival (ns):            9.912
  Required (ns):          12.378
  Operating Conditions: slow_lv_ht

Path 7
  From: DDR3_0_0/MSC_i_0/MSC_i_1/MSC_i_4/MSC_i_190/init_sm[5]:CLK
  To:   DDR3_0_0/MSC_i_0/MSC_i_1/MSC_i_4/MSC_i_190/MSC_i_191/precharge_ob[0]:D
  Delay (ns):              3.446
  Slack (ns):              2.478
  Arrival (ns):            9.935
  Required (ns):          12.413
  Operating Conditions: slow_lv_ht

Path 8
  From: DDR3_0_0/MSC_i_0/MSC_i_1/MSC_i_4/MSC_i_190/MSC_i_191/MSC_i_203/rw_queued:CLK
  To:   DDR3_0_0/MSC_i_0/MSC_i_1/MSC_i_4/MSC_i_183/read_count[8]:D
  Delay (ns):              3.384
  Slack (ns):              2.481
  Arrival (ns):            9.897
  Required (ns):          12.378
  Operating Conditions: slow_lv_ht

Path 9
  From: DDR3_0_0/MSC_i_0/MSC_i_1/MSC_i_4/MSC_i_190/MSC_i_191/wr_ack[0]:CLK
  To:   DDR3_0_0/MSC_i_0/MSC_i_1/MSC_i_4/MSC_i_183/read_count[10]:D
  Delay (ns):              3.382
  Slack (ns):              2.484
  Arrival (ns):            9.894
  Required (ns):          12.378
  Operating Conditions: slow_lv_ht

Path 10
  From: DDR3_0_0/MSC_i_0/MSC_i_1/MSC_i_4/MSC_i_190/MSC_i_191/MSC_i_203/rw_queued:CLK
  To:   DDR3_0_0/MSC_i_0/MSC_i_1/MSC_i_4/MSC_i_183/read_count[7]:D
  Delay (ns):              3.377
  Slack (ns):              2.485
  Arrival (ns):            9.890
  Required (ns):          12.375
  Operating Conditions: slow_lv_ht

Path 11
  From: DDR3_0_0/MSC_i_0/MSC_i_1/MSC_i_4/MSC_i_190/init_sm[5]:CLK
  To:   DDR3_0_0/MSC_i_0/MSC_i_1/MSC_i_4/MSC_i_190/MSC_i_191/precharge_cs[0]:D
  Delay (ns):              3.437
  Slack (ns):              2.487
  Arrival (ns):            9.926
  Required (ns):          12.413
  Operating Conditions: slow_lv_ht

Path 12
  From: DDR3_0_0/MSC_i_0/MSC_i_1/MSC_i_4/MSC_i_190/init_sm[5]:CLK
  To:   DDR3_0_0/MSC_i_0/MSC_i_1/MSC_i_4/MSC_i_190/MSC_i_191/precharge_ob[2]:D
  Delay (ns):              3.436
  Slack (ns):              2.488
  Arrival (ns):            9.925
  Required (ns):          12.413
  Operating Conditions: slow_lv_ht

Path 13
  From: DDR3_0_0/MSC_i_0/MSC_i_1/MSC_i_4/MSC_i_190/init_sm[5]:CLK
  To:   DDR3_0_0/MSC_i_0/MSC_i_1/MSC_i_4/MSC_i_190/MSC_i_191/precharge_ob[1]:D
  Delay (ns):              3.435
  Slack (ns):              2.489
  Arrival (ns):            9.924
  Required (ns):          12.413
  Operating Conditions: slow_lv_ht

Path 14
  From: DDR3_0_0/MSC_i_0/MSC_i_1/MSC_i_4/MSC_i_190/MSC_i_191/wr_ack[2]:CLK
  To:   DDR3_0_0/MSC_i_0/MSC_i_1/MSC_i_4/MSC_i_183/read_count[8]:D
  Delay (ns):              3.375
  Slack (ns):              2.490
  Arrival (ns):            9.888
  Required (ns):          12.378
  Operating Conditions: slow_lv_ht

Path 15
  From: DDR3_0_0/MSC_i_0/MSC_i_1/MSC_i_4/MSC_i_190/MSC_i_191/wr_ack[2]:CLK
  To:   DDR3_0_0/MSC_i_0/MSC_i_1/MSC_i_4/MSC_i_183/read_count[7]:D
  Delay (ns):              3.368
  Slack (ns):              2.494
  Arrival (ns):            9.881
  Required (ns):          12.375
  Operating Conditions: slow_lv_ht

Path 16
  From: DDR3_0_0/MSC_i_0/MSC_i_1/MSC_i_4/MSC_i_190/MSC_i_191/MSC_i_207/rw_queued:CLK
  To:   DDR3_0_0/MSC_i_0/MSC_i_1/MSC_i_4/MSC_i_183/read_count[4]:D
  Delay (ns):              3.378
  Slack (ns):              2.495
  Arrival (ns):            9.880
  Required (ns):          12.375
  Operating Conditions: slow_lv_ht

Path 17
  From: DDR3_0_0/MSC_i_0/MSC_i_1/MSC_i_4/MSC_i_190/MSC_i_191/MSC_i_203/rw_queued:CLK
  To:   DDR3_0_0/MSC_i_0/MSC_i_1/MSC_i_4/MSC_i_183/read_count[9]:D
  Delay (ns):              3.367
  Slack (ns):              2.498
  Arrival (ns):            9.880
  Required (ns):          12.378
  Operating Conditions: slow_lv_ht

Path 18
  From: DDR3_0_0/MSC_i_0/MSC_i_1/MSC_i_4/MSC_i_190/MSC_i_191/MSC_i_207/rw_queued:CLK
  To:   DDR3_0_0/MSC_i_0/MSC_i_1/MSC_i_4/MSC_i_183/read_count[5]:D
  Delay (ns):              3.366
  Slack (ns):              2.506
  Arrival (ns):            9.868
  Required (ns):          12.374
  Operating Conditions: slow_lv_ht

Path 19
  From: DDR3_0_0/MSC_i_0/MSC_i_1/MSC_i_4/MSC_i_190/MSC_i_191/wr_ack[2]:CLK
  To:   DDR3_0_0/MSC_i_0/MSC_i_1/MSC_i_4/MSC_i_183/read_count[9]:D
  Delay (ns):              3.358
  Slack (ns):              2.507
  Arrival (ns):            9.871
  Required (ns):          12.378
  Operating Conditions: slow_lv_ht

Path 20
  From: DDR3_0_0/MSC_i_0/MSC_i_1/MSC_i_4/MSC_i_190/MSC_i_191/qm_load_sel[0]:CLK
  To:   DDR3_0_0/MSC_i_0/MSC_i_1/MSC_i_4/MSC_i_183/read_count[10]:D
  Delay (ns):              3.393
  Slack (ns):              2.514
  Arrival (ns):            9.864
  Required (ns):          12.378
  Operating Conditions: slow_lv_ht

Path 21
  From: DDR3_0_0/MSC_i_0/MSC_i_1/MSC_i_4/MSC_i_190/MSC_i_191/MSC_i_207/rw_queued:CLK
  To:   DDR3_0_0/MSC_i_0/MSC_i_1/MSC_i_4/MSC_i_183/read_count_early[10]:D
  Delay (ns):              3.355
  Slack (ns):              2.516
  Arrival (ns):            9.857
  Required (ns):          12.373
  Operating Conditions: slow_lv_ht

Path 22
  From: DDR3_0_0/MSC_i_0/MSC_i_1/MSC_i_4/MSC_i_190/MSC_i_191/MSC_i_207/rw_queued:CLK
  To:   DDR3_0_0/MSC_i_0/MSC_i_1/MSC_i_4/MSC_i_183/read_count[6]:D
  Delay (ns):              3.348
  Slack (ns):              2.525
  Arrival (ns):            9.850
  Required (ns):          12.375
  Operating Conditions: slow_lv_ht

Path 23
  From: DDR3_0_0/MSC_i_0/MSC_i_1/MSC_i_4/MSC_i_190/MSC_i_191/MSC_i_203/rw_queued:CLK
  To:   DDR3_0_0/MSC_i_0/MSC_i_1/MSC_i_4/MSC_i_183/read_count[4]:D
  Delay (ns):              3.335
  Slack (ns):              2.527
  Arrival (ns):            9.848
  Required (ns):          12.375
  Operating Conditions: slow_lv_ht

Path 24
  From: DDR3_0_0/MSC_i_0/MSC_i_1/MSC_i_4/MSC_i_190/init_sm[3]:CLK
  To:   DDR3_0_0/MSC_i_0/MSC_i_1/MSC_i_4/MSC_i_190/MSC_i_191/pch_bank_addr[2]:EN
  Delay (ns):              3.300
  Slack (ns):              2.529
  Arrival (ns):            9.789
  Required (ns):          12.318
  Operating Conditions: slow_lv_ht

Path 25
  From: DDR3_0_0/MSC_i_0/MSC_i_1/MSC_i_4/MSC_i_190/init_sm[3]:CLK
  To:   DDR3_0_0/MSC_i_0/MSC_i_1/MSC_i_4/MSC_i_190/MSC_i_191/pch_chip_cs[0]:EN
  Delay (ns):              3.300
  Slack (ns):              2.529
  Arrival (ns):            9.789
  Required (ns):          12.318
  Operating Conditions: slow_lv_ht

Path 26
  From: DDR3_0_0/MSC_i_0/MSC_i_1/MSC_i_4/MSC_i_190/init_sm[3]:CLK
  To:   DDR3_0_0/MSC_i_0/MSC_i_1/MSC_i_4/MSC_i_190/MSC_i_191/pch_bank_addr[1]:EN
  Delay (ns):              3.300
  Slack (ns):              2.529
  Arrival (ns):            9.789
  Required (ns):          12.318
  Operating Conditions: slow_lv_ht

Path 27
  From: DDR3_0_0/MSC_i_0/MSC_i_1/MSC_i_4/MSC_i_190/MSC_i_191/wr_ack[2]:CLK
  To:   DDR3_0_0/MSC_i_0/MSC_i_1/MSC_i_4/MSC_i_183/read_count[4]:D
  Delay (ns):              3.326
  Slack (ns):              2.536
  Arrival (ns):            9.839
  Required (ns):          12.375
  Operating Conditions: slow_lv_ht

Path 28
  From: DDR3_0_0/MSC_i_0/MSC_i_1/MSC_i_4/MSC_i_190/MSC_i_191/wr_ack[0]:CLK
  To:   DDR3_0_0/MSC_i_0/MSC_i_1/MSC_i_4/MSC_i_183/read_count[8]:D
  Delay (ns):              3.329
  Slack (ns):              2.537
  Arrival (ns):            9.841
  Required (ns):          12.378
  Operating Conditions: slow_lv_ht

Path 29
  From: DDR3_0_0/MSC_i_0/MSC_i_1/MSC_i_4/MSC_i_190/MSC_i_191/MSC_i_203/rw_queued:CLK
  To:   DDR3_0_0/MSC_i_0/MSC_i_1/MSC_i_4/MSC_i_183/read_count[5]:D
  Delay (ns):              3.323
  Slack (ns):              2.538
  Arrival (ns):            9.836
  Required (ns):          12.374
  Operating Conditions: slow_lv_ht

Path 30
  From: DDR3_0_0/MSC_i_0/MSC_i_1/MSC_i_4/MSC_i_190/MSC_i_191/wr_ack[0]:CLK
  To:   DDR3_0_0/MSC_i_0/MSC_i_1/MSC_i_4/MSC_i_183/read_count[7]:D
  Delay (ns):              3.322
  Slack (ns):              2.541
  Arrival (ns):            9.834
  Required (ns):          12.375
  Operating Conditions: slow_lv_ht

Path 31
  From: DDR3_0_0/MSC_i_0/MSC_i_1/MSC_i_4/MSC_i_190/init_sm[5]:CLK
  To:   DDR3_0_0/MSC_i_0/MSC_i_1/MSC_i_4/MSC_i_190/MSC_i_191/precharge_ob[3]:D
  Delay (ns):              3.383
  Slack (ns):              2.541
  Arrival (ns):            9.872
  Required (ns):          12.413
  Operating Conditions: slow_lv_ht

Path 32
  From: DDR3_0_0/MSC_i_0/MSC_i_1/MSC_i_4/MSC_i_190/user_pchall_req:CLK
  To:   DDR3_0_0/MSC_i_0/MSC_i_1/MSC_i_4/MSC_i_190/MSC_i_191/pch_bank_addr[1]:EN
  Delay (ns):              3.311
  Slack (ns):              2.546
  Arrival (ns):            9.785
  Required (ns):          12.331
  Operating Conditions: slow_lv_ht

Path 33
  From: DDR3_0_0/MSC_i_0/MSC_i_1/MSC_i_4/MSC_i_190/user_pchall_req:CLK
  To:   DDR3_0_0/MSC_i_0/MSC_i_1/MSC_i_4/MSC_i_190/MSC_i_191/pch_bank_addr[2]:EN
  Delay (ns):              3.311
  Slack (ns):              2.546
  Arrival (ns):            9.785
  Required (ns):          12.331
  Operating Conditions: slow_lv_ht

Path 34
  From: DDR3_0_0/MSC_i_0/MSC_i_1/MSC_i_4/MSC_i_190/user_pchall_req:CLK
  To:   DDR3_0_0/MSC_i_0/MSC_i_1/MSC_i_4/MSC_i_190/MSC_i_191/pch_chip_cs[0]:EN
  Delay (ns):              3.311
  Slack (ns):              2.546
  Arrival (ns):            9.785
  Required (ns):          12.331
  Operating Conditions: slow_lv_ht

Path 35
  From: DDR3_0_0/MSC_i_0/MSC_i_1/MSC_i_4/MSC_i_190/MSC_i_191/wr_ack[2]:CLK
  To:   DDR3_0_0/MSC_i_0/MSC_i_1/MSC_i_4/MSC_i_183/read_count[5]:D
  Delay (ns):              3.314
  Slack (ns):              2.547
  Arrival (ns):            9.827
  Required (ns):          12.374
  Operating Conditions: slow_lv_ht

Path 36
  From: DDR3_0_0/MSC_i_0/MSC_i_1/MSC_i_4/MSC_i_190/MSC_i_191/MSC_i_203/rw_queued:CLK
  To:   DDR3_0_0/MSC_i_0/MSC_i_1/MSC_i_4/MSC_i_183/read_count_early[10]:D
  Delay (ns):              3.312
  Slack (ns):              2.548
  Arrival (ns):            9.825
  Required (ns):          12.373
  Operating Conditions: slow_lv_ht

Path 37
  From: DDR3_0_0/MSC_i_0/MSC_i_1/MSC_i_4/MSC_i_190/init_sm[1]:CLK
  To:   DDR3_0_0/MSC_i_0/MSC_i_1/MSC_i_4/MSC_i_190/MSC_i_191/pch_bank_addr[1]:EN
  Delay (ns):              3.303
  Slack (ns):              2.548
  Arrival (ns):            9.783
  Required (ns):          12.331
  Operating Conditions: slow_lv_ht

Path 38
  From: DDR3_0_0/MSC_i_0/MSC_i_1/MSC_i_4/MSC_i_190/init_sm[1]:CLK
  To:   DDR3_0_0/MSC_i_0/MSC_i_1/MSC_i_4/MSC_i_190/MSC_i_191/pch_bank_addr[2]:EN
  Delay (ns):              3.303
  Slack (ns):              2.548
  Arrival (ns):            9.783
  Required (ns):          12.331
  Operating Conditions: slow_lv_ht

Path 39
  From: DDR3_0_0/MSC_i_0/MSC_i_1/MSC_i_4/MSC_i_190/init_sm[1]:CLK
  To:   DDR3_0_0/MSC_i_0/MSC_i_1/MSC_i_4/MSC_i_190/MSC_i_191/pch_chip_cs[0]:EN
  Delay (ns):              3.303
  Slack (ns):              2.548
  Arrival (ns):            9.783
  Required (ns):          12.331
  Operating Conditions: slow_lv_ht

Path 40
  From: DDR3_0_0/MSC_i_0/MSC_i_1/MSC_i_4/MSC_i_190/MSC_i_191/wr_ack[0]:CLK
  To:   DDR3_0_0/MSC_i_0/MSC_i_1/MSC_i_4/MSC_i_183/read_count[9]:D
  Delay (ns):              3.312
  Slack (ns):              2.554
  Arrival (ns):            9.824
  Required (ns):          12.378
  Operating Conditions: slow_lv_ht

Path 41
  From: DDR3_0_0/MSC_i_0/MSC_i_1/MSC_i_4/MSC_i_190/MSC_i_191/MSC_i_203/rw_queued:CLK
  To:   DDR3_0_0/MSC_i_0/MSC_i_1/MSC_i_4/MSC_i_183/read_count[6]:D
  Delay (ns):              3.305
  Slack (ns):              2.557
  Arrival (ns):            9.818
  Required (ns):          12.375
  Operating Conditions: slow_lv_ht

Path 42
  From: DDR3_0_0/MSC_i_0/MSC_i_1/MSC_i_4/MSC_i_190/MSC_i_191/MSC_i_207/rw_queued:CLK
  To:   DDR3_0_0/MSC_i_0/MSC_i_1/MSC_i_4/MSC_i_183/read_count[3]:D
  Delay (ns):              3.309
  Slack (ns):              2.564
  Arrival (ns):            9.811
  Required (ns):          12.375
  Operating Conditions: slow_lv_ht

Path 43
  From: DDR3_0_0/MSC_i_0/MSC_i_1/MSC_i_4/MSC_i_190/MSC_i_191/MSC_i_207/rw_queued:CLK
  To:   DDR3_0_0/MSC_i_0/MSC_i_1/MSC_i_4/MSC_i_190/MSC_i_191/pch_bank_addr[1]:EN
  Delay (ns):              3.279
  Slack (ns):              2.564
  Arrival (ns):            9.781
  Required (ns):          12.345
  Operating Conditions: slow_lv_ht

Path 44
  From: DDR3_0_0/MSC_i_0/MSC_i_1/MSC_i_4/MSC_i_190/MSC_i_191/MSC_i_207/rw_queued:CLK
  To:   DDR3_0_0/MSC_i_0/MSC_i_1/MSC_i_4/MSC_i_190/MSC_i_191/pch_bank_addr[2]:EN
  Delay (ns):              3.279
  Slack (ns):              2.564
  Arrival (ns):            9.781
  Required (ns):          12.345
  Operating Conditions: slow_lv_ht

Path 45
  From: DDR3_0_0/MSC_i_0/MSC_i_1/MSC_i_4/MSC_i_190/MSC_i_191/MSC_i_207/rw_queued:CLK
  To:   DDR3_0_0/MSC_i_0/MSC_i_1/MSC_i_4/MSC_i_190/MSC_i_191/pch_chip_cs[0]:EN
  Delay (ns):              3.279
  Slack (ns):              2.564
  Arrival (ns):            9.781
  Required (ns):          12.345
  Operating Conditions: slow_lv_ht

Path 46
  From: DDR3_0_0/MSC_i_0/MSC_i_1/MSC_i_4/MSC_i_190/MSC_i_191/wr_ack[2]:CLK
  To:   DDR3_0_0/MSC_i_0/MSC_i_1/MSC_i_4/MSC_i_183/read_count_early[10]:D
  Delay (ns):              3.294
  Slack (ns):              2.566
  Arrival (ns):            9.807
  Required (ns):          12.373
  Operating Conditions: slow_lv_ht

Path 47
  From: DDR3_0_0/MSC_i_0/MSC_i_1/MSC_i_4/MSC_i_190/MSC_i_191/wr_ack[2]:CLK
  To:   DDR3_0_0/MSC_i_0/MSC_i_1/MSC_i_4/MSC_i_183/read_count[6]:D
  Delay (ns):              3.296
  Slack (ns):              2.566
  Arrival (ns):            9.809
  Required (ns):          12.375
  Operating Conditions: slow_lv_ht

Path 48
  From: DDR3_0_0/MSC_i_0/MSC_i_1/MSC_i_4/MSC_i_190/MSC_i_191/qm_load_sel[0]:CLK
  To:   DDR3_0_0/MSC_i_0/MSC_i_1/MSC_i_4/MSC_i_183/read_count[8]:D
  Delay (ns):              3.340
  Slack (ns):              2.567
  Arrival (ns):            9.811
  Required (ns):          12.378
  Operating Conditions: slow_lv_ht

Path 49
  From: DDR3_0_0/MSC_i_0/MSC_i_1/MSC_i_4/MSC_i_190/init_sm[0]:CLK
  To:   DDR3_0_0/MSC_i_0/MSC_i_1/MSC_i_4/MSC_i_190/MSC_i_191/pch_chip_cs[0]:EN
  Delay (ns):              3.283
  Slack (ns):              2.568
  Arrival (ns):            9.763
  Required (ns):          12.331
  Operating Conditions: slow_lv_ht

Path 50
  From: DDR3_0_0/MSC_i_0/MSC_i_1/MSC_i_4/MSC_i_190/init_sm[0]:CLK
  To:   DDR3_0_0/MSC_i_0/MSC_i_1/MSC_i_4/MSC_i_190/MSC_i_191/pch_bank_addr[1]:EN
  Delay (ns):              3.283
  Slack (ns):              2.568
  Arrival (ns):            9.763
  Required (ns):          12.331
  Operating Conditions: slow_lv_ht

Path 51
  From: DDR3_0_0/MSC_i_0/MSC_i_1/MSC_i_4/MSC_i_190/init_sm[0]:CLK
  To:   DDR3_0_0/MSC_i_0/MSC_i_1/MSC_i_4/MSC_i_190/MSC_i_191/pch_bank_addr[2]:EN
  Delay (ns):              3.283
  Slack (ns):              2.568
  Arrival (ns):            9.763
  Required (ns):          12.331
  Operating Conditions: slow_lv_ht

Path 52
  From: DDR3_0_0/MSC_i_0/MSC_i_1/MSC_i_4/MSC_i_190/MSC_i_191/qm_load_sel[0]:CLK
  To:   DDR3_0_0/MSC_i_0/MSC_i_1/MSC_i_4/MSC_i_183/read_count[7]:D
  Delay (ns):              3.333
  Slack (ns):              2.571
  Arrival (ns):            9.804
  Required (ns):          12.375
  Operating Conditions: slow_lv_ht

Path 53
  From: DDR3_0_0/MSC_i_0/MSC_i_1/MSC_i_224/MSC_i_225/cal_init_mr_addr_1[5]:CLK
  To:   DDR3_0_0/MSC_i_0/MSC_i_1/MSC_i_4/MSC_i_190/MSC_i_191/pch_chip_cs[0]:EN
  Delay (ns):              3.278
  Slack (ns):              2.580
  Arrival (ns):            9.751
  Required (ns):          12.331
  Operating Conditions: slow_lv_ht

Path 54
  From: DDR3_0_0/MSC_i_0/MSC_i_1/MSC_i_224/MSC_i_225/cal_init_mr_addr_1[5]:CLK
  To:   DDR3_0_0/MSC_i_0/MSC_i_1/MSC_i_4/MSC_i_190/MSC_i_191/pch_bank_addr[1]:EN
  Delay (ns):              3.278
  Slack (ns):              2.580
  Arrival (ns):            9.751
  Required (ns):          12.331
  Operating Conditions: slow_lv_ht

Path 55
  From: DDR3_0_0/MSC_i_0/MSC_i_1/MSC_i_224/MSC_i_225/cal_init_mr_addr_1[5]:CLK
  To:   DDR3_0_0/MSC_i_0/MSC_i_1/MSC_i_4/MSC_i_190/MSC_i_191/pch_bank_addr[2]:EN
  Delay (ns):              3.278
  Slack (ns):              2.580
  Arrival (ns):            9.751
  Required (ns):          12.331
  Operating Conditions: slow_lv_ht

Path 56
  From: DDR3_0_0/MSC_i_0/MSC_i_1/MSC_i_4/MSC_i_190/init_sm[2]:CLK
  To:   DDR3_0_0/MSC_i_0/MSC_i_1/MSC_i_4/MSC_i_190/MSC_i_191/pch_bank_addr[2]:EN
  Delay (ns):              3.246
  Slack (ns):              2.583
  Arrival (ns):            9.735
  Required (ns):          12.318
  Operating Conditions: slow_lv_ht

Path 57
  From: DDR3_0_0/MSC_i_0/MSC_i_1/MSC_i_4/MSC_i_190/MSC_i_191/wr_ack[0]:CLK
  To:   DDR3_0_0/MSC_i_0/MSC_i_1/MSC_i_4/MSC_i_183/read_count[4]:D
  Delay (ns):              3.280
  Slack (ns):              2.583
  Arrival (ns):            9.792
  Required (ns):          12.375
  Operating Conditions: slow_lv_ht

Path 58
  From: DDR3_0_0/MSC_i_0/MSC_i_1/MSC_i_4/MSC_i_190/init_sm[2]:CLK
  To:   DDR3_0_0/MSC_i_0/MSC_i_1/MSC_i_4/MSC_i_190/MSC_i_191/pch_chip_cs[0]:EN
  Delay (ns):              3.246
  Slack (ns):              2.583
  Arrival (ns):            9.735
  Required (ns):          12.318
  Operating Conditions: slow_lv_ht

Path 59
  From: DDR3_0_0/MSC_i_0/MSC_i_1/MSC_i_4/MSC_i_190/init_sm[2]:CLK
  To:   DDR3_0_0/MSC_i_0/MSC_i_1/MSC_i_4/MSC_i_190/MSC_i_191/pch_bank_addr[1]:EN
  Delay (ns):              3.246
  Slack (ns):              2.583
  Arrival (ns):            9.735
  Required (ns):          12.318
  Operating Conditions: slow_lv_ht

Path 60
  From: DDR3_0_0/MSC_i_0/MSC_i_1/MSC_i_4/MSC_i_190/MSC_i_191/qm_load_sel[0]:CLK
  To:   DDR3_0_0/MSC_i_0/MSC_i_1/MSC_i_4/MSC_i_183/read_count[9]:D
  Delay (ns):              3.323
  Slack (ns):              2.584
  Arrival (ns):            9.794
  Required (ns):          12.378
  Operating Conditions: slow_lv_ht

Path 61
  From: DDR3_0_0/MSC_i_0/MSC_i_1/MSC_i_4/MSC_i_190/MSC_i_191/MSC_i_204/rw_queued:CLK
  To:   DDR3_0_0/MSC_i_0/MSC_i_1/MSC_i_4/MSC_i_183/read_count[10]:D
  Delay (ns):              3.296
  Slack (ns):              2.586
  Arrival (ns):            9.792
  Required (ns):          12.378
  Operating Conditions: slow_lv_ht

Path 62
  From: DDR3_0_0/MSC_i_0/MSC_i_1/MSC_i_4/MSC_i_190/MSC_i_191/MSC_i_207/rw_queued:CLK
  To:   DDR3_0_0/MSC_i_0/MSC_i_1/MSC_i_4/MSC_i_183/read_count_early[9]:D
  Delay (ns):              3.284
  Slack (ns):              2.587
  Arrival (ns):            9.786
  Required (ns):          12.373
  Operating Conditions: slow_lv_ht

Path 63
  From: DDR3_0_0/MSC_i_0/MSC_i_1/MSC_i_4/MSC_i_190/MSC_i_191/wr_ack[0]:CLK
  To:   DDR3_0_0/MSC_i_0/MSC_i_1/MSC_i_4/MSC_i_183/read_count[5]:D
  Delay (ns):              3.268
  Slack (ns):              2.594
  Arrival (ns):            9.780
  Required (ns):          12.374
  Operating Conditions: slow_lv_ht

Path 64
  From: DDR3_0_0/MSC_i_0/MSC_i_1/MSC_i_4/MSC_i_190/init_sm[5]:CLK
  To:   DDR3_0_0/MSC_i_0/MSC_i_1/MSC_i_4/MSC_i_190/MSC_i_191/pch_bank_addr[2]:EN
  Delay (ns):              3.235
  Slack (ns):              2.594
  Arrival (ns):            9.724
  Required (ns):          12.318
  Operating Conditions: slow_lv_ht

Path 65
  From: DDR3_0_0/MSC_i_0/MSC_i_1/MSC_i_4/MSC_i_190/init_sm[5]:CLK
  To:   DDR3_0_0/MSC_i_0/MSC_i_1/MSC_i_4/MSC_i_190/MSC_i_191/pch_chip_cs[0]:EN
  Delay (ns):              3.235
  Slack (ns):              2.594
  Arrival (ns):            9.724
  Required (ns):          12.318
  Operating Conditions: slow_lv_ht

Path 66
  From: DDR3_0_0/MSC_i_0/MSC_i_1/MSC_i_4/MSC_i_190/init_sm[5]:CLK
  To:   DDR3_0_0/MSC_i_0/MSC_i_1/MSC_i_4/MSC_i_190/MSC_i_191/pch_bank_addr[1]:EN
  Delay (ns):              3.235
  Slack (ns):              2.594
  Arrival (ns):            9.724
  Required (ns):          12.318
  Operating Conditions: slow_lv_ht

Path 67
  From: DDR3_0_0/MSC_i_0/MSC_i_1/MSC_i_4/MSC_i_190/MSC_i_191/MSC_i_203/rw_queued:CLK
  To:   DDR3_0_0/MSC_i_0/MSC_i_1/MSC_i_4/MSC_i_183/read_count[3]:D
  Delay (ns):              3.266
  Slack (ns):              2.596
  Arrival (ns):            9.779
  Required (ns):          12.375
  Operating Conditions: slow_lv_ht

Path 68
  From: DDR3_0_0/MSC_i_0/MSC_i_1/MSC_i_4/MSC_i_212/MSC_i_215/data_r2_Z[6]:CLK
  To:   DDR3_0_0/MSC_i_0/MSC_i_1/MSC_i_4/MSC_i_183/rmw_b_size[3]:D
  Delay (ns):              3.325
  Slack (ns):              2.597
  Arrival (ns):            9.795
  Required (ns):          12.392
  Operating Conditions: slow_lv_ht

Path 69
  From: DDR3_0_0/MSC_i_0/MSC_i_1/MSC_i_4/MSC_i_190/MSC_i_191/wr_ack[2]:CLK
  To:   DDR3_0_0/MSC_i_0/MSC_i_1/MSC_i_4/MSC_i_183/read_count[3]:D
  Delay (ns):              3.257
  Slack (ns):              2.605
  Arrival (ns):            9.770
  Required (ns):          12.375
  Operating Conditions: slow_lv_ht

Path 70
  From: DDR3_0_0/MSC_i_0/MSC_i_1/MSC_i_4/MSC_i_190/MSC_i_191/qm_active_index[0]:CLK
  To:   DDR3_0_0/MSC_i_0/MSC_i_1/MSC_i_4/MSC_i_190/MSC_i_191/pch_chip_cs[0]:EN
  Delay (ns):              3.238
  Slack (ns):              2.606
  Arrival (ns):            9.739
  Required (ns):          12.345
  Operating Conditions: slow_lv_ht

Path 71
  From: DDR3_0_0/MSC_i_0/MSC_i_1/MSC_i_4/MSC_i_190/MSC_i_191/qm_active_index[0]:CLK
  To:   DDR3_0_0/MSC_i_0/MSC_i_1/MSC_i_4/MSC_i_190/MSC_i_191/pch_bank_addr[2]:EN
  Delay (ns):              3.238
  Slack (ns):              2.606
  Arrival (ns):            9.739
  Required (ns):          12.345
  Operating Conditions: slow_lv_ht

Path 72
  From: DDR3_0_0/MSC_i_0/MSC_i_1/MSC_i_4/MSC_i_190/MSC_i_191/qm_active_index[0]:CLK
  To:   DDR3_0_0/MSC_i_0/MSC_i_1/MSC_i_4/MSC_i_190/MSC_i_191/pch_bank_addr[1]:EN
  Delay (ns):              3.238
  Slack (ns):              2.606
  Arrival (ns):            9.739
  Required (ns):          12.345
  Operating Conditions: slow_lv_ht

Path 73
  From: DDR3_0_0/MSC_i_0/MSC_i_1/MSC_i_4/MSC_i_190/MSC_i_191/MSC_i_204/pending_cmd:CLK
  To:   DDR3_0_0/MSC_i_0/MSC_i_1/MSC_i_4/MSC_i_183/read_count[10]:D
  Delay (ns):              3.264
  Slack (ns):              2.607
  Arrival (ns):            9.771
  Required (ns):          12.378
  Operating Conditions: slow_lv_ht

Path 74
  From: DDR3_0_0/MSC_i_0/MSC_i_1/MSC_i_4/MSC_i_190/MSC_i_191/wr_ack[0]:CLK
  To:   DDR3_0_0/MSC_i_0/MSC_i_1/MSC_i_4/MSC_i_183/read_count_early[10]:D
  Delay (ns):              3.248
  Slack (ns):              2.613
  Arrival (ns):            9.760
  Required (ns):          12.373
  Operating Conditions: slow_lv_ht

Path 75
  From: DDR3_0_0/MSC_i_0/MSC_i_1/MSC_i_4/MSC_i_190/MSC_i_191/wr_ack[1]:CLK
  To:   DDR3_0_0/MSC_i_0/MSC_i_1/MSC_i_4/MSC_i_183/read_count[10]:D
  Delay (ns):              3.262
  Slack (ns):              2.613
  Arrival (ns):            9.765
  Required (ns):          12.378
  Operating Conditions: slow_lv_ht

Path 76
  From: DDR3_0_0/MSC_i_0/MSC_i_1/MSC_i_4/MSC_i_190/MSC_i_191/qm_load_sel[0]:CLK
  To:   DDR3_0_0/MSC_i_0/MSC_i_1/MSC_i_4/MSC_i_183/read_count[4]:D
  Delay (ns):              3.291
  Slack (ns):              2.613
  Arrival (ns):            9.762
  Required (ns):          12.375
  Operating Conditions: slow_lv_ht

Path 77
  From: DDR3_0_0/MSC_i_0/MSC_i_1/MSC_i_4/MSC_i_190/MSC_i_191/wr_ack[0]:CLK
  To:   DDR3_0_0/MSC_i_0/MSC_i_1/MSC_i_4/MSC_i_183/read_count[6]:D
  Delay (ns):              3.250
  Slack (ns):              2.613
  Arrival (ns):            9.762
  Required (ns):          12.375
  Operating Conditions: slow_lv_ht

Path 78
  From: DDR3_0_0/MSC_i_0/MSC_i_1/MSC_i_4/MSC_i_190/MSC_i_191/MSC_i_203/rw_queued:CLK
  To:   DDR3_0_0/MSC_i_0/MSC_i_1/MSC_i_4/MSC_i_183/read_count_early[9]:D
  Delay (ns):              3.241
  Slack (ns):              2.619
  Arrival (ns):            9.754
  Required (ns):          12.373
  Operating Conditions: slow_lv_ht

Path 79
  From: DDR3_0_0/MSC_i_0/MSC_i_1/MSC_i_4/MSC_i_190/init_sm[2]:CLK
  To:   DDR3_0_0/MSC_i_0/MSC_i_1/MSC_i_4/MSC_i_190/MSC_i_191/mpr_mode_cs[7]:EN
  Delay (ns):              3.181
  Slack (ns):              2.622
  Arrival (ns):            9.670
  Required (ns):          12.292
  Operating Conditions: slow_lv_ht

Path 80
  From: DDR3_0_0/MSC_i_0/MSC_i_1/MSC_i_4/MSC_i_212/MSC_i_215/data_r2_Z[5]:CLK
  To:   DDR3_0_0/MSC_i_0/MSC_i_1/MSC_i_4/MSC_i_183/rmw_b_size[3]:D
  Delay (ns):              3.300
  Slack (ns):              2.622
  Arrival (ns):            9.770
  Required (ns):          12.392
  Operating Conditions: slow_lv_ht

Path 81
  From: DDR3_0_0/MSC_i_0/MSC_i_1/MSC_i_4/MSC_i_190/init_sm[2]:CLK
  To:   DDR3_0_0/MSC_i_0/MSC_i_1/MSC_i_4/MSC_i_190/MSC_i_191/mpr_mode_cs[6]:EN
  Delay (ns):              3.180
  Slack (ns):              2.623
  Arrival (ns):            9.669
  Required (ns):          12.292
  Operating Conditions: slow_lv_ht

Path 82
  From: DDR3_0_0/MSC_i_0/MSC_i_1/MSC_i_4/MSC_i_190/init_sm[2]:CLK
  To:   DDR3_0_0/MSC_i_0/MSC_i_1/MSC_i_4/MSC_i_190/MSC_i_191/mpr_mode_cs[5]:EN
  Delay (ns):              3.180
  Slack (ns):              2.623
  Arrival (ns):            9.669
  Required (ns):          12.292
  Operating Conditions: slow_lv_ht

Path 83
  From: DDR3_0_0/MSC_i_0/MSC_i_1/MSC_i_4/MSC_i_190/init_sm[2]:CLK
  To:   DDR3_0_0/MSC_i_0/MSC_i_1/MSC_i_4/MSC_i_190/MSC_i_191/mpr_mode_cs[4]:EN
  Delay (ns):              3.180
  Slack (ns):              2.623
  Arrival (ns):            9.669
  Required (ns):          12.292
  Operating Conditions: slow_lv_ht

Path 84
  From: DDR3_0_0/MSC_i_0/MSC_i_1/MSC_i_4/MSC_i_190/init_sm[2]:CLK
  To:   DDR3_0_0/MSC_i_0/MSC_i_1/MSC_i_4/MSC_i_190/MSC_i_191/mpr_mode_cs[3]:EN
  Delay (ns):              3.180
  Slack (ns):              2.623
  Arrival (ns):            9.669
  Required (ns):          12.292
  Operating Conditions: slow_lv_ht

Path 85
  From: DDR3_0_0/MSC_i_0/MSC_i_1/MSC_i_4/MSC_i_190/MSC_i_191/MSC_i_207/pending_cmd:CLK
  To:   DDR3_0_0/MSC_i_0/MSC_i_1/MSC_i_4/MSC_i_183/read_count[10]:D
  Delay (ns):              3.325
  Slack (ns):              2.623
  Arrival (ns):            9.792
  Required (ns):          12.415
  Operating Conditions: slow_lv_ht

Path 86
  From: DDR3_0_0/MSC_i_0/MSC_i_1/MSC_i_4/MSC_i_190/MSC_i_191/qm_load_sel[0]:CLK
  To:   DDR3_0_0/MSC_i_0/MSC_i_1/MSC_i_4/MSC_i_183/read_count[5]:D
  Delay (ns):              3.279
  Slack (ns):              2.624
  Arrival (ns):            9.750
  Required (ns):          12.374
  Operating Conditions: slow_lv_ht

Path 87
  From: DDR3_0_0/MSC_i_0/MSC_i_1/MSC_i_4/MSC_i_190/MSC_i_191/wr_ack[2]:CLK
  To:   DDR3_0_0/MSC_i_0/MSC_i_1/MSC_i_4/MSC_i_183/read_count_early[9]:D
  Delay (ns):              3.223
  Slack (ns):              2.637
  Arrival (ns):            9.736
  Required (ns):          12.373
  Operating Conditions: slow_lv_ht

Path 88
  From: DDR3_0_0/MSC_i_0/MSC_i_1/MSC_i_4/MSC_i_190/MSC_i_191/qm_active_index[2]:CLK
  To:   DDR3_0_0/MSC_i_0/MSC_i_1/MSC_i_4/MSC_i_190/MSC_i_191/pch_chip_cs[0]:EN
  Delay (ns):              3.207
  Slack (ns):              2.637
  Arrival (ns):            9.708
  Required (ns):          12.345
  Operating Conditions: slow_lv_ht

Path 89
  From: DDR3_0_0/MSC_i_0/MSC_i_1/MSC_i_4/MSC_i_190/MSC_i_191/qm_active_index[2]:CLK
  To:   DDR3_0_0/MSC_i_0/MSC_i_1/MSC_i_4/MSC_i_190/MSC_i_191/pch_bank_addr[2]:EN
  Delay (ns):              3.207
  Slack (ns):              2.637
  Arrival (ns):            9.708
  Required (ns):          12.345
  Operating Conditions: slow_lv_ht

Path 90
  From: DDR3_0_0/MSC_i_0/MSC_i_1/MSC_i_4/MSC_i_190/MSC_i_191/qm_active_index[2]:CLK
  To:   DDR3_0_0/MSC_i_0/MSC_i_1/MSC_i_4/MSC_i_190/MSC_i_191/pch_bank_addr[1]:EN
  Delay (ns):              3.207
  Slack (ns):              2.637
  Arrival (ns):            9.708
  Required (ns):          12.345
  Operating Conditions: slow_lv_ht

Path 91
  From: DDR3_0_0/MSC_i_0/MSC_i_1/MSC_i_4/MSC_i_190/MSC_i_191/MSC_i_204/rw_queued:CLK
  To:   DDR3_0_0/MSC_i_0/MSC_i_1/MSC_i_4/MSC_i_183/read_count[8]:D
  Delay (ns):              3.243
  Slack (ns):              2.639
  Arrival (ns):            9.739
  Required (ns):          12.378
  Operating Conditions: slow_lv_ht

Path 92
  From: DDR3_0_0/MSC_i_0/MSC_i_1/MSC_i_4/MSC_i_190/MSC_i_191/qm_load_sel[0]:CLK
  To:   DDR3_0_0/MSC_i_0/MSC_i_1/MSC_i_4/MSC_i_183/read_count_early[10]:D
  Delay (ns):              3.259
  Slack (ns):              2.643
  Arrival (ns):            9.730
  Required (ns):          12.373
  Operating Conditions: slow_lv_ht

Path 93
  From: DDR3_0_0/MSC_i_0/MSC_i_1/MSC_i_4/MSC_i_190/MSC_i_191/qm_load_sel[0]:CLK
  To:   DDR3_0_0/MSC_i_0/MSC_i_1/MSC_i_4/MSC_i_183/read_count[6]:D
  Delay (ns):              3.261
  Slack (ns):              2.643
  Arrival (ns):            9.732
  Required (ns):          12.375
  Operating Conditions: slow_lv_ht

Path 94
  From: DDR3_0_0/MSC_i_0/MSC_i_1/MSC_i_4/MSC_i_190/MSC_i_191/MSC_i_204/rw_queued:CLK
  To:   DDR3_0_0/MSC_i_0/MSC_i_1/MSC_i_4/MSC_i_183/read_count[7]:D
  Delay (ns):              3.236
  Slack (ns):              2.643
  Arrival (ns):            9.732
  Required (ns):          12.375
  Operating Conditions: slow_lv_ht

Path 95
  From: DDR3_0_0/MSC_i_0/MSC_i_1/MSC_i_4/MSC_i_190/MSC_i_191/wr_ack[0]:CLK
  To:   DDR3_0_0/MSC_i_0/MSC_i_1/MSC_i_4/MSC_i_183/read_count[3]:D
  Delay (ns):              3.211
  Slack (ns):              2.652
  Arrival (ns):            9.723
  Required (ns):          12.375
  Operating Conditions: slow_lv_ht

Path 96
  From: DDR3_0_0/MSC_i_0/MSC_i_1/MSC_i_4/MSC_i_190/init_sm[5]:CLK
  To:   DDR3_0_0/MSC_i_0/MSC_i_1/MSC_i_4/MSC_i_190/MSC_i_191/precharge:D
  Delay (ns):              3.267
  Slack (ns):              2.656
  Arrival (ns):            9.756
  Required (ns):          12.412
  Operating Conditions: slow_lv_ht

Path 97
  From: DDR3_0_0/MSC_i_0/MSC_i_1/MSC_i_4/MSC_i_190/MSC_i_191/MSC_i_204/rw_queued:CLK
  To:   DDR3_0_0/MSC_i_0/MSC_i_1/MSC_i_4/MSC_i_183/read_count[9]:D
  Delay (ns):              3.226
  Slack (ns):              2.656
  Arrival (ns):            9.722
  Required (ns):          12.378
  Operating Conditions: slow_lv_ht

Path 98
  From: DDR3_0_0/MSC_i_0/MSC_i_1/MSC_i_4/MSC_i_190/MSC_i_191/qm_active_index[3]:CLK
  To:   DDR3_0_0/MSC_i_0/MSC_i_1/MSC_i_4/MSC_i_190/MSC_i_191/pch_chip_cs[0]:EN
  Delay (ns):              3.186
  Slack (ns):              2.658
  Arrival (ns):            9.687
  Required (ns):          12.345
  Operating Conditions: slow_lv_ht

Path 99
  From: DDR3_0_0/MSC_i_0/MSC_i_1/MSC_i_4/MSC_i_190/MSC_i_191/qm_active_index[3]:CLK
  To:   DDR3_0_0/MSC_i_0/MSC_i_1/MSC_i_4/MSC_i_190/MSC_i_191/pch_bank_addr[2]:EN
  Delay (ns):              3.186
  Slack (ns):              2.658
  Arrival (ns):            9.687
  Required (ns):          12.345
  Operating Conditions: slow_lv_ht

Path 100
  From: DDR3_0_0/MSC_i_0/MSC_i_1/MSC_i_4/MSC_i_190/MSC_i_191/qm_active_index[3]:CLK
  To:   DDR3_0_0/MSC_i_0/MSC_i_1/MSC_i_4/MSC_i_190/MSC_i_191/pch_bank_addr[1]:EN
  Delay (ns):              3.186
  Slack (ns):              2.658
  Arrival (ns):            9.687
  Required (ns):          12.345
  Operating Conditions: slow_lv_ht

