Timing Violation Report Max Delay Analysis

SmartTime Version v12.3
Microsemi Corporation - Microsemi Libero Software Release v12.3 (Version 12.800.0.16)
Date: Fri Feb 28 20:19:19 2020


Design: top
Family: PolarFire
Die: MPF300TS
Package: FCG1152
Temperature Range: -40 - 100 C
Voltage Range: 1.0185 - 1.0815 V
Speed Grade: -1
Design State: Post-Layout
Data source: Production
Multi Corner Report Operating Conditions: slow_lv_ht, slow_lv_lt, fast_hv_lt
Scenario for Timing Analysis: timing_analysis


Path 1
  From: DDR3_0_0/MSC_i_0/MSC_i_1/MSC_i_4/MSC_i_8/write_pack_addr_base[1]:CLK
  To:   DDR3_0_0/MSC_i_0/MSC_i_1/MSC_i_4/MSC_i_8/wr_data_packed[110]:EN
  Delay (ns):              3.036
  Slack (ns):              2.772
  Arrival (ns):            9.501
  Required (ns):          12.273
  Operating Conditions: slow_lv_ht

Path 2
  From: DDR3_0_0/MSC_i_0/MSC_i_1/MSC_i_4/MSC_i_8/write_pack_addr_base[1]:CLK
  To:   DDR3_0_0/MSC_i_0/MSC_i_1/MSC_i_4/MSC_i_8/wr_data_packed[87]:EN
  Delay (ns):              3.014
  Slack (ns):              2.788
  Arrival (ns):            9.479
  Required (ns):          12.267
  Operating Conditions: slow_lv_ht

Path 3
  From: DDR3_0_0/MSC_i_0/MSC_i_1/MSC_i_4/MSC_i_8/write_pack_addr_base[1]:CLK
  To:   DDR3_0_0/MSC_i_0/MSC_i_1/MSC_i_4/MSC_i_8/wr_data_packed[81]:EN
  Delay (ns):              3.014
  Slack (ns):              2.788
  Arrival (ns):            9.479
  Required (ns):          12.267
  Operating Conditions: slow_lv_ht

Path 4
  From: DDR3_0_0/MSC_i_0/MSC_i_1/MSC_i_4/MSC_i_8/write_pack_addr_base[1]:CLK
  To:   DDR3_0_0/MSC_i_0/MSC_i_1/MSC_i_4/MSC_i_8/wr_data_packed[86]:EN
  Delay (ns):              3.013
  Slack (ns):              2.789
  Arrival (ns):            9.478
  Required (ns):          12.267
  Operating Conditions: slow_lv_ht

Path 5
  From: DDR3_0_0/MSC_i_0/MSC_i_1/MSC_i_4/MSC_i_8/write_pack_addr_base[1]:CLK
  To:   DDR3_0_0/MSC_i_0/MSC_i_1/MSC_i_4/MSC_i_8/wr_data_packed[84]:EN
  Delay (ns):              3.013
  Slack (ns):              2.789
  Arrival (ns):            9.478
  Required (ns):          12.267
  Operating Conditions: slow_lv_ht

Path 6
  From: DDR3_0_0/MSC_i_0/MSC_i_1/MSC_i_4/MSC_i_8/write_pack_addr_base[1]:CLK
  To:   DDR3_0_0/MSC_i_0/MSC_i_1/MSC_i_4/MSC_i_8/wr_data_packed[85]:EN
  Delay (ns):              3.012
  Slack (ns):              2.790
  Arrival (ns):            9.477
  Required (ns):          12.267
  Operating Conditions: slow_lv_ht

Path 7
  From: DDR3_0_0/MSC_i_0/MSC_i_1/MSC_i_4/MSC_i_190/MSC_i_191/qm_active_index[2]:CLK
  To:   DDR3_0_0/MSC_i_0/MSC_i_1/MSC_i_4/MSC_i_190/MSC_i_191/dowrite_attr[0]:SLn
  Delay (ns):              3.093
  Slack (ns):              2.796
  Arrival (ns):            9.568
  Required (ns):          12.364
  Operating Conditions: slow_lv_ht

Path 8
  From: DDR3_0_0/MSC_i_0/MSC_i_1/MSC_i_4/MSC_i_8/awaddr_r1[2]:CLK
  To:   DDR3_0_0/MSC_i_0/MSC_i_1/MSC_i_4/MSC_i_8/write_pack_addr_base[2]:D
  Delay (ns):              3.113
  Slack (ns):              2.803
  Arrival (ns):            9.599
  Required (ns):          12.402
  Operating Conditions: slow_lv_ht

Path 9
  From: DDR3_0_0/MSC_i_0/MSC_i_1/MSC_i_4/MSC_i_190/MSC_i_191/MSC_i_208/rw_queued:CLK
  To:   DDR3_0_0/MSC_i_0/MSC_i_1/MSC_i_4/MSC_i_183/write_count[10]:D
  Delay (ns):              3.083
  Slack (ns):              2.811
  Arrival (ns):            9.556
  Required (ns):          12.367
  Operating Conditions: slow_lv_ht

Path 10
  From: DDR3_0_0/MSC_i_0/MSC_i_1/MSC_i_4/MSC_i_190/MSC_i_191/wr_ack[0]:CLK
  To:   DDR3_0_0/MSC_i_0/MSC_i_1/MSC_i_4/MSC_i_183/write_count[10]:D
  Delay (ns):              3.083
  Slack (ns):              2.811
  Arrival (ns):            9.556
  Required (ns):          12.367
  Operating Conditions: slow_lv_ht

Path 11
  From: DDR3_0_0/MSC_i_0/MSC_i_1/MSC_i_4/MSC_i_213/MSC_i_216/full[0]:CLK
  To:   DDR3_0_0/MSC_i_0/MSC_i_1/MSC_i_4/MSC_i_183/rmw_b_size[5]:D
  Delay (ns):              3.145
  Slack (ns):              2.814
  Arrival (ns):            9.618
  Required (ns):          12.432
  Operating Conditions: slow_lv_ht

Path 12
  From: DDR3_0_0/MSC_i_0/MSC_i_1/MSC_i_4/MSC_i_190/MSC_i_191/qm_active_index[2]:CLK
  To:   DDR3_0_0/MSC_i_0/MSC_i_1/MSC_i_4/MSC_i_190/MSC_i_191/dorw[3]:SLn
  Delay (ns):              3.070
  Slack (ns):              2.821
  Arrival (ns):            9.545
  Required (ns):          12.366
  Operating Conditions: slow_lv_ht

Path 13
  From: DDR3_0_0/MSC_i_0/MSC_i_1/MSC_i_4/MSC_i_190/MSC_i_191/qm_active_index[2]:CLK
  To:   DDR3_0_0/MSC_i_0/MSC_i_1/MSC_i_4/MSC_i_190/MSC_i_191/dorw[1]:SLn
  Delay (ns):              3.071
  Slack (ns):              2.821
  Arrival (ns):            9.546
  Required (ns):          12.367
  Operating Conditions: slow_lv_ht

Path 14
  From: DDR3_0_0/MSC_i_0/MSC_i_1/MSC_i_4/MSC_i_190/MSC_i_191/qm_active_index[2]:CLK
  To:   DDR3_0_0/MSC_i_0/MSC_i_1/MSC_i_4/MSC_i_190/MSC_i_191/dorw[0]:SLn
  Delay (ns):              3.069
  Slack (ns):              2.822
  Arrival (ns):            9.544
  Required (ns):          12.366
  Operating Conditions: slow_lv_ht

Path 15
  From: DDR3_0_0/MSC_i_0/MSC_i_1/MSC_i_4/MSC_i_190/MSC_i_191/qm_active_index[2]:CLK
  To:   DDR3_0_0/MSC_i_0/MSC_i_1/MSC_i_4/MSC_i_190/MSC_i_191/dorw[2]:SLn
  Delay (ns):              3.067
  Slack (ns):              2.825
  Arrival (ns):            9.542
  Required (ns):          12.367
  Operating Conditions: slow_lv_ht

Path 16
  From: DDR3_0_0/MSC_i_0/MSC_i_1/MSC_i_4/MSC_i_190/MSC_i_191/qm_active_index[2]:CLK
  To:   DDR3_0_0/MSC_i_0/MSC_i_1/MSC_i_4/MSC_i_190/MSC_i_191/dowrite_attr[1]:SLn
  Delay (ns):              3.066
  Slack (ns):              2.825
  Arrival (ns):            9.541
  Required (ns):          12.366
  Operating Conditions: slow_lv_ht

Path 17
  From: DDR3_0_0/MSC_i_0/MSC_i_1/MSC_i_4/MSC_i_190/MSC_i_191/qm_active_index[1]:CLK
  To:   DDR3_0_0/MSC_i_0/MSC_i_1/MSC_i_4/MSC_i_190/MSC_i_191/dowrite_attr[0]:SLn
  Delay (ns):              3.062
  Slack (ns):              2.827
  Arrival (ns):            9.537
  Required (ns):          12.364
  Operating Conditions: slow_lv_ht

Path 18
  From: DDR3_0_0/MSC_i_0/MSC_i_1/MSC_i_225/MSC_i_226/cal_select:CLK
  To:   DDR3_0_0/MSC_i_0/MSC_i_1/MSC_i_4/MSC_i_183/write_count[10]:D
  Delay (ns):              3.029
  Slack (ns):              2.832
  Arrival (ns):            9.535
  Required (ns):          12.367
  Operating Conditions: slow_lv_ht

Path 19
  From: DDR3_0_0/MSC_i_0/MSC_i_1/MSC_i_4/MSC_i_183/wrtq_rd_ptr[0]:CLK
  To:   DDR3_0_0/MSC_i_0/MSC_i_1/MSC_i_4/MSC_i_183/wrtq_wr_count[5]:SLn
  Delay (ns):              2.991
  Slack (ns):              2.837
  Arrival (ns):            9.495
  Required (ns):          12.332
  Operating Conditions: slow_lv_ht

Path 20
  From: DDR3_0_0/MSC_i_0/MSC_i_1/MSC_i_4/MSC_i_183/wrtq_rd_ptr[2]:CLK
  To:   DDR3_0_0/MSC_i_0/MSC_i_1/MSC_i_4/MSC_i_183/wrtq_wr_count[5]:SLn
  Delay (ns):              2.991
  Slack (ns):              2.837
  Arrival (ns):            9.495
  Required (ns):          12.332
  Operating Conditions: slow_lv_ht

Path 21
  From: DDR3_0_0/MSC_i_0/MSC_i_1/MSC_i_4/MSC_i_183/wrtq_rd_ptr[1]:CLK
  To:   DDR3_0_0/MSC_i_0/MSC_i_1/MSC_i_4/MSC_i_183/wrtq_wr_count[5]:SLn
  Delay (ns):              2.987
  Slack (ns):              2.841
  Arrival (ns):            9.491
  Required (ns):          12.332
  Operating Conditions: slow_lv_ht

Path 22
  From: DDR3_0_0/MSC_i_0/MSC_i_1/MSC_i_4/MSC_i_183/wrtq_rd_ptr[0]:CLK
  To:   DDR3_0_0/MSC_i_0/MSC_i_1/MSC_i_4/MSC_i_183/wrtq_wr_count[2]:SLn
  Delay (ns):              2.987
  Slack (ns):              2.842
  Arrival (ns):            9.491
  Required (ns):          12.333
  Operating Conditions: slow_lv_ht

Path 23
  From: DDR3_0_0/MSC_i_0/MSC_i_1/MSC_i_4/MSC_i_183/wrtq_rd_ptr[2]:CLK
  To:   DDR3_0_0/MSC_i_0/MSC_i_1/MSC_i_4/MSC_i_183/wrtq_wr_count[2]:SLn
  Delay (ns):              2.987
  Slack (ns):              2.842
  Arrival (ns):            9.491
  Required (ns):          12.333
  Operating Conditions: slow_lv_ht

Path 24
  From: DDR3_0_0/MSC_i_0/MSC_i_1/MSC_i_4/MSC_i_8/write_pack_addr_base[1]:CLK
  To:   DDR3_0_0/MSC_i_0/MSC_i_1/MSC_i_4/MSC_i_8/wr_data_packed[111]:EN
  Delay (ns):              2.962
  Slack (ns):              2.845
  Arrival (ns):            9.427
  Required (ns):          12.272
  Operating Conditions: slow_lv_ht

Path 25
  From: DDR3_0_0/MSC_i_0/MSC_i_1/MSC_i_4/MSC_i_8/write_pack_addr_base[1]:CLK
  To:   DDR3_0_0/MSC_i_0/MSC_i_1/MSC_i_4/MSC_i_8/wr_data_packed[104]:EN
  Delay (ns):              2.962
  Slack (ns):              2.845
  Arrival (ns):            9.427
  Required (ns):          12.272
  Operating Conditions: slow_lv_ht

Path 26
  From: DDR3_0_0/MSC_i_0/MSC_i_1/MSC_i_4/MSC_i_8/write_pack_addr_base[1]:CLK
  To:   DDR3_0_0/MSC_i_0/MSC_i_1/MSC_i_4/MSC_i_8/wr_data_packed[107]:EN
  Delay (ns):              2.961
  Slack (ns):              2.846
  Arrival (ns):            9.426
  Required (ns):          12.272
  Operating Conditions: slow_lv_ht

Path 27
  From: DDR3_0_0/MSC_i_0/MSC_i_1/MSC_i_4/MSC_i_183/wrtq_rd_ptr[1]:CLK
  To:   DDR3_0_0/MSC_i_0/MSC_i_1/MSC_i_4/MSC_i_183/wrtq_wr_count[2]:SLn
  Delay (ns):              2.983
  Slack (ns):              2.846
  Arrival (ns):            9.487
  Required (ns):          12.333
  Operating Conditions: slow_lv_ht

Path 28
  From: DDR3_0_0/MSC_i_0/MSC_i_1/MSC_i_4/MSC_i_8/write_pack_addr_base[1]:CLK
  To:   DDR3_0_0/MSC_i_0/MSC_i_1/MSC_i_4/MSC_i_8/wr_data_packed[109]:EN
  Delay (ns):              2.961
  Slack (ns):              2.846
  Arrival (ns):            9.426
  Required (ns):          12.272
  Operating Conditions: slow_lv_ht

Path 29
  From: DDR3_0_0/MSC_i_0/MSC_i_1/MSC_i_4/MSC_i_8/write_pack_addr_base[1]:CLK
  To:   DDR3_0_0/MSC_i_0/MSC_i_1/MSC_i_4/MSC_i_8/wr_data_packed[108]:EN
  Delay (ns):              2.961
  Slack (ns):              2.846
  Arrival (ns):            9.426
  Required (ns):          12.272
  Operating Conditions: slow_lv_ht

Path 30
  From: DDR3_0_0/MSC_i_0/MSC_i_1/MSC_i_4/MSC_i_190/MSC_i_191/MSC_i_205/rw_queued:CLK
  To:   DDR3_0_0/MSC_i_0/MSC_i_1/MSC_i_4/MSC_i_183/write_count[10]:D
  Delay (ns):              3.050
  Slack (ns):              2.846
  Arrival (ns):            9.521
  Required (ns):          12.367
  Operating Conditions: slow_lv_ht

Path 31
  From: DDR3_0_0/MSC_i_0/MSC_i_1/MSC_i_4/MSC_i_190/MSC_i_191/wr_ack[1]:CLK
  To:   DDR3_0_0/MSC_i_0/MSC_i_1/MSC_i_4/MSC_i_183/write_count[10]:D
  Delay (ns):              3.036
  Slack (ns):              2.850
  Arrival (ns):            9.517
  Required (ns):          12.367
  Operating Conditions: slow_lv_ht

Path 32
  From: DDR3_0_0/MSC_i_0/MSC_i_1/MSC_i_4/MSC_i_190/MSC_i_191/qm_active_index[1]:CLK
  To:   DDR3_0_0/MSC_i_0/MSC_i_1/MSC_i_4/MSC_i_190/MSC_i_191/dorw[3]:SLn
  Delay (ns):              3.039
  Slack (ns):              2.852
  Arrival (ns):            9.514
  Required (ns):          12.366
  Operating Conditions: slow_lv_ht

Path 33
  From: DDR3_0_0/MSC_i_0/MSC_i_1/MSC_i_4/MSC_i_190/MSC_i_191/qm_active_index[1]:CLK
  To:   DDR3_0_0/MSC_i_0/MSC_i_1/MSC_i_4/MSC_i_190/MSC_i_191/dorw[1]:SLn
  Delay (ns):              3.040
  Slack (ns):              2.852
  Arrival (ns):            9.515
  Required (ns):          12.367
  Operating Conditions: slow_lv_ht

Path 34
  From: DDR3_0_0/MSC_i_0/MSC_i_1/MSC_i_4/MSC_i_190/MSC_i_191/qm_active_index[1]:CLK
  To:   DDR3_0_0/MSC_i_0/MSC_i_1/MSC_i_4/MSC_i_190/MSC_i_191/dorw[0]:SLn
  Delay (ns):              3.038
  Slack (ns):              2.853
  Arrival (ns):            9.513
  Required (ns):          12.366
  Operating Conditions: slow_lv_ht

Path 35
  From: DDR3_0_0/MSC_i_0/MSC_i_1/MSC_i_4/MSC_i_190/MSC_i_191/wr_ack[0]:CLK
  To:   DDR3_0_0/MSC_i_0/MSC_i_1/MSC_i_4/MSC_i_183/read_count_early[9]:D
  Delay (ns):              3.044
  Slack (ns):              2.856
  Arrival (ns):            9.517
  Required (ns):          12.373
  Operating Conditions: slow_lv_ht

Path 36
  From: DDR3_0_0/MSC_i_0/MSC_i_1/MSC_i_4/MSC_i_190/MSC_i_191/qm_active_index[1]:CLK
  To:   DDR3_0_0/MSC_i_0/MSC_i_1/MSC_i_4/MSC_i_190/MSC_i_191/dowrite_attr[1]:SLn
  Delay (ns):              3.035
  Slack (ns):              2.856
  Arrival (ns):            9.510
  Required (ns):          12.366
  Operating Conditions: slow_lv_ht

Path 37
  From: DDR3_0_0/MSC_i_0/MSC_i_1/MSC_i_4/MSC_i_190/MSC_i_191/qm_active_index[1]:CLK
  To:   DDR3_0_0/MSC_i_0/MSC_i_1/MSC_i_4/MSC_i_190/MSC_i_191/dorw[2]:SLn
  Delay (ns):              3.036
  Slack (ns):              2.856
  Arrival (ns):            9.511
  Required (ns):          12.367
  Operating Conditions: slow_lv_ht

Path 38
  From: DDR3_0_0/MSC_i_0/MSC_i_1/MSC_i_4/MSC_i_190/MSC_i_191/wr_ack[0]:CLK
  To:   DDR3_0_0/MSC_i_0/MSC_i_1/MSC_i_4/MSC_i_183/read_count_early[10]:D
  Delay (ns):              3.043
  Slack (ns):              2.857
  Arrival (ns):            9.516
  Required (ns):          12.373
  Operating Conditions: slow_lv_ht

Path 39
  From: DDR3_0_0/MSC_i_0/MSC_i_1/MSC_i_4/MSC_i_190/MSC_i_191/MSC_i_204/pending_cmd:CLK
  To:   DDR3_0_0/MSC_i_0/MSC_i_1/MSC_i_4/MSC_i_183/write_count[10]:D
  Delay (ns):              3.031
  Slack (ns):              2.863
  Arrival (ns):            9.504
  Required (ns):          12.367
  Operating Conditions: slow_lv_ht

Path 40
  From: DDR3_0_0/MSC_i_0/MSC_i_1/MSC_i_4/MSC_i_190/MSC_i_191/MSC_i_208/rw_queued:CLK
  To:   DDR3_0_0/MSC_i_0/MSC_i_1/MSC_i_4/MSC_i_183/read_count_early[9]:D
  Delay (ns):              3.036
  Slack (ns):              2.864
  Arrival (ns):            9.509
  Required (ns):          12.373
  Operating Conditions: slow_lv_ht

Path 41
  From: DDR3_0_0/MSC_i_0/MSC_i_1/MSC_i_4/MSC_i_213/MSC_i_216/full[0]:CLK
  To:   DDR3_0_0/MSC_i_0/MSC_i_1/MSC_i_4/MSC_i_183/less_than_16xbsize_calc:D
  Delay (ns):              3.093
  Slack (ns):              2.864
  Arrival (ns):            9.566
  Required (ns):          12.430
  Operating Conditions: slow_lv_ht

Path 42
  From: DDR3_0_0/MSC_i_0/MSC_i_1/MSC_i_4/MSC_i_190/MSC_i_191/MSC_i_208/rw_queued:CLK
  To:   DDR3_0_0/MSC_i_0/MSC_i_1/MSC_i_4/MSC_i_183/read_count_early[10]:D
  Delay (ns):              3.035
  Slack (ns):              2.865
  Arrival (ns):            9.508
  Required (ns):          12.373
  Operating Conditions: slow_lv_ht

Path 43
  From: DDR3_0_0/MSC_i_0/MSC_i_1/MSC_i_4/MSC_i_190/MSC_i_191/MSC_i_208/rw_queued:CLK
  To:   DDR3_0_0/MSC_i_0/MSC_i_1/MSC_i_4/MSC_i_183/write_count[8]:D
  Delay (ns):              3.028
  Slack (ns):              2.865
  Arrival (ns):            9.501
  Required (ns):          12.366
  Operating Conditions: slow_lv_ht

Path 44
  From: DDR3_0_0/MSC_i_0/MSC_i_1/MSC_i_4/MSC_i_190/MSC_i_191/wr_ack[0]:CLK
  To:   DDR3_0_0/MSC_i_0/MSC_i_1/MSC_i_4/MSC_i_183/write_count[8]:D
  Delay (ns):              3.028
  Slack (ns):              2.865
  Arrival (ns):            9.501
  Required (ns):          12.366
  Operating Conditions: slow_lv_ht

Path 45
  From: DDR3_0_0/MSC_i_0/MSC_i_1/MSC_i_4/MSC_i_190/MSC_i_191/wr_ack[2]:CLK
  To:   DDR3_0_0/MSC_i_0/MSC_i_1/MSC_i_4/MSC_i_183/write_count[10]:D
  Delay (ns):              3.027
  Slack (ns):              2.865
  Arrival (ns):            9.502
  Required (ns):          12.367
  Operating Conditions: slow_lv_ht

Path 46
  From: DDR3_0_0/MSC_i_0/MSC_i_1/MSC_i_4/MSC_i_190/MSC_i_191/MSC_i_208/rw_queued:CLK
  To:   DDR3_0_0/MSC_i_0/MSC_i_1/MSC_i_4/MSC_i_183/write_count[7]:D
  Delay (ns):              3.027
  Slack (ns):              2.867
  Arrival (ns):            9.500
  Required (ns):          12.367
  Operating Conditions: slow_lv_ht

Path 47
  From: DDR3_0_0/MSC_i_0/MSC_i_1/MSC_i_4/MSC_i_190/MSC_i_191/wr_ack[0]:CLK
  To:   DDR3_0_0/MSC_i_0/MSC_i_1/MSC_i_4/MSC_i_183/write_count[7]:D
  Delay (ns):              3.027
  Slack (ns):              2.867
  Arrival (ns):            9.500
  Required (ns):          12.367
  Operating Conditions: slow_lv_ht

Path 48
  From: DDR3_0_0/MSC_i_0/MSC_i_1/MSC_i_4/MSC_i_7/data_shifter_gen[1].data_shifter[1][0]:CLK
  To:   DDR3_0_0/MSC_i_0/MSC_i_1/MSC_i_4/MSC_i_183/write_count[10]:D
  Delay (ns):              3.026
  Slack (ns):              2.870
  Arrival (ns):            9.497
  Required (ns):          12.367
  Operating Conditions: slow_lv_ht

Path 49
  From: DDR3_0_0/MSC_i_0/MSC_i_1/MSC_i_4/MSC_i_190/init_sm[3]:CLK
  To:   DDR3_0_0/MSC_i_0/MSC_i_1/MSC_i_4/MSC_i_190/MSC_i_191/precharge_cs[0]:D
  Delay (ns):              3.010
  Slack (ns):              2.874
  Arrival (ns):            9.502
  Required (ns):          12.376
  Operating Conditions: slow_lv_ht

Path 50
  From: DDR3_0_0/MSC_i_0/MSC_i_1/MSC_i_4/MSC_i_190/init_sm[3]:CLK
  To:   DDR3_0_0/MSC_i_0/MSC_i_1/MSC_i_4/MSC_i_190/MSC_i_191/precharge_ob[1]:D
  Delay (ns):              3.010
  Slack (ns):              2.874
  Arrival (ns):            9.502
  Required (ns):          12.376
  Operating Conditions: slow_lv_ht

Path 51
  From: DDR3_0_0/MSC_i_0/MSC_i_1/MSC_i_4/MSC_i_190/MSC_i_191/wr_ack[0]:CLK
  To:   DDR3_0_0/MSC_i_0/MSC_i_1/MSC_i_4/MSC_i_183/read_count[9]:D
  Delay (ns):              3.029
  Slack (ns):              2.878
  Arrival (ns):            9.502
  Required (ns):          12.380
  Operating Conditions: slow_lv_ht

Path 52
  From: DDR3_0_0/MSC_i_0/MSC_i_1/MSC_i_4/MSC_i_190/MSC_i_191/MSC_i_208/rw_queued:CLK
  To:   DDR3_0_0/MSC_i_0/MSC_i_1/MSC_i_4/MSC_i_183/read_count[9]:D
  Delay (ns):              3.026
  Slack (ns):              2.881
  Arrival (ns):            9.499
  Required (ns):          12.380
  Operating Conditions: slow_lv_ht

Path 53
  From: DDR3_0_0/MSC_i_0/MSC_i_1/MSC_i_4/MSC_i_190/MSC_i_191/qm_active_index[3]:CLK
  To:   DDR3_0_0/MSC_i_0/MSC_i_1/MSC_i_4/MSC_i_190/MSC_i_191/dowrite_attr[0]:SLn
  Delay (ns):              3.009
  Slack (ns):              2.881
  Arrival (ns):            9.483
  Required (ns):          12.364
  Operating Conditions: slow_lv_ht

Path 54
  From: DDR3_0_0/MSC_i_0/MSC_i_1/MSC_i_4/MSC_i_8/MSC_i_104/MSC_i_105/MSC_i_106/wr_ready:CLK
  To:   DDR3_0_0/MSC_i_0/MSC_i_1/MSC_i_4/MSC_i_8/MSC_i_104/MSC_i_105/gen_dc_level.ram_rd_valid_int:D
  Delay (ns):              3.033
  Slack (ns):              2.882
  Arrival (ns):            9.481
  Required (ns):          12.363
  Operating Conditions: slow_lv_ht

Path 55
  From: DDR3_0_0/MSC_i_0/MSC_i_1/MSC_i_4/MSC_i_190/MSC_i_191/wr_ack[0]:CLK
  To:   DDR3_0_0/MSC_i_0/MSC_i_1/MSC_i_4/MSC_i_183/read_count_early[6]:D
  Delay (ns):              3.020
  Slack (ns):              2.882
  Arrival (ns):            9.493
  Required (ns):          12.375
  Operating Conditions: slow_lv_ht

Path 56
  From: DDR3_0_0/MSC_i_0/MSC_i_1/MSC_i_4/MSC_i_190/MSC_i_191/MSC_i_208/rw_queued:CLK
  To:   DDR3_0_0/MSC_i_0/MSC_i_1/MSC_i_4/MSC_i_183/write_count[9]:D
  Delay (ns):              3.011
  Slack (ns):              2.883
  Arrival (ns):            9.484
  Required (ns):          12.367
  Operating Conditions: slow_lv_ht

Path 57
  From: DDR3_0_0/MSC_i_0/MSC_i_1/MSC_i_4/MSC_i_190/MSC_i_191/wr_ack[0]:CLK
  To:   DDR3_0_0/MSC_i_0/MSC_i_1/MSC_i_4/MSC_i_183/write_count[9]:D
  Delay (ns):              3.011
  Slack (ns):              2.883
  Arrival (ns):            9.484
  Required (ns):          12.367
  Operating Conditions: slow_lv_ht

Path 58
  From: DDR3_0_0/MSC_i_0/MSC_i_1/MSC_i_4/MSC_i_190/MSC_i_191/MSC_i_204/rw_queued:CLK
  To:   DDR3_0_0/MSC_i_0/MSC_i_1/MSC_i_4/MSC_i_183/write_count[10]:D
  Delay (ns):              3.010
  Slack (ns):              2.884
  Arrival (ns):            9.483
  Required (ns):          12.367
  Operating Conditions: slow_lv_ht

Path 59
  From: DDR3_0_0/MSC_i_0/MSC_i_1/MSC_i_4/MSC_i_190/MSC_i_191/wr_ack[0]:CLK
  To:   DDR3_0_0/MSC_i_0/MSC_i_1/MSC_i_4/MSC_i_183/read_count[10]:D
  Delay (ns):              3.023
  Slack (ns):              2.884
  Arrival (ns):            9.496
  Required (ns):          12.380
  Operating Conditions: slow_lv_ht

Path 60
  From: DDR3_0_0/MSC_i_0/MSC_i_1/MSC_i_4/MSC_i_8/awaddr_r1[2]:CLK
  To:   DDR3_0_0/MSC_i_0/MSC_i_1/MSC_i_4/MSC_i_8/write_pack_addr_base[3]:D
  Delay (ns):              3.030
  Slack (ns):              2.884
  Arrival (ns):            9.516
  Required (ns):          12.400
  Operating Conditions: slow_lv_ht

Path 61
  From: DDR3_0_0/MSC_i_0/MSC_i_1/MSC_i_225/MSC_i_226/cal_select:CLK
  To:   DDR3_0_0/MSC_i_0/MSC_i_1/MSC_i_4/MSC_i_183/read_count_early[9]:D
  Delay (ns):              2.982
  Slack (ns):              2.885
  Arrival (ns):            9.488
  Required (ns):          12.373
  Operating Conditions: slow_lv_ht

Path 62
  From: DDR3_0_0/MSC_i_0/MSC_i_1/MSC_i_225/MSC_i_226/cal_init_mr_addr_1[2]:CLK
  To:   DDR3_0_0/MSC_i_0/MSC_i_1/MSC_i_4/MSC_i_190/MSC_i_191/precharge_ob[1]:D
  Delay (ns):              2.984
  Slack (ns):              2.886
  Arrival (ns):            9.490
  Required (ns):          12.376
  Operating Conditions: slow_lv_ht

Path 63
  From: DDR3_0_0/MSC_i_0/MSC_i_1/MSC_i_225/MSC_i_226/cal_select:CLK
  To:   DDR3_0_0/MSC_i_0/MSC_i_1/MSC_i_4/MSC_i_183/read_count_early[10]:D
  Delay (ns):              2.981
  Slack (ns):              2.886
  Arrival (ns):            9.487
  Required (ns):          12.373
  Operating Conditions: slow_lv_ht

Path 64
  From: DDR3_0_0/MSC_i_0/MSC_i_1/MSC_i_225/MSC_i_226/cal_select:CLK
  To:   DDR3_0_0/MSC_i_0/MSC_i_1/MSC_i_4/MSC_i_183/write_count[8]:D
  Delay (ns):              2.974
  Slack (ns):              2.886
  Arrival (ns):            9.480
  Required (ns):          12.366
  Operating Conditions: slow_lv_ht

Path 65
  From: DDR3_0_0/MSC_i_0/MSC_i_1/MSC_i_225/MSC_i_226/cal_init_mr_addr_1[2]:CLK
  To:   DDR3_0_0/MSC_i_0/MSC_i_1/MSC_i_4/MSC_i_190/MSC_i_191/precharge_cs[0]:D
  Delay (ns):              2.984
  Slack (ns):              2.886
  Arrival (ns):            9.490
  Required (ns):          12.376
  Operating Conditions: slow_lv_ht

Path 66
  From: DDR3_0_0/MSC_i_0/MSC_i_1/MSC_i_4/MSC_i_190/MSC_i_191/qm_active_index[0]:CLK
  To:   DDR3_0_0/MSC_i_0/MSC_i_1/MSC_i_4/MSC_i_190/MSC_i_191/dowrite_attr[0]:SLn
  Delay (ns):              3.002
  Slack (ns):              2.887
  Arrival (ns):            9.477
  Required (ns):          12.364
  Operating Conditions: slow_lv_ht

Path 67
  From: DDR3_0_0/MSC_i_0/MSC_i_1/MSC_i_4/MSC_i_190/MSC_i_191/MSC_i_208/rw_queued:CLK
  To:   DDR3_0_0/MSC_i_0/MSC_i_1/MSC_i_4/MSC_i_183/read_count[10]:D
  Delay (ns):              3.020
  Slack (ns):              2.887
  Arrival (ns):            9.493
  Required (ns):          12.380
  Operating Conditions: slow_lv_ht

Path 68
  From: DDR3_0_0/MSC_i_0/MSC_i_1/MSC_i_225/MSC_i_226/cal_select:CLK
  To:   DDR3_0_0/MSC_i_0/MSC_i_1/MSC_i_4/MSC_i_183/write_count[7]:D
  Delay (ns):              2.973
  Slack (ns):              2.888
  Arrival (ns):            9.479
  Required (ns):          12.367
  Operating Conditions: slow_lv_ht

Path 69
  From: DDR3_0_0/MSC_i_0/MSC_i_1/MSC_i_4/MSC_i_190/MSC_i_191/MSC_i_208/rw_queued:CLK
  To:   DDR3_0_0/MSC_i_0/MSC_i_1/MSC_i_4/MSC_i_183/read_count_early[6]:D
  Delay (ns):              3.012
  Slack (ns):              2.890
  Arrival (ns):            9.485
  Required (ns):          12.375
  Operating Conditions: slow_lv_ht

Path 70
  From: DDR3_0_0/MSC_i_0/MSC_i_1/MSC_i_4/MSC_i_190/MSC_i_191/MSC_i_208/pending_cmd:CLK
  To:   DDR3_0_0/MSC_i_0/MSC_i_1/MSC_i_4/MSC_i_183/write_count[10]:D
  Delay (ns):              3.004
  Slack (ns):              2.890
  Arrival (ns):            9.477
  Required (ns):          12.367
  Operating Conditions: slow_lv_ht

Path 71
  From: DDR3_0_0/MSC_i_0/MSC_i_1/MSC_i_4/MSC_i_190/MSC_i_191/wr_ack[1]:CLK
  To:   DDR3_0_0/MSC_i_0/MSC_i_1/MSC_i_4/MSC_i_183/read_count_early[9]:D
  Delay (ns):              3.000
  Slack (ns):              2.892
  Arrival (ns):            9.481
  Required (ns):          12.373
  Operating Conditions: slow_lv_ht

Path 72
  From: DDR3_0_0/MSC_i_0/MSC_i_1/MSC_i_4/MSC_i_190/MSC_i_191/w_valid_attr_sh_gen[0].w_valid_attr_sh[0][4]:CLK
  To:   DDR3_0_0/MSC_i_0/MSC_i_1/MSC_i_4/MSC_i_183/write_count[10]:D
  Delay (ns):              3.001
  Slack (ns):              2.893
  Arrival (ns):            9.474
  Required (ns):          12.367
  Operating Conditions: slow_lv_ht

Path 73
  From: DDR3_0_0/MSC_i_0/MSC_i_1/MSC_i_4/MSC_i_190/init_sm[1]:CLK
  To:   DDR3_0_0/MSC_i_0/MSC_i_1/MSC_i_4/MSC_i_190/MSC_i_191/precharge_ob[1]:D
  Delay (ns):              2.993
  Slack (ns):              2.893
  Arrival (ns):            9.483
  Required (ns):          12.376
  Operating Conditions: slow_lv_ht

Path 74
  From: DDR3_0_0/MSC_i_0/MSC_i_1/MSC_i_4/MSC_i_190/MSC_i_191/wr_ack[1]:CLK
  To:   DDR3_0_0/MSC_i_0/MSC_i_1/MSC_i_4/MSC_i_183/read_count_early[10]:D
  Delay (ns):              2.999
  Slack (ns):              2.893
  Arrival (ns):            9.480
  Required (ns):          12.373
  Operating Conditions: slow_lv_ht

Path 75
  From: DDR3_0_0/MSC_i_0/MSC_i_1/MSC_i_4/MSC_i_190/init_sm[1]:CLK
  To:   DDR3_0_0/MSC_i_0/MSC_i_1/MSC_i_4/MSC_i_190/MSC_i_191/precharge_cs[0]:D
  Delay (ns):              2.993
  Slack (ns):              2.893
  Arrival (ns):            9.483
  Required (ns):          12.376
  Operating Conditions: slow_lv_ht

Path 76
  From: DDR3_0_0/MSC_i_0/MSC_i_1/MSC_i_4/MSC_i_8/awaddr_r1[2]:CLK
  To:   DDR3_0_0/MSC_i_0/MSC_i_1/MSC_i_4/MSC_i_8/wrapped_write_flag:D
  Delay (ns):              3.026
  Slack (ns):              2.896
  Arrival (ns):            9.512
  Required (ns):          12.408
  Operating Conditions: slow_lv_ht

Path 77
  From: DDR3_0_0/MSC_i_0/MSC_i_1/MSC_i_4/MSC_i_183/MSC_i_187/burst_xfer_active:CLK
  To:   DDR3_0_0/MSC_i_0/MSC_i_1/MSC_i_4/MSC_i_190/MSC_i_191/MSC_i_208/pending_cmd:EN
  Delay (ns):              2.881
  Slack (ns):              2.898
  Arrival (ns):            9.362
  Required (ns):          12.260
  Operating Conditions: slow_lv_ht

Path 78
  From: DDR3_0_0/MSC_i_0/MSC_i_1/MSC_i_4/MSC_i_190/MSC_i_191/MSC_i_205/rw_queued:CLK
  To:   DDR3_0_0/MSC_i_0/MSC_i_1/MSC_i_4/MSC_i_183/read_count_early[9]:D
  Delay (ns):              3.003
  Slack (ns):              2.899
  Arrival (ns):            9.474
  Required (ns):          12.373
  Operating Conditions: slow_lv_ht

Path 79
  From: DDR3_0_0/MSC_i_0/MSC_i_1/MSC_i_4/MSC_i_190/MSC_i_191/MSC_i_205/rw_queued:CLK
  To:   DDR3_0_0/MSC_i_0/MSC_i_1/MSC_i_4/MSC_i_183/read_count_early[10]:D
  Delay (ns):              3.002
  Slack (ns):              2.900
  Arrival (ns):            9.473
  Required (ns):          12.373
  Operating Conditions: slow_lv_ht

Path 80
  From: DDR3_0_0/MSC_i_0/MSC_i_1/MSC_i_4/MSC_i_190/MSC_i_191/MSC_i_205/rw_queued:CLK
  To:   DDR3_0_0/MSC_i_0/MSC_i_1/MSC_i_4/MSC_i_183/write_count[8]:D
  Delay (ns):              2.995
  Slack (ns):              2.900
  Arrival (ns):            9.466
  Required (ns):          12.366
  Operating Conditions: slow_lv_ht

Path 81
  From: DDR3_0_0/MSC_i_0/MSC_i_1/MSC_i_4/MSC_i_213/MSC_i_216/data_r2[20]:CLK
  To:   DDR3_0_0/MSC_i_0/MSC_i_1/MSC_i_4/MSC_i_183/rmw_b_size[5]:D
  Delay (ns):              3.026
  Slack (ns):              2.900
  Arrival (ns):            9.519
  Required (ns):          12.419
  Operating Conditions: slow_lv_ht

Path 82
  From: DDR3_0_0/MSC_i_0/MSC_i_1/MSC_i_225/MSC_i_226/cal_select:CLK
  To:   DDR3_0_0/MSC_i_0/MSC_i_1/MSC_i_4/MSC_i_183/read_count[9]:D
  Delay (ns):              2.972
  Slack (ns):              2.902
  Arrival (ns):            9.478
  Required (ns):          12.380
  Operating Conditions: slow_lv_ht

Path 83
  From: DDR3_0_0/MSC_i_0/MSC_i_1/MSC_i_4/MSC_i_190/MSC_i_191/MSC_i_205/rw_queued:CLK
  To:   DDR3_0_0/MSC_i_0/MSC_i_1/MSC_i_4/MSC_i_183/write_count[7]:D
  Delay (ns):              2.994
  Slack (ns):              2.902
  Arrival (ns):            9.465
  Required (ns):          12.367
  Operating Conditions: slow_lv_ht

Path 84
  From: DDR3_0_0/MSC_i_0/MSC_i_1/MSC_i_4/MSC_i_8/awaddr_r1[2]:CLK
  To:   DDR3_0_0/MSC_i_0/MSC_i_1/MSC_i_4/MSC_i_8/wrapped_write_flag:EN
  Delay (ns):              2.906
  Slack (ns):              2.904
  Arrival (ns):            9.392
  Required (ns):          12.296
  Operating Conditions: slow_lv_ht

Path 85
  From: DDR3_0_0/MSC_i_0/MSC_i_1/MSC_i_4/MSC_i_190/MSC_i_191/wr_ack[1]:CLK
  To:   DDR3_0_0/MSC_i_0/MSC_i_1/MSC_i_4/MSC_i_183/write_count[8]:D
  Delay (ns):              2.981
  Slack (ns):              2.904
  Arrival (ns):            9.462
  Required (ns):          12.366
  Operating Conditions: slow_lv_ht

Path 86
  From: DDR3_0_0/MSC_i_0/MSC_i_1/MSC_i_225/MSC_i_226/cal_select:CLK
  To:   DDR3_0_0/MSC_i_0/MSC_i_1/MSC_i_4/MSC_i_183/write_count[9]:D
  Delay (ns):              2.957
  Slack (ns):              2.904
  Arrival (ns):            9.463
  Required (ns):          12.367
  Operating Conditions: slow_lv_ht

Path 87
  From: DDR3_0_0/MSC_i_0/MSC_i_1/MSC_i_4/MSC_i_190/MSC_i_191/wr_ack[1]:CLK
  To:   DDR3_0_0/MSC_i_0/MSC_i_1/MSC_i_4/MSC_i_183/write_count[7]:D
  Delay (ns):              2.980
  Slack (ns):              2.906
  Arrival (ns):            9.461
  Required (ns):          12.367
  Operating Conditions: slow_lv_ht

Path 88
  From: DDR3_0_0/MSC_i_0/MSC_i_1/MSC_i_4/MSC_i_190/MSC_i_191/qm_active_index[3]:CLK
  To:   DDR3_0_0/MSC_i_0/MSC_i_1/MSC_i_4/MSC_i_190/MSC_i_191/dorw[3]:SLn
  Delay (ns):              2.986
  Slack (ns):              2.906
  Arrival (ns):            9.460
  Required (ns):          12.366
  Operating Conditions: slow_lv_ht

Path 89
  From: DDR3_0_0/MSC_i_0/MSC_i_1/MSC_i_4/MSC_i_190/MSC_i_191/qm_active_index[3]:CLK
  To:   DDR3_0_0/MSC_i_0/MSC_i_1/MSC_i_4/MSC_i_190/MSC_i_191/dorw[1]:SLn
  Delay (ns):              2.987
  Slack (ns):              2.906
  Arrival (ns):            9.461
  Required (ns):          12.367
  Operating Conditions: slow_lv_ht

Path 90
  From: DDR3_0_0/MSC_i_0/MSC_i_1/MSC_i_4/MSC_i_190/MSC_i_191/qm_active_index[3]:CLK
  To:   DDR3_0_0/MSC_i_0/MSC_i_1/MSC_i_4/MSC_i_190/MSC_i_191/dorw[0]:SLn
  Delay (ns):              2.985
  Slack (ns):              2.907
  Arrival (ns):            9.459
  Required (ns):          12.366
  Operating Conditions: slow_lv_ht

Path 91
  From: DDR3_0_0/MSC_i_0/MSC_i_1/MSC_i_4/MSC_i_190/MSC_i_191/wr_ack[2]:CLK
  To:   DDR3_0_0/MSC_i_0/MSC_i_1/MSC_i_4/MSC_i_183/read_count_early[9]:D
  Delay (ns):              2.991
  Slack (ns):              2.907
  Arrival (ns):            9.466
  Required (ns):          12.373
  Operating Conditions: slow_lv_ht

Path 92
  From: DDR3_0_0/MSC_i_0/MSC_i_1/MSC_i_4/MSC_i_190/MSC_i_191/wr_ack[2]:CLK
  To:   DDR3_0_0/MSC_i_0/MSC_i_1/MSC_i_4/MSC_i_183/read_count_early[10]:D
  Delay (ns):              2.990
  Slack (ns):              2.908
  Arrival (ns):            9.465
  Required (ns):          12.373
  Operating Conditions: slow_lv_ht

Path 93
  From: DDR3_0_0/MSC_i_0/MSC_i_1/MSC_i_225/MSC_i_226/cal_select:CLK
  To:   DDR3_0_0/MSC_i_0/MSC_i_1/MSC_i_4/MSC_i_183/read_count[10]:D
  Delay (ns):              2.966
  Slack (ns):              2.908
  Arrival (ns):            9.472
  Required (ns):          12.380
  Operating Conditions: slow_lv_ht

Path 94
  From: DDR3_0_0/MSC_i_0/MSC_i_1/MSC_i_4/MSC_i_190/MSC_i_191/wr_ack[0]:CLK
  To:   DDR3_0_0/MSC_i_0/MSC_i_1/MSC_i_4/MSC_i_183/read_count_early[7]:D
  Delay (ns):              2.991
  Slack (ns):              2.909
  Arrival (ns):            9.464
  Required (ns):          12.373
  Operating Conditions: slow_lv_ht

Path 95
  From: DDR3_0_0/MSC_i_0/MSC_i_1/MSC_i_4/MSC_i_190/MSC_i_191/qm_active_index[3]:CLK
  To:   DDR3_0_0/MSC_i_0/MSC_i_1/MSC_i_4/MSC_i_190/MSC_i_191/dorw[2]:SLn
  Delay (ns):              2.983
  Slack (ns):              2.910
  Arrival (ns):            9.457
  Required (ns):          12.367
  Operating Conditions: slow_lv_ht

Path 96
  From: DDR3_0_0/MSC_i_0/MSC_i_1/MSC_i_4/MSC_i_190/MSC_i_191/qm_active_index[3]:CLK
  To:   DDR3_0_0/MSC_i_0/MSC_i_1/MSC_i_4/MSC_i_190/MSC_i_191/dowrite_attr[1]:SLn
  Delay (ns):              2.982
  Slack (ns):              2.910
  Arrival (ns):            9.456
  Required (ns):          12.366
  Operating Conditions: slow_lv_ht

Path 97
  From: DDR3_0_0/MSC_i_0/MSC_i_1/MSC_i_225/MSC_i_226/cal_select:CLK
  To:   DDR3_0_0/MSC_i_0/MSC_i_1/MSC_i_4/MSC_i_183/read_count_early[6]:D
  Delay (ns):              2.958
  Slack (ns):              2.911
  Arrival (ns):            9.464
  Required (ns):          12.375
  Operating Conditions: slow_lv_ht

Path 98
  From: DDR3_0_0/MSC_i_0/MSC_i_1/MSC_i_4/MSC_i_190/MSC_i_191/qm_active_index[0]:CLK
  To:   DDR3_0_0/MSC_i_0/MSC_i_1/MSC_i_4/MSC_i_190/MSC_i_191/dorw[1]:SLn
  Delay (ns):              2.980
  Slack (ns):              2.912
  Arrival (ns):            9.455
  Required (ns):          12.367
  Operating Conditions: slow_lv_ht

Path 99
  From: DDR3_0_0/MSC_i_0/MSC_i_1/MSC_i_4/MSC_i_7/data_shifter_gen[1].data_shifter[1][0]:CLK
  To:   DDR3_0_0/MSC_i_0/MSC_i_1/MSC_i_4/MSC_i_183/write_count[7]:D
  Delay (ns):              2.984
  Slack (ns):              2.912
  Arrival (ns):            9.455
  Required (ns):          12.367
  Operating Conditions: slow_lv_ht

Path 100
  From: DDR3_0_0/MSC_i_0/MSC_i_1/MSC_i_4/MSC_i_190/MSC_i_191/qm_active_index[0]:CLK
  To:   DDR3_0_0/MSC_i_0/MSC_i_1/MSC_i_4/MSC_i_190/MSC_i_191/dorw[3]:SLn
  Delay (ns):              2.979
  Slack (ns):              2.912
  Arrival (ns):            9.454
  Required (ns):          12.366
  Operating Conditions: slow_lv_ht

