Timing Violation Report Max Delay Analysis

SmartTime Version 
Microsemi Corporation - Microsemi Libero Software Release  (Version 12.700.0.21)
Date: Fri Sep 20 13:26:09 2019


Design: top
Family: PolarFire
Die: MPF300TS
Package: FCG1152
Temperature Range: -40 - 100 C
Voltage Range: 1.0185 - 1.0815 V
Speed Grade: -1
Design State: Post-Layout
Data source: Production
Operating Conditions: slow_lv_ht
Scenario for Timing Analysis: timing_analysis


Path 1
  From: DDR3_0_0/DDRPHY_BLK_0/LANE_1_CTRL/I_LANECTRL:FAB_CLK
  To:   DDR3_0_0/DDRPHY_BLK_0/IOD_TRAINING_0/COREDDR_TIP_INT_U/TIP_CTRL_BLK/LEVELLING/RDLVL/RDLVL_SMS/genblk1[1].RDLVL_TRAIN/gate_training/burst_detected:EN
  Delay (ns):              2.904
  Slack (ns):              2.602
  Arrival (ns):            9.580
  Required (ns):          12.182

Path 2
  From: DDR3_0_0/DDRPHY_BLK_0/IOD_TRAINING_0/COREDDR_TIP_INT_U/TIP_CTRL_BLK/TRN_CLK/cmd_addr_trainer/vcophsel_calc[2]:CLK
  To:   DDR3_0_0/DDRPHY_BLK_0/IOD_TRAINING_0/COREDDR_TIP_INT_U/TIP_CTRL_BLK/TRN_CLK/cmd_addr_trainer/min_outdly_val[4]:EN
  Delay (ns):              3.187
  Slack (ns):              2.659
  Arrival (ns):            9.673
  Required (ns):          12.332

Path 3
  From: DDR3_0_0/MSC_i_0/MSC_i_1/MSC_i_4/MSC_i_190/init_sm[3]:CLK
  To:   DDR3_0_0/MSC_i_0/MSC_i_1/MSC_i_4/MSC_i_190/MSC_i_191/mpr_mode_cs[0]:EN
  Delay (ns):              3.181
  Slack (ns):              2.660
  Arrival (ns):            9.657
  Required (ns):          12.317

Path 4
  From: DDR3_0_0/MSC_i_0/MSC_i_1/MSC_i_4/MSC_i_190/init_sm[3]:CLK
  To:   DDR3_0_0/MSC_i_0/MSC_i_1/MSC_i_4/MSC_i_190/MSC_i_191/mpr_mode_cs[2]:EN
  Delay (ns):              3.181
  Slack (ns):              2.660
  Arrival (ns):            9.657
  Required (ns):          12.317

Path 5
  From: DDR3_0_0/MSC_i_0/MSC_i_1/MSC_i_4/MSC_i_190/init_sm[3]:CLK
  To:   DDR3_0_0/MSC_i_0/MSC_i_1/MSC_i_4/MSC_i_190/MSC_i_191/mpr_mode_cs[5]:EN
  Delay (ns):              3.181
  Slack (ns):              2.660
  Arrival (ns):            9.657
  Required (ns):          12.317

Path 6
  From: DDR3_0_0/DDRPHY_BLK_0/IOD_TRAINING_0/COREDDR_TIP_INT_U/TIP_CTRL_BLK/TRN_CLK/cmd_addr_trainer/vcophsel_calc[0]:CLK
  To:   DDR3_0_0/DDRPHY_BLK_0/IOD_TRAINING_0/COREDDR_TIP_INT_U/TIP_CTRL_BLK/TRN_CLK/cmd_addr_trainer/min_outdly_val[4]:EN
  Delay (ns):              3.175
  Slack (ns):              2.664
  Arrival (ns):            9.668
  Required (ns):          12.332

Path 7
  From: DDR3_0_0/MSC_i_0/MSC_i_1/MSC_i_4/MSC_i_190/init_sm[4]:CLK
  To:   DDR3_0_0/MSC_i_0/MSC_i_1/MSC_i_4/MSC_i_190/MSC_i_191/mpr_mode_cs[0]:EN
  Delay (ns):              3.066
  Slack (ns):              2.695
  Arrival (ns):            9.558
  Required (ns):          12.253

Path 8
  From: DDR3_0_0/MSC_i_0/MSC_i_1/MSC_i_4/MSC_i_190/init_sm[4]:CLK
  To:   DDR3_0_0/MSC_i_0/MSC_i_1/MSC_i_4/MSC_i_190/MSC_i_191/mpr_mode_cs[2]:EN
  Delay (ns):              3.066
  Slack (ns):              2.695
  Arrival (ns):            9.558
  Required (ns):          12.253

Path 9
  From: DDR3_0_0/MSC_i_0/MSC_i_1/MSC_i_4/MSC_i_190/init_sm[4]:CLK
  To:   DDR3_0_0/MSC_i_0/MSC_i_1/MSC_i_4/MSC_i_190/MSC_i_191/mpr_mode_cs[5]:EN
  Delay (ns):              3.066
  Slack (ns):              2.695
  Arrival (ns):            9.558
  Required (ns):          12.253

Path 10
  From: DDR3_0_0/MSC_i_0/MSC_i_1/MSC_i_4/MSC_i_183/MSC_i_187/burst_xfer_active:CLK
  To:   DDR3_0_0/MSC_i_0/MSC_i_1/MSC_i_4/MSC_i_190/MSC_i_191/MSC_i_208/wr_attr_reg[0]:EN
  Delay (ns):              3.125
  Slack (ns):              2.700
  Arrival (ns):            9.615
  Required (ns):          12.315

Path 11
  From: DDR3_0_0/DDRPHY_BLK_0/IOD_TRAINING_0/COREDDR_TIP_INT_U/TIP_CTRL_BLK/TRN_CLK/cmd_addr_trainer/vcophsel_calc[1]:CLK
  To:   DDR3_0_0/DDRPHY_BLK_0/IOD_TRAINING_0/COREDDR_TIP_INT_U/TIP_CTRL_BLK/TRN_CLK/cmd_addr_trainer/min_outdly_val[4]:EN
  Delay (ns):              3.093
  Slack (ns):              2.746
  Arrival (ns):            9.586
  Required (ns):          12.332

Path 12
  From: DDR3_0_0/MSC_i_0/MSC_i_1/MSC_i_4/MSC_i_190/init_sm[3]:CLK
  To:   DDR3_0_0/MSC_i_0/MSC_i_1/MSC_i_4/MSC_i_190/MSC_i_191/mpr_mode_cs[3]:EN
  Delay (ns):              3.089
  Slack (ns):              2.753
  Arrival (ns):            9.565
  Required (ns):          12.318

Path 13
  From: DDR3_0_0/MSC_i_0/MSC_i_1/MSC_i_4/MSC_i_190/init_sm[3]:CLK
  To:   DDR3_0_0/MSC_i_0/MSC_i_1/MSC_i_4/MSC_i_190/MSC_i_191/mpr_mode_cs[6]:EN
  Delay (ns):              3.088
  Slack (ns):              2.753
  Arrival (ns):            9.564
  Required (ns):          12.317

Path 14
  From: DDR3_0_0/MSC_i_0/MSC_i_1/MSC_i_4/MSC_i_190/init_sm[3]:CLK
  To:   DDR3_0_0/MSC_i_0/MSC_i_1/MSC_i_4/MSC_i_190/MSC_i_191/mpr_mode_cs[7]:EN
  Delay (ns):              3.089
  Slack (ns):              2.753
  Arrival (ns):            9.565
  Required (ns):          12.318

Path 15
  From: DDR3_0_0/MSC_i_0/MSC_i_1/MSC_i_4/MSC_i_190/init_sm[3]:CLK
  To:   DDR3_0_0/MSC_i_0/MSC_i_1/MSC_i_4/MSC_i_190/MSC_i_191/mpr_mode_cs[1]:EN
  Delay (ns):              3.088
  Slack (ns):              2.754
  Arrival (ns):            9.564
  Required (ns):          12.318

Path 16
  From: DDR3_0_0/MSC_i_0/MSC_i_1/MSC_i_4/MSC_i_190/init_sm[3]:CLK
  To:   DDR3_0_0/MSC_i_0/MSC_i_1/MSC_i_4/MSC_i_190/MSC_i_191/mpr_mode_cs[4]:EN
  Delay (ns):              3.088
  Slack (ns):              2.754
  Arrival (ns):            9.564
  Required (ns):          12.318

Path 17
  From: DDR3_0_0/MSC_i_0/MSC_i_1/MSC_i_225/MSC_i_226/cal_init_mr_addr_1[3]:CLK
  To:   DDR3_0_0/MSC_i_0/MSC_i_1/MSC_i_4/MSC_i_190/MSC_i_191/precharge_cs[0]:D
  Delay (ns):              3.200
  Slack (ns):              2.761
  Arrival (ns):            9.665
  Required (ns):          12.426

Path 18
  From: DDR3_0_0/MSC_i_0/MSC_i_1/MSC_i_225/MSC_i_226/cal_init_mr_addr_1[3]:CLK
  To:   DDR3_0_0/MSC_i_0/MSC_i_1/MSC_i_4/MSC_i_190/MSC_i_191/precharge_ob[3]:D
  Delay (ns):              3.200
  Slack (ns):              2.762
  Arrival (ns):            9.665
  Required (ns):          12.427

Path 19
  From: DDR3_0_0/MSC_i_0/MSC_i_1/MSC_i_225/MSC_i_226/cal_init_mr_addr_1[3]:CLK
  To:   DDR3_0_0/MSC_i_0/MSC_i_1/MSC_i_4/MSC_i_190/MSC_i_191/precharge_ob[0]:D
  Delay (ns):              3.199
  Slack (ns):              2.763
  Arrival (ns):            9.664
  Required (ns):          12.427

Path 20
  From: DDR3_0_0/MSC_i_0/MSC_i_1/MSC_i_4/MSC_i_190/init_sm[3]:CLK
  To:   DDR3_0_0/MSC_i_0/MSC_i_1/MSC_i_4/MSC_i_190/MSC_i_191/precharge_cs[0]:D
  Delay (ns):              3.153
  Slack (ns):              2.772
  Arrival (ns):            9.629
  Required (ns):          12.401

Path 21
  From: DDR3_0_0/MSC_i_0/MSC_i_1/MSC_i_225/MSC_i_226/cal_init_mr_addr_1[3]:CLK
  To:   DDR3_0_0/MSC_i_0/MSC_i_1/MSC_i_4/MSC_i_190/MSC_i_191/precharge_ob[1]:D
  Delay (ns):              3.188
  Slack (ns):              2.773
  Arrival (ns):            9.653
  Required (ns):          12.426

Path 22
  From: DDR3_0_0/MSC_i_0/MSC_i_1/MSC_i_4/MSC_i_190/init_sm[3]:CLK
  To:   DDR3_0_0/MSC_i_0/MSC_i_1/MSC_i_4/MSC_i_190/MSC_i_191/precharge_ob[3]:D
  Delay (ns):              3.153
  Slack (ns):              2.773
  Arrival (ns):            9.629
  Required (ns):          12.402

Path 23
  From: DDR3_0_0/MSC_i_0/MSC_i_1/MSC_i_4/MSC_i_190/init_sm[3]:CLK
  To:   DDR3_0_0/MSC_i_0/MSC_i_1/MSC_i_4/MSC_i_190/MSC_i_191/precharge_ob[0]:D
  Delay (ns):              3.152
  Slack (ns):              2.774
  Arrival (ns):            9.628
  Required (ns):          12.402

Path 24
  From: DDR3_0_0/MSC_i_0/MSC_i_1/MSC_i_4/MSC_i_190/init_sm[3]:CLK
  To:   DDR3_0_0/MSC_i_0/MSC_i_1/MSC_i_4/MSC_i_190/MSC_i_191/precharge_ob[1]:D
  Delay (ns):              3.141
  Slack (ns):              2.784
  Arrival (ns):            9.617
  Required (ns):          12.401

Path 25
  From: DDR3_0_0/MSC_i_0/MSC_i_1/MSC_i_4/MSC_i_190/init_sm[4]:CLK
  To:   DDR3_0_0/MSC_i_0/MSC_i_1/MSC_i_4/MSC_i_190/MSC_i_191/mpr_mode_cs[3]:EN
  Delay (ns):              2.974
  Slack (ns):              2.788
  Arrival (ns):            9.466
  Required (ns):          12.254

Path 26
  From: DDR3_0_0/MSC_i_0/MSC_i_1/MSC_i_4/MSC_i_190/init_sm[4]:CLK
  To:   DDR3_0_0/MSC_i_0/MSC_i_1/MSC_i_4/MSC_i_190/MSC_i_191/mpr_mode_cs[6]:EN
  Delay (ns):              2.973
  Slack (ns):              2.788
  Arrival (ns):            9.465
  Required (ns):          12.253

Path 27
  From: DDR3_0_0/MSC_i_0/MSC_i_1/MSC_i_4/MSC_i_190/init_sm[4]:CLK
  To:   DDR3_0_0/MSC_i_0/MSC_i_1/MSC_i_4/MSC_i_190/MSC_i_191/mpr_mode_cs[7]:EN
  Delay (ns):              2.974
  Slack (ns):              2.788
  Arrival (ns):            9.466
  Required (ns):          12.254

Path 28
  From: DDR3_0_0/MSC_i_0/MSC_i_1/MSC_i_4/MSC_i_190/init_sm[4]:CLK
  To:   DDR3_0_0/MSC_i_0/MSC_i_1/MSC_i_4/MSC_i_190/MSC_i_191/mpr_mode_cs[1]:EN
  Delay (ns):              2.973
  Slack (ns):              2.789
  Arrival (ns):            9.465
  Required (ns):          12.254

Path 29
  From: DDR3_0_0/MSC_i_0/MSC_i_1/MSC_i_4/MSC_i_190/init_sm[4]:CLK
  To:   DDR3_0_0/MSC_i_0/MSC_i_1/MSC_i_4/MSC_i_190/MSC_i_191/mpr_mode_cs[4]:EN
  Delay (ns):              2.973
  Slack (ns):              2.789
  Arrival (ns):            9.465
  Required (ns):          12.254

Path 30
  From: DDR3_0_0/MSC_i_0/MSC_i_1/MSC_i_4/MSC_i_190/user_mr_w_req:CLK
  To:   DDR3_0_0/MSC_i_0/MSC_i_1/MSC_i_4/MSC_i_190/MSC_i_191/precharge_cs[0]:D
  Delay (ns):              3.173
  Slack (ns):              2.792
  Arrival (ns):            9.634
  Required (ns):          12.426

Path 31
  From: DDR3_0_0/MSC_i_0/MSC_i_1/MSC_i_4/MSC_i_190/user_mr_w_req:CLK
  To:   DDR3_0_0/MSC_i_0/MSC_i_1/MSC_i_4/MSC_i_190/MSC_i_191/precharge_ob[3]:D
  Delay (ns):              3.173
  Slack (ns):              2.793
  Arrival (ns):            9.634
  Required (ns):          12.427

Path 32
  From: DDR3_0_0/MSC_i_0/MSC_i_1/MSC_i_4/MSC_i_190/user_mr_w_req:CLK
  To:   DDR3_0_0/MSC_i_0/MSC_i_1/MSC_i_4/MSC_i_190/MSC_i_191/precharge_ob[0]:D
  Delay (ns):              3.172
  Slack (ns):              2.794
  Arrival (ns):            9.633
  Required (ns):          12.427

Path 33
  From: DDR3_0_0/MSC_i_0/MSC_i_1/MSC_i_4/MSC_i_190/user_mr_w_req:CLK
  To:   DDR3_0_0/MSC_i_0/MSC_i_1/MSC_i_4/MSC_i_190/MSC_i_191/mpr_mode_cs[0]:EN
  Delay (ns):              3.031
  Slack (ns):              2.799
  Arrival (ns):            9.492
  Required (ns):          12.291

Path 34
  From: DDR3_0_0/MSC_i_0/MSC_i_1/MSC_i_4/MSC_i_190/user_mr_w_req:CLK
  To:   DDR3_0_0/MSC_i_0/MSC_i_1/MSC_i_4/MSC_i_190/MSC_i_191/mpr_mode_cs[2]:EN
  Delay (ns):              3.031
  Slack (ns):              2.799
  Arrival (ns):            9.492
  Required (ns):          12.291

Path 35
  From: DDR3_0_0/MSC_i_0/MSC_i_1/MSC_i_4/MSC_i_190/user_mr_w_req:CLK
  To:   DDR3_0_0/MSC_i_0/MSC_i_1/MSC_i_4/MSC_i_190/MSC_i_191/mpr_mode_cs[5]:EN
  Delay (ns):              3.031
  Slack (ns):              2.799
  Arrival (ns):            9.492
  Required (ns):          12.291

Path 36
  From: DDR3_0_0/MSC_i_0/MSC_i_1/MSC_i_225/MSC_i_226/cal_init_mr_addr_1[0]:CLK
  To:   DDR3_0_0/MSC_i_0/MSC_i_1/MSC_i_4/MSC_i_190/MSC_i_191/precharge_cs[0]:D
  Delay (ns):              3.160
  Slack (ns):              2.804
  Arrival (ns):            9.622
  Required (ns):          12.426

Path 37
  From: DDR3_0_0/MSC_i_0/MSC_i_1/MSC_i_4/MSC_i_190/user_mr_w_req:CLK
  To:   DDR3_0_0/MSC_i_0/MSC_i_1/MSC_i_4/MSC_i_190/MSC_i_191/precharge_ob[1]:D
  Delay (ns):              3.161
  Slack (ns):              2.804
  Arrival (ns):            9.622
  Required (ns):          12.426

Path 38
  From: DDR3_0_0/MSC_i_0/MSC_i_1/MSC_i_225/MSC_i_226/cal_init_mr_addr_1[0]:CLK
  To:   DDR3_0_0/MSC_i_0/MSC_i_1/MSC_i_4/MSC_i_190/MSC_i_191/precharge_ob[3]:D
  Delay (ns):              3.160
  Slack (ns):              2.805
  Arrival (ns):            9.622
  Required (ns):          12.427

Path 39
  From: DDR3_0_0/MSC_i_0/MSC_i_1/MSC_i_225/MSC_i_226/cal_init_mr_addr_1[0]:CLK
  To:   DDR3_0_0/MSC_i_0/MSC_i_1/MSC_i_4/MSC_i_190/MSC_i_191/precharge_ob[0]:D
  Delay (ns):              3.159
  Slack (ns):              2.806
  Arrival (ns):            9.621
  Required (ns):          12.427

Path 40
  From: DDR3_0_0/MSC_i_0/MSC_i_1/MSC_i_225/MSC_i_226/cal_init_mr_addr_1[3]:CLK
  To:   DDR3_0_0/MSC_i_0/MSC_i_1/MSC_i_4/MSC_i_190/MSC_i_191/precharge_ob[2]:D
  Delay (ns):              3.155
  Slack (ns):              2.807
  Arrival (ns):            9.620
  Required (ns):          12.427

Path 41
  From: DDR3_0_0/MSC_i_0/MSC_i_1/MSC_i_4/MSC_i_190/init_sm[3]:CLK
  To:   DDR3_0_0/MSC_i_0/MSC_i_1/MSC_i_4/MSC_i_190/MSC_i_191/prch[2]:D
  Delay (ns):              3.124
  Slack (ns):              2.809
  Arrival (ns):            9.600
  Required (ns):          12.409

Path 42
  From: DDR3_0_0/MSC_i_0/MSC_i_1/MSC_i_4/MSC_i_183/MSC_i_187/burst_xfer_active:CLK
  To:   DDR3_0_0/MSC_i_0/MSC_i_1/MSC_i_4/MSC_i_190/MSC_i_191/MSC_i_208/coladdr_in_reg[10]:EN
  Delay (ns):              2.983
  Slack (ns):              2.810
  Arrival (ns):            9.473
  Required (ns):          12.283

Path 43
  From: DDR3_0_0/MSC_i_0/MSC_i_1/MSC_i_4/MSC_i_183/MSC_i_187/burst_xfer_active:CLK
  To:   DDR3_0_0/MSC_i_0/MSC_i_1/MSC_i_4/MSC_i_190/MSC_i_191/MSC_i_208/coladdr_in_reg[5]:EN
  Delay (ns):              2.983
  Slack (ns):              2.811
  Arrival (ns):            9.473
  Required (ns):          12.284

Path 44
  From: DDR3_0_0/MSC_i_0/MSC_i_1/MSC_i_4/MSC_i_190/init_sm[0]:CLK
  To:   DDR3_0_0/MSC_i_0/MSC_i_1/MSC_i_4/MSC_i_190/MSC_i_191/mpr_mode_cs[0]:EN
  Delay (ns):              3.030
  Slack (ns):              2.811
  Arrival (ns):            9.506
  Required (ns):          12.317

Path 45
  From: DDR3_0_0/MSC_i_0/MSC_i_1/MSC_i_4/MSC_i_190/init_sm[0]:CLK
  To:   DDR3_0_0/MSC_i_0/MSC_i_1/MSC_i_4/MSC_i_190/MSC_i_191/mpr_mode_cs[2]:EN
  Delay (ns):              3.030
  Slack (ns):              2.811
  Arrival (ns):            9.506
  Required (ns):          12.317

Path 46
  From: DDR3_0_0/MSC_i_0/MSC_i_1/MSC_i_4/MSC_i_190/init_sm[0]:CLK
  To:   DDR3_0_0/MSC_i_0/MSC_i_1/MSC_i_4/MSC_i_190/MSC_i_191/mpr_mode_cs[5]:EN
  Delay (ns):              3.030
  Slack (ns):              2.811
  Arrival (ns):            9.506
  Required (ns):          12.317

Path 47
  From: DDR3_0_0/MSC_i_0/MSC_i_1/MSC_i_4/MSC_i_190/init_sm[3]:CLK
  To:   DDR3_0_0/MSC_i_0/MSC_i_1/MSC_i_4/MSC_i_190/MSC_i_191/prch[0]:D
  Delay (ns):              3.121
  Slack (ns):              2.812
  Arrival (ns):            9.597
  Required (ns):          12.409

Path 48
  From: DDR3_0_0/MSC_i_0/MSC_i_1/MSC_i_4/MSC_i_190/init_sm[3]:CLK
  To:   DDR3_0_0/MSC_i_0/MSC_i_1/MSC_i_4/MSC_i_190/MSC_i_191/prch[1]:D
  Delay (ns):              3.121
  Slack (ns):              2.812
  Arrival (ns):            9.597
  Required (ns):          12.409

Path 49
  From: DDR3_0_0/MSC_i_0/MSC_i_1/MSC_i_4/MSC_i_190/init_sm[4]:CLK
  To:   DDR3_0_0/MSC_i_0/MSC_i_1/MSC_i_4/MSC_i_190/MSC_i_191/precharge_cs[0]:D
  Delay (ns):              3.059
  Slack (ns):              2.812
  Arrival (ns):            9.551
  Required (ns):          12.363

Path 50
  From: DDR3_0_0/MSC_i_0/MSC_i_1/MSC_i_4/MSC_i_190/init_sm[4]:CLK
  To:   DDR3_0_0/MSC_i_0/MSC_i_1/MSC_i_4/MSC_i_190/MSC_i_191/precharge_ob[3]:D
  Delay (ns):              3.059
  Slack (ns):              2.813
  Arrival (ns):            9.551
  Required (ns):          12.364

Path 51
  From: DDR3_0_0/MSC_i_0/MSC_i_1/MSC_i_4/MSC_i_190/init_sm[4]:CLK
  To:   DDR3_0_0/MSC_i_0/MSC_i_1/MSC_i_4/MSC_i_190/MSC_i_191/precharge_ob[0]:D
  Delay (ns):              3.058
  Slack (ns):              2.814
  Arrival (ns):            9.550
  Required (ns):          12.364

Path 52
  From: DDR3_0_0/MSC_i_0/MSC_i_1/MSC_i_225/MSC_i_226/dfi_wrlvl_en:CLK
  To:   DDR3_0_0/DDRPHY_BLK_0/IOD_TRAINING_0/COREDDR_TIP_INT_U/TIP_CTRL_BLK/LEVELLING/delay_ctrl_instances[1].U_DELAY_CTRL/out_reg[7]:D
  Delay (ns):              3.047
  Slack (ns):              2.815
  Arrival (ns):            9.501
  Required (ns):          12.316

Path 53
  From: DDR3_0_0/MSC_i_0/MSC_i_1/MSC_i_225/MSC_i_226/cal_init_mr_addr_1[0]:CLK
  To:   DDR3_0_0/MSC_i_0/MSC_i_1/MSC_i_4/MSC_i_190/MSC_i_191/precharge_ob[1]:D
  Delay (ns):              3.148
  Slack (ns):              2.816
  Arrival (ns):            9.610
  Required (ns):          12.426

Path 54
  From: DDR3_0_0/MSC_i_0/MSC_i_1/MSC_i_225/MSC_i_226/cal_select:CLK
  To:   DDR3_0_0/MSC_i_0/MSC_i_1/MSC_i_4/MSC_i_190/MSC_i_191/mpr_mode_cs[0]:EN
  Delay (ns):              3.017
  Slack (ns):              2.817
  Arrival (ns):            9.474
  Required (ns):          12.291

Path 55
  From: DDR3_0_0/MSC_i_0/MSC_i_1/MSC_i_225/MSC_i_226/cal_select:CLK
  To:   DDR3_0_0/MSC_i_0/MSC_i_1/MSC_i_4/MSC_i_190/MSC_i_191/mpr_mode_cs[2]:EN
  Delay (ns):              3.017
  Slack (ns):              2.817
  Arrival (ns):            9.474
  Required (ns):          12.291

Path 56
  From: DDR3_0_0/MSC_i_0/MSC_i_1/MSC_i_225/MSC_i_226/cal_select:CLK
  To:   DDR3_0_0/MSC_i_0/MSC_i_1/MSC_i_4/MSC_i_190/MSC_i_191/mpr_mode_cs[5]:EN
  Delay (ns):              3.017
  Slack (ns):              2.817
  Arrival (ns):            9.474
  Required (ns):          12.291

Path 57
  From: DDR3_0_0/MSC_i_0/MSC_i_1/MSC_i_4/MSC_i_190/init_sm[1]:CLK
  To:   DDR3_0_0/MSC_i_0/MSC_i_1/MSC_i_4/MSC_i_190/MSC_i_191/mpr_mode_cs[0]:EN
  Delay (ns):              3.024
  Slack (ns):              2.817
  Arrival (ns):            9.500
  Required (ns):          12.317

Path 58
  From: DDR3_0_0/MSC_i_0/MSC_i_1/MSC_i_4/MSC_i_190/init_sm[1]:CLK
  To:   DDR3_0_0/MSC_i_0/MSC_i_1/MSC_i_4/MSC_i_190/MSC_i_191/mpr_mode_cs[2]:EN
  Delay (ns):              3.024
  Slack (ns):              2.817
  Arrival (ns):            9.500
  Required (ns):          12.317

Path 59
  From: DDR3_0_0/MSC_i_0/MSC_i_1/MSC_i_4/MSC_i_190/init_sm[1]:CLK
  To:   DDR3_0_0/MSC_i_0/MSC_i_1/MSC_i_4/MSC_i_190/MSC_i_191/mpr_mode_cs[5]:EN
  Delay (ns):              3.024
  Slack (ns):              2.817
  Arrival (ns):            9.500
  Required (ns):          12.317

Path 60
  From: DDR3_0_0/MSC_i_0/MSC_i_1/MSC_i_4/MSC_i_190/init_sm[3]:CLK
  To:   DDR3_0_0/MSC_i_0/MSC_i_1/MSC_i_4/MSC_i_190/MSC_i_191/dorw[3]:SLn
  Delay (ns):              3.080
  Slack (ns):              2.817
  Arrival (ns):            9.556
  Required (ns):          12.373

Path 61
  From: DDR3_0_0/MSC_i_0/MSC_i_1/MSC_i_4/MSC_i_190/init_sm[3]:CLK
  To:   DDR3_0_0/MSC_i_0/MSC_i_1/MSC_i_4/MSC_i_190/MSC_i_191/precharge_ob[2]:D
  Delay (ns):              3.108
  Slack (ns):              2.818
  Arrival (ns):            9.584
  Required (ns):          12.402

Path 62
  From: DDR3_0_0/MSC_i_0/MSC_i_1/MSC_i_225/MSC_i_226/cal_select:CLK
  To:   DDR3_0_0/MSC_i_0/MSC_i_1/MSC_i_4/MSC_i_190/MSC_i_191/MSC_i_208/wr_attr_reg[0]:EN
  Delay (ns):              2.984
  Slack (ns):              2.823
  Arrival (ns):            9.441
  Required (ns):          12.264

Path 63
  From: DDR3_0_0/MSC_i_0/MSC_i_1/MSC_i_4/MSC_i_190/init_sm[4]:CLK
  To:   DDR3_0_0/MSC_i_0/MSC_i_1/MSC_i_4/MSC_i_190/MSC_i_191/precharge_ob[1]:D
  Delay (ns):              3.047
  Slack (ns):              2.824
  Arrival (ns):            9.539
  Required (ns):          12.363

Path 64
  From: DDR3_0_0/DDRPHY_BLK_0/IOD_TRAINING_0/COREDDR_TIP_INT_U/TIP_CTRL_BLK/TRN_CLK/cmd_addr_trainer/vcophsel_calc[2]:CLK
  To:   DDR3_0_0/DDRPHY_BLK_0/IOD_TRAINING_0/COREDDR_TIP_INT_U/TIP_CTRL_BLK/TRN_CLK/cmd_addr_trainer/min_vcophsel_index[2]:EN
  Delay (ns):              3.008
  Slack (ns):              2.834
  Arrival (ns):            9.494
  Required (ns):          12.328

Path 65
  From: DDR3_0_0/MSC_i_0/MSC_i_1/MSC_i_4/MSC_i_190/init_sm[3]:CLK
  To:   DDR3_0_0/MSC_i_0/MSC_i_1/MSC_i_4/MSC_i_190/MSC_i_191/rowaddr_act[4]:EN
  Delay (ns):              2.993
  Slack (ns):              2.835
  Arrival (ns):            9.469
  Required (ns):          12.304

Path 66
  From: DDR3_0_0/MSC_i_0/MSC_i_1/MSC_i_225/MSC_i_226/cal_init_mr_addr_1[2]:CLK
  To:   DDR3_0_0/MSC_i_0/MSC_i_1/MSC_i_4/MSC_i_190/MSC_i_191/precharge_cs[0]:D
  Delay (ns):              3.133
  Slack (ns):              2.836
  Arrival (ns):            9.590
  Required (ns):          12.426

Path 67
  From: DDR3_0_0/MSC_i_0/MSC_i_1/MSC_i_225/MSC_i_226/cal_init_mr_addr_1[2]:CLK
  To:   DDR3_0_0/MSC_i_0/MSC_i_1/MSC_i_4/MSC_i_190/MSC_i_191/precharge_ob[3]:D
  Delay (ns):              3.133
  Slack (ns):              2.837
  Arrival (ns):            9.590
  Required (ns):          12.427

Path 68
  From: DDR3_0_0/MSC_i_0/MSC_i_1/MSC_i_225/MSC_i_226/cal_init_mr_addr_1[2]:CLK
  To:   DDR3_0_0/MSC_i_0/MSC_i_1/MSC_i_4/MSC_i_190/MSC_i_191/precharge_ob[0]:D
  Delay (ns):              3.132
  Slack (ns):              2.838
  Arrival (ns):            9.589
  Required (ns):          12.427

Path 69
  From: DDR3_0_0/MSC_i_0/MSC_i_1/MSC_i_225/MSC_i_226/cal_init_mr_addr_1[4]:CLK
  To:   DDR3_0_0/MSC_i_0/MSC_i_1/MSC_i_4/MSC_i_190/MSC_i_191/precharge_cs[0]:D
  Delay (ns):              3.123
  Slack (ns):              2.838
  Arrival (ns):            9.588
  Required (ns):          12.426

Path 70
  From: DDR3_0_0/MSC_i_0/MSC_i_1/MSC_i_4/MSC_i_190/user_mr_w_req:CLK
  To:   DDR3_0_0/MSC_i_0/MSC_i_1/MSC_i_4/MSC_i_190/MSC_i_191/precharge_ob[2]:D
  Delay (ns):              3.128
  Slack (ns):              2.838
  Arrival (ns):            9.589
  Required (ns):          12.427

Path 71
  From: DDR3_0_0/DDRPHY_BLK_0/IOD_TRAINING_0/COREDDR_TIP_INT_U/TIP_CTRL_BLK/TRN_CLK/cmd_addr_trainer/vcophsel_calc[0]:CLK
  To:   DDR3_0_0/DDRPHY_BLK_0/IOD_TRAINING_0/COREDDR_TIP_INT_U/TIP_CTRL_BLK/TRN_CLK/cmd_addr_trainer/min_vcophsel_index[2]:EN
  Delay (ns):              2.996
  Slack (ns):              2.839
  Arrival (ns):            9.489
  Required (ns):          12.328

Path 72
  From: DDR3_0_0/MSC_i_0/MSC_i_1/MSC_i_225/MSC_i_226/cal_init_mr_addr_1[4]:CLK
  To:   DDR3_0_0/MSC_i_0/MSC_i_1/MSC_i_4/MSC_i_190/MSC_i_191/precharge_ob[3]:D
  Delay (ns):              3.123
  Slack (ns):              2.839
  Arrival (ns):            9.588
  Required (ns):          12.427

Path 73
  From: DDR3_0_0/MSC_i_0/MSC_i_1/MSC_i_225/MSC_i_226/cal_init_mr_addr_1[4]:CLK
  To:   DDR3_0_0/MSC_i_0/MSC_i_1/MSC_i_4/MSC_i_190/MSC_i_191/precharge_ob[0]:D
  Delay (ns):              3.122
  Slack (ns):              2.840
  Arrival (ns):            9.587
  Required (ns):          12.427

Path 74
  From: DDR3_0_0/MSC_i_0/MSC_i_1/MSC_i_225/MSC_i_226/dfi_wrlvl_en:CLK
  To:   DDR3_0_0/DDRPHY_BLK_0/IOD_TRAINING_0/COREDDR_TIP_INT_U/TIP_CTRL_BLK/LEVELLING/delay_ctrl_instances[1].U_DELAY_CTRL/out_reg[6]:D
  Delay (ns):              3.020
  Slack (ns):              2.842
  Arrival (ns):            9.474
  Required (ns):          12.316

Path 75
  From: DDR3_0_0/MSC_i_0/MSC_i_1/MSC_i_4/MSC_i_190/init_sm[2]:CLK
  To:   DDR3_0_0/MSC_i_0/MSC_i_1/MSC_i_4/MSC_i_190/MSC_i_191/mpr_mode_cs[0]:EN
  Delay (ns):              2.995
  Slack (ns):              2.846
  Arrival (ns):            9.471
  Required (ns):          12.317

Path 76
  From: DDR3_0_0/MSC_i_0/MSC_i_1/MSC_i_4/MSC_i_190/init_sm[2]:CLK
  To:   DDR3_0_0/MSC_i_0/MSC_i_1/MSC_i_4/MSC_i_190/MSC_i_191/mpr_mode_cs[2]:EN
  Delay (ns):              2.995
  Slack (ns):              2.846
  Arrival (ns):            9.471
  Required (ns):          12.317

Path 77
  From: DDR3_0_0/MSC_i_0/MSC_i_1/MSC_i_4/MSC_i_190/init_sm[2]:CLK
  To:   DDR3_0_0/MSC_i_0/MSC_i_1/MSC_i_4/MSC_i_190/MSC_i_191/mpr_mode_cs[5]:EN
  Delay (ns):              2.995
  Slack (ns):              2.846
  Arrival (ns):            9.471
  Required (ns):          12.317

Path 78
  From: DDR3_0_0/MSC_i_0/MSC_i_1/MSC_i_225/MSC_i_226/cal_init_mr_addr_1[2]:CLK
  To:   DDR3_0_0/MSC_i_0/MSC_i_1/MSC_i_4/MSC_i_190/MSC_i_191/precharge_ob[1]:D
  Delay (ns):              3.121
  Slack (ns):              2.848
  Arrival (ns):            9.578
  Required (ns):          12.426

Path 79
  From: DDR3_0_0/MSC_i_0/MSC_i_1/MSC_i_225/MSC_i_226/cal_init_mr_addr_1[0]:CLK
  To:   DDR3_0_0/MSC_i_0/MSC_i_1/MSC_i_4/MSC_i_190/MSC_i_191/precharge_ob[2]:D
  Delay (ns):              3.115
  Slack (ns):              2.850
  Arrival (ns):            9.577
  Required (ns):          12.427

Path 80
  From: DDR3_0_0/MSC_i_0/MSC_i_1/MSC_i_225/MSC_i_226/cal_init_mr_addr_1[4]:CLK
  To:   DDR3_0_0/MSC_i_0/MSC_i_1/MSC_i_4/MSC_i_190/MSC_i_191/precharge_ob[1]:D
  Delay (ns):              3.111
  Slack (ns):              2.850
  Arrival (ns):            9.576
  Required (ns):          12.426

Path 81
  From: DDR3_0_0/MSC_i_0/MSC_i_1/MSC_i_225/MSC_i_226/cal_init_mr_addr_1[5]:CLK
  To:   DDR3_0_0/MSC_i_0/MSC_i_1/MSC_i_4/MSC_i_190/MSC_i_191/precharge_cs[0]:D
  Delay (ns):              3.108
  Slack (ns):              2.853
  Arrival (ns):            9.573
  Required (ns):          12.426

Path 82
  From: DDR3_0_0/MSC_i_0/MSC_i_1/MSC_i_225/MSC_i_226/cal_init_mr_addr_1[5]:CLK
  To:   DDR3_0_0/MSC_i_0/MSC_i_1/MSC_i_4/MSC_i_190/MSC_i_191/precharge_ob[3]:D
  Delay (ns):              3.108
  Slack (ns):              2.854
  Arrival (ns):            9.573
  Required (ns):          12.427

Path 83
  From: DDR3_0_0/MSC_i_0/MSC_i_1/MSC_i_225/MSC_i_226/cal_init_mr_addr_1[5]:CLK
  To:   DDR3_0_0/MSC_i_0/MSC_i_1/MSC_i_4/MSC_i_190/MSC_i_191/precharge_ob[0]:D
  Delay (ns):              3.107
  Slack (ns):              2.855
  Arrival (ns):            9.572
  Required (ns):          12.427

Path 84
  From: DDR3_0_0/MSC_i_0/MSC_i_1/MSC_i_4/MSC_i_190/init_sm[4]:CLK
  To:   DDR3_0_0/MSC_i_0/MSC_i_1/MSC_i_4/MSC_i_190/MSC_i_191/precharge_ob[2]:D
  Delay (ns):              3.014
  Slack (ns):              2.858
  Arrival (ns):            9.506
  Required (ns):          12.364

Path 85
  From: DDR3_0_0/DDRPHY_BLK_0/IOD_TRAINING_0/COREDDR_TIP_INT_U/TIP_CTRL_BLK/TRN_CLK/cmd_addr_trainer/vcophsel_calc[2]:CLK
  To:   DDR3_0_0/DDRPHY_BLK_0/IOD_TRAINING_0/COREDDR_TIP_INT_U/TIP_CTRL_BLK/TRN_CLK/cmd_addr_trainer/min_outdly_val[3]:EN
  Delay (ns):              2.984
  Slack (ns):              2.860
  Arrival (ns):            9.470
  Required (ns):          12.330

Path 86
  From: DDR3_0_0/DDRPHY_BLK_0/IOD_TRAINING_0/COREDDR_TIP_INT_U/TIP_CTRL_BLK/TRN_CLK/cmd_addr_trainer/vcophsel_calc[2]:CLK
  To:   DDR3_0_0/DDRPHY_BLK_0/IOD_TRAINING_0/COREDDR_TIP_INT_U/TIP_CTRL_BLK/TRN_CLK/cmd_addr_trainer/min_outdly_val[5]:EN
  Delay (ns):              2.984
  Slack (ns):              2.860
  Arrival (ns):            9.470
  Required (ns):          12.330

Path 87
  From: DDR3_0_0/MSC_i_0/MSC_i_1/MSC_i_4/MSC_i_190/init_sm[3]:CLK
  To:   DDR3_0_0/MSC_i_0/MSC_i_1/MSC_i_4/MSC_i_190/MSC_i_191/pch_bank_addr[0]:EN
  Delay (ns):              2.952
  Slack (ns):              2.860
  Arrival (ns):            9.428
  Required (ns):          12.288

Path 88
  From: DDR3_0_0/DDRPHY_BLK_0/IOD_TRAINING_0/COREDDR_TIP_INT_U/TIP_CTRL_BLK/TRN_CLK/cmd_addr_trainer/vcophsel_calc[2]:CLK
  To:   DDR3_0_0/DDRPHY_BLK_0/IOD_TRAINING_0/COREDDR_TIP_INT_U/TIP_CTRL_BLK/TRN_CLK/cmd_addr_trainer/min_outdly_val[6]:EN
  Delay (ns):              2.983
  Slack (ns):              2.861
  Arrival (ns):            9.469
  Required (ns):          12.330

Path 89
  From: DDR3_0_0/DDRPHY_BLK_0/IOD_TRAINING_0/COREDDR_TIP_INT_U/TIP_CTRL_BLK/TRN_CLK/cmd_addr_trainer/vcophsel_calc[2]:CLK
  To:   DDR3_0_0/DDRPHY_BLK_0/IOD_TRAINING_0/COREDDR_TIP_INT_U/TIP_CTRL_BLK/TRN_CLK/cmd_addr_trainer/min_outdly_val[7]:EN
  Delay (ns):              2.983
  Slack (ns):              2.861
  Arrival (ns):            9.469
  Required (ns):          12.330

Path 90
  From: DDR3_0_0/MSC_i_0/MSC_i_1/MSC_i_4/MSC_i_190/init_sm[3]:CLK
  To:   DDR3_0_0/MSC_i_0/MSC_i_1/MSC_i_4/MSC_i_190/MSC_i_191/pch_bank_addr[1]:EN
  Delay (ns):              2.951
  Slack (ns):              2.861
  Arrival (ns):            9.427
  Required (ns):          12.288

Path 91
  From: DDR3_0_0/MSC_i_0/MSC_i_1/MSC_i_4/MSC_i_190/init_sm[3]:CLK
  To:   DDR3_0_0/MSC_i_0/MSC_i_1/MSC_i_4/MSC_i_190/MSC_i_191/pch_bank_addr[2]:EN
  Delay (ns):              2.951
  Slack (ns):              2.861
  Arrival (ns):            9.427
  Required (ns):          12.288

Path 92
  From: DDR3_0_0/MSC_i_0/MSC_i_1/MSC_i_4/MSC_i_190/init_sm[3]:CLK
  To:   DDR3_0_0/MSC_i_0/MSC_i_1/MSC_i_4/MSC_i_190/MSC_i_191/pch_chip_cs[0]:EN
  Delay (ns):              2.951
  Slack (ns):              2.861
  Arrival (ns):            9.427
  Required (ns):          12.288

Path 93
  From: DDR3_0_0/MSC_i_0/MSC_i_1/MSC_i_4/MSC_i_190/init_sm[3]:CLK
  To:   DDR3_0_0/MSC_i_0/MSC_i_1/MSC_i_4/MSC_i_190/MSC_i_191/rowaddr_act[14]:EN
  Delay (ns):              2.984
  Slack (ns):              2.864
  Arrival (ns):            9.460
  Required (ns):          12.324

Path 94
  From: DDR3_0_0/DDRPHY_BLK_0/IOD_TRAINING_0/COREDDR_TIP_INT_U/TIP_CTRL_BLK/TRN_CLK/cmd_addr_trainer/vcophsel_calc[0]:CLK
  To:   DDR3_0_0/DDRPHY_BLK_0/IOD_TRAINING_0/COREDDR_TIP_INT_U/TIP_CTRL_BLK/TRN_CLK/cmd_addr_trainer/min_outdly_val[3]:EN
  Delay (ns):              2.972
  Slack (ns):              2.865
  Arrival (ns):            9.465
  Required (ns):          12.330

Path 95
  From: DDR3_0_0/DDRPHY_BLK_0/IOD_TRAINING_0/COREDDR_TIP_INT_U/TIP_CTRL_BLK/TRN_CLK/cmd_addr_trainer/vcophsel_calc[0]:CLK
  To:   DDR3_0_0/DDRPHY_BLK_0/IOD_TRAINING_0/COREDDR_TIP_INT_U/TIP_CTRL_BLK/TRN_CLK/cmd_addr_trainer/min_outdly_val[5]:EN
  Delay (ns):              2.972
  Slack (ns):              2.865
  Arrival (ns):            9.465
  Required (ns):          12.330

Path 96
  From: DDR3_0_0/MSC_i_0/MSC_i_1/MSC_i_225/MSC_i_226/cal_init_mr_addr_1[5]:CLK
  To:   DDR3_0_0/MSC_i_0/MSC_i_1/MSC_i_4/MSC_i_190/MSC_i_191/precharge_ob[1]:D
  Delay (ns):              3.096
  Slack (ns):              2.865
  Arrival (ns):            9.561
  Required (ns):          12.426

Path 97
  From: DDR3_0_0/DDRPHY_BLK_0/IOD_TRAINING_0/COREDDR_TIP_INT_U/TIP_CTRL_BLK/TRN_CLK/cmd_addr_trainer/vcophsel_calc[0]:CLK
  To:   DDR3_0_0/DDRPHY_BLK_0/IOD_TRAINING_0/COREDDR_TIP_INT_U/TIP_CTRL_BLK/TRN_CLK/cmd_addr_trainer/min_outdly_val[6]:EN
  Delay (ns):              2.971
  Slack (ns):              2.866
  Arrival (ns):            9.464
  Required (ns):          12.330

Path 98
  From: DDR3_0_0/DDRPHY_BLK_0/IOD_TRAINING_0/COREDDR_TIP_INT_U/TIP_CTRL_BLK/TRN_CLK/cmd_addr_trainer/vcophsel_calc[0]:CLK
  To:   DDR3_0_0/DDRPHY_BLK_0/IOD_TRAINING_0/COREDDR_TIP_INT_U/TIP_CTRL_BLK/TRN_CLK/cmd_addr_trainer/min_outdly_val[7]:EN
  Delay (ns):              2.971
  Slack (ns):              2.866
  Arrival (ns):            9.464
  Required (ns):          12.330

Path 99
  From: DDR3_0_0/MSC_i_0/MSC_i_1/MSC_i_225/MSC_i_226/cal_init_mr_addr_1[2]:CLK
  To:   DDR3_0_0/MSC_i_0/MSC_i_1/MSC_i_4/MSC_i_190/MSC_i_191/precharge_ob[2]:D
  Delay (ns):              3.088
  Slack (ns):              2.882
  Arrival (ns):            9.545
  Required (ns):          12.427

Path 100
  From: DDR3_0_0/MSC_i_0/MSC_i_1/MSC_i_225/MSC_i_226/cal_init_mr_addr_1[4]:CLK
  To:   DDR3_0_0/MSC_i_0/MSC_i_1/MSC_i_4/MSC_i_190/MSC_i_191/precharge_ob[2]:D
  Delay (ns):              3.078
  Slack (ns):              2.884
  Arrival (ns):            9.543
  Required (ns):          12.427

