Timing Violation Report Min Delay Analysis

SmartTime Version 
Microsemi Corporation - Microsemi Libero Software Release  (Version 12.700.0.21)
Date: Fri Sep 20 11:41:34 2019


Design: top
Family: PolarFire
Die: MPF300TS
Package: FCG1152
Temperature Range: -40 - 100 C
Voltage Range: 1.0185 - 1.0815 V
Speed Grade: -1
Design State: Post-Layout
Data source: Production
Operating Conditions: fast_hv_lt
Scenario for Timing Analysis: timing_analysis


Path 1
  From: DDR3_0_0/MSC_i_0/MSC_i_1/MSC_i_4/MSC_i_8/cmd_fifo_wr_data_reg3[5]:CLK
  To:   DDR3_0_0/MSC_i_0/MSC_i_1/MSC_i_4/MSC_i_8/cmd_fifo_wr_data_reg4[5]:D
  Delay (ns):              0.166
  Slack (ns):              0.029
  Arrival (ns):            3.781
  Required (ns):           3.752

Path 2
  From: DDR3_0_0/MSC_i_0/MSC_i_1/MSC_i_4/MSC_i_8/MSC_i_72/MSC_i_73/MSC_i_89/MSC_i_91/MSC_i_102/s0:CLK
  To:   DDR3_0_0/MSC_i_0/MSC_i_1/MSC_i_4/MSC_i_8/MSC_i_72/MSC_i_73/MSC_i_89/MSC_i_91/MSC_i_102/s1:D
  Delay (ns):              0.169
  Slack (ns):              0.034
  Arrival (ns):            3.772
  Required (ns):           3.738

Path 3
  From: DDR3_0_0/MSC_i_0/MSC_i_1/MSC_i_4/MSC_i_190/reset_removal_sr[3]:CLK
  To:   DDR3_0_0/MSC_i_0/MSC_i_1/MSC_i_4/MSC_i_190/MSC_i_191/MSC_i_202/w_ap_to_act_delay[2]:D
  Delay (ns):              0.176
  Slack (ns):              0.036
  Arrival (ns):            3.799
  Required (ns):           3.763

Path 4
  From: DDR3_0_0/MSC_i_0/MSC_i_1/MSC_i_4/MSC_i_8/cmd_fifo_wr_data_reg3[30]:CLK
  To:   DDR3_0_0/MSC_i_0/MSC_i_1/MSC_i_4/MSC_i_8/cmd_fifo_wr_data_reg4[30]:D
  Delay (ns):              0.183
  Slack (ns):              0.038
  Arrival (ns):            3.801
  Required (ns):           3.763

Path 5
  From: DDR3_0_0/MSC_i_0/MSC_i_1/MSC_i_4/MSC_i_8/cmd_fifo_wr_data_reg3[31]:CLK
  To:   DDR3_0_0/MSC_i_0/MSC_i_1/MSC_i_4/MSC_i_8/cmd_fifo_wr_data_reg4[31]:D
  Delay (ns):              0.184
  Slack (ns):              0.039
  Arrival (ns):            3.802
  Required (ns):           3.763

Path 6
  From: DDR3_0_0/MSC_i_0/MSC_i_1/MSC_i_4/MSC_i_8/cmd_fifo_wr_data_reg3[11]:CLK
  To:   DDR3_0_0/MSC_i_0/MSC_i_1/MSC_i_4/MSC_i_8/cmd_fifo_wr_data_reg4[11]:D
  Delay (ns):              0.178
  Slack (ns):              0.040
  Arrival (ns):            3.793
  Required (ns):           3.753

Path 7
  From: DDR3_0_0/MSC_i_0/MSC_i_1/MSC_i_4/MSC_i_8/cmd_fifo_wr_data_reg3[28]:CLK
  To:   DDR3_0_0/MSC_i_0/MSC_i_1/MSC_i_4/MSC_i_8/cmd_fifo_wr_data_reg4[28]:D
  Delay (ns):              0.187
  Slack (ns):              0.042
  Arrival (ns):            3.805
  Required (ns):           3.763

Path 8
  From: DDR3_0_0/MSC_i_0/MSC_i_1/MSC_i_4/MSC_i_8/cmd_fifo_wr_data_reg3[0]:CLK
  To:   DDR3_0_0/MSC_i_0/MSC_i_1/MSC_i_4/MSC_i_8/cmd_fifo_wr_data_reg4[0]:D
  Delay (ns):              0.187
  Slack (ns):              0.050
  Arrival (ns):            3.802
  Required (ns):           3.752

Path 9
  From: DDR3_0_0/MSC_i_0/MSC_i_1/MSC_i_4/MSC_i_8/MSC_i_72/MSC_i_73/MSC_i_89/MSC_i_91/MSC_i_99/s0:CLK
  To:   DDR3_0_0/MSC_i_0/MSC_i_1/MSC_i_4/MSC_i_8/MSC_i_72/MSC_i_73/MSC_i_89/MSC_i_91/MSC_i_99/s1:D
  Delay (ns):              0.187
  Slack (ns):              0.051
  Arrival (ns):            3.789
  Required (ns):           3.738

Path 10
  From: MiV_AXI_0/MiV_AXI_0/ChiselTop0/debug_1/dmInner/MIV_RV32IMA_L1_AXI_ASYNC_QUEUE_SINK/deq_bits_reg/sync_0[2]:CLK
  To:   MiV_AXI_0/MiV_AXI_0/ChiselTop0/debug_1/dmInner/dmInner/selectedHartReg[1]:D
  Delay (ns):              0.187
  Slack (ns):              0.052
  Arrival (ns):            1.937
  Required (ns):           1.885

Path 11
  From: DDR3_0_0/MSC_i_0/MSC_i_1/MSC_i_4/MSC_i_138/MSC_i_142/MSC_i_144/s0:CLK
  To:   DDR3_0_0/MSC_i_0/MSC_i_1/MSC_i_4/MSC_i_138/MSC_i_142/MSC_i_144/s1:D
  Delay (ns):              0.131
  Slack (ns):              0.063
  Arrival (ns):            3.774
  Required (ns):           3.711

Path 12
  From: DDR3_0_0/MSC_i_0/MSC_i_1/MSC_i_4/MSC_i_190/MSC_i_191/MSC_i_203/lat_n0.resettable.data_shifter_1_[107]:CLK
  To:   DDR3_0_0/MSC_i_0/MSC_i_1/MSC_i_4/MSC_i_190/MSC_i_191/MSC_i_203/lat_n0.resettable.data_shifter_2_[107]:D
  Delay (ns):              0.130
  Slack (ns):              0.063
  Arrival (ns):            3.751
  Required (ns):           3.688

Path 13
  From: DDR3_0_0/MSC_i_0/MSC_i_1/MSC_i_4/MSC_i_190/MSC_i_191/MSC_i_206/data_shifter_gen[16].data_shifter[16][1]:CLK
  To:   DDR3_0_0/MSC_i_0/MSC_i_1/MSC_i_4/MSC_i_190/MSC_i_191/MSC_i_206/data_shifter_gen[15].data_shifter[15][1]:D
  Delay (ns):              0.130
  Slack (ns):              0.063
  Arrival (ns):            3.753
  Required (ns):           3.690

Path 14
  From: DDR3_0_0/MSC_i_0/MSC_i_1/MSC_i_4/MSC_i_190/MSC_i_191/MSC_i_206/data_shifter_gen[19].data_shifter[19][0]:CLK
  To:   DDR3_0_0/MSC_i_0/MSC_i_1/MSC_i_4/MSC_i_190/MSC_i_191/MSC_i_206/data_shifter_gen[18].data_shifter[18][0]:D
  Delay (ns):              0.131
  Slack (ns):              0.063
  Arrival (ns):            3.769
  Required (ns):           3.706

Path 15
  From: DDR3_0_0/MSC_i_0/MSC_i_1/MSC_i_4/MSC_i_190/MSC_i_191/MSC_i_206/data_shifter_gen[34].data_shifter[34][0]:CLK
  To:   DDR3_0_0/MSC_i_0/MSC_i_1/MSC_i_4/MSC_i_190/MSC_i_191/MSC_i_206/data_shifter_gen[33].data_shifter[33][0]:D
  Delay (ns):              0.130
  Slack (ns):              0.063
  Arrival (ns):            3.763
  Required (ns):           3.700

Path 16
  From: DDR3_0_0/MSC_i_0/MSC_i_1/MSC_i_4/MSC_i_190/MSC_i_191/MSC_i_203/lat_n0.resettable.data_shifter_1_[106]:CLK
  To:   DDR3_0_0/MSC_i_0/MSC_i_1/MSC_i_4/MSC_i_190/MSC_i_191/MSC_i_203/lat_n0.resettable.data_shifter_2_[106]:D
  Delay (ns):              0.130
  Slack (ns):              0.064
  Arrival (ns):            3.748
  Required (ns):           3.684

Path 17
  From: DDR3_0_0/MSC_i_0/MSC_i_1/MSC_i_4/MSC_i_190/MSC_i_191/MSC_i_206/data_shifter_gen[10].data_shifter[10][1]:CLK
  To:   DDR3_0_0/MSC_i_0/MSC_i_1/MSC_i_4/MSC_i_190/MSC_i_191/MSC_i_206/data_shifter_gen[9].data_shifter[9][1]:D
  Delay (ns):              0.131
  Slack (ns):              0.064
  Arrival (ns):            3.754
  Required (ns):           3.690

Path 18
  From: DDR3_0_0/MSC_i_0/MSC_i_1/MSC_i_4/MSC_i_190/MSC_i_191/w_valid_attr_sh_gen[1].w_valid_attr_sh[1][22]:CLK
  To:   DDR3_0_0/MSC_i_0/MSC_i_1/MSC_i_4/MSC_i_190/MSC_i_191/w_valid_attr_sh_gen[1].w_valid_attr_sh[1][23]:D
  Delay (ns):              0.131
  Slack (ns):              0.064
  Arrival (ns):            3.752
  Required (ns):           3.688

Path 19
  From: DDR3_0_0/MSC_i_0/MSC_i_1/MSC_i_4/MSC_i_8/cmd_fifo_wr_data_reg2[41]:CLK
  To:   DDR3_0_0/MSC_i_0/MSC_i_1/MSC_i_4/MSC_i_8/cmd_fifo_wr_data_reg3[41]:D
  Delay (ns):              0.131
  Slack (ns):              0.064
  Arrival (ns):            3.741
  Required (ns):           3.677

Path 20
  From: MiV_AXI_0/MiV_AXI_0/ChiselTop0/debug_1/dmInner/dmiXing/MIV_RV32IMA_L1_AXI_ASYNC_QUEUE_SOURCE/MIV_RV32IMA_L1_AXI_ASYNC_VALID_SYNC/source_valid/sync_1/reg_0/q:CLK
  To:   MiV_AXI_0/MiV_AXI_0/ChiselTop0/debug_1/dmInner/dmiXing/MIV_RV32IMA_L1_AXI_ASYNC_QUEUE_SOURCE/MIV_RV32IMA_L1_AXI_ASYNC_VALID_SYNC/source_valid/sync_0/reg_0/q:D
  Delay (ns):              0.131
  Slack (ns):              0.064
  Arrival (ns):            1.876
  Required (ns):           1.812

Path 21
  From: MiV_AXI_0/MiV_AXI_0/ChiselTop0/debug_1/dmInner/dmiXing/MIV_RV32IMA_L1_AXI_ASYNC_QUEUE_SOURCE/MIV_RV32IMA_L1_AXI_ASYNC_VALID_SYNC/source_valid/sync_2/reg_0/q:CLK
  To:   MiV_AXI_0/MiV_AXI_0/ChiselTop0/debug_1/dmInner/dmiXing/MIV_RV32IMA_L1_AXI_ASYNC_QUEUE_SOURCE/MIV_RV32IMA_L1_AXI_ASYNC_VALID_SYNC/source_valid/sync_1/reg_0/q:D
  Delay (ns):              0.131
  Slack (ns):              0.064
  Arrival (ns):            1.876
  Required (ns):           1.812

Path 22
  From: DDR3_0_0/DDRPHY_BLK_0/IOD_TRAINING_0/COREDDR_TIP_INT_U/TIP_CTRL_BLK/LEVELLING/IOG_IF/move_int[14]:CLK
  To:   DDR3_0_0/DDRPHY_BLK_0/IOD_TRAINING_0/COREDDR_TIP_INT_U/MOVE[14]:D
  Delay (ns):              0.131
  Slack (ns):              0.065
  Arrival (ns):            3.721
  Required (ns):           3.656

Path 23
  From: DDR3_0_0/MSC_i_0/MSC_i_1/MSC_i_4/MSC_i_8/MSC_i_51/MSC_i_52/MSC_i_53/d2[67]:CLK
  To:   DDR3_0_0/MSC_i_0/MSC_i_1/MSC_i_4/MSC_i_8/l_req_tag_int[20]:D
  Delay (ns):              0.206
  Slack (ns):              0.065
  Arrival (ns):            3.812
  Required (ns):           3.747

Path 24
  From: DDR3_0_0/MSC_i_0/MSC_i_1/MSC_i_4/MSC_i_8/MSC_i_51/MSC_i_52/MSC_i_53/d2[81]:CLK
  To:   DDR3_0_0/MSC_i_0/MSC_i_1/MSC_i_4/MSC_i_8/l_req_tag_int[34]:D
  Delay (ns):              0.210
  Slack (ns):              0.065
  Arrival (ns):            3.821
  Required (ns):           3.756

Path 25
  From: DDR3_0_0/MSC_i_0/MSC_i_1/MSC_i_4/MSC_i_8/cmd_fifo_wr_data_reg1[78]:CLK
  To:   DDR3_0_0/MSC_i_0/MSC_i_1/MSC_i_4/MSC_i_8/cmd_fifo_wr_data_reg2[78]:D
  Delay (ns):              0.132
  Slack (ns):              0.065
  Arrival (ns):            3.749
  Required (ns):           3.684

Path 26
  From: MiV_AXI_0/MiV_AXI_0/ChiselTop0/debug_1/dmInner/dmactiveSync/MIV_RV32IMA_L1_AXI_ASYNC_RESET_SYNCHRONIZER_SHIFT_REG_W1_D3_I0/sync_2/reg_0/q:CLK
  To:   MiV_AXI_0/MiV_AXI_0/ChiselTop0/debug_1/dmInner/dmactiveSync/MIV_RV32IMA_L1_AXI_ASYNC_RESET_SYNCHRONIZER_SHIFT_REG_W1_D3_I0/sync_1/reg_0/q:D
  Delay (ns):              0.132
  Slack (ns):              0.065
  Arrival (ns):            1.883
  Required (ns):           1.818

Path 27
  From: MiV_AXI_0/MiV_AXI_0/ChiselTop0/plic/MIV_RV32IMA_L1_AXI_QUEUE/ram_data[0][23]:CLK
  To:   MiV_AXI_0/MiV_AXI_0/ChiselTop0/plic/enables_0_23:D
  Delay (ns):              0.131
  Slack (ns):              0.065
  Arrival (ns):            1.859
  Required (ns):           1.794

Path 28
  From: DDR3_0_0/DDRPHY_BLK_0/IOD_TRAINING_0/COREDDR_TIP_INT_U/TIP_CTRL_BLK/LEVELLING/IOG_IF/move_int[9]:CLK
  To:   DDR3_0_0/DDRPHY_BLK_0/IOD_TRAINING_0/COREDDR_TIP_INT_U/MOVE[9]:D
  Delay (ns):              0.133
  Slack (ns):              0.066
  Arrival (ns):            3.729
  Required (ns):           3.663

Path 29
  From: DDR3_0_0/MSC_i_0/MSC_i_1/MSC_i_4/MSC_i_190/MSC_i_191/MSC_i_206/data_shifter_gen[31].data_shifter[31][0]:CLK
  To:   DDR3_0_0/MSC_i_0/MSC_i_1/MSC_i_4/MSC_i_190/MSC_i_191/MSC_i_206/data_shifter_gen[30].data_shifter[30][0]:D
  Delay (ns):              0.133
  Slack (ns):              0.066
  Arrival (ns):            3.766
  Required (ns):           3.700

Path 30
  From: MiV_AXI_0/MiV_AXI_0/ChiselTop0/debug_1/dmOuter/dmInner_TLAsyncCrossingSource/MIV_RV32IMA_L1_AXI_ASYNC_QUEUE_SINK/MIV_RV32IMA_L1_AXI_ASYNC_VALID_SYNC/sink_valid/sync_3/reg_0/q:CLK
  To:   MiV_AXI_0/MiV_AXI_0/ChiselTop0/debug_1/dmOuter/dmInner_TLAsyncCrossingSource/MIV_RV32IMA_L1_AXI_ASYNC_QUEUE_SINK/MIV_RV32IMA_L1_AXI_ASYNC_VALID_SYNC/sink_valid/sync_2/reg_0/q:D
  Delay (ns):              0.133
  Slack (ns):              0.066
  Arrival (ns):            3.758
  Required (ns):           3.692

Path 31
  From: MiV_AXI_0/MiV_AXI_0/ChiselTop0/debug_1/dmOuter/dmInner_TLAsyncCrossingSource/MIV_RV32IMA_L1_AXI_ASYNC_QUEUE_SOURCE/MIV_RV32IMA_L1_AXI_ASYNC_VALID_SYNC/source_valid/sync_1/reg_0/q:CLK
  To:   MiV_AXI_0/MiV_AXI_0/ChiselTop0/debug_1/dmOuter/dmInner_TLAsyncCrossingSource/MIV_RV32IMA_L1_AXI_ASYNC_QUEUE_SOURCE/MIV_RV32IMA_L1_AXI_ASYNC_VALID_SYNC/source_valid/sync_0/reg_0/q:D
  Delay (ns):              0.134
  Slack (ns):              0.066
  Arrival (ns):            3.759
  Required (ns):           3.693

Path 32
  From: DDR3_0_0/DDRPHY_BLK_0/IOD_TRAINING_0/COREDDR_TIP_INT_U/TIP_CTRL_BLK/TRN_CLK/genblk2[1].u_dqsw270_flags/noise_detect/data_0[0]:CLK
  To:   DDR3_0_0/DDRPHY_BLK_0/IOD_TRAINING_0/COREDDR_TIP_INT_U/TIP_CTRL_BLK/TRN_CLK/genblk2[1].u_dqsw270_flags/noise_detect/data_1[0]:D
  Delay (ns):              0.134
  Slack (ns):              0.067
  Arrival (ns):            3.748
  Required (ns):           3.681

Path 33
  From: DDR3_0_0/MSC_i_0/MSC_i_1/MSC_i_4/MSC_i_190/MSC_i_191/MSC_i_206/data_shifter_gen[20].data_shifter[20][0]:CLK
  To:   DDR3_0_0/MSC_i_0/MSC_i_1/MSC_i_4/MSC_i_190/MSC_i_191/MSC_i_206/data_shifter_gen[19].data_shifter[19][0]:D
  Delay (ns):              0.134
  Slack (ns):              0.067
  Arrival (ns):            3.772
  Required (ns):           3.705

Path 34
  From: DDR3_0_0/MSC_i_0/MSC_i_1/MSC_i_4/MSC_i_190/MSC_i_191/MSC_i_206/data_shifter_gen[29].data_shifter[29][1]:CLK
  To:   DDR3_0_0/MSC_i_0/MSC_i_1/MSC_i_4/MSC_i_190/MSC_i_191/MSC_i_206/data_shifter_gen[28].data_shifter[28][1]:D
  Delay (ns):              0.135
  Slack (ns):              0.067
  Arrival (ns):            3.752
  Required (ns):           3.685

Path 35
  From: DDR3_0_0/MSC_i_0/MSC_i_1/MSC_i_4/MSC_i_190/MSC_i_191/w_valid_attr_sh_gen[1].w_valid_attr_sh[1][9]:CLK
  To:   DDR3_0_0/MSC_i_0/MSC_i_1/MSC_i_4/MSC_i_190/MSC_i_191/w_valid_attr_sh_gen[1].w_valid_attr_sh[1][10]:D
  Delay (ns):              0.134
  Slack (ns):              0.067
  Arrival (ns):            3.753
  Required (ns):           3.686

Path 36
  From: DDR3_0_0/MSC_i_0/MSC_i_1/MSC_i_4/MSC_i_190/MSC_i_191/w_valid_sh[10]:CLK
  To:   DDR3_0_0/MSC_i_0/MSC_i_1/MSC_i_4/MSC_i_190/MSC_i_191/w_valid_sh[11]:D
  Delay (ns):              0.134
  Slack (ns):              0.067
  Arrival (ns):            3.770
  Required (ns):           3.703

Path 37
  From: DDR3_0_0/MSC_i_0/MSC_i_1/MSC_i_4/MSC_i_8/wr_data_packed[6]:CLK
  To:   DDR3_0_0/MSC_i_0/MSC_i_1/MSC_i_4/MSC_i_8/wr_data_fifo_wr_data[6]:D
  Delay (ns):              0.134
  Slack (ns):              0.067
  Arrival (ns):            3.743
  Required (ns):           3.676

Path 38
  From: MiV_AXI_0/MiV_AXI_0/ChiselTop0/debug_1/dmOuter/dmInner_TLAsyncCrossingSource/MIV_RV32IMA_L1_AXI_ASYNC_QUEUE_SOURCE/MIV_RV32IMA_L1_AXI_ASYNC_VALID_SYNC/source_valid/sync_2/reg_0/q:CLK
  To:   MiV_AXI_0/MiV_AXI_0/ChiselTop0/debug_1/dmOuter/dmInner_TLAsyncCrossingSource/MIV_RV32IMA_L1_AXI_ASYNC_QUEUE_SOURCE/MIV_RV32IMA_L1_AXI_ASYNC_VALID_SYNC/source_valid/sync_1/reg_0/q:D
  Delay (ns):              0.134
  Slack (ns):              0.067
  Arrival (ns):            3.759
  Required (ns):           3.692

Path 39
  From: AXI4_Interconnect_0/AXI4_Interconnect_0/SlvConvertor_loop[0].slvcnv/rgsl/genblk4.wrs/sDat[67]:CLK
  To:   LSRAM_0/COREAXI4SRAM_0/U_LSRAM_COREAXI4SRAM_0_CoreAXI4SRAM_MAINCTRL/wdata_sc_r[57]:D
  Delay (ns):              0.135
  Slack (ns):              0.068
  Arrival (ns):            1.883
  Required (ns):           1.815

Path 40
  From: DDR3_0_0/DDRPHY_BLK_0/IOD_TRAINING_0/COREDDR_TIP_INT_U/TIP_CTRL_BLK/LEVELLING/WRLVL/wrlvl_instances[1].uWrlvl/dq_in_reg[4]:CLK
  To:   DDR3_0_0/DDRPHY_BLK_0/IOD_TRAINING_0/COREDDR_TIP_INT_U/TIP_CTRL_BLK/LEVELLING/WRLVL/wrlvl_instances[1].uWrlvl/dq_in_reg_2[4]:D
  Delay (ns):              0.136
  Slack (ns):              0.068
  Arrival (ns):            3.726
  Required (ns):           3.658

Path 41
  From: DDR3_0_0/MSC_i_0/MSC_i_1/MSC_i_4/MSC_i_190/MSC_i_191/MSC_i_196/lat_n0.resettable.data_shifter_0_[0]:CLK
  To:   DDR3_0_0/MSC_i_0/MSC_i_1/MSC_i_4/MSC_i_190/MSC_i_191/MSC_i_196/lat_n0.resettable.data_shifter_1_[0]:D
  Delay (ns):              0.134
  Slack (ns):              0.068
  Arrival (ns):            3.757
  Required (ns):           3.689

Path 42
  From: DDR3_0_0/MSC_i_0/MSC_i_1/MSC_i_4/MSC_i_190/MSC_i_191/MSC_i_206/data_shifter_gen[27].data_shifter[27][1]:CLK
  To:   DDR3_0_0/MSC_i_0/MSC_i_1/MSC_i_4/MSC_i_190/MSC_i_191/MSC_i_206/data_shifter_gen[26].data_shifter[26][1]:D
  Delay (ns):              0.135
  Slack (ns):              0.068
  Arrival (ns):            3.752
  Required (ns):           3.684

Path 43
  From: DDR3_0_0/MSC_i_0/MSC_i_1/MSC_i_4/MSC_i_190/MSC_i_191/MSC_i_206/data_shifter_gen[35].data_shifter[35][1]:CLK
  To:   DDR3_0_0/MSC_i_0/MSC_i_1/MSC_i_4/MSC_i_190/MSC_i_191/MSC_i_206/data_shifter_gen[34].data_shifter[34][1]:D
  Delay (ns):              0.132
  Slack (ns):              0.068
  Arrival (ns):            3.737
  Required (ns):           3.669

Path 44
  From: DDR3_0_0/MSC_i_0/MSC_i_1/MSC_i_4/MSC_i_190/MSC_i_191/w_valid_sh[20]:CLK
  To:   DDR3_0_0/MSC_i_0/MSC_i_1/MSC_i_4/MSC_i_190/MSC_i_191/w_valid_sh[21]:D
  Delay (ns):              0.135
  Slack (ns):              0.068
  Arrival (ns):            3.756
  Required (ns):           3.688

Path 45
  From: DDR3_0_0/MSC_i_0/MSC_i_1/MSC_i_4/MSC_i_190/MSC_i_191/w_valid_sh[7]:CLK
  To:   DDR3_0_0/MSC_i_0/MSC_i_1/MSC_i_4/MSC_i_190/MSC_i_191/w_valid_sh[8]:D
  Delay (ns):              0.134
  Slack (ns):              0.068
  Arrival (ns):            3.759
  Required (ns):           3.691

Path 46
  From: DDR3_0_0/MSC_i_0/MSC_i_1/MSC_i_4/MSC_i_8/cmd_fifo_wr_data_reg2[2]:CLK
  To:   DDR3_0_0/MSC_i_0/MSC_i_1/MSC_i_4/MSC_i_8/cmd_fifo_wr_data_reg3[2]:D
  Delay (ns):              0.135
  Slack (ns):              0.068
  Arrival (ns):            3.747
  Required (ns):           3.679

Path 47
  From: DDR3_0_0/MSC_i_0/MSC_i_1/MSC_i_4/MSC_i_8/cmd_fifo_wr_data_reg3[6]:CLK
  To:   DDR3_0_0/MSC_i_0/MSC_i_1/MSC_i_4/MSC_i_8/cmd_fifo_wr_data_reg4[6]:D
  Delay (ns):              0.132
  Slack (ns):              0.068
  Arrival (ns):            3.739
  Required (ns):           3.671

Path 48
  From: MiV_AXI_0/MiV_AXI_0/ChiselTop0/dtm/dtmInfoChain/regs_24:CLK
  To:   MiV_AXI_0/MiV_AXI_0/ChiselTop0/dtm/dtmInfoChain/regs_23:D
  Delay (ns):              0.134
  Slack (ns):              0.068
  Arrival (ns):            3.745
  Required (ns):           3.677

Path 49
  From: DDR3_0_0/DDRPHY_BLK_0/IOD_TRAINING_0/COREDDR_TIP_INT_U/TIP_CTRL_BLK/TRN_CLK/genblk2[0].dqsw_trainer/current_state[3]:CLK
  To:   DDR3_0_0/DDRPHY_BLK_0/IOD_TRAINING_0/COREDDR_TIP_INT_U/TIP_CTRL_BLK/TRN_CLK/genblk2[0].dqsw_trainer/current_state[5]:D
  Delay (ns):              0.135
  Slack (ns):              0.069
  Arrival (ns):            3.751
  Required (ns):           3.682

Path 50
  From: DDR3_0_0/MSC_i_0/MSC_i_1/MSC_i_4/MSC_i_146/gen_fr4.DFI_WRDATA_ALIGN_eq_0.dfi_wrdata_p2_po_r1[3]:CLK
  To:   DDR3_0_0/MSC_i_0/MSC_i_1/MSC_i_4/MSC_i_224/data_shifter_gen[1].data_shifter[1][75]:D
  Delay (ns):              0.134
  Slack (ns):              0.069
  Arrival (ns):            3.747
  Required (ns):           3.678

Path 51
  From: DDR3_0_0/MSC_i_0/MSC_i_1/MSC_i_4/MSC_i_190/MSC_i_191/MSC_i_203/lat_n0.resettable.data_shifter_1_[119]:CLK
  To:   DDR3_0_0/MSC_i_0/MSC_i_1/MSC_i_4/MSC_i_190/MSC_i_191/MSC_i_203/lat_n0.resettable.data_shifter_2_[119]:D
  Delay (ns):              0.137
  Slack (ns):              0.069
  Arrival (ns):            3.766
  Required (ns):           3.697

Path 52
  From: DDR3_0_0/MSC_i_0/MSC_i_1/MSC_i_4/MSC_i_190/MSC_i_191/MSC_i_206/data_shifter_gen[26].data_shifter[26][1]:CLK
  To:   DDR3_0_0/MSC_i_0/MSC_i_1/MSC_i_4/MSC_i_190/MSC_i_191/MSC_i_206/data_shifter_gen[25].data_shifter[25][1]:D
  Delay (ns):              0.136
  Slack (ns):              0.069
  Arrival (ns):            3.753
  Required (ns):           3.684

Path 53
  From: DDR3_0_0/MSC_i_0/MSC_i_1/MSC_i_4/MSC_i_190/MSC_i_191/MSC_i_206/data_shifter_gen[28].data_shifter[28][0]:CLK
  To:   DDR3_0_0/MSC_i_0/MSC_i_1/MSC_i_4/MSC_i_190/MSC_i_191/MSC_i_206/data_shifter_gen[27].data_shifter[27][0]:D
  Delay (ns):              0.178
  Slack (ns):              0.069
  Arrival (ns):            3.811
  Required (ns):           3.742

Path 54
  From: DDR3_0_0/MSC_i_0/MSC_i_1/MSC_i_4/MSC_i_213/MSC_i_216/data_r1[66]:CLK
  To:   DDR3_0_0/MSC_i_0/MSC_i_1/MSC_i_4/MSC_i_213/MSC_i_216/data_r2[66]:D
  Delay (ns):              0.137
  Slack (ns):              0.069
  Arrival (ns):            3.747
  Required (ns):           3.678

Path 55
  From: DDR3_0_0/MSC_i_0/MSC_i_1/MSC_i_4/MSC_i_8/MSC_i_104/MSC_i_105/MSC_i_107/MSC_i_109/MSC_i_114/s0:CLK
  To:   DDR3_0_0/MSC_i_0/MSC_i_1/MSC_i_4/MSC_i_8/MSC_i_104/MSC_i_105/MSC_i_107/MSC_i_109/MSC_i_114/s1:D
  Delay (ns):              0.134
  Slack (ns):              0.069
  Arrival (ns):            3.730
  Required (ns):           3.661

Path 56
  From: DDR3_0_0/MSC_i_0/MSC_i_1/MSC_i_4/MSC_i_8/MSC_i_51/MSC_i_52/MSC_i_53/d2[13]:CLK
  To:   DDR3_0_0/MSC_i_0/MSC_i_1/MSC_i_4/MSC_i_8/l_addr_1[13]:D
  Delay (ns):              0.213
  Slack (ns):              0.069
  Arrival (ns):            3.825
  Required (ns):           3.756

Path 57
  From: DDR3_0_0/MSC_i_0/MSC_i_1/MSC_i_4/MSC_i_8/cmd_fifo_wr_data_reg2[42]:CLK
  To:   DDR3_0_0/MSC_i_0/MSC_i_1/MSC_i_4/MSC_i_8/cmd_fifo_wr_data_reg3[42]:D
  Delay (ns):              0.137
  Slack (ns):              0.069
  Arrival (ns):            3.747
  Required (ns):           3.678

Path 58
  From: DDR3_0_0/MSC_i_0/MSC_i_1/MSC_i_4/MSC_i_8/cmd_fifo_wr_data_reg2[5]:CLK
  To:   DDR3_0_0/MSC_i_0/MSC_i_1/MSC_i_4/MSC_i_8/cmd_fifo_wr_data_reg3[5]:D
  Delay (ns):              0.134
  Slack (ns):              0.069
  Arrival (ns):            3.749
  Required (ns):           3.680

Path 59
  From: DDR3_0_0/MSC_i_0/MSC_i_1/MSC_i_4/MSC_i_8/cmd_fifo_wr_data_reg3[50]:CLK
  To:   DDR3_0_0/MSC_i_0/MSC_i_1/MSC_i_4/MSC_i_8/cmd_fifo_wr_data_reg4[50]:D
  Delay (ns):              0.136
  Slack (ns):              0.069
  Arrival (ns):            3.750
  Required (ns):           3.681

Path 60
  From: DDR3_0_0/MSC_i_0/MSC_i_1/MSC_i_4/MSC_i_8/cmd_fifo_wr_data_reg3[82]:CLK
  To:   DDR3_0_0/MSC_i_0/MSC_i_1/MSC_i_4/MSC_i_8/cmd_fifo_wr_data_reg4[82]:D
  Delay (ns):              0.135
  Slack (ns):              0.069
  Arrival (ns):            3.742
  Required (ns):           3.673

Path 61
  From: MiV_AXI_0/MiV_AXI_0/ChiselTop0/debug_1/dmInner/dmiXing/MIV_RV32IMA_L1_AXI_ASYNC_QUEUE_SOURCE/MIV_RV32IMA_L1_AXI_ASYNC_VALID_SYNC/source_valid/sync_3/reg_0/q:CLK
  To:   MiV_AXI_0/MiV_AXI_0/ChiselTop0/debug_1/dmInner/dmiXing/MIV_RV32IMA_L1_AXI_ASYNC_QUEUE_SOURCE/MIV_RV32IMA_L1_AXI_ASYNC_VALID_SYNC/source_valid/sync_2/reg_0/q:D
  Delay (ns):              0.136
  Slack (ns):              0.069
  Arrival (ns):            1.881
  Required (ns):           1.812

Path 62
  From: MiV_AXI_0/MiV_AXI_0/ChiselTop0/dtm/dtmInfoChain/regs_9:CLK
  To:   MiV_AXI_0/MiV_AXI_0/ChiselTop0/dtm/dtmInfoChain/regs_8:D
  Delay (ns):              0.136
  Slack (ns):              0.069
  Arrival (ns):            3.761
  Required (ns):           3.692

Path 63
  From: AXI4_Interconnect_0/AXI4_Interconnect_0/SlvConvertor_loop[0].slvcnv/rgsl/genblk4.wrs/sDat[57]:CLK
  To:   LSRAM_0/COREAXI4SRAM_0/U_LSRAM_COREAXI4SRAM_0_CoreAXI4SRAM_MAINCTRL/wdata_sc_r[47]:D
  Delay (ns):              0.137
  Slack (ns):              0.070
  Arrival (ns):            1.885
  Required (ns):           1.815

Path 64
  From: DDR3_0_0/DDRPHY_BLK_0/IOD_TRAINING_0/COREDDR_TIP_INT_U/TIP_CTRL_BLK/LEVELLING/WRLVL/wrlvl_instances[0].uWrlvl/dq_in_reg[0]:CLK
  To:   DDR3_0_0/DDRPHY_BLK_0/IOD_TRAINING_0/COREDDR_TIP_INT_U/TIP_CTRL_BLK/LEVELLING/WRLVL/wrlvl_instances[0].uWrlvl/dq_in_reg_2[0]:D
  Delay (ns):              0.136
  Slack (ns):              0.070
  Arrival (ns):            3.751
  Required (ns):           3.681

Path 65
  From: DDR3_0_0/MSC_i_0/MSC_i_1/MSC_i_4/MSC_i_222/dfi_bank_r1[1]:CLK
  To:   DDR3_0_0/MSC_i_0/MSC_i_1/MSC_i_4/MSC_i_222/dfi_bank_r2[1]:D
  Delay (ns):              0.137
  Slack (ns):              0.070
  Arrival (ns):            3.758
  Required (ns):           3.688

Path 66
  From: DDR3_0_0/MSC_i_0/MSC_i_1/MSC_i_4/MSC_i_224/data_shifter_gen[1].data_shifter[1][71]:CLK
  To:   DDR3_0_0/DDRPHY_BLK_0/IOD_TRAINING_0/COREDDR_TIP_INT_U/TIP_CTRL_BLK/PHY_SIG_MOD/iog_dq_txdata_in_reg[125]:D
  Delay (ns):              0.134
  Slack (ns):              0.070
  Arrival (ns):            3.751
  Required (ns):           3.681

Path 67
  From: DDR3_0_0/MSC_i_0/MSC_i_1/MSC_i_4/MSC_i_8/MSC_i_72/MSC_i_73/MSC_i_89/MSC_i_91/MSC_i_94/s0:CLK
  To:   DDR3_0_0/MSC_i_0/MSC_i_1/MSC_i_4/MSC_i_8/MSC_i_72/MSC_i_73/MSC_i_89/MSC_i_91/MSC_i_94/s1:D
  Delay (ns):              0.135
  Slack (ns):              0.070
  Arrival (ns):            3.738
  Required (ns):           3.668

Path 68
  From: DDR3_0_0/MSC_i_0/MSC_i_1/MSC_i_4/MSC_i_8/cmd_fifo_wr_data_reg2[20]:CLK
  To:   DDR3_0_0/MSC_i_0/MSC_i_1/MSC_i_4/MSC_i_8/cmd_fifo_wr_data_reg3[20]:D
  Delay (ns):              0.135
  Slack (ns):              0.070
  Arrival (ns):            3.743
  Required (ns):           3.673

Path 69
  From: DDR3_0_0/MSC_i_0/MSC_i_1/MSC_i_4/MSC_i_8/cmd_fifo_wr_data_reg3[20]:CLK
  To:   DDR3_0_0/MSC_i_0/MSC_i_1/MSC_i_4/MSC_i_8/cmd_fifo_wr_data_reg4[20]:D
  Delay (ns):              0.135
  Slack (ns):              0.070
  Arrival (ns):            3.743
  Required (ns):           3.673

Path 70
  From: DDR3_0_0/MSC_i_0/MSC_i_1/MSC_i_4/MSC_i_8/cmd_fifo_wr_data_reg3[53]:CLK
  To:   DDR3_0_0/MSC_i_0/MSC_i_1/MSC_i_4/MSC_i_8/cmd_fifo_wr_data_reg4[53]:D
  Delay (ns):              0.137
  Slack (ns):              0.070
  Arrival (ns):            3.751
  Required (ns):           3.681

Path 71
  From: MiV_AXI_0/MiV_AXI_0/ChiselTop0/debug_1/dmOuter/dmInner_TLAsyncCrossingSource/MIV_RV32IMA_L1_AXI_ASYNC_QUEUE_SINK/MIV_RV32IMA_L1_AXI_ASYNC_VALID_SYNC/sink_valid/sync_1/reg_0/q:CLK
  To:   MiV_AXI_0/MiV_AXI_0/ChiselTop0/debug_1/dmOuter/dmInner_TLAsyncCrossingSource/MIV_RV32IMA_L1_AXI_ASYNC_QUEUE_SINK/MIV_RV32IMA_L1_AXI_ASYNC_VALID_SYNC/sink_valid/sync_0/reg_0/q:D
  Delay (ns):              0.137
  Slack (ns):              0.070
  Arrival (ns):            3.762
  Required (ns):           3.692

Path 72
  From: MiV_AXI_0/MiV_AXI_0/ChiselTop0/debug_1/dmOuter/dmInner_TLAsyncCrossingSource/MIV_RV32IMA_L1_AXI_ASYNC_QUEUE_SOURCE/MIV_RV32IMA_L1_AXI_ASYNC_VALID_SYNC_2/sink_valid/sync_1/reg_0/q:CLK
  To:   MiV_AXI_0/MiV_AXI_0/ChiselTop0/debug_1/dmOuter/dmInner_TLAsyncCrossingSource/MIV_RV32IMA_L1_AXI_ASYNC_QUEUE_SOURCE/MIV_RV32IMA_L1_AXI_ASYNC_VALID_SYNC_2/sink_valid/sync_0/reg_0/q:D
  Delay (ns):              0.135
  Slack (ns):              0.070
  Arrival (ns):            3.764
  Required (ns):           3.694

Path 73
  From: MiV_AXI_0/MiV_AXI_0/ChiselTop0/tile/core/mem_reg_pc[4]:CLK
  To:   MiV_AXI_0/MiV_AXI_0/ChiselTop0/tile/core/wb_reg_pc[4]:D
  Delay (ns):              0.181
  Slack (ns):              0.070
  Arrival (ns):            1.951
  Required (ns):           1.881

Path 74
  From: DDR3_0_0/DDRPHY_BLK_0/IOD_TRAINING_0/COREDDR_TIP_INT_U/TIP_CTRL_BLK/LEVELLING/RDLVL/RDLVL_SMS/genblk1[0].RDLVL_TRAIN/gate_training/pre_iog_counter[0]:CLK
  To:   DDR3_0_0/DDRPHY_BLK_0/IOD_TRAINING_0/COREDDR_TIP_INT_U/TIP_CTRL_BLK/LEVELLING/RDLVL/RDLVL_SMS/genblk1[0].RDLVL_TRAIN/gate_training/pre_iog_counter[1]:D
  Delay (ns):              0.138
  Slack (ns):              0.071
  Arrival (ns):            3.753
  Required (ns):           3.682

Path 75
  From: DDR3_0_0/MSC_i_0/MSC_i_1/MSC_i_4/MSC_i_190/MSC_i_191/MSC_i_203/lat_n0.resettable.data_shifter_1_[123]:CLK
  To:   DDR3_0_0/MSC_i_0/MSC_i_1/MSC_i_4/MSC_i_190/MSC_i_191/MSC_i_203/lat_n0.resettable.data_shifter_2_[123]:D
  Delay (ns):              0.138
  Slack (ns):              0.071
  Arrival (ns):            3.765
  Required (ns):           3.694

Path 76
  From: DDR3_0_0/MSC_i_0/MSC_i_1/MSC_i_4/MSC_i_190/MSC_i_191/MSC_i_206/data_shifter_gen[38].data_shifter[38][1]:CLK
  To:   DDR3_0_0/MSC_i_0/MSC_i_1/MSC_i_4/MSC_i_190/MSC_i_191/MSC_i_206/data_shifter_gen[37].data_shifter[37][1]:D
  Delay (ns):              0.137
  Slack (ns):              0.071
  Arrival (ns):            3.741
  Required (ns):           3.670

Path 77
  From: DDR3_0_0/MSC_i_0/MSC_i_1/MSC_i_4/MSC_i_190/MSC_i_191/w_valid_attr_sh_gen[0].w_valid_attr_sh[0][18]:CLK
  To:   DDR3_0_0/MSC_i_0/MSC_i_1/MSC_i_4/MSC_i_190/MSC_i_191/w_valid_attr_sh_gen[0].w_valid_attr_sh[0][19]:D
  Delay (ns):              0.136
  Slack (ns):              0.071
  Arrival (ns):            3.753
  Required (ns):           3.682

Path 78
  From: DDR3_0_0/MSC_i_0/MSC_i_1/MSC_i_4/MSC_i_190/MSC_i_191/w_valid_attr_sh_gen[1].w_valid_attr_sh[1][16]:CLK
  To:   DDR3_0_0/MSC_i_0/MSC_i_1/MSC_i_4/MSC_i_190/MSC_i_191/w_valid_attr_sh_gen[1].w_valid_attr_sh[1][17]:D
  Delay (ns):              0.138
  Slack (ns):              0.071
  Arrival (ns):            3.759
  Required (ns):           3.688

Path 79
  From: DDR3_0_0/MSC_i_0/MSC_i_1/MSC_i_4/MSC_i_190/MSC_i_191/w_valid_sh[17]:CLK
  To:   DDR3_0_0/MSC_i_0/MSC_i_1/MSC_i_4/MSC_i_190/MSC_i_191/w_valid_sh[18]:D
  Delay (ns):              0.139
  Slack (ns):              0.071
  Arrival (ns):            3.775
  Required (ns):           3.704

Path 80
  From: DDR3_0_0/MSC_i_0/MSC_i_1/MSC_i_4/MSC_i_213/MSC_i_216/data_r1[42]:CLK
  To:   DDR3_0_0/MSC_i_0/MSC_i_1/MSC_i_4/MSC_i_213/MSC_i_216/data_r2[42]:D
  Delay (ns):              0.138
  Slack (ns):              0.071
  Arrival (ns):            3.772
  Required (ns):           3.701

Path 81
  From: DDR3_0_0/MSC_i_0/MSC_i_1/MSC_i_4/MSC_i_8/MSC_i_104/MSC_i_105/MSC_i_121/din_gray_r[9]:CLK
  To:   DDR3_0_0/MSC_i_0/MSC_i_1/MSC_i_4/MSC_i_8/MSC_i_104/MSC_i_105/MSC_i_121/MSC_i_123/MSC_i_124/s0:D
  Delay (ns):              0.135
  Slack (ns):              0.071
  Arrival (ns):            3.732
  Required (ns):           3.661

Path 82
  From: DDR3_0_0/MSC_i_0/MSC_i_1/MSC_i_4/MSC_i_8/MSC_i_51/MSC_i_52/MSC_i_54/din_gray_r[3]:CLK
  To:   DDR3_0_0/MSC_i_0/MSC_i_1/MSC_i_4/MSC_i_8/MSC_i_51/MSC_i_52/MSC_i_54/MSC_i_56/MSC_i_57/s0:D
  Delay (ns):              0.135
  Slack (ns):              0.071
  Arrival (ns):            3.742
  Required (ns):           3.671

Path 83
  From: DDR3_0_0/MSC_i_0/MSC_i_1/MSC_i_4/MSC_i_8/cmd_fifo_wr_data_reg3[87]:CLK
  To:   DDR3_0_0/MSC_i_0/MSC_i_1/MSC_i_4/MSC_i_8/cmd_fifo_wr_data_reg4[87]:D
  Delay (ns):              0.136
  Slack (ns):              0.071
  Arrival (ns):            3.752
  Required (ns):           3.681

Path 84
  From: MiV_AXI_0/MiV_AXI_0/ChiselTop0/debug_1/dmInner/MIV_RV32IMA_L1_AXI_ASYNC_QUEUE_SINK/widx_gray/sync_2/reg_0/q:CLK
  To:   MiV_AXI_0/MiV_AXI_0/ChiselTop0/debug_1/dmInner/MIV_RV32IMA_L1_AXI_ASYNC_QUEUE_SINK/widx_gray/sync_1/reg_0/q:D
  Delay (ns):              0.136
  Slack (ns):              0.071
  Arrival (ns):            1.890
  Required (ns):           1.819

Path 85
  From: MiV_AXI_0/MiV_AXI_0/ChiselTop0/dtm/dmiAccessChain/regs_37:CLK
  To:   MiV_AXI_0/MiV_AXI_0/ChiselTop0/dtm/dmiReqReg_addr[3]:D
  Delay (ns):              0.136
  Slack (ns):              0.071
  Arrival (ns):            3.785
  Required (ns):           3.714

Path 86
  From: MiV_AXI_0/MiV_AXI_0/ChiselTop0/dtm/dmiReqReg_data[22]:CLK
  To:   MiV_AXI_0/MiV_AXI_0/ChiselTop0/debug_1/dmOuter/dmInner_TLAsyncCrossingSource/MIV_RV32IMA_L1_AXI_ASYNC_QUEUE_SOURCE/mem_0_data[22]:D
  Delay (ns):              0.137
  Slack (ns):              0.071
  Arrival (ns):            3.751
  Required (ns):           3.680

Path 87
  From: MiV_AXI_0/MiV_AXI_0/ChiselTop0/plic/MIV_RV32IMA_L1_AXI_QUEUE/ram_data[0][31]:CLK
  To:   MiV_AXI_0/MiV_AXI_0/ChiselTop0/plic/enables_0_31:D
  Delay (ns):              0.135
  Slack (ns):              0.071
  Arrival (ns):            1.875
  Required (ns):           1.804

Path 88
  From: MiV_AXI_0/MiV_AXI_0/ChiselTop0/tile/dcache/s2_victim_tag[1]:CLK
  To:   MiV_AXI_0/MiV_AXI_0/ChiselTop0/tile/dcache/probe_bits_address[14]:D
  Delay (ns):              0.136
  Slack (ns):              0.071
  Arrival (ns):            1.885
  Required (ns):           1.814

Path 89
  From: AXI4_Interconnect_0/AXI4_Interconnect_0/SlvConvertor_loop[0].slvcnv/rgsl/genblk4.wrs/sDat[56]:CLK
  To:   LSRAM_0/COREAXI4SRAM_0/U_LSRAM_COREAXI4SRAM_0_CoreAXI4SRAM_MAINCTRL/wdata_sc_r[46]:D
  Delay (ns):              0.137
  Slack (ns):              0.072
  Arrival (ns):            1.882
  Required (ns):           1.810

Path 90
  From: DDR3_0_0/DDRPHY_BLK_0/IOD_TRAINING_0/COREDDR_TIP_INT_U/TIP_CTRL_BLK/PHY_SIG_MOD/iog_dq_txdata_in_reg[126]:CLK
  To:   DDR3_0_0/DDRPHY_BLK_0/IOD_TRAINING_0/COREDDR_TIP_INT_U/TIP_CTRL_BLK/PHY_SIG_MOD/iog_dq_txdata_in_reg_2[126]:D
  Delay (ns):              0.136
  Slack (ns):              0.072
  Arrival (ns):            3.732
  Required (ns):           3.660

Path 91
  From: DDR3_0_0/MSC_i_0/MSC_i_1/MSC_i_4/MSC_i_190/MSC_i_191/MSC_i_203/lat_n0.resettable.data_shifter_2_[119]:CLK
  To:   DDR3_0_0/MSC_i_0/MSC_i_1/MSC_i_4/MSC_i_222/dfi_address_r1[9]:D
  Delay (ns):              0.140
  Slack (ns):              0.072
  Arrival (ns):            3.769
  Required (ns):           3.697

Path 92
  From: DDR3_0_0/MSC_i_0/MSC_i_1/MSC_i_4/MSC_i_190/MSC_i_191/MSC_i_206/data_shifter_gen[12].data_shifter[12][0]:CLK
  To:   DDR3_0_0/MSC_i_0/MSC_i_1/MSC_i_4/MSC_i_190/MSC_i_191/MSC_i_206/data_shifter_gen[11].data_shifter[11][0]:D
  Delay (ns):              0.137
  Slack (ns):              0.072
  Arrival (ns):            3.768
  Required (ns):           3.696

Path 93
  From: DDR3_0_0/MSC_i_0/MSC_i_1/MSC_i_4/MSC_i_190/MSC_i_191/MSC_i_206/data_shifter_gen[18].data_shifter[18][0]:CLK
  To:   DDR3_0_0/MSC_i_0/MSC_i_1/MSC_i_4/MSC_i_190/MSC_i_191/MSC_i_206/data_shifter_gen[17].data_shifter[17][0]:D
  Delay (ns):              0.140
  Slack (ns):              0.072
  Arrival (ns):            3.778
  Required (ns):           3.706

Path 94
  From: DDR3_0_0/MSC_i_0/MSC_i_1/MSC_i_4/MSC_i_190/MSC_i_191/MSC_i_206/data_shifter_gen[18].data_shifter[18][1]:CLK
  To:   DDR3_0_0/MSC_i_0/MSC_i_1/MSC_i_4/MSC_i_190/MSC_i_191/MSC_i_206/data_shifter_gen[17].data_shifter[17][1]:D
  Delay (ns):              0.139
  Slack (ns):              0.072
  Arrival (ns):            3.762
  Required (ns):           3.690

Path 95
  From: DDR3_0_0/MSC_i_0/MSC_i_1/MSC_i_4/MSC_i_190/MSC_i_191/MSC_i_206/data_shifter_gen[30].data_shifter[30][0]:CLK
  To:   DDR3_0_0/MSC_i_0/MSC_i_1/MSC_i_4/MSC_i_190/MSC_i_191/MSC_i_206/data_shifter_gen[29].data_shifter[29][0]:D
  Delay (ns):              0.139
  Slack (ns):              0.072
  Arrival (ns):            3.772
  Required (ns):           3.700

Path 96
  From: DDR3_0_0/MSC_i_0/MSC_i_1/MSC_i_4/MSC_i_190/MSC_i_191/w_valid_attr_sh_gen[1].w_valid_attr_sh[1][13]:CLK
  To:   DDR3_0_0/MSC_i_0/MSC_i_1/MSC_i_4/MSC_i_190/MSC_i_191/w_valid_attr_sh_gen[1].w_valid_attr_sh[1][14]:D
  Delay (ns):              0.140
  Slack (ns):              0.072
  Arrival (ns):            3.758
  Required (ns):           3.686

Path 97
  From: DDR3_0_0/MSC_i_0/MSC_i_1/MSC_i_4/MSC_i_190/MSC_i_191/w_valid_sh[14]:CLK
  To:   DDR3_0_0/MSC_i_0/MSC_i_1/MSC_i_4/MSC_i_190/MSC_i_191/w_valid_sh[15]:D
  Delay (ns):              0.140
  Slack (ns):              0.072
  Arrival (ns):            3.776
  Required (ns):           3.704

Path 98
  From: DDR3_0_0/MSC_i_0/MSC_i_1/MSC_i_4/MSC_i_190/MSC_i_191/w_valid_sh[9]:CLK
  To:   DDR3_0_0/MSC_i_0/MSC_i_1/MSC_i_4/MSC_i_190/MSC_i_191/w_valid_sh[10]:D
  Delay (ns):              0.139
  Slack (ns):              0.072
  Arrival (ns):            3.775
  Required (ns):           3.703

Path 99
  From: DDR3_0_0/MSC_i_0/MSC_i_1/MSC_i_4/MSC_i_213/MSC_i_217/MSC_i_218/MSC_i_219/MSC_i_220/r_wr_addr[0]:CLK
  To:   DDR3_0_0/MSC_i_0/MSC_i_1/MSC_i_4/MSC_i_213/MSC_i_217/MSC_i_218/MSC_i_219/MSC_i_220/r_wr_addr[1]:D
  Delay (ns):              0.137
  Slack (ns):              0.072
  Arrival (ns):            3.754
  Required (ns):           3.682

Path 100
  From: DDR3_0_0/MSC_i_0/MSC_i_1/MSC_i_4/MSC_i_222/dfi_address_r1[1]:CLK
  To:   DDR3_0_0/MSC_i_0/MSC_i_1/MSC_i_4/MSC_i_222/dfi_address_r2[1]:D
  Delay (ns):              0.138
  Slack (ns):              0.072
  Arrival (ns):            3.766
  Required (ns):           3.694

