Timing Violation Report Min Delay Analysis

SmartTime Version v12.3
Microsemi Corporation - Microsemi Libero Software Release v12.3 (Version 12.800.0.16)
Date: Sat Mar 14 14:21:03 2020


Design: top
Family: PolarFire
Die: MPF300TS
Package: FCG1152
Temperature Range: -40 - 100 C
Voltage Range: 0.97 - 1.03 V
Speed Grade: -1
Design State: Post-Layout
Data source: Production
Multi Corner Report Operating Conditions: slow_lv_ht, slow_lv_lt, fast_hv_lt
Scenario for Timing Analysis: timing_analysis


Path 1
  From: DDR3_0_0/MSC_i_0/MSC_i_1/MSC_i_4/MSC_i_146/gen_fr4.DFI_WRDATA_ALIGN_eq_0.dfi_wrdata_p3_po_r1[12]:CLK
  To:   DDR3_0_0/MSC_i_0/MSC_i_1/MSC_i_4/MSC_i_223/data_shifter_gen[1].data_shifter[1][52]:D
  Delay (ns):              0.190
  Slack (ns):              0.039
  Arrival (ns):            4.066
  Required (ns):           4.027
  Operating Conditions: fast_hv_lt

Path 2
  From: AXI4_Interconnect_0/AXI4_Interconnect_0/SlvConvertor_loop[1].slvcnv/slvCDC/genblk1.genblk1.cdc_WChan/rdGrayCounter/cntBinary[2]:CLK
  To:   AXI4_Interconnect_0/AXI4_Interconnect_0/SlvConvertor_loop[1].slvcnv/slvCDC/genblk1.genblk1.cdc_WChan/rdGrayCounter/cntGray[2]:D
  Delay (ns):              0.200
  Slack (ns):              0.042
  Arrival (ns):            4.063
  Required (ns):           4.021
  Operating Conditions: fast_hv_lt

Path 3
  From: DDR3_0_0/MSC_i_0/MSC_i_1/MSC_i_4/MSC_i_223/data_shifter_gen[1].data_shifter[1][77]:CLK
  To:   DDR3_0_0/DDRPHY_BLK_0/IOD_TRAINING_0/COREDDR_TIP_INT_U/TIP_CTRL_BLK/PHY_SIG_MOD/iog_dq_txdata_in_reg[42]:D
  Delay (ns):              0.203
  Slack (ns):              0.047
  Arrival (ns):            4.075
  Required (ns):           4.028
  Operating Conditions: fast_hv_lt

Path 4
  From: DDR3_0_0/DDRPHY_BLK_0/IOD_TRAINING_0/COREDDR_TIP_INT_U/dfi_rddata_en_p0_2:CLK
  To:   DDR3_0_0/DDRPHY_BLK_0/IOD_TRAINING_0/COREDDR_TIP_INT_U/dfi_rddata_en_p0_3:D
  Delay (ns):              0.142
  Slack (ns):              0.068
  Arrival (ns):            4.035
  Required (ns):           3.967
  Operating Conditions: fast_hv_lt

Path 5
  From: DDR3_0_0/MSC_i_0/MSC_i_1/MSC_i_4/MSC_i_190/MSC_i_191/MSC_i_202/lat_n0.resettable.data_shifter_2_[113]:CLK
  To:   DDR3_0_0/MSC_i_0/MSC_i_1/MSC_i_4/MSC_i_221/dfi_address_r1[3]:D
  Delay (ns):              0.143
  Slack (ns):              0.068
  Arrival (ns):            4.048
  Required (ns):           3.980
  Operating Conditions: fast_hv_lt

Path 6
  From: DDR3_0_0/MSC_i_0/MSC_i_1/MSC_i_4/MSC_i_190/MSC_i_191/w_valid_sh[15]:CLK
  To:   DDR3_0_0/MSC_i_0/MSC_i_1/MSC_i_4/MSC_i_190/MSC_i_191/w_valid_sh[16]:D
  Delay (ns):              0.143
  Slack (ns):              0.068
  Arrival (ns):            4.036
  Required (ns):           3.968
  Operating Conditions: fast_hv_lt

Path 7
  From: DDR3_0_0/MSC_i_0/MSC_i_1/MSC_i_4/MSC_i_8/MSC_i_72/MSC_i_73/MSC_i_89/MSC_i_91/MSC_i_94/s0:CLK
  To:   DDR3_0_0/MSC_i_0/MSC_i_1/MSC_i_4/MSC_i_8/MSC_i_72/MSC_i_73/MSC_i_89/MSC_i_91/MSC_i_94/s1:D
  Delay (ns):              0.143
  Slack (ns):              0.068
  Arrival (ns):            4.032
  Required (ns):           3.964
  Operating Conditions: fast_hv_lt

Path 8
  From: DDR3_0_0/MSC_i_0/MSC_i_1/MSC_i_4/MSC_i_221/dfi_odt_p3_r1[0]:CLK
  To:   DDR3_0_0/MSC_i_0/MSC_i_1/MSC_i_4/MSC_i_221/dfi_odt_p3_r2[0]:D
  Delay (ns):              0.143
  Slack (ns):              0.068
  Arrival (ns):            4.045
  Required (ns):           3.977
  Operating Conditions: fast_hv_lt

Path 9
  From: MiV_AXI_0/MiV_AXI_0/ChiselTop0/debug_1/dmInner/dmiXing/MIV_RV32IMA_L1_AXI_ASYNC_QUEUE_SINK/MIV_RV32IMA_L1_AXI_ASYNC_VALID_SYNC_2/source_valid/sync_2/reg_0/q:CLK
  To:   MiV_AXI_0/MiV_AXI_0/ChiselTop0/debug_1/dmInner/dmiXing/MIV_RV32IMA_L1_AXI_ASYNC_QUEUE_SINK/MIV_RV32IMA_L1_AXI_ASYNC_VALID_SYNC_2/source_valid/sync_1/reg_0/q:D
  Delay (ns):              0.143
  Slack (ns):              0.068
  Arrival (ns):            2.038
  Required (ns):           1.970
  Operating Conditions: fast_hv_lt

Path 10
  From: DDR3_0_0/MSC_i_0/MSC_i_1/MSC_i_4/MSC_i_190/MSC_i_191/MSC_i_202/lat_n0.resettable.data_shifter_0_[122]:CLK
  To:   DDR3_0_0/MSC_i_0/MSC_i_1/MSC_i_4/MSC_i_190/MSC_i_191/MSC_i_202/lat_n0.resettable.data_shifter_1_[122]:D
  Delay (ns):              0.143
  Slack (ns):              0.068
  Arrival (ns):            4.064
  Required (ns):           3.996
  Operating Conditions: fast_hv_lt

Path 11
  From: SPI_Controller_0/SPI_Controller_0/USPI/UCC/mtx_re:CLK
  To:   SPI_Controller_0/SPI_Controller_0/USPI/UCC/mtx_re_q1:D
  Delay (ns):              0.143
  Slack (ns):              0.069
  Arrival (ns):            2.044
  Required (ns):           1.975
  Operating Conditions: fast_hv_lt

Path 12
  From: MiV_AXI_0/MiV_AXI_0/ChiselTop0/debug_1/dmInner/dmiXing/MIV_RV32IMA_L1_AXI_ASYNC_QUEUE_SOURCE/ridx_gray/sync_2/reg_0/q:CLK
  To:   MiV_AXI_0/MiV_AXI_0/ChiselTop0/debug_1/dmInner/dmiXing/MIV_RV32IMA_L1_AXI_ASYNC_QUEUE_SOURCE/ridx_gray/sync_1/reg_0/q:D
  Delay (ns):              0.143
  Slack (ns):              0.069
  Arrival (ns):            2.032
  Required (ns):           1.963
  Operating Conditions: fast_hv_lt

Path 13
  From: DDR3_0_0/MSC_i_0/MSC_i_1/MSC_i_4/MSC_i_8/MSC_i_21/MSC_i_22/MSC_i_24/MSC_i_26/MSC_i_33/s0:CLK
  To:   DDR3_0_0/MSC_i_0/MSC_i_1/MSC_i_4/MSC_i_8/MSC_i_21/MSC_i_22/MSC_i_24/MSC_i_26/MSC_i_33/s1:D
  Delay (ns):              0.143
  Slack (ns):              0.069
  Arrival (ns):            4.034
  Required (ns):           3.965
  Operating Conditions: fast_hv_lt

Path 14
  From: AXI4_Interconnect_0/AXI4_Interconnect_0/SlvConvertor_loop[1].slvcnv/slvCDC/genblk1.cdc_BChan/wrPtr_s1[1]:CLK
  To:   AXI4_Interconnect_0/AXI4_Interconnect_0/SlvConvertor_loop[1].slvcnv/slvCDC/genblk1.cdc_BChan/wrPtr_s2[1]:D
  Delay (ns):              0.143
  Slack (ns):              0.069
  Arrival (ns):            2.054
  Required (ns):           1.985
  Operating Conditions: fast_hv_lt

Path 15
  From: MiV_AXI_0/MiV_AXI_0/ChiselTop0/dmiResetCatch/MIV_RV32IMA_L1_AXI_ASYNC_RESET_SYNCHRONIZER_SHIFT_REG_W1_D3_I0/sync_1/reg_0/q:CLK
  To:   MiV_AXI_0/MiV_AXI_0/ChiselTop0/dmiResetCatch/MIV_RV32IMA_L1_AXI_ASYNC_RESET_SYNCHRONIZER_SHIFT_REG_W1_D3_I0/sync_0/reg_0/q:D
  Delay (ns):              0.145
  Slack (ns):              0.070
  Arrival (ns):            4.295
  Required (ns):           4.225
  Operating Conditions: fast_hv_lt

Path 16
  From: DDR3_0_0/MSC_i_0/MSC_i_1/MSC_i_4/MSC_i_8/MSC_i_72/MSC_i_73/MSC_i_89/MSC_i_91/MSC_i_98/s0:CLK
  To:   DDR3_0_0/MSC_i_0/MSC_i_1/MSC_i_4/MSC_i_8/MSC_i_72/MSC_i_73/MSC_i_89/MSC_i_91/MSC_i_98/s1:D
  Delay (ns):              0.145
  Slack (ns):              0.070
  Arrival (ns):            4.034
  Required (ns):           3.964
  Operating Conditions: fast_hv_lt

Path 17
  From: AXI4_Interconnect_0/AXI4_Interconnect_0/SlvConvertor_loop[1].slvcnv/rgsl/genblk1.awrs/holdDat[43]:CLK
  To:   AXI4_Interconnect_0/AXI4_Interconnect_0/SlvConvertor_loop[1].slvcnv/rgsl/genblk1.awrs/sDat[43]:D
  Delay (ns):              0.225
  Slack (ns):              0.071
  Arrival (ns):            2.110
  Required (ns):           2.039
  Operating Conditions: fast_hv_lt

Path 18
  From: AXI4_Interconnect_0/AXI4_Interconnect_0/SlvConvertor_loop[0].slvcnv/rgsl/genblk4.wrs/sDat[20]:CLK
  To:   LSRAM_0/COREAXI4SRAM_0/U_LSRAM_COREAXI4SRAM_0_CoreAXI4SRAM_MAINCTRL/wdata_sc_r[10]:D
  Delay (ns):              0.146
  Slack (ns):              0.071
  Arrival (ns):            2.030
  Required (ns):           1.959
  Operating Conditions: fast_hv_lt

Path 19
  From: DDR3_0_0/MSC_i_0/MSC_i_1/MSC_i_4/MSC_i_190/MSC_i_191/MSC_i_202/lat_n0.resettable.data_shifter_2_[117]:CLK
  To:   DDR3_0_0/MSC_i_0/MSC_i_1/MSC_i_4/MSC_i_221/dfi_address_r1[7]:D
  Delay (ns):              0.147
  Slack (ns):              0.072
  Arrival (ns):            4.052
  Required (ns):           3.980
  Operating Conditions: fast_hv_lt

Path 20
  From: DDR3_0_0/MSC_i_0/MSC_i_1/MSC_i_4/MSC_i_8/cmd_fifo_wr_data_reg3[22]:CLK
  To:   DDR3_0_0/MSC_i_0/MSC_i_1/MSC_i_4/MSC_i_8/cmd_fifo_wr_data_reg4[22]:D
  Delay (ns):              0.147
  Slack (ns):              0.072
  Arrival (ns):            4.046
  Required (ns):           3.974
  Operating Conditions: fast_hv_lt

Path 21
  From: DDR3_0_0/MSC_i_0/MSC_i_1/MSC_i_4/MSC_i_8/cmd_fifo_wr_data_reg2[74]:CLK
  To:   DDR3_0_0/MSC_i_0/MSC_i_1/MSC_i_4/MSC_i_8/cmd_fifo_wr_data_reg3[74]:D
  Delay (ns):              0.147
  Slack (ns):              0.072
  Arrival (ns):            4.036
  Required (ns):           3.964
  Operating Conditions: fast_hv_lt

Path 22
  From: DDR3_0_0/MSC_i_0/MSC_i_1/MSC_i_4/MSC_i_221/dfi_bank_r1[2]:CLK
  To:   DDR3_0_0/MSC_i_0/MSC_i_1/MSC_i_4/MSC_i_221/dfi_bank_r2[2]:D
  Delay (ns):              0.147
  Slack (ns):              0.072
  Arrival (ns):            4.049
  Required (ns):           3.977
  Operating Conditions: fast_hv_lt

Path 23
  From: DDR3_0_0/MSC_i_0/MSC_i_1/MSC_i_4/MSC_i_190/MSC_i_191/MSC_i_202/lat_n0.resettable.data_shifter_1_[117]:CLK
  To:   DDR3_0_0/MSC_i_0/MSC_i_1/MSC_i_4/MSC_i_190/MSC_i_191/MSC_i_202/lat_n0.resettable.data_shifter_2_[117]:D
  Delay (ns):              0.147
  Slack (ns):              0.072
  Arrival (ns):            4.052
  Required (ns):           3.980
  Operating Conditions: fast_hv_lt

Path 24
  From: AXI4_Interconnect_0/AXI4_Interconnect_0/SlvConvertor_loop[1].slvcnv/slvCDC/genblk1.cdc_BChan/wrPtr_s1[2]:CLK
  To:   AXI4_Interconnect_0/AXI4_Interconnect_0/SlvConvertor_loop[1].slvcnv/slvCDC/genblk1.cdc_BChan/wrPtr_s2[2]:D
  Delay (ns):              0.147
  Slack (ns):              0.072
  Arrival (ns):            2.063
  Required (ns):           1.991
  Operating Conditions: fast_hv_lt

Path 25
  From: DDR3_0_0/MSC_i_0/MSC_i_1/MSC_i_4/MSC_i_190/MSC_i_191/MSC_i_202/lat_n0.resettable.data_shifter_2_[125]:CLK
  To:   DDR3_0_0/MSC_i_0/MSC_i_1/MSC_i_4/MSC_i_221/dfi_address_r1[15]:D
  Delay (ns):              0.148
  Slack (ns):              0.073
  Arrival (ns):            4.049
  Required (ns):           3.976
  Operating Conditions: fast_hv_lt

Path 26
  From: DDR3_0_0/DDRPHY_BLK_0/IOD_TRAINING_0/COREDDR_TIP_INT_U/TIP_CTRL_BLK/LEVELLING/IOG_IF/direction_int[0]:CLK
  To:   DDR3_0_0/DDRPHY_BLK_0/IOD_TRAINING_0/COREDDR_TIP_INT_U/DIRECTION[0]:D
  Delay (ns):              0.147
  Slack (ns):              0.073
  Arrival (ns):            4.031
  Required (ns):           3.958
  Operating Conditions: fast_hv_lt

Path 27
  From: DDR3_0_0/MSC_i_0/MSC_i_1/dfi_rddata_w1_i[6]:CLK
  To:   DDR3_0_0/MSC_i_0/MSC_i_1/MSC_i_4/MSC_i_145/dfi_rddata_w1_r[6]:D
  Delay (ns):              0.148
  Slack (ns):              0.073
  Arrival (ns):            4.056
  Required (ns):           3.983
  Operating Conditions: fast_hv_lt

Path 28
  From: DDR3_0_0/DDRPHY_BLK_0/IOD_TRAINING_0/COREDDR_TIP_INT_U/TIP_CTRL_BLK/LEVELLING/WRLVL/wrlvl_instances[0].uWrlvl/dq_in_reg[4]:CLK
  To:   DDR3_0_0/DDRPHY_BLK_0/IOD_TRAINING_0/COREDDR_TIP_INT_U/TIP_CTRL_BLK/LEVELLING/WRLVL/wrlvl_instances[0].uWrlvl/dq_in_reg_2[4]:D
  Delay (ns):              0.148
  Slack (ns):              0.073
  Arrival (ns):            4.038
  Required (ns):           3.965
  Operating Conditions: fast_hv_lt

Path 29
  From: MiV_AXI_0/MiV_AXI_0/ChiselTop0/dtm/idcodeChain/regs_8:CLK
  To:   MiV_AXI_0/MiV_AXI_0/ChiselTop0/dtm/idcodeChain/regs_7:D
  Delay (ns):              0.147
  Slack (ns):              0.073
  Arrival (ns):            4.304
  Required (ns):           4.231
  Operating Conditions: fast_hv_lt

Path 30
  From: MiV_AXI_0/MiV_AXI_0/ChiselTop0/dtm/dtmInfoChain/regs_9:CLK
  To:   MiV_AXI_0/MiV_AXI_0/ChiselTop0/dtm/dtmInfoChain/regs_8:D
  Delay (ns):              0.148
  Slack (ns):              0.073
  Arrival (ns):            4.306
  Required (ns):           4.233
  Operating Conditions: fast_hv_lt

Path 31
  From: DDR3_0_0/MSC_i_0/MSC_i_1/MSC_i_4/MSC_i_190/MSC_i_191/MSC_i_205/data_shifter_gen[22].data_shifter[22][0]:CLK
  To:   DDR3_0_0/MSC_i_0/MSC_i_1/MSC_i_4/MSC_i_190/MSC_i_191/MSC_i_205/data_shifter_gen[21].data_shifter[21][0]:D
  Delay (ns):              0.144
  Slack (ns):              0.073
  Arrival (ns):            4.038
  Required (ns):           3.965
  Operating Conditions: fast_hv_lt

Path 32
  From: DDR3_0_0/MSC_i_0/MSC_i_1/MSC_i_4/MSC_i_8/MSC_i_51/MSC_i_52/MSC_i_54/MSC_i_56/MSC_i_60/s0:CLK
  To:   DDR3_0_0/MSC_i_0/MSC_i_1/MSC_i_4/MSC_i_8/MSC_i_51/MSC_i_52/MSC_i_54/MSC_i_56/MSC_i_60/s1:D
  Delay (ns):              0.144
  Slack (ns):              0.073
  Arrival (ns):            4.036
  Required (ns):           3.963
  Operating Conditions: fast_hv_lt

Path 33
  From: DDR3_0_0/MSC_i_0/MSC_i_1/MSC_i_4/MSC_i_8/MSC_i_104/MSC_i_105/MSC_i_107/MSC_i_109/MSC_i_113/s0:CLK
  To:   DDR3_0_0/MSC_i_0/MSC_i_1/MSC_i_4/MSC_i_8/MSC_i_104/MSC_i_105/MSC_i_107/MSC_i_109/MSC_i_113/s1:D
  Delay (ns):              0.148
  Slack (ns):              0.073
  Arrival (ns):            4.056
  Required (ns):           3.983
  Operating Conditions: fast_hv_lt

Path 34
  From: DDR3_0_0/MSC_i_0/MSC_i_1/MSC_i_4/MSC_i_221/dfi_address_r1[7]:CLK
  To:   DDR3_0_0/MSC_i_0/MSC_i_1/MSC_i_4/MSC_i_221/dfi_address_r2[7]:D
  Delay (ns):              0.148
  Slack (ns):              0.073
  Arrival (ns):            4.053
  Required (ns):           3.980
  Operating Conditions: fast_hv_lt

Path 35
  From: DDR3_0_0/MSC_i_0/MSC_i_1/MSC_i_4/MSC_i_221/dfi_address_r1[6]:CLK
  To:   DDR3_0_0/MSC_i_0/MSC_i_1/MSC_i_4/MSC_i_221/dfi_address_r2[6]:D
  Delay (ns):              0.148
  Slack (ns):              0.073
  Arrival (ns):            4.054
  Required (ns):           3.981
  Operating Conditions: fast_hv_lt

Path 36
  From: DDR3_0_0/MSC_i_0/MSC_i_1/MSC_i_4/MSC_i_212/MSC_i_215/data_r1[39]:CLK
  To:   DDR3_0_0/MSC_i_0/MSC_i_1/MSC_i_4/MSC_i_212/MSC_i_215/data_r2[39]:D
  Delay (ns):              0.147
  Slack (ns):              0.073
  Arrival (ns):            4.037
  Required (ns):           3.964
  Operating Conditions: fast_hv_lt

Path 37
  From: DDR3_0_0/MSC_i_0/MSC_i_1/MSC_i_4/MSC_i_8/MSC_i_21/MSC_i_22/MSC_i_24/MSC_i_26/MSC_i_36/s0:CLK
  To:   DDR3_0_0/MSC_i_0/MSC_i_1/MSC_i_4/MSC_i_8/MSC_i_21/MSC_i_22/MSC_i_24/MSC_i_26/MSC_i_36/s1:D
  Delay (ns):              0.148
  Slack (ns):              0.074
  Arrival (ns):            4.039
  Required (ns):           3.965
  Operating Conditions: fast_hv_lt

Path 38
  From: DDR3_0_0/MSC_i_0/MSC_i_1/MSC_i_4/MSC_i_221/dfi_address_r1[3]:CLK
  To:   DDR3_0_0/MSC_i_0/MSC_i_1/MSC_i_4/MSC_i_221/dfi_address_r2[3]:D
  Delay (ns):              0.148
  Slack (ns):              0.074
  Arrival (ns):            4.053
  Required (ns):           3.979
  Operating Conditions: fast_hv_lt

Path 39
  From: DDR3_0_0/MSC_i_0/MSC_i_1/MSC_i_4/MSC_i_190/MSC_i_191/MSC_i_202/lat_n0.resettable.data_shifter_1_[124]:CLK
  To:   DDR3_0_0/MSC_i_0/MSC_i_1/MSC_i_4/MSC_i_190/MSC_i_191/MSC_i_202/lat_n0.resettable.data_shifter_2_[124]:D
  Delay (ns):              0.149
  Slack (ns):              0.074
  Arrival (ns):            4.054
  Required (ns):           3.980
  Operating Conditions: fast_hv_lt

Path 40
  From: AXI4_Interconnect_0/AXI4_Interconnect_0/SlvConvertor_loop[0].slvcnv/rgsl/genblk4.wrs/sDat[54]:CLK
  To:   LSRAM_0/COREAXI4SRAM_0/U_LSRAM_COREAXI4SRAM_0_CoreAXI4SRAM_MAINCTRL/wdata_sc_r[44]:D
  Delay (ns):              0.149
  Slack (ns):              0.074
  Arrival (ns):            2.031
  Required (ns):           1.957
  Operating Conditions: fast_hv_lt

Path 41
  From: DDR3_0_0/DDRPHY_BLK_0/IOD_TRAINING_0/COREDDR_TIP_INT_U/TIP_CTRL_BLK/TRN_CLK/genblk2[1].u_dqsw270_flags/transition_detect/data_0[0]:CLK
  To:   DDR3_0_0/DDRPHY_BLK_0/IOD_TRAINING_0/COREDDR_TIP_INT_U/TIP_CTRL_BLK/TRN_CLK/genblk2[1].u_dqsw270_flags/transition_detect/data_1[0]:D
  Delay (ns):              0.149
  Slack (ns):              0.074
  Arrival (ns):            4.040
  Required (ns):           3.966
  Operating Conditions: fast_hv_lt

Path 42
  From: DDR3_0_0/MSC_i_0/MSC_i_1/MSC_i_4/MSC_i_190/MSC_i_191/MSC_i_202/lat_n0.resettable.data_shifter_1_[120]:CLK
  To:   DDR3_0_0/MSC_i_0/MSC_i_1/MSC_i_4/MSC_i_190/MSC_i_191/MSC_i_202/lat_n0.resettable.data_shifter_2_[120]:D
  Delay (ns):              0.149
  Slack (ns):              0.074
  Arrival (ns):            4.055
  Required (ns):           3.981
  Operating Conditions: fast_hv_lt

Path 43
  From: AXI4_Interconnect_0/AXI4_Interconnect_0/SlvConvertor_loop[0].slvcnv/rgsl/genblk4.wrs/sDat[15]:CLK
  To:   LSRAM_0/COREAXI4SRAM_0/U_LSRAM_COREAXI4SRAM_0_CoreAXI4SRAM_MAINCTRL/wdata_sc_r[5]:D
  Delay (ns):              0.149
  Slack (ns):              0.075
  Arrival (ns):            2.031
  Required (ns):           1.956
  Operating Conditions: fast_hv_lt

Path 44
  From: DDR3_0_0/MSC_i_0/MSC_i_1/MSC_i_4/MSC_i_138/MSC_i_142/half:CLK
  To:   DDR3_0_0/MSC_i_0/MSC_i_1/MSC_i_4/MSC_i_138/MSC_i_142/MSC_i_144/s0:D
  Delay (ns):              0.150
  Slack (ns):              0.075
  Arrival (ns):            4.059
  Required (ns):           3.984
  Operating Conditions: fast_hv_lt

Path 45
  From: DDR3_0_0/MSC_i_0/MSC_i_1/MSC_i_4/MSC_i_190/MSC_i_191/MSC_i_202/lat_n0.resettable.data_shifter_2_[124]:CLK
  To:   DDR3_0_0/MSC_i_0/MSC_i_1/MSC_i_4/MSC_i_221/dfi_address_r1[14]:D
  Delay (ns):              0.150
  Slack (ns):              0.075
  Arrival (ns):            4.055
  Required (ns):           3.980
  Operating Conditions: fast_hv_lt

Path 46
  From: DDR3_0_0/MSC_i_0/MSC_i_1/MSC_i_4/MSC_i_190/MSC_i_191/MSC_i_205/data_shifter_gen[10].data_shifter[10][1]:CLK
  To:   DDR3_0_0/MSC_i_0/MSC_i_1/MSC_i_4/MSC_i_190/MSC_i_191/MSC_i_205/data_shifter_gen[9].data_shifter[9][1]:D
  Delay (ns):              0.142
  Slack (ns):              0.075
  Arrival (ns):            4.026
  Required (ns):           3.951
  Operating Conditions: fast_hv_lt

Path 47
  From: DDR3_0_0/MSC_i_0/MSC_i_1/MSC_i_4/MSC_i_190/MSC_i_191/MSC_i_205/data_shifter_gen[23].data_shifter[23][0]:CLK
  To:   DDR3_0_0/MSC_i_0/MSC_i_1/MSC_i_4/MSC_i_190/MSC_i_191/MSC_i_205/data_shifter_gen[22].data_shifter[22][0]:D
  Delay (ns):              0.143
  Slack (ns):              0.075
  Arrival (ns):            4.037
  Required (ns):           3.962
  Operating Conditions: fast_hv_lt

Path 48
  From: DDR3_0_0/MSC_i_0/MSC_i_1/dfi_rddata_w1_i[1]:CLK
  To:   DDR3_0_0/MSC_i_0/MSC_i_1/MSC_i_4/MSC_i_145/dfi_rddata_w1_r[1]:D
  Delay (ns):              0.150
  Slack (ns):              0.075
  Arrival (ns):            4.058
  Required (ns):           3.983
  Operating Conditions: fast_hv_lt

Path 49
  From: DDR3_0_0/MSC_i_0/MSC_i_1/MSC_i_4/MSC_i_190/MSC_i_191/w_valid_attr_sh_gen[1].w_valid_attr_sh[1][7]:CLK
  To:   DDR3_0_0/MSC_i_0/MSC_i_1/MSC_i_4/MSC_i_190/MSC_i_191/w_valid_attr_sh_gen[1].w_valid_attr_sh[1][8]:D
  Delay (ns):              0.143
  Slack (ns):              0.075
  Arrival (ns):            4.065
  Required (ns):           3.990
  Operating Conditions: fast_hv_lt

Path 50
  From: AXI4_Interconnect_0/AXI4_Interconnect_0/SlvConvertor_loop[0].slvcnv/rgsl/genblk4.wrs/sDat[12]:CLK
  To:   LSRAM_0/COREAXI4SRAM_0/U_LSRAM_COREAXI4SRAM_0_CoreAXI4SRAM_MAINCTRL/wdata_sc_r[2]:D
  Delay (ns):              0.149
  Slack (ns):              0.075
  Arrival (ns):            2.053
  Required (ns):           1.978
  Operating Conditions: fast_hv_lt

Path 51
  From: DDR3_0_0/DDRPHY_BLK_0/IOD_TRAINING_0/COREDDR_TIP_INT_U/TIP_CTRL_BLK/LEVELLING/IOG_IF/move_int[13]:CLK
  To:   DDR3_0_0/DDRPHY_BLK_0/IOD_TRAINING_0/COREDDR_TIP_INT_U/MOVE[13]:D
  Delay (ns):              0.151
  Slack (ns):              0.076
  Arrival (ns):            4.032
  Required (ns):           3.956
  Operating Conditions: fast_hv_lt

Path 52
  From: DDR3_0_0/MSC_i_0/MSC_i_1/MSC_i_4/MSC_i_138/MSC_i_140/MSC_i_141/s0:CLK
  To:   DDR3_0_0/MSC_i_0/MSC_i_1/MSC_i_4/MSC_i_138/MSC_i_140/MSC_i_141/s1:D
  Delay (ns):              0.143
  Slack (ns):              0.076
  Arrival (ns):            4.038
  Required (ns):           3.962
  Operating Conditions: fast_hv_lt

Path 53
  From: DDR3_0_0/MSC_i_0/MSC_i_1/MSC_i_4/MSC_i_190/MSC_i_191/MSC_i_205/data_shifter_gen[29].data_shifter[29][1]:CLK
  To:   DDR3_0_0/MSC_i_0/MSC_i_1/MSC_i_4/MSC_i_190/MSC_i_191/MSC_i_205/data_shifter_gen[28].data_shifter[28][1]:D
  Delay (ns):              0.143
  Slack (ns):              0.076
  Arrival (ns):            4.032
  Required (ns):           3.956
  Operating Conditions: fast_hv_lt

Path 54
  From: DDR3_0_0/MSC_i_0/MSC_i_1/MSC_i_4/MSC_i_190/MSC_i_191/w_valid_attr_sh_gen[0].w_valid_attr_sh[0][7]:CLK
  To:   DDR3_0_0/MSC_i_0/MSC_i_1/MSC_i_4/MSC_i_190/MSC_i_191/w_valid_attr_sh_gen[0].w_valid_attr_sh[0][8]:D
  Delay (ns):              0.143
  Slack (ns):              0.076
  Arrival (ns):            4.034
  Required (ns):           3.958
  Operating Conditions: fast_hv_lt

Path 55
  From: DDR3_0_0/MSC_i_0/MSC_i_1/MSC_i_4/MSC_i_190/MSC_i_191/MSC_i_205/data_shifter_gen[36].data_shifter[36][1]:CLK
  To:   DDR3_0_0/MSC_i_0/MSC_i_1/MSC_i_4/MSC_i_190/MSC_i_191/MSC_i_205/data_shifter_gen[35].data_shifter[35][1]:D
  Delay (ns):              0.148
  Slack (ns):              0.076
  Arrival (ns):            4.037
  Required (ns):           3.961
  Operating Conditions: fast_hv_lt

Path 56
  From: DDR3_0_0/MSC_i_0/MSC_i_1/MSC_i_4/MSC_i_190/MSC_i_191/w_valid_sh[18]:CLK
  To:   DDR3_0_0/MSC_i_0/MSC_i_1/MSC_i_4/MSC_i_190/MSC_i_191/w_valid_sh[19]:D
  Delay (ns):              0.151
  Slack (ns):              0.076
  Arrival (ns):            4.044
  Required (ns):           3.968
  Operating Conditions: fast_hv_lt

Path 57
  From: DDR3_0_0/MSC_i_0/MSC_i_1/MSC_i_4/MSC_i_221/dfi_address_r1[15]:CLK
  To:   DDR3_0_0/MSC_i_0/MSC_i_1/MSC_i_4/MSC_i_221/dfi_address_r2[15]:D
  Delay (ns):              0.150
  Slack (ns):              0.076
  Arrival (ns):            4.051
  Required (ns):           3.975
  Operating Conditions: fast_hv_lt

Path 58
  From: DDR3_0_0/MSC_i_0/MSC_i_1/MSC_i_4/MSC_i_8/cmd_fifo_wr_data_reg3[16]:CLK
  To:   DDR3_0_0/MSC_i_0/MSC_i_1/MSC_i_4/MSC_i_8/cmd_fifo_wr_data_reg4[16]:D
  Delay (ns):              0.151
  Slack (ns):              0.076
  Arrival (ns):            4.050
  Required (ns):           3.974
  Operating Conditions: fast_hv_lt

Path 59
  From: AXI4_Interconnect_0/AXI4_Interconnect_0/SlvConvertor_loop[0].slvcnv/rgsl/genblk1.awrs/holdDat[67]:CLK
  To:   AXI4_Interconnect_0/AXI4_Interconnect_0/SlvConvertor_loop[0].slvcnv/rgsl/genblk1.awrs/sDat[67]:D
  Delay (ns):              0.233
  Slack (ns):              0.076
  Arrival (ns):            2.124
  Required (ns):           2.048
  Operating Conditions: fast_hv_lt

Path 60
  From: AXI4_Interconnect_0/AXI4_Interconnect_0/SlvConvertor_loop[0].slvcnv/rgsl/genblk4.wrs/sDat[16]:CLK
  To:   LSRAM_0/COREAXI4SRAM_0/U_LSRAM_COREAXI4SRAM_0_CoreAXI4SRAM_MAINCTRL/wdata_sc_r[6]:D
  Delay (ns):              0.151
  Slack (ns):              0.076
  Arrival (ns):            2.031
  Required (ns):           1.955
  Operating Conditions: fast_hv_lt

Path 61
  From: DDR3_0_0/MSC_i_0/MSC_i_1/MSC_i_4/MSC_i_8/wr_data_packed[6]:CLK
  To:   DDR3_0_0/MSC_i_0/MSC_i_1/MSC_i_4/MSC_i_8/wr_data_fifo_wr_data[6]:D
  Delay (ns):              0.143
  Slack (ns):              0.076
  Arrival (ns):            4.020
  Required (ns):           3.944
  Operating Conditions: fast_hv_lt

Path 62
  From: MiV_AXI_0/MiV_AXI_0/ChiselTop0/debug_1/dmOuter/MIV_RV32IMA_L1_AXI_ASYNC_QUEUE_SOURCE/MIV_RV32IMA_L1_AXI_ASYNC_VALID_SYNC_2/sink_valid/sync_2/reg_0/q:CLK
  To:   MiV_AXI_0/MiV_AXI_0/ChiselTop0/debug_1/dmOuter/MIV_RV32IMA_L1_AXI_ASYNC_QUEUE_SOURCE/MIV_RV32IMA_L1_AXI_ASYNC_VALID_SYNC_2/sink_valid/sync_1/reg_0/q:D
  Delay (ns):              0.143
  Slack (ns):              0.076
  Arrival (ns):            4.317
  Required (ns):           4.241
  Operating Conditions: fast_hv_lt

Path 63
  From: DDR3_0_0/DDRPHY_BLK_0/IOD_TRAINING_0/COREDDR_TIP_INT_U/TIP_CTRL_BLK/PHY_SIG_MOD/iog_dq_txdata_in_reg[26]:CLK
  To:   DDR3_0_0/DDRPHY_BLK_0/IOD_TRAINING_0/COREDDR_TIP_INT_U/TIP_CTRL_BLK/PHY_SIG_MOD/iog_dq_txdata_in_reg_2[26]:D
  Delay (ns):              0.151
  Slack (ns):              0.076
  Arrival (ns):            4.026
  Required (ns):           3.950
  Operating Conditions: fast_hv_lt

Path 64
  From: DDR3_0_0/MSC_i_0/MSC_i_1/MSC_i_4/MSC_i_190/MSC_i_191/w_valid_sh[13]:CLK
  To:   DDR3_0_0/MSC_i_0/MSC_i_1/MSC_i_4/MSC_i_190/MSC_i_191/w_valid_sh[14]:D
  Delay (ns):              0.152
  Slack (ns):              0.077
  Arrival (ns):            4.045
  Required (ns):           3.968
  Operating Conditions: fast_hv_lt

Path 65
  From: DDR3_0_0/MSC_i_0/MSC_i_1/MSC_i_4/MSC_i_190/MSC_i_191/w_valid_sh[19]:CLK
  To:   DDR3_0_0/MSC_i_0/MSC_i_1/MSC_i_4/MSC_i_190/MSC_i_191/w_valid_sh[20]:D
  Delay (ns):              0.152
  Slack (ns):              0.077
  Arrival (ns):            4.045
  Required (ns):           3.968
  Operating Conditions: fast_hv_lt

Path 66
  From: DDR3_0_0/MSC_i_0/MSC_i_1/MSC_i_4/MSC_i_146/gen_fr4.DFI_WRDATA_ALIGN_eq_0.dfi_wrdata_p3_po_r1[29]:CLK
  To:   DDR3_0_0/MSC_i_0/MSC_i_1/MSC_i_4/MSC_i_223/data_shifter_gen[1].data_shifter[1][69]:D
  Delay (ns):              0.152
  Slack (ns):              0.077
  Arrival (ns):            4.025
  Required (ns):           3.948
  Operating Conditions: fast_hv_lt

Path 67
  From: DDR3_0_0/MSC_i_0/MSC_i_1/MSC_i_4/MSC_i_190/MSC_i_191/MSC_i_202/lat_n0.resettable.data_shifter_2_[17]:CLK
  To:   DDR3_0_0/MSC_i_0/MSC_i_1/MSC_i_4/MSC_i_221/dfi_odt_p2_r1[0]:D
  Delay (ns):              0.152
  Slack (ns):              0.077
  Arrival (ns):            4.060
  Required (ns):           3.983
  Operating Conditions: fast_hv_lt

Path 68
  From: DDR3_0_0/MSC_i_0/MSC_i_1/MSC_i_4/MSC_i_190/MSC_i_191/MSC_i_202/lat_n0.resettable.data_shifter_2_[122]:CLK
  To:   DDR3_0_0/MSC_i_0/MSC_i_1/MSC_i_4/MSC_i_221/dfi_address_r1[12]:D
  Delay (ns):              0.151
  Slack (ns):              0.077
  Arrival (ns):            4.052
  Required (ns):           3.975
  Operating Conditions: fast_hv_lt

Path 69
  From: DDR3_0_0/MSC_i_0/MSC_i_1/MSC_i_4/MSC_i_190/MSC_i_191/MSC_i_202/lat_n0.resettable.data_shifter_0_[108]:CLK
  To:   DDR3_0_0/MSC_i_0/MSC_i_1/MSC_i_4/MSC_i_190/MSC_i_191/MSC_i_202/lat_n0.resettable.data_shifter_1_[108]:D
  Delay (ns):              0.151
  Slack (ns):              0.077
  Arrival (ns):            4.073
  Required (ns):           3.996
  Operating Conditions: fast_hv_lt

Path 70
  From: DDR3_0_0/MSC_i_0/MSC_i_1/MSC_i_4/MSC_i_138/o_data[12]:CLK
  To:   DDR3_0_0/MSC_i_0/MSC_i_1/MSC_i_4/MSC_i_190/cfg_ref_per_i[4]:D
  Delay (ns):              0.151
  Slack (ns):              0.077
  Arrival (ns):            4.058
  Required (ns):           3.981
  Operating Conditions: fast_hv_lt

Path 71
  From: MiV_AXI_0/MiV_AXI_0/ChiselTop0/dtm/idcodeChain/regs_31:CLK
  To:   MiV_AXI_0/MiV_AXI_0/ChiselTop0/dtm/idcodeChain/regs_30:D
  Delay (ns):              0.152
  Slack (ns):              0.077
  Arrival (ns):            4.315
  Required (ns):           4.238
  Operating Conditions: fast_hv_lt

Path 72
  From: DDR3_0_0/MSC_i_0/MSC_i_1/MSC_i_4/MSC_i_190/MSC_i_208/MSC_i_209/s0:CLK
  To:   DDR3_0_0/MSC_i_0/MSC_i_1/MSC_i_4/MSC_i_190/MSC_i_208/MSC_i_209/s1:D
  Delay (ns):              0.152
  Slack (ns):              0.077
  Arrival (ns):            4.054
  Required (ns):           3.977
  Operating Conditions: fast_hv_lt

Path 73
  From: DDR3_0_0/MSC_i_0/MSC_i_1/MSC_i_4/MSC_i_223/data_shifter_gen[1].data_shifter[1][46]:CLK
  To:   DDR3_0_0/DDRPHY_BLK_0/IOD_TRAINING_0/COREDDR_TIP_INT_U/TIP_CTRL_BLK/PHY_SIG_MOD/iog_dq_txdata_in_reg[52]:D
  Delay (ns):              0.145
  Slack (ns):              0.077
  Arrival (ns):            4.028
  Required (ns):           3.951
  Operating Conditions: fast_hv_lt

Path 74
  From: DDR3_0_0/MSC_i_0/MSC_i_1/MSC_i_4/MSC_i_223/data_shifter_gen[1].data_shifter[1][60]:CLK
  To:   DDR3_0_0/DDRPHY_BLK_0/IOD_TRAINING_0/COREDDR_TIP_INT_U/TIP_CTRL_BLK/PHY_SIG_MOD/iog_dq_txdata_in_reg[37]:D
  Delay (ns):              0.149
  Slack (ns):              0.077
  Arrival (ns):            4.024
  Required (ns):           3.947
  Operating Conditions: fast_hv_lt

Path 75
  From: MiV_AXI_0/MiV_AXI_0/ChiselTop0/dtm/dtmInfoChain/regs_30:CLK
  To:   MiV_AXI_0/MiV_AXI_0/ChiselTop0/dtm/dtmInfoChain/regs_29:D
  Delay (ns):              0.145
  Slack (ns):              0.077
  Arrival (ns):            4.289
  Required (ns):           4.212
  Operating Conditions: fast_hv_lt

Path 76
  From: MiV_AXI_0/MiV_AXI_0/ChiselTop0/debug_1/dmInner/dmiXing/MIV_RV32IMA_L1_AXI_ASYNC_QUEUE_SINK/widx_gray/sync_2/reg_0/q:CLK
  To:   MiV_AXI_0/MiV_AXI_0/ChiselTop0/debug_1/dmInner/dmiXing/MIV_RV32IMA_L1_AXI_ASYNC_QUEUE_SINK/widx_gray/sync_1/reg_0/q:D
  Delay (ns):              0.151
  Slack (ns):              0.077
  Arrival (ns):            2.040
  Required (ns):           1.963
  Operating Conditions: fast_hv_lt

Path 77
  From: DDR3_0_0/MSC_i_0/MSC_i_1/MSC_i_4/MSC_i_8/cmd_fifo_wr_data_reg2[57]:CLK
  To:   DDR3_0_0/MSC_i_0/MSC_i_1/MSC_i_4/MSC_i_8/cmd_fifo_wr_data_reg3[57]:D
  Delay (ns):              0.152
  Slack (ns):              0.077
  Arrival (ns):            4.041
  Required (ns):           3.964
  Operating Conditions: fast_hv_lt

Path 78
  From: DDR3_0_0/MSC_i_0/MSC_i_1/MSC_i_4/MSC_i_223/data_shifter_gen[1].data_shifter[1][68]:CLK
  To:   DDR3_0_0/DDRPHY_BLK_0/IOD_TRAINING_0/COREDDR_TIP_INT_U/TIP_CTRL_BLK/PHY_SIG_MOD/iog_dq_txdata_in_reg[101]:D
  Delay (ns):              0.144
  Slack (ns):              0.077
  Arrival (ns):            4.037
  Required (ns):           3.960
  Operating Conditions: fast_hv_lt

Path 79
  From: AXI4_Interconnect_0/AXI4_Interconnect_0/SlvConvertor_loop[1].slvcnv/slvCDC/genblk1.genblk1.cdc_WChan/wrGrayCounterP1/cntBinary[2]:CLK
  To:   AXI4_Interconnect_0/AXI4_Interconnect_0/SlvConvertor_loop[1].slvcnv/slvCDC/genblk1.genblk1.cdc_WChan/wrGrayCounterP1/cntGray[2]:D
  Delay (ns):              0.152
  Slack (ns):              0.077
  Arrival (ns):            2.037
  Required (ns):           1.960
  Operating Conditions: fast_hv_lt

Path 80
  From: AXI4_Interconnect_0/AXI4_Interconnect_0/SlvConvertor_loop[1].slvcnv/slvCDC/genblk1.cdc_BChan/wrPtr_s1[0]:CLK
  To:   AXI4_Interconnect_0/AXI4_Interconnect_0/SlvConvertor_loop[1].slvcnv/slvCDC/genblk1.cdc_BChan/wrPtr_s2[0]:D
  Delay (ns):              0.152
  Slack (ns):              0.077
  Arrival (ns):            2.068
  Required (ns):           1.991
  Operating Conditions: fast_hv_lt

Path 81
  From: DDR3_0_0/DDRPHY_BLK_0/IOD_TRAINING_0/COREDDR_TIP_INT_U/TIP_CTRL_BLK/LEVELLING/IOG_IF/move_int[11]:CLK
  To:   DDR3_0_0/DDRPHY_BLK_0/IOD_TRAINING_0/COREDDR_TIP_INT_U/MOVE[11]:D
  Delay (ns):              0.152
  Slack (ns):              0.077
  Arrival (ns):            4.033
  Required (ns):           3.956
  Operating Conditions: fast_hv_lt

Path 82
  From: AXI4_Interconnect_0/AXI4_Interconnect_0/SlvConvertor_loop[0].slvcnv/rgsl/genblk4.wrs/sDat[53]:CLK
  To:   LSRAM_0/COREAXI4SRAM_0/U_LSRAM_COREAXI4SRAM_0_CoreAXI4SRAM_MAINCTRL/wdata_sc_r[43]:D
  Delay (ns):              0.152
  Slack (ns):              0.077
  Arrival (ns):            2.058
  Required (ns):           1.981
  Operating Conditions: fast_hv_lt

Path 83
  From: AXI4_Interconnect_0/AXI4_Interconnect_0/SlvConvertor_loop[1].slvcnv/slvCDC/genblk1.cdc_ARChan/wrPtr_s1[0]:CLK
  To:   AXI4_Interconnect_0/AXI4_Interconnect_0/SlvConvertor_loop[1].slvcnv/slvCDC/genblk1.cdc_ARChan/wrPtr_s2[0]:D
  Delay (ns):              0.145
  Slack (ns):              0.077
  Arrival (ns):            4.001
  Required (ns):           3.924
  Operating Conditions: fast_hv_lt

Path 84
  From: DDR3_0_0/MSC_i_0/MSC_i_1/MSC_i_4/MSC_i_190/MSC_i_191/MSC_i_205/data_shifter_gen[30].data_shifter[30][1]:CLK
  To:   DDR3_0_0/MSC_i_0/MSC_i_1/MSC_i_4/MSC_i_190/MSC_i_191/MSC_i_205/data_shifter_gen[29].data_shifter[29][1]:D
  Delay (ns):              0.145
  Slack (ns):              0.077
  Arrival (ns):            4.034
  Required (ns):           3.957
  Operating Conditions: fast_hv_lt

Path 85
  From: DDR3_0_0/MSC_i_0/MSC_i_1/MSC_i_4/MSC_i_190/MSC_i_191/rd_cmd_sh[1]:CLK
  To:   DDR3_0_0/MSC_i_0/MSC_i_1/MSC_i_4/MSC_i_190/MSC_i_191/rd_cmd_sh[2]:D
  Delay (ns):              0.151
  Slack (ns):              0.077
  Arrival (ns):            4.048
  Required (ns):           3.971
  Operating Conditions: fast_hv_lt

Path 86
  From: DDR3_0_0/MSC_i_0/MSC_i_1/MSC_i_4/MSC_i_190/MSC_i_191/w_valid_sh[14]:CLK
  To:   DDR3_0_0/MSC_i_0/MSC_i_1/MSC_i_4/MSC_i_190/MSC_i_191/w_valid_sh[15]:D
  Delay (ns):              0.153
  Slack (ns):              0.078
  Arrival (ns):            4.046
  Required (ns):           3.968
  Operating Conditions: fast_hv_lt

Path 87
  From: DDR3_0_0/MSC_i_0/MSC_i_1/MSC_i_4/MSC_i_212/MSC_i_215/data_r1[71]:CLK
  To:   DDR3_0_0/MSC_i_0/MSC_i_1/MSC_i_4/MSC_i_212/MSC_i_215/data_r2[71]:D
  Delay (ns):              0.145
  Slack (ns):              0.078
  Arrival (ns):            4.048
  Required (ns):           3.970
  Operating Conditions: fast_hv_lt

Path 88
  From: DDR3_0_0/DDRPHY_BLK_0/IOD_TRAINING_0/COREDDR_TIP_INT_U/TIP_CTRL_BLK/LEVELLING/RDLVL/RDLVL_SMS/genblk1[0].RDLVL_TRAIN/gate_training/clk_sel_out[1]:CLK
  To:   DDR3_0_0/DDRPHY_BLK_0/IOD_TRAINING_0/COREDDR_TIP_INT_U/CLK_SEL[1]:D
  Delay (ns):              0.146
  Slack (ns):              0.078
  Arrival (ns):            4.054
  Required (ns):           3.976
  Operating Conditions: fast_hv_lt

Path 89
  From: DDR3_0_0/DDRPHY_BLK_0/IOD_TRAINING_0/COREDDR_TIP_INT_U/dfi_rddata_en_p0_1:CLK
  To:   DDR3_0_0/DDRPHY_BLK_0/IOD_TRAINING_0/COREDDR_TIP_INT_U/dfi_rddata_en_p0_2:D
  Delay (ns):              0.152
  Slack (ns):              0.078
  Arrival (ns):            4.045
  Required (ns):           3.967
  Operating Conditions: fast_hv_lt

Path 90
  From: DDR3_0_0/MSC_i_0/MSC_i_1/MSC_i_4/MSC_i_146/gen_fr4.DFI_WRDATA_ALIGN_eq_0.dfi_wrdata_mask_p3_po_r1[3]:CLK
  To:   DDR3_0_0/MSC_i_0/MSC_i_1/MSC_i_4/MSC_i_223/data_shifter_gen[1].data_shifter[1][143]:D
  Delay (ns):              0.153
  Slack (ns):              0.078
  Arrival (ns):            4.023
  Required (ns):           3.945
  Operating Conditions: fast_hv_lt

Path 91
  From: DDR3_0_0/MSC_i_0/MSC_i_1/MSC_i_4/MSC_i_190/MSC_i_191/MSC_i_202/lat_n0.resettable.data_shifter_1_[121]:CLK
  To:   DDR3_0_0/MSC_i_0/MSC_i_1/MSC_i_4/MSC_i_190/MSC_i_191/MSC_i_202/lat_n0.resettable.data_shifter_2_[121]:D
  Delay (ns):              0.153
  Slack (ns):              0.078
  Arrival (ns):            4.058
  Required (ns):           3.980
  Operating Conditions: fast_hv_lt

Path 92
  From: DDR3_0_0/MSC_i_0/MSC_i_1/MSC_i_4/MSC_i_8/MSC_i_104/MSC_i_105/MSC_i_107/din_gray_r[5]:CLK
  To:   DDR3_0_0/MSC_i_0/MSC_i_1/MSC_i_4/MSC_i_8/MSC_i_104/MSC_i_105/MSC_i_107/MSC_i_109/MSC_i_116/s0:D
  Delay (ns):              0.149
  Slack (ns):              0.078
  Arrival (ns):            4.050
  Required (ns):           3.972
  Operating Conditions: fast_hv_lt

Path 93
  From: DDR3_0_0/MSC_i_0/MSC_i_1/MSC_i_4/MSC_i_8/MSC_i_104/MSC_i_105/MSC_i_107/din_gray_r[8]:CLK
  To:   DDR3_0_0/MSC_i_0/MSC_i_1/MSC_i_4/MSC_i_8/MSC_i_104/MSC_i_105/MSC_i_107/MSC_i_109/MSC_i_113/s0:D
  Delay (ns):              0.153
  Slack (ns):              0.078
  Arrival (ns):            4.061
  Required (ns):           3.983
  Operating Conditions: fast_hv_lt

Path 94
  From: DDR3_0_0/MSC_i_0/MSC_i_1/MSC_i_4/MSC_i_8/MSC_i_51/MSC_i_52/MSC_i_64/MSC_i_65/MSC_i_68/s0:CLK
  To:   DDR3_0_0/MSC_i_0/MSC_i_1/MSC_i_4/MSC_i_8/MSC_i_51/MSC_i_52/MSC_i_64/MSC_i_65/MSC_i_68/s1:D
  Delay (ns):              0.152
  Slack (ns):              0.078
  Arrival (ns):            4.051
  Required (ns):           3.973
  Operating Conditions: fast_hv_lt

Path 95
  From: DDR3_0_0/MSC_i_0/MSC_i_1/MSC_i_4/MSC_i_8/cmd_fifo_wr_data_reg2[13]:CLK
  To:   DDR3_0_0/MSC_i_0/MSC_i_1/MSC_i_4/MSC_i_8/cmd_fifo_wr_data_reg3[13]:D
  Delay (ns):              0.146
  Slack (ns):              0.078
  Arrival (ns):            4.023
  Required (ns):           3.945
  Operating Conditions: fast_hv_lt

Path 96
  From: AXI4_Interconnect_0/AXI4_Interconnect_0/SlvConvertor_loop[1].slvcnv/slvCDC/genblk1.cdc_BChan/rdPtr_s1[0]:CLK
  To:   AXI4_Interconnect_0/AXI4_Interconnect_0/SlvConvertor_loop[1].slvcnv/slvCDC/genblk1.cdc_BChan/rdPtr_s2[0]:D
  Delay (ns):              0.152
  Slack (ns):              0.078
  Arrival (ns):            4.058
  Required (ns):           3.980
  Operating Conditions: fast_hv_lt

Path 97
  From: DDR3_0_0/MSC_i_0/MSC_i_1/MSC_i_4/MSC_i_190/MSC_i_191/MSC_i_205/data_shifter_gen[25].data_shifter[25][0]:CLK
  To:   DDR3_0_0/MSC_i_0/MSC_i_1/MSC_i_4/MSC_i_190/MSC_i_191/MSC_i_205/data_shifter_gen[24].data_shifter[24][0]:D
  Delay (ns):              0.149
  Slack (ns):              0.078
  Arrival (ns):            4.043
  Required (ns):           3.965
  Operating Conditions: fast_hv_lt

Path 98
  From: DDR3_0_0/MSC_i_0/MSC_i_1/MSC_i_4/MSC_i_190/MSC_i_191/w_valid_attr_sh_gen[1].w_valid_attr_sh[1][9]:CLK
  To:   DDR3_0_0/MSC_i_0/MSC_i_1/MSC_i_4/MSC_i_190/MSC_i_191/w_valid_attr_sh_gen[1].w_valid_attr_sh[1][10]:D
  Delay (ns):              0.145
  Slack (ns):              0.078
  Arrival (ns):            4.067
  Required (ns):           3.989
  Operating Conditions: fast_hv_lt

Path 99
  From: DDR3_0_0/MSC_i_0/MSC_i_1/MSC_i_4/MSC_i_190/MSC_i_191/MSC_i_205/data_shifter_gen[26].data_shifter[26][0]:CLK
  To:   DDR3_0_0/MSC_i_0/MSC_i_1/MSC_i_4/MSC_i_190/MSC_i_191/MSC_i_205/data_shifter_gen[25].data_shifter[25][0]:D
  Delay (ns):              0.145
  Slack (ns):              0.078
  Arrival (ns):            4.039
  Required (ns):           3.961
  Operating Conditions: fast_hv_lt

Path 100
  From: DDR3_0_0/MSC_i_0/MSC_i_1/MSC_i_4/MSC_i_8/cmd_fifo_wr_data_reg2[9]:CLK
  To:   DDR3_0_0/MSC_i_0/MSC_i_1/MSC_i_4/MSC_i_8/cmd_fifo_wr_data_reg3[9]:D
  Delay (ns):              0.149
  Slack (ns):              0.078
  Arrival (ns):            4.029
  Required (ns):           3.951
  Operating Conditions: fast_hv_lt

