Timing Violation Report Max Delay Analysis

SmartTime Version 
Microsemi Corporation - Microsemi Libero Software Release  (Version 12.700.0.19)
Date: Thu Sep 19 18:43:52 2019


Design: top
Family: PolarFire
Die: MPF300TS
Package: FCG1152
Temperature Range: -40 - 100 C
Voltage Range: 1.0185 - 1.0815 V
Speed Grade: -1
Design State: Post-Layout
Data source: Production
Operating Conditions: slow_lv_ht
Scenario for Timing Analysis: timing_analysis


Path 1
  From: DDR3_0_0/MSC_i_0/MSC_i_1/MSC_i_4/MSC_i_190/MSC_i_191/qm_active_index[0]:CLK
  To:   DDR3_0_0/MSC_i_0/MSC_i_1/MSC_i_4/MSC_i_190/MSC_i_191/pch_bank_addr[1]:EN
  Delay (ns):              3.266
  Slack (ns):              2.586
  Arrival (ns):            9.687
  Required (ns):          12.273

Path 2
  From: DDR3_0_0/MSC_i_0/MSC_i_1/MSC_i_4/MSC_i_190/MSC_i_191/qm_active_index[1]:CLK
  To:   DDR3_0_0/MSC_i_0/MSC_i_1/MSC_i_4/MSC_i_190/MSC_i_191/pch_bank_addr[1]:EN
  Delay (ns):              3.255
  Slack (ns):              2.597
  Arrival (ns):            9.676
  Required (ns):          12.273

Path 3
  From: DDR3_0_0/MSC_i_0/MSC_i_1/MSC_i_4/MSC_i_190/MSC_i_191/qm_active_index[3]:CLK
  To:   DDR3_0_0/MSC_i_0/MSC_i_1/MSC_i_4/MSC_i_190/MSC_i_191/pch_bank_addr[1]:EN
  Delay (ns):              3.243
  Slack (ns):              2.609
  Arrival (ns):            9.664
  Required (ns):          12.273

Path 4
  From: DDR3_0_0/MSC_i_0/MSC_i_1/MSC_i_4/MSC_i_190/MSC_i_191/qm_active_index[2]:CLK
  To:   DDR3_0_0/MSC_i_0/MSC_i_1/MSC_i_4/MSC_i_190/MSC_i_191/pch_bank_addr[1]:EN
  Delay (ns):              3.229
  Slack (ns):              2.613
  Arrival (ns):            9.660
  Required (ns):          12.273

Path 5
  From: DDR3_0_0/MSC_i_0/MSC_i_1/MSC_i_4/MSC_i_190/init_sm[0]:CLK
  To:   DDR3_0_0/MSC_i_0/MSC_i_1/MSC_i_4/MSC_i_190/MSC_i_191/pch_bank_addr[1]:EN
  Delay (ns):              3.114
  Slack (ns):              2.651
  Arrival (ns):            9.558
  Required (ns):          12.209

Path 6
  From: DDR3_0_0/MSC_i_0/MSC_i_1/MSC_i_4/MSC_i_190/init_sm[3]:CLK
  To:   DDR3_0_0/MSC_i_0/MSC_i_1/MSC_i_4/MSC_i_190/MSC_i_191/pch_bank_addr[1]:EN
  Delay (ns):              3.103
  Slack (ns):              2.658
  Arrival (ns):            9.551
  Required (ns):          12.209

Path 7
  From: DDR3_0_0/MSC_i_0/MSC_i_1/MSC_i_4/MSC_i_190/MSC_i_191/qm_active_index[0]:CLK
  To:   DDR3_0_0/MSC_i_0/MSC_i_1/MSC_i_4/MSC_i_190/MSC_i_191/qm_active_index[2]:D
  Delay (ns):              3.312
  Slack (ns):              2.661
  Arrival (ns):            9.733
  Required (ns):          12.394

Path 8
  From: DDR3_0_0/MSC_i_0/MSC_i_1/MSC_i_4/MSC_i_190/user_mr_w_req:CLK
  To:   DDR3_0_0/MSC_i_0/MSC_i_1/MSC_i_4/MSC_i_190/MSC_i_191/pch_bank_addr[1]:EN
  Delay (ns):              3.081
  Slack (ns):              2.667
  Arrival (ns):            9.542
  Required (ns):          12.209

Path 9
  From: DDR3_0_0/MSC_i_0/MSC_i_1/MSC_i_4/MSC_i_190/MSC_i_191/qm_active_index[1]:CLK
  To:   DDR3_0_0/MSC_i_0/MSC_i_1/MSC_i_4/MSC_i_190/MSC_i_191/qm_active_index[2]:D
  Delay (ns):              3.301
  Slack (ns):              2.672
  Arrival (ns):            9.722
  Required (ns):          12.394

Path 10
  From: DDR3_0_0/MSC_i_0/MSC_i_1/MSC_i_4/MSC_i_190/init_sm[1]:CLK
  To:   DDR3_0_0/MSC_i_0/MSC_i_1/MSC_i_4/MSC_i_190/MSC_i_191/pch_bank_addr[1]:EN
  Delay (ns):              3.093
  Slack (ns):              2.672
  Arrival (ns):            9.537
  Required (ns):          12.209

Path 11
  From: DDR3_0_0/MSC_i_0/MSC_i_1/MSC_i_4/MSC_i_190/MSC_i_191/qm_active_index[3]:CLK
  To:   DDR3_0_0/MSC_i_0/MSC_i_1/MSC_i_4/MSC_i_190/MSC_i_191/qm_active_index[2]:D
  Delay (ns):              3.289
  Slack (ns):              2.684
  Arrival (ns):            9.710
  Required (ns):          12.394

Path 12
  From: DDR3_0_0/MSC_i_0/MSC_i_1/MSC_i_4/MSC_i_8/MSC_i_72/MSC_i_73/MSC_i_74/rd_addr[0]:CLK
  To:   DDR3_0_0/MSC_i_0/MSC_i_1/MSC_i_4/MSC_i_8/rd_data_asm_fifo_wr_data[31]:D
  Delay (ns):              3.200
  Slack (ns):              2.685
  Arrival (ns):            9.604
  Required (ns):          12.289

Path 13
  From: DDR3_0_0/MSC_i_0/MSC_i_1/MSC_i_4/MSC_i_8/MSC_i_72/MSC_i_73/MSC_i_74/d1[11]:CLK
  To:   DDR3_0_0/MSC_i_0/MSC_i_1/MSC_i_4/MSC_i_8/rd_data_asm_fifo_wr_data[31]:D
  Delay (ns):              3.191
  Slack (ns):              2.688
  Arrival (ns):            9.601
  Required (ns):          12.289

Path 14
  From: DDR3_0_0/MSC_i_0/MSC_i_1/MSC_i_225/MSC_i_226/cal_init_mr_addr_1[3]:CLK
  To:   DDR3_0_0/MSC_i_0/MSC_i_1/MSC_i_4/MSC_i_190/MSC_i_191/pch_bank_addr[1]:EN
  Delay (ns):              3.058
  Slack (ns):              2.697
  Arrival (ns):            9.512
  Required (ns):          12.209

Path 15
  From: DDR3_0_0/MSC_i_0/MSC_i_1/MSC_i_225/MSC_i_226/cal_init_mr_addr_1[5]:CLK
  To:   DDR3_0_0/MSC_i_0/MSC_i_1/MSC_i_4/MSC_i_190/MSC_i_191/pch_bank_addr[1]:EN
  Delay (ns):              3.058
  Slack (ns):              2.697
  Arrival (ns):            9.512
  Required (ns):          12.209

Path 16
  From: DDR3_0_0/MSC_i_0/MSC_i_1/MSC_i_225/MSC_i_226/cal_init_mr_addr_1[4]:CLK
  To:   DDR3_0_0/MSC_i_0/MSC_i_1/MSC_i_4/MSC_i_190/MSC_i_191/pch_bank_addr[1]:EN
  Delay (ns):              3.048
  Slack (ns):              2.699
  Arrival (ns):            9.510
  Required (ns):          12.209

Path 17
  From: DDR3_0_0/MSC_i_0/MSC_i_1/MSC_i_4/MSC_i_190/init_sm[0]:CLK
  To:   DDR3_0_0/MSC_i_0/MSC_i_1/MSC_i_4/MSC_i_190/MSC_i_191/qm_active_index[2]:D
  Delay (ns):              3.167
  Slack (ns):              2.719
  Arrival (ns):            9.611
  Required (ns):          12.330

Path 18
  From: DDR3_0_0/MSC_i_0/MSC_i_1/MSC_i_4/MSC_i_190/MSC_i_191/qm_active_index[2]:CLK
  To:   DDR3_0_0/MSC_i_0/MSC_i_1/MSC_i_4/MSC_i_190/MSC_i_191/qm_active_index[2]:D
  Delay (ns):              3.275
  Slack (ns):              2.725
  Arrival (ns):            9.706
  Required (ns):          12.431

Path 19
  From: DDR3_0_0/MSC_i_0/MSC_i_1/MSC_i_4/MSC_i_190/init_sm[3]:CLK
  To:   DDR3_0_0/MSC_i_0/MSC_i_1/MSC_i_4/MSC_i_190/MSC_i_191/qm_active_index[2]:D
  Delay (ns):              3.156
  Slack (ns):              2.726
  Arrival (ns):            9.604
  Required (ns):          12.330

Path 20
  From: DDR3_0_0/MSC_i_0/MSC_i_1/MSC_i_225/MSC_i_226/cal_init_mr_addr_1[2]:CLK
  To:   DDR3_0_0/MSC_i_0/MSC_i_1/MSC_i_4/MSC_i_190/MSC_i_191/pch_bank_addr[1]:EN
  Delay (ns):              3.028
  Slack (ns):              2.727
  Arrival (ns):            9.482
  Required (ns):          12.209

Path 21
  From: DDR3_0_0/MSC_i_0/MSC_i_1/MSC_i_225/MSC_i_226/cal_init_mr_addr_1[1]:CLK
  To:   DDR3_0_0/MSC_i_0/MSC_i_1/MSC_i_4/MSC_i_190/MSC_i_191/pch_bank_addr[1]:EN
  Delay (ns):              3.019
  Slack (ns):              2.728
  Arrival (ns):            9.481
  Required (ns):          12.209

Path 22
  From: DDR3_0_0/MSC_i_0/MSC_i_1/MSC_i_4/MSC_i_8/MSC_i_72/MSC_i_73/MSC_i_74/rd_addr[0]:CLK
  To:   DDR3_0_0/MSC_i_0/MSC_i_1/MSC_i_4/MSC_i_8/rd_data_asm_fifo_wr_data[0]:D
  Delay (ns):              3.164
  Slack (ns):              2.728
  Arrival (ns):            9.568
  Required (ns):          12.296

Path 23
  From: DDR3_0_0/MSC_i_0/MSC_i_1/MSC_i_4/MSC_i_8/MSC_i_72/MSC_i_73/MSC_i_74/rd_addr[0]:CLK
  To:   DDR3_0_0/MSC_i_0/MSC_i_1/MSC_i_4/MSC_i_8/rd_data_asm_fifo_wr_data[39]:D
  Delay (ns):              3.163
  Slack (ns):              2.728
  Arrival (ns):            9.567
  Required (ns):          12.295

Path 24
  From: DDR3_0_0/MSC_i_0/MSC_i_1/MSC_i_4/MSC_i_8/MSC_i_72/MSC_i_73/MSC_i_74/d1[11]:CLK
  To:   DDR3_0_0/MSC_i_0/MSC_i_1/MSC_i_4/MSC_i_8/rd_data_asm_fifo_wr_data[0]:D
  Delay (ns):              3.155
  Slack (ns):              2.731
  Arrival (ns):            9.565
  Required (ns):          12.296

Path 25
  From: DDR3_0_0/MSC_i_0/MSC_i_1/MSC_i_4/MSC_i_8/MSC_i_72/MSC_i_73/MSC_i_74/d1[11]:CLK
  To:   DDR3_0_0/MSC_i_0/MSC_i_1/MSC_i_4/MSC_i_8/rd_data_asm_fifo_wr_data[39]:D
  Delay (ns):              3.154
  Slack (ns):              2.731
  Arrival (ns):            9.564
  Required (ns):          12.295

Path 26
  From: DDR3_0_0/MSC_i_0/MSC_i_1/MSC_i_4/MSC_i_8/MSC_i_72/MSC_i_73/MSC_i_74/rd_addr[0]:CLK
  To:   DDR3_0_0/MSC_i_0/MSC_i_1/MSC_i_4/MSC_i_8/rd_data_asm_fifo_wr_data[1]:D
  Delay (ns):              3.161
  Slack (ns):              2.731
  Arrival (ns):            9.565
  Required (ns):          12.296

Path 27
  From: DDR3_0_0/MSC_i_0/MSC_i_1/MSC_i_4/MSC_i_190/init_sm[4]:CLK
  To:   DDR3_0_0/MSC_i_0/MSC_i_1/MSC_i_4/MSC_i_190/MSC_i_191/pch_bank_addr[1]:EN
  Delay (ns):              3.028
  Slack (ns):              2.732
  Arrival (ns):            9.477
  Required (ns):          12.209

Path 28
  From: DDR3_0_0/MSC_i_0/MSC_i_1/MSC_i_4/MSC_i_8/MSC_i_72/MSC_i_73/MSC_i_74/rd_addr[0]:CLK
  To:   DDR3_0_0/MSC_i_0/MSC_i_1/MSC_i_4/MSC_i_8/rd_data_asm_fifo_wr_data[23]:D
  Delay (ns):              3.159
  Slack (ns):              2.732
  Arrival (ns):            9.563
  Required (ns):          12.295

Path 29
  From: DDR3_0_0/MSC_i_0/MSC_i_1/MSC_i_4/MSC_i_8/MSC_i_72/MSC_i_73/MSC_i_74/d1[11]:CLK
  To:   DDR3_0_0/MSC_i_0/MSC_i_1/MSC_i_4/MSC_i_8/rd_data_asm_fifo_wr_data[1]:D
  Delay (ns):              3.152
  Slack (ns):              2.734
  Arrival (ns):            9.562
  Required (ns):          12.296

Path 30
  From: DDR3_0_0/MSC_i_0/MSC_i_1/MSC_i_4/MSC_i_190/user_mr_w_req:CLK
  To:   DDR3_0_0/MSC_i_0/MSC_i_1/MSC_i_4/MSC_i_190/MSC_i_191/qm_active_index[2]:D
  Delay (ns):              3.134
  Slack (ns):              2.735
  Arrival (ns):            9.595
  Required (ns):          12.330

Path 31
  From: DDR3_0_0/MSC_i_0/MSC_i_1/MSC_i_4/MSC_i_8/MSC_i_72/MSC_i_73/MSC_i_74/d1[11]:CLK
  To:   DDR3_0_0/MSC_i_0/MSC_i_1/MSC_i_4/MSC_i_8/rd_data_asm_fifo_wr_data[23]:D
  Delay (ns):              3.150
  Slack (ns):              2.735
  Arrival (ns):            9.560
  Required (ns):          12.295

Path 32
  From: DDR3_0_0/DDRPHY_BLK_0/IOD_TRAINING_0/COREDDR_TIP_INT_U/TIP_CTRL_BLK/TRN_CLK/cmd_addr_trainer/vcophsel_calc[1]:CLK
  To:   DDR3_0_0/DDRPHY_BLK_0/IOD_TRAINING_0/COREDDR_TIP_INT_U/TIP_CTRL_BLK/TRN_CLK/cmd_addr_trainer/min_vcophsel_index[1]:EN
  Delay (ns):              3.105
  Slack (ns):              2.736
  Arrival (ns):            9.564
  Required (ns):          12.300

Path 33
  From: DDR3_0_0/DDRPHY_BLK_0/IOD_TRAINING_0/COREDDR_TIP_INT_U/TIP_CTRL_BLK/TRN_CLK/cmd_addr_trainer/vcophsel_calc[2]:CLK
  To:   DDR3_0_0/DDRPHY_BLK_0/IOD_TRAINING_0/COREDDR_TIP_INT_U/TIP_CTRL_BLK/TRN_CLK/cmd_addr_trainer/min_vcophsel_index[1]:EN
  Delay (ns):              3.105
  Slack (ns):              2.736
  Arrival (ns):            9.564
  Required (ns):          12.300

Path 34
  From: DDR3_0_0/DDRPHY_BLK_0/IOD_TRAINING_0/COREDDR_TIP_INT_U/TIP_CTRL_BLK/TRN_CLK/cmd_addr_trainer/vcophsel_calc[1]:CLK
  To:   DDR3_0_0/DDRPHY_BLK_0/IOD_TRAINING_0/COREDDR_TIP_INT_U/TIP_CTRL_BLK/TRN_CLK/cmd_addr_trainer/min_vcophsel_index[2]:EN
  Delay (ns):              3.104
  Slack (ns):              2.737
  Arrival (ns):            9.563
  Required (ns):          12.300

Path 35
  From: DDR3_0_0/DDRPHY_BLK_0/IOD_TRAINING_0/COREDDR_TIP_INT_U/TIP_CTRL_BLK/TRN_CLK/cmd_addr_trainer/vcophsel_calc[2]:CLK
  To:   DDR3_0_0/DDRPHY_BLK_0/IOD_TRAINING_0/COREDDR_TIP_INT_U/TIP_CTRL_BLK/TRN_CLK/cmd_addr_trainer/min_vcophsel_index[2]:EN
  Delay (ns):              3.104
  Slack (ns):              2.737
  Arrival (ns):            9.563
  Required (ns):          12.300

Path 36
  From: DDR3_0_0/MSC_i_0/MSC_i_1/MSC_i_4/MSC_i_190/init_sm[1]:CLK
  To:   DDR3_0_0/MSC_i_0/MSC_i_1/MSC_i_4/MSC_i_190/MSC_i_191/qm_active_index[2]:D
  Delay (ns):              3.146
  Slack (ns):              2.740
  Arrival (ns):            9.590
  Required (ns):          12.330

Path 37
  From: DDR3_0_0/MSC_i_0/MSC_i_1/MSC_i_4/MSC_i_8/MSC_i_72/MSC_i_73/MSC_i_74/d0[11]:CLK
  To:   DDR3_0_0/MSC_i_0/MSC_i_1/MSC_i_4/MSC_i_8/rd_data_asm_fifo_wr_data[31]:D
  Delay (ns):              3.136
  Slack (ns):              2.743
  Arrival (ns):            9.546
  Required (ns):          12.289

Path 38
  From: DDR3_0_0/MSC_i_0/MSC_i_1/MSC_i_4/MSC_i_190/init_sm[0]:CLK
  To:   DDR3_0_0/MSC_i_0/MSC_i_1/MSC_i_4/MSC_i_190/MSC_i_191/precharge_cs[0]:D
  Delay (ns):              3.236
  Slack (ns):              2.745
  Arrival (ns):            9.680
  Required (ns):          12.425

Path 39
  From: DDR3_0_0/MSC_i_0/MSC_i_1/MSC_i_225/MSC_i_226/cal_init_mr_addr_1[4]:CLK
  To:   DDR3_0_0/MSC_i_0/MSC_i_1/MSC_i_4/MSC_i_190/MSC_i_191/precharge_cs[0]:D
  Delay (ns):              3.217
  Slack (ns):              2.746
  Arrival (ns):            9.679
  Required (ns):          12.425

Path 40
  From: DDR3_0_0/MSC_i_0/MSC_i_1/MSC_i_225/MSC_i_226/cal_init_mr_addr_1[3]:CLK
  To:   DDR3_0_0/MSC_i_0/MSC_i_1/MSC_i_4/MSC_i_190/MSC_i_191/precharge_cs[0]:D
  Delay (ns):              3.198
  Slack (ns):              2.748
  Arrival (ns):            9.652
  Required (ns):          12.400

Path 41
  From: DDR3_0_0/MSC_i_0/MSC_i_1/MSC_i_4/MSC_i_190/MSC_i_191/rw:CLK
  To:   DDR3_0_0/MSC_i_0/MSC_i_1/MSC_i_4/MSC_i_190/MSC_i_191/pch_bank_addr[1]:EN
  Delay (ns):              3.069
  Slack (ns):              2.748
  Arrival (ns):            9.500
  Required (ns):          12.248

Path 42
  From: DDR3_0_0/MSC_i_0/MSC_i_1/MSC_i_4/MSC_i_190/init_sm[2]:CLK
  To:   DDR3_0_0/MSC_i_0/MSC_i_1/MSC_i_4/MSC_i_190/MSC_i_191/pch_bank_addr[1]:EN
  Delay (ns):              3.012
  Slack (ns):              2.748
  Arrival (ns):            9.461
  Required (ns):          12.209

Path 43
  From: DDR3_0_0/MSC_i_0/MSC_i_1/MSC_i_4/MSC_i_183/MSC_i_187/burst_xfer_active:CLK
  To:   DDR3_0_0/MSC_i_0/MSC_i_1/MSC_i_4/MSC_i_183/MSC_i_187/raddr_int[15]:D
  Delay (ns):              3.216
  Slack (ns):              2.749
  Arrival (ns):            9.636
  Required (ns):          12.385

Path 44
  From: DDR3_0_0/MSC_i_0/MSC_i_1/MSC_i_4/MSC_i_183/MSC_i_187/burst_xfer_active:CLK
  To:   DDR3_0_0/MSC_i_0/MSC_i_1/MSC_i_4/MSC_i_183/MSC_i_187/raddr_int[23]:D
  Delay (ns):              3.216
  Slack (ns):              2.749
  Arrival (ns):            9.636
  Required (ns):          12.385

Path 45
  From: DDR3_0_0/MSC_i_0/MSC_i_1/MSC_i_225/MSC_i_226/cal_init_cs_i_Z[4]:CLK
  To:   DDR3_0_0/MSC_i_0/MSC_i_1/MSC_i_4/MSC_i_190/MSC_i_191/precharge_cs[0]:D
  Delay (ns):              3.176
  Slack (ns):              2.750
  Arrival (ns):            9.611
  Required (ns):          12.361

Path 46
  From: DDR3_0_0/MSC_i_0/MSC_i_1/MSC_i_4/MSC_i_190/init_sm[3]:CLK
  To:   DDR3_0_0/MSC_i_0/MSC_i_1/MSC_i_4/MSC_i_190/MSC_i_191/precharge_cs[0]:D
  Delay (ns):              3.225
  Slack (ns):              2.752
  Arrival (ns):            9.673
  Required (ns):          12.425

Path 47
  From: DDR3_0_0/MSC_i_0/MSC_i_1/MSC_i_4/MSC_i_190/init_sm[0]:CLK
  To:   DDR3_0_0/MSC_i_0/MSC_i_1/MSC_i_4/MSC_i_190/MSC_i_191/precharge_ob[3]:D
  Delay (ns):              3.221
  Slack (ns):              2.761
  Arrival (ns):            9.665
  Required (ns):          12.426

Path 48
  From: DDR3_0_0/MSC_i_0/MSC_i_1/MSC_i_4/MSC_i_190/user_mr_w_req:CLK
  To:   DDR3_0_0/MSC_i_0/MSC_i_1/MSC_i_4/MSC_i_190/MSC_i_191/precharge_cs[0]:D
  Delay (ns):              3.203
  Slack (ns):              2.761
  Arrival (ns):            9.664
  Required (ns):          12.425

Path 49
  From: DDR3_0_0/MSC_i_0/MSC_i_1/MSC_i_225/MSC_i_226/cal_init_mr_addr_1[4]:CLK
  To:   DDR3_0_0/MSC_i_0/MSC_i_1/MSC_i_4/MSC_i_190/MSC_i_191/precharge_ob[3]:D
  Delay (ns):              3.202
  Slack (ns):              2.762
  Arrival (ns):            9.664
  Required (ns):          12.426

Path 50
  From: DDR3_0_0/MSC_i_0/MSC_i_1/MSC_i_225/MSC_i_226/cal_init_mr_addr_1[3]:CLK
  To:   DDR3_0_0/MSC_i_0/MSC_i_1/MSC_i_4/MSC_i_190/MSC_i_191/precharge_ob[3]:D
  Delay (ns):              3.183
  Slack (ns):              2.764
  Arrival (ns):            9.637
  Required (ns):          12.401

Path 51
  From: DDR3_0_0/MSC_i_0/MSC_i_1/MSC_i_4/MSC_i_8/MSC_i_72/MSC_i_73/MSC_i_74/d1[33]:CLK
  To:   DDR3_0_0/MSC_i_0/MSC_i_1/MSC_i_4/MSC_i_8/rd_data_asm_fifo_wr_data[31]:D
  Delay (ns):              3.144
  Slack (ns):              2.765
  Arrival (ns):            9.524
  Required (ns):          12.289

Path 52
  From: DDR3_0_0/MSC_i_0/MSC_i_1/MSC_i_225/MSC_i_226/cal_init_cs_i_Z[4]:CLK
  To:   DDR3_0_0/MSC_i_0/MSC_i_1/MSC_i_4/MSC_i_190/MSC_i_191/precharge_ob[3]:D
  Delay (ns):              3.161
  Slack (ns):              2.766
  Arrival (ns):            9.596
  Required (ns):          12.362

Path 53
  From: DDR3_0_0/MSC_i_0/MSC_i_1/MSC_i_4/MSC_i_190/init_sm[1]:CLK
  To:   DDR3_0_0/MSC_i_0/MSC_i_1/MSC_i_4/MSC_i_190/MSC_i_191/precharge_cs[0]:D
  Delay (ns):              3.215
  Slack (ns):              2.766
  Arrival (ns):            9.659
  Required (ns):          12.425

Path 54
  From: DDR3_0_0/MSC_i_0/MSC_i_1/MSC_i_225/MSC_i_226/cal_init_mr_addr_1[4]:CLK
  To:   DDR3_0_0/MSC_i_0/MSC_i_1/MSC_i_4/MSC_i_190/MSC_i_191/qm_active_index[2]:D
  Delay (ns):              3.101
  Slack (ns):              2.767
  Arrival (ns):            9.563
  Required (ns):          12.330

Path 55
  From: DDR3_0_0/MSC_i_0/MSC_i_1/MSC_i_4/MSC_i_190/init_sm[3]:CLK
  To:   DDR3_0_0/MSC_i_0/MSC_i_1/MSC_i_4/MSC_i_190/MSC_i_191/precharge_ob[3]:D
  Delay (ns):              3.210
  Slack (ns):              2.768
  Arrival (ns):            9.658
  Required (ns):          12.426

Path 56
  From: DDR3_0_0/MSC_i_0/MSC_i_1/MSC_i_4/MSC_i_213/MSC_i_216/data_r2[21]:CLK
  To:   DDR3_0_0/MSC_i_0/MSC_i_1/MSC_i_4/MSC_i_183/rmw_b_size[7]:D
  Delay (ns):              3.160
  Slack (ns):              2.770
  Arrival (ns):            9.603
  Required (ns):          12.373

Path 57
  From: DDR3_0_0/MSC_i_0/MSC_i_1/MSC_i_4/MSC_i_190/init_sm[0]:CLK
  To:   DDR3_0_0/MSC_i_0/MSC_i_1/MSC_i_4/MSC_i_190/MSC_i_191/precharge_ob[2]:D
  Delay (ns):              3.211
  Slack (ns):              2.771
  Arrival (ns):            9.655
  Required (ns):          12.426

Path 58
  From: DDR3_0_0/MSC_i_0/MSC_i_1/MSC_i_225/MSC_i_226/cal_init_mr_addr_1[3]:CLK
  To:   DDR3_0_0/MSC_i_0/MSC_i_1/MSC_i_4/MSC_i_190/MSC_i_191/qm_active_index[2]:D
  Delay (ns):              3.104
  Slack (ns):              2.772
  Arrival (ns):            9.558
  Required (ns):          12.330

Path 59
  From: DDR3_0_0/MSC_i_0/MSC_i_1/MSC_i_225/MSC_i_226/cal_init_mr_addr_1[4]:CLK
  To:   DDR3_0_0/MSC_i_0/MSC_i_1/MSC_i_4/MSC_i_190/MSC_i_191/precharge_ob[2]:D
  Delay (ns):              3.192
  Slack (ns):              2.772
  Arrival (ns):            9.654
  Required (ns):          12.426

Path 60
  From: DDR3_0_0/MSC_i_0/MSC_i_1/MSC_i_225/MSC_i_226/cal_init_mr_addr_1[5]:CLK
  To:   DDR3_0_0/MSC_i_0/MSC_i_1/MSC_i_4/MSC_i_190/MSC_i_191/qm_active_index[2]:D
  Delay (ns):              3.104
  Slack (ns):              2.772
  Arrival (ns):            9.558
  Required (ns):          12.330

Path 61
  From: DDR3_0_0/MSC_i_0/MSC_i_1/MSC_i_225/MSC_i_226/cal_init_mr_addr_1[3]:CLK
  To:   DDR3_0_0/MSC_i_0/MSC_i_1/MSC_i_4/MSC_i_190/MSC_i_191/precharge_ob[2]:D
  Delay (ns):              3.173
  Slack (ns):              2.774
  Arrival (ns):            9.627
  Required (ns):          12.401

Path 62
  From: DDR3_0_0/MSC_i_0/MSC_i_1/MSC_i_225/MSC_i_226/cal_init_cs_i_Z[4]:CLK
  To:   DDR3_0_0/MSC_i_0/MSC_i_1/MSC_i_4/MSC_i_190/MSC_i_191/precharge_ob[2]:D
  Delay (ns):              3.151
  Slack (ns):              2.776
  Arrival (ns):            9.586
  Required (ns):          12.362

Path 63
  From: DDR3_0_0/MSC_i_0/MSC_i_1/MSC_i_4/MSC_i_190/user_mr_w_req:CLK
  To:   DDR3_0_0/MSC_i_0/MSC_i_1/MSC_i_4/MSC_i_190/MSC_i_191/precharge_ob[3]:D
  Delay (ns):              3.188
  Slack (ns):              2.777
  Arrival (ns):            9.649
  Required (ns):          12.426

Path 64
  From: DDR3_0_0/MSC_i_0/MSC_i_1/MSC_i_225/MSC_i_226/cal_init_mr_addr_1[2]:CLK
  To:   DDR3_0_0/MSC_i_0/MSC_i_1/MSC_i_4/MSC_i_190/MSC_i_191/precharge_cs[0]:D
  Delay (ns):              3.168
  Slack (ns):              2.778
  Arrival (ns):            9.622
  Required (ns):          12.400

Path 65
  From: DDR3_0_0/MSC_i_0/MSC_i_1/MSC_i_4/MSC_i_190/init_sm[3]:CLK
  To:   DDR3_0_0/MSC_i_0/MSC_i_1/MSC_i_4/MSC_i_190/MSC_i_191/precharge_ob[2]:D
  Delay (ns):              3.200
  Slack (ns):              2.778
  Arrival (ns):            9.648
  Required (ns):          12.426

Path 66
  From: DDR3_0_0/MSC_i_0/MSC_i_1/MSC_i_4/MSC_i_190/init_sm[5]:CLK
  To:   DDR3_0_0/MSC_i_0/MSC_i_1/MSC_i_4/MSC_i_190/MSC_i_191/pch_bank_addr[1]:EN
  Delay (ns):              2.997
  Slack (ns):              2.778
  Arrival (ns):            9.431
  Required (ns):          12.209

Path 67
  From: DDR3_0_0/MSC_i_0/MSC_i_1/MSC_i_4/MSC_i_190/init_sm[1]:CLK
  To:   DDR3_0_0/MSC_i_0/MSC_i_1/MSC_i_4/MSC_i_190/MSC_i_191/precharge_ob[3]:D
  Delay (ns):              3.200
  Slack (ns):              2.782
  Arrival (ns):            9.644
  Required (ns):          12.426

Path 68
  From: DDR3_0_0/MSC_i_0/MSC_i_1/MSC_i_225/MSC_i_226/cal_init_mr_addr_1[5]:CLK
  To:   DDR3_0_0/MSC_i_0/MSC_i_1/MSC_i_4/MSC_i_190/MSC_i_191/precharge_cs[0]:D
  Delay (ns):              3.163
  Slack (ns):              2.783
  Arrival (ns):            9.617
  Required (ns):          12.400

Path 69
  From: DDR3_0_0/MSC_i_0/MSC_i_1/MSC_i_4/MSC_i_190/init_sm[0]:CLK
  To:   DDR3_0_0/MSC_i_0/MSC_i_1/MSC_i_4/MSC_i_190/MSC_i_191/precharge_ob[0]:D
  Delay (ns):              3.199
  Slack (ns):              2.783
  Arrival (ns):            9.643
  Required (ns):          12.426

Path 70
  From: DDR3_0_0/MSC_i_0/MSC_i_1/MSC_i_225/MSC_i_226/cal_init_mr_addr_1[4]:CLK
  To:   DDR3_0_0/MSC_i_0/MSC_i_1/MSC_i_4/MSC_i_190/MSC_i_191/precharge_ob[0]:D
  Delay (ns):              3.180
  Slack (ns):              2.784
  Arrival (ns):            9.642
  Required (ns):          12.426

Path 71
  From: DDR3_0_0/DDRPHY_BLK_0/IOD_TRAINING_0/COREDDR_TIP_INT_U/TIP_CTRL_BLK/TRN_CLK/cmd_addr_trainer/vcophsel_calc[0]:CLK
  To:   DDR3_0_0/DDRPHY_BLK_0/IOD_TRAINING_0/COREDDR_TIP_INT_U/TIP_CTRL_BLK/TRN_CLK/cmd_addr_trainer/min_vcophsel_index[1]:EN
  Delay (ns):              3.056
  Slack (ns):              2.785
  Arrival (ns):            9.515
  Required (ns):          12.300

Path 72
  From: DDR3_0_0/DDRPHY_BLK_0/IOD_TRAINING_0/COREDDR_TIP_INT_U/TIP_CTRL_BLK/TRN_CLK/cmd_addr_trainer/vcophsel_calc[0]:CLK
  To:   DDR3_0_0/DDRPHY_BLK_0/IOD_TRAINING_0/COREDDR_TIP_INT_U/TIP_CTRL_BLK/TRN_CLK/cmd_addr_trainer/min_vcophsel_index[2]:EN
  Delay (ns):              3.055
  Slack (ns):              2.786
  Arrival (ns):            9.514
  Required (ns):          12.300

Path 73
  From: DDR3_0_0/MSC_i_0/MSC_i_1/MSC_i_225/MSC_i_226/cal_init_mr_addr_1[3]:CLK
  To:   DDR3_0_0/MSC_i_0/MSC_i_1/MSC_i_4/MSC_i_190/MSC_i_191/precharge_ob[0]:D
  Delay (ns):              3.161
  Slack (ns):              2.786
  Arrival (ns):            9.615
  Required (ns):          12.401

Path 74
  From: DDR3_0_0/MSC_i_0/MSC_i_1/MSC_i_4/MSC_i_8/MSC_i_72/MSC_i_73/MSC_i_74/d0[11]:CLK
  To:   DDR3_0_0/MSC_i_0/MSC_i_1/MSC_i_4/MSC_i_8/rd_data_asm_fifo_wr_data[0]:D
  Delay (ns):              3.100
  Slack (ns):              2.786
  Arrival (ns):            9.510
  Required (ns):          12.296

Path 75
  From: DDR3_0_0/MSC_i_0/MSC_i_1/MSC_i_4/MSC_i_8/MSC_i_72/MSC_i_73/MSC_i_74/d0[11]:CLK
  To:   DDR3_0_0/MSC_i_0/MSC_i_1/MSC_i_4/MSC_i_8/rd_data_asm_fifo_wr_data[39]:D
  Delay (ns):              3.099
  Slack (ns):              2.786
  Arrival (ns):            9.509
  Required (ns):          12.295

Path 76
  From: DDR3_0_0/MSC_i_0/MSC_i_1/MSC_i_4/MSC_i_190/user_mr_w_req:CLK
  To:   DDR3_0_0/MSC_i_0/MSC_i_1/MSC_i_4/MSC_i_190/MSC_i_191/precharge_ob[2]:D
  Delay (ns):              3.178
  Slack (ns):              2.787
  Arrival (ns):            9.639
  Required (ns):          12.426

Path 77
  From: DDR3_0_0/MSC_i_0/MSC_i_1/MSC_i_225/MSC_i_226/cal_init_cs_i_Z[4]:CLK
  To:   DDR3_0_0/MSC_i_0/MSC_i_1/MSC_i_4/MSC_i_190/MSC_i_191/precharge_ob[0]:D
  Delay (ns):              3.139
  Slack (ns):              2.788
  Arrival (ns):            9.574
  Required (ns):          12.362

Path 78
  From: DDR3_0_0/MSC_i_0/MSC_i_1/MSC_i_4/MSC_i_8/MSC_i_72/MSC_i_73/MSC_i_74/d0[11]:CLK
  To:   DDR3_0_0/MSC_i_0/MSC_i_1/MSC_i_4/MSC_i_8/rd_data_asm_fifo_wr_data[1]:D
  Delay (ns):              3.097
  Slack (ns):              2.789
  Arrival (ns):            9.507
  Required (ns):          12.296

Path 79
  From: DDR3_0_0/MSC_i_0/MSC_i_1/MSC_i_4/MSC_i_190/init_sm[3]:CLK
  To:   DDR3_0_0/MSC_i_0/MSC_i_1/MSC_i_4/MSC_i_190/MSC_i_191/precharge_ob[0]:D
  Delay (ns):              3.188
  Slack (ns):              2.790
  Arrival (ns):            9.636
  Required (ns):          12.426

Path 80
  From: DDR3_0_0/MSC_i_0/MSC_i_1/MSC_i_4/MSC_i_8/MSC_i_72/MSC_i_73/MSC_i_74/d0[11]:CLK
  To:   DDR3_0_0/MSC_i_0/MSC_i_1/MSC_i_4/MSC_i_8/rd_data_asm_fifo_wr_data[23]:D
  Delay (ns):              3.095
  Slack (ns):              2.790
  Arrival (ns):            9.505
  Required (ns):          12.295

Path 81
  From: DDR3_0_0/MSC_i_0/MSC_i_1/MSC_i_4/MSC_i_190/init_sm[1]:CLK
  To:   DDR3_0_0/MSC_i_0/MSC_i_1/MSC_i_4/MSC_i_190/MSC_i_191/precharge_ob[2]:D
  Delay (ns):              3.190
  Slack (ns):              2.792
  Arrival (ns):            9.634
  Required (ns):          12.426

Path 82
  From: DDR3_0_0/MSC_i_0/MSC_i_1/MSC_i_225/MSC_i_226/cal_init_mr_addr_1[2]:CLK
  To:   DDR3_0_0/MSC_i_0/MSC_i_1/MSC_i_4/MSC_i_190/MSC_i_191/precharge_ob[3]:D
  Delay (ns):              3.153
  Slack (ns):              2.794
  Arrival (ns):            9.607
  Required (ns):          12.401

Path 83
  From: DDR3_0_0/MSC_i_0/MSC_i_1/MSC_i_4/MSC_i_190/MSC_i_191/qm_active_index[0]:CLK
  To:   DDR3_0_0/MSC_i_0/MSC_i_1/MSC_i_4/MSC_i_190/MSC_i_191/rowaddr_act[5]:EN
  Delay (ns):              3.060
  Slack (ns):              2.796
  Arrival (ns):            9.481
  Required (ns):          12.277

Path 84
  From: DDR3_0_0/MSC_i_0/MSC_i_1/MSC_i_4/MSC_i_190/MSC_i_191/qm_active_index[0]:CLK
  To:   DDR3_0_0/MSC_i_0/MSC_i_1/MSC_i_4/MSC_i_190/MSC_i_191/rowaddr_act[1]:EN
  Delay (ns):              3.060
  Slack (ns):              2.797
  Arrival (ns):            9.481
  Required (ns):          12.278

Path 85
  From: DDR3_0_0/MSC_i_0/MSC_i_1/MSC_i_225/MSC_i_226/cal_init_mr_addr_1[5]:CLK
  To:   DDR3_0_0/MSC_i_0/MSC_i_1/MSC_i_4/MSC_i_190/MSC_i_191/precharge_ob[3]:D
  Delay (ns):              3.148
  Slack (ns):              2.799
  Arrival (ns):            9.602
  Required (ns):          12.401

Path 86
  From: DDR3_0_0/MSC_i_0/MSC_i_1/MSC_i_4/MSC_i_190/MSC_i_191/qm_active_index[0]:CLK
  To:   DDR3_0_0/MSC_i_0/MSC_i_1/MSC_i_4/MSC_i_190/MSC_i_191/rowaddr_act[2]:EN
  Delay (ns):              3.057
  Slack (ns):              2.799
  Arrival (ns):            9.478
  Required (ns):          12.277

Path 87
  From: DDR3_0_0/MSC_i_0/MSC_i_1/MSC_i_4/MSC_i_190/MSC_i_191/qm_active_index[0]:CLK
  To:   DDR3_0_0/MSC_i_0/MSC_i_1/MSC_i_4/MSC_i_190/MSC_i_191/rowaddr_act[7]:EN
  Delay (ns):              3.057
  Slack (ns):              2.799
  Arrival (ns):            9.478
  Required (ns):          12.277

Path 88
  From: DDR3_0_0/MSC_i_0/MSC_i_1/MSC_i_4/MSC_i_190/user_mr_w_req:CLK
  To:   DDR3_0_0/MSC_i_0/MSC_i_1/MSC_i_4/MSC_i_190/MSC_i_191/precharge_ob[0]:D
  Delay (ns):              3.166
  Slack (ns):              2.799
  Arrival (ns):            9.627
  Required (ns):          12.426

Path 89
  From: DDR3_0_0/MSC_i_0/MSC_i_1/MSC_i_4/MSC_i_190/init_sm[4]:CLK
  To:   DDR3_0_0/MSC_i_0/MSC_i_1/MSC_i_4/MSC_i_190/MSC_i_191/qm_active_index[2]:D
  Delay (ns):              3.081
  Slack (ns):              2.800
  Arrival (ns):            9.530
  Required (ns):          12.330

Path 90
  From: DDR3_0_0/DDRPHY_BLK_0/IOD_TRAINING_0/COREDDR_TIP_INT_U/TIP_CTRL_BLK/TRN_CLK/cmd_addr_trainer/vcophsel_calc[1]:CLK
  To:   DDR3_0_0/DDRPHY_BLK_0/IOD_TRAINING_0/COREDDR_TIP_INT_U/TIP_CTRL_BLK/TRN_CLK/cmd_addr_trainer/min_outdly_val[0]:EN
  Delay (ns):              3.040
  Slack (ns):              2.801
  Arrival (ns):            9.499
  Required (ns):          12.300

Path 91
  From: DDR3_0_0/DDRPHY_BLK_0/IOD_TRAINING_0/COREDDR_TIP_INT_U/TIP_CTRL_BLK/TRN_CLK/cmd_addr_trainer/vcophsel_calc[1]:CLK
  To:   DDR3_0_0/DDRPHY_BLK_0/IOD_TRAINING_0/COREDDR_TIP_INT_U/TIP_CTRL_BLK/TRN_CLK/cmd_addr_trainer/min_outdly_val[1]:EN
  Delay (ns):              3.040
  Slack (ns):              2.801
  Arrival (ns):            9.499
  Required (ns):          12.300

Path 92
  From: DDR3_0_0/DDRPHY_BLK_0/IOD_TRAINING_0/COREDDR_TIP_INT_U/TIP_CTRL_BLK/TRN_CLK/cmd_addr_trainer/vcophsel_calc[1]:CLK
  To:   DDR3_0_0/DDRPHY_BLK_0/IOD_TRAINING_0/COREDDR_TIP_INT_U/TIP_CTRL_BLK/TRN_CLK/cmd_addr_trainer/min_outdly_val[2]:EN
  Delay (ns):              3.040
  Slack (ns):              2.801
  Arrival (ns):            9.499
  Required (ns):          12.300

Path 93
  From: DDR3_0_0/DDRPHY_BLK_0/IOD_TRAINING_0/COREDDR_TIP_INT_U/TIP_CTRL_BLK/TRN_CLK/cmd_addr_trainer/vcophsel_calc[1]:CLK
  To:   DDR3_0_0/DDRPHY_BLK_0/IOD_TRAINING_0/COREDDR_TIP_INT_U/TIP_CTRL_BLK/TRN_CLK/cmd_addr_trainer/min_outdly_val[4]:EN
  Delay (ns):              3.040
  Slack (ns):              2.801
  Arrival (ns):            9.499
  Required (ns):          12.300

Path 94
  From: DDR3_0_0/DDRPHY_BLK_0/IOD_TRAINING_0/COREDDR_TIP_INT_U/TIP_CTRL_BLK/TRN_CLK/cmd_addr_trainer/vcophsel_calc[2]:CLK
  To:   DDR3_0_0/DDRPHY_BLK_0/IOD_TRAINING_0/COREDDR_TIP_INT_U/TIP_CTRL_BLK/TRN_CLK/cmd_addr_trainer/min_outdly_val[0]:EN
  Delay (ns):              3.040
  Slack (ns):              2.801
  Arrival (ns):            9.499
  Required (ns):          12.300

Path 95
  From: DDR3_0_0/DDRPHY_BLK_0/IOD_TRAINING_0/COREDDR_TIP_INT_U/TIP_CTRL_BLK/TRN_CLK/cmd_addr_trainer/vcophsel_calc[2]:CLK
  To:   DDR3_0_0/DDRPHY_BLK_0/IOD_TRAINING_0/COREDDR_TIP_INT_U/TIP_CTRL_BLK/TRN_CLK/cmd_addr_trainer/min_outdly_val[1]:EN
  Delay (ns):              3.040
  Slack (ns):              2.801
  Arrival (ns):            9.499
  Required (ns):          12.300

Path 96
  From: DDR3_0_0/DDRPHY_BLK_0/IOD_TRAINING_0/COREDDR_TIP_INT_U/TIP_CTRL_BLK/TRN_CLK/cmd_addr_trainer/vcophsel_calc[2]:CLK
  To:   DDR3_0_0/DDRPHY_BLK_0/IOD_TRAINING_0/COREDDR_TIP_INT_U/TIP_CTRL_BLK/TRN_CLK/cmd_addr_trainer/min_outdly_val[2]:EN
  Delay (ns):              3.040
  Slack (ns):              2.801
  Arrival (ns):            9.499
  Required (ns):          12.300

Path 97
  From: DDR3_0_0/DDRPHY_BLK_0/IOD_TRAINING_0/COREDDR_TIP_INT_U/TIP_CTRL_BLK/TRN_CLK/cmd_addr_trainer/vcophsel_calc[2]:CLK
  To:   DDR3_0_0/DDRPHY_BLK_0/IOD_TRAINING_0/COREDDR_TIP_INT_U/TIP_CTRL_BLK/TRN_CLK/cmd_addr_trainer/min_outdly_val[4]:EN
  Delay (ns):              3.040
  Slack (ns):              2.801
  Arrival (ns):            9.499
  Required (ns):          12.300

Path 98
  From: DDR3_0_0/MSC_i_0/MSC_i_1/MSC_i_4/MSC_i_8/MSC_i_21/MSC_i_22/MSC_i_23/wr_ready:CLK
  To:   DDR3_0_0/MSC_i_0/MSC_i_1/MSC_i_4/MSC_i_8/MSC_i_21/MSC_i_22/gen_dc_level.ram_rd_valid_int:D
  Delay (ns):              3.095
  Slack (ns):              2.801
  Arrival (ns):            9.522
  Required (ns):          12.323

Path 99
  From: DDR3_0_0/MSC_i_0/MSC_i_1/MSC_i_4/MSC_i_8/MSC_i_72/MSC_i_73/MSC_i_74/rd_addr[1]:CLK
  To:   DDR3_0_0/MSC_i_0/MSC_i_1/MSC_i_4/MSC_i_8/rd_data_asm_fifo_wr_data[31]:D
  Delay (ns):              3.085
  Slack (ns):              2.801
  Arrival (ns):            9.488
  Required (ns):          12.289

Path 100
  From: DDR3_0_0/DDRPHY_BLK_0/IOD_TRAINING_0/COREDDR_TIP_INT_U/TIP_CTRL_BLK/TRN_CLK/cmd_addr_trainer/vcophsel_calc[1]:CLK
  To:   DDR3_0_0/DDRPHY_BLK_0/IOD_TRAINING_0/COREDDR_TIP_INT_U/TIP_CTRL_BLK/TRN_CLK/cmd_addr_trainer/min_outdly_val[3]:EN
  Delay (ns):              3.039
  Slack (ns):              2.802
  Arrival (ns):            9.498
  Required (ns):          12.300

