Timing Violation Report Max Delay Analysis

SmartTime Version 
Microsemi Corporation - Microsemi Libero Software Release  (Version 12.700.0.19)
Date: Thu Sep 19 19:22:10 2019


Design: top
Family: PolarFire
Die: MPF300TS
Package: FCG1152
Temperature Range: -40 - 100 C
Voltage Range: 1.0185 - 1.0815 V
Speed Grade: -1
Design State: Post-Layout
Data source: Production
Operating Conditions: slow_lv_ht
Scenario for Timing Analysis: timing_analysis


Path 1
  From: DDR3_0_0/MSC_i_0/MSC_i_1/MSC_i_4/MSC_i_8/MSC_i_104/MSC_i_105/MSC_i_106/wr_ready:CLK
  To:   DDR3_0_0/MSC_i_0/MSC_i_1/MSC_i_4/MSC_i_8/MSC_i_104/MSC_i_105/gen_dc_level.ram_rd_valid_int:D
  Delay (ns):              3.817
  Slack (ns):              2.085
  Arrival (ns):           10.219
  Required (ns):          12.304

Path 2
  From: DDR3_0_0/MSC_i_0/MSC_i_1/MSC_i_4/MSC_i_190/init_sm[4]:CLK
  To:   DDR3_0_0/MSC_i_0/MSC_i_1/MSC_i_4/MSC_i_190/MSC_i_191/precharge_ob[3]:D
  Delay (ns):              3.394
  Slack (ns):              2.565
  Arrival (ns):            9.817
  Required (ns):          12.382

Path 3
  From: DDR3_0_0/MSC_i_0/MSC_i_1/MSC_i_4/MSC_i_190/init_sm[4]:CLK
  To:   DDR3_0_0/MSC_i_0/MSC_i_1/MSC_i_4/MSC_i_190/MSC_i_191/precharge_cs[0]:D
  Delay (ns):              3.384
  Slack (ns):              2.575
  Arrival (ns):            9.807
  Required (ns):          12.382

Path 4
  From: DDR3_0_0/MSC_i_0/MSC_i_1/MSC_i_4/MSC_i_190/init_sm[5]:CLK
  To:   DDR3_0_0/MSC_i_0/MSC_i_1/MSC_i_4/MSC_i_190/MSC_i_191/precharge_ob[3]:D
  Delay (ns):              3.381
  Slack (ns):              2.575
  Arrival (ns):            9.807
  Required (ns):          12.382

Path 5
  From: DDR3_0_0/MSC_i_0/MSC_i_1/MSC_i_4/MSC_i_190/init_sm[4]:CLK
  To:   DDR3_0_0/MSC_i_0/MSC_i_1/MSC_i_4/MSC_i_190/MSC_i_191/precharge_ob[1]:D
  Delay (ns):              3.380
  Slack (ns):              2.579
  Arrival (ns):            9.803
  Required (ns):          12.382

Path 6
  From: DDR3_0_0/MSC_i_0/MSC_i_1/MSC_i_4/MSC_i_190/init_sm[4]:CLK
  To:   DDR3_0_0/MSC_i_0/MSC_i_1/MSC_i_4/MSC_i_190/MSC_i_191/precharge_ob[0]:D
  Delay (ns):              3.379
  Slack (ns):              2.581
  Arrival (ns):            9.802
  Required (ns):          12.383

Path 7
  From: DDR3_0_0/MSC_i_0/MSC_i_1/MSC_i_4/MSC_i_190/init_sm[5]:CLK
  To:   DDR3_0_0/MSC_i_0/MSC_i_1/MSC_i_4/MSC_i_190/MSC_i_191/precharge_cs[0]:D
  Delay (ns):              3.371
  Slack (ns):              2.585
  Arrival (ns):            9.797
  Required (ns):          12.382

Path 8
  From: DDR3_0_0/MSC_i_0/MSC_i_1/MSC_i_4/MSC_i_190/init_sm[5]:CLK
  To:   DDR3_0_0/MSC_i_0/MSC_i_1/MSC_i_4/MSC_i_190/MSC_i_191/precharge_ob[1]:D
  Delay (ns):              3.367
  Slack (ns):              2.589
  Arrival (ns):            9.793
  Required (ns):          12.382

Path 9
  From: DDR3_0_0/MSC_i_0/MSC_i_1/MSC_i_4/MSC_i_190/init_sm[5]:CLK
  To:   DDR3_0_0/MSC_i_0/MSC_i_1/MSC_i_4/MSC_i_190/MSC_i_191/precharge_ob[0]:D
  Delay (ns):              3.366
  Slack (ns):              2.591
  Arrival (ns):            9.792
  Required (ns):          12.383

Path 10
  From: DDR3_0_0/MSC_i_0/MSC_i_1/MSC_i_225/MSC_i_226/cal_select:CLK
  To:   DDR3_0_0/MSC_i_0/MSC_i_1/MSC_i_225/MSC_i_226/st_timer[15]:EN
  Delay (ns):              3.174
  Slack (ns):              2.609
  Arrival (ns):            9.600
  Required (ns):          12.209

Path 11
  From: DDR3_0_0/MSC_i_0/MSC_i_1/MSC_i_225/MSC_i_226/cal_select:CLK
  To:   DDR3_0_0/MSC_i_0/MSC_i_1/MSC_i_225/MSC_i_226/st_timer[5]:EN
  Delay (ns):              3.174
  Slack (ns):              2.609
  Arrival (ns):            9.600
  Required (ns):          12.209

Path 12
  From: DDR3_0_0/MSC_i_0/MSC_i_1/MSC_i_225/MSC_i_226/cal_select:CLK
  To:   DDR3_0_0/MSC_i_0/MSC_i_1/MSC_i_225/MSC_i_226/st_timer_load:EN
  Delay (ns):              3.174
  Slack (ns):              2.609
  Arrival (ns):            9.600
  Required (ns):          12.209

Path 13
  From: DDR3_0_0/MSC_i_0/MSC_i_1/MSC_i_225/MSC_i_226/cal_select:CLK
  To:   DDR3_0_0/MSC_i_0/MSC_i_1/MSC_i_225/MSC_i_226/st_timer[4]:EN
  Delay (ns):              3.173
  Slack (ns):              2.610
  Arrival (ns):            9.599
  Required (ns):          12.209

Path 14
  From: DDR3_0_0/MSC_i_0/MSC_i_1/MSC_i_225/MSC_i_226/cal_select:CLK
  To:   DDR3_0_0/MSC_i_0/MSC_i_1/MSC_i_225/MSC_i_226/st_timer[6]:EN
  Delay (ns):              3.173
  Slack (ns):              2.610
  Arrival (ns):            9.599
  Required (ns):          12.209

Path 15
  From: DDR3_0_0/MSC_i_0/MSC_i_1/MSC_i_225/MSC_i_226/cal_select:CLK
  To:   DDR3_0_0/MSC_i_0/MSC_i_1/MSC_i_225/MSC_i_226/st_timer[0]:EN
  Delay (ns):              3.170
  Slack (ns):              2.613
  Arrival (ns):            9.596
  Required (ns):          12.209

Path 16
  From: DDR3_0_0/MSC_i_0/MSC_i_1/MSC_i_225/MSC_i_226/cal_select:CLK
  To:   DDR3_0_0/MSC_i_0/MSC_i_1/MSC_i_225/MSC_i_226/st_timer[1]:EN
  Delay (ns):              3.170
  Slack (ns):              2.613
  Arrival (ns):            9.596
  Required (ns):          12.209

Path 17
  From: DDR3_0_0/MSC_i_0/MSC_i_1/MSC_i_225/MSC_i_226/cal_select:CLK
  To:   DDR3_0_0/MSC_i_0/MSC_i_1/MSC_i_225/MSC_i_226/st_timer[2]:EN
  Delay (ns):              3.170
  Slack (ns):              2.613
  Arrival (ns):            9.596
  Required (ns):          12.209

Path 18
  From: DDR3_0_0/MSC_i_0/MSC_i_1/MSC_i_225/MSC_i_226/cal_select:CLK
  To:   DDR3_0_0/MSC_i_0/MSC_i_1/MSC_i_225/MSC_i_226/st_timer[3]:EN
  Delay (ns):              3.170
  Slack (ns):              2.613
  Arrival (ns):            9.596
  Required (ns):          12.209

Path 19
  From: DDR3_0_0/MSC_i_0/MSC_i_1/MSC_i_4/MSC_i_183/wrtq_rd_ptr[1]:CLK
  To:   DDR3_0_0/MSC_i_0/MSC_i_1/MSC_i_4/MSC_i_183/wrtq_wr_count[0]:SLn
  Delay (ns):              3.290
  Slack (ns):              2.634
  Arrival (ns):            9.710
  Required (ns):          12.344

Path 20
  From: DDR3_0_0/MSC_i_0/MSC_i_1/MSC_i_4/MSC_i_183/wrtq_rd_ptr[1]:CLK
  To:   DDR3_0_0/MSC_i_0/MSC_i_1/MSC_i_4/MSC_i_183/wrtq_wr_count[2]:SLn
  Delay (ns):              3.290
  Slack (ns):              2.634
  Arrival (ns):            9.710
  Required (ns):          12.344

Path 21
  From: DDR3_0_0/MSC_i_0/MSC_i_1/MSC_i_4/MSC_i_183/wrtq_rd_ptr[1]:CLK
  To:   DDR3_0_0/MSC_i_0/MSC_i_1/MSC_i_4/MSC_i_183/wrtq_wr_count[4]:SLn
  Delay (ns):              3.290
  Slack (ns):              2.634
  Arrival (ns):            9.710
  Required (ns):          12.344

Path 22
  From: DDR3_0_0/MSC_i_0/MSC_i_1/MSC_i_4/MSC_i_183/wrtq_rd_ptr[1]:CLK
  To:   DDR3_0_0/MSC_i_0/MSC_i_1/MSC_i_4/MSC_i_183/wrtq_wr_count[6]:SLn
  Delay (ns):              3.290
  Slack (ns):              2.634
  Arrival (ns):            9.710
  Required (ns):          12.344

Path 23
  From: DDR3_0_0/MSC_i_0/MSC_i_1/MSC_i_4/MSC_i_183/wrtq_rd_ptr[1]:CLK
  To:   DDR3_0_0/MSC_i_0/MSC_i_1/MSC_i_4/MSC_i_183/wrtq_wr_count[1]:SLn
  Delay (ns):              3.287
  Slack (ns):              2.637
  Arrival (ns):            9.707
  Required (ns):          12.344

Path 24
  From: DDR3_0_0/MSC_i_0/MSC_i_1/MSC_i_4/MSC_i_183/wrtq_rd_ptr[1]:CLK
  To:   DDR3_0_0/MSC_i_0/MSC_i_1/MSC_i_4/MSC_i_183/wrtq_wr_count[3]:SLn
  Delay (ns):              3.287
  Slack (ns):              2.637
  Arrival (ns):            9.707
  Required (ns):          12.344

Path 25
  From: DDR3_0_0/MSC_i_0/MSC_i_1/MSC_i_4/MSC_i_183/wrtq_rd_ptr[1]:CLK
  To:   DDR3_0_0/MSC_i_0/MSC_i_1/MSC_i_4/MSC_i_183/wrtq_wr_count[5]:SLn
  Delay (ns):              3.287
  Slack (ns):              2.637
  Arrival (ns):            9.707
  Required (ns):          12.344

Path 26
  From: DDR3_0_0/MSC_i_0/MSC_i_1/MSC_i_4/MSC_i_183/wrtq_rd_ptr[1]:CLK
  To:   DDR3_0_0/MSC_i_0/MSC_i_1/MSC_i_4/MSC_i_183/wrtq_wr_count[7]:SLn
  Delay (ns):              3.287
  Slack (ns):              2.637
  Arrival (ns):            9.707
  Required (ns):          12.344

Path 27
  From: DDR3_0_0/MSC_i_0/MSC_i_1/MSC_i_4/MSC_i_190/init_sm[4]:CLK
  To:   DDR3_0_0/MSC_i_0/MSC_i_1/MSC_i_4/MSC_i_190/MSC_i_191/precharge_ob[2]:D
  Delay (ns):              3.317
  Slack (ns):              2.642
  Arrival (ns):            9.740
  Required (ns):          12.382

Path 28
  From: DDR3_0_0/MSC_i_0/MSC_i_1/MSC_i_4/MSC_i_190/init_sm[0]:CLK
  To:   DDR3_0_0/MSC_i_0/MSC_i_1/MSC_i_4/MSC_i_190/nwl_timer2[16]:D
  Delay (ns):              3.314
  Slack (ns):              2.648
  Arrival (ns):            9.737
  Required (ns):          12.385

Path 29
  From: DDR3_0_0/MSC_i_0/MSC_i_1/MSC_i_4/MSC_i_190/init_sm[5]:CLK
  To:   DDR3_0_0/MSC_i_0/MSC_i_1/MSC_i_4/MSC_i_190/MSC_i_191/precharge_ob[2]:D
  Delay (ns):              3.304
  Slack (ns):              2.652
  Arrival (ns):            9.730
  Required (ns):          12.382

Path 30
  From: DDR3_0_0/DDRPHY_BLK_0/IOD_TRAINING_0/COREDDR_TIP_INT_U/TIP_CTRL_BLK/TRN_CLK/cmd_addr_trainer/vcophsel_calc[0]:CLK
  To:   DDR3_0_0/DDRPHY_BLK_0/IOD_TRAINING_0/COREDDR_TIP_INT_U/TIP_CTRL_BLK/TRN_CLK/cmd_addr_trainer/min_vcophsel_index[0]:EN
  Delay (ns):              3.186
  Slack (ns):              2.655
  Arrival (ns):            9.619
  Required (ns):          12.274

Path 31
  From: DDR3_0_0/DDRPHY_BLK_0/IOD_TRAINING_0/COREDDR_TIP_INT_U/TIP_CTRL_BLK/TRN_CLK/cmd_addr_trainer/vcophsel_calc[0]:CLK
  To:   DDR3_0_0/DDRPHY_BLK_0/IOD_TRAINING_0/COREDDR_TIP_INT_U/TIP_CTRL_BLK/TRN_CLK/cmd_addr_trainer/min_vcophsel_index[1]:EN
  Delay (ns):              3.183
  Slack (ns):              2.657
  Arrival (ns):            9.616
  Required (ns):          12.273

Path 32
  From: DDR3_0_0/DDRPHY_BLK_0/IOD_TRAINING_0/COREDDR_TIP_INT_U/TIP_CTRL_BLK/TRN_CLK/cmd_addr_trainer/vcophsel_calc[0]:CLK
  To:   DDR3_0_0/DDRPHY_BLK_0/IOD_TRAINING_0/COREDDR_TIP_INT_U/TIP_CTRL_BLK/TRN_CLK/cmd_addr_trainer/min_vcophsel_index[2]:EN
  Delay (ns):              3.183
  Slack (ns):              2.657
  Arrival (ns):            9.616
  Required (ns):          12.273

Path 33
  From: DDR3_0_0/MSC_i_0/MSC_i_1/MSC_i_4/MSC_i_183/wrtq_rd_ptr[1]:CLK
  To:   DDR3_0_0/MSC_i_0/MSC_i_1/MSC_i_4/MSC_i_183/wrtq_wr_count[8]:SLn
  Delay (ns):              3.252
  Slack (ns):              2.657
  Arrival (ns):            9.672
  Required (ns):          12.329

Path 34
  From: DDR3_0_0/MSC_i_0/MSC_i_1/MSC_i_225/MSC_i_226/cal_init_mr_addr_1[5]:CLK
  To:   DDR3_0_0/MSC_i_0/MSC_i_1/MSC_i_4/MSC_i_190/MSC_i_191/precharge_ob[3]:D
  Delay (ns):              3.287
  Slack (ns):              2.663
  Arrival (ns):            9.719
  Required (ns):          12.382

Path 35
  From: DDR3_0_0/MSC_i_0/MSC_i_1/MSC_i_225/MSC_i_226/cal_init_mr_addr_1[5]:CLK
  To:   DDR3_0_0/MSC_i_0/MSC_i_1/MSC_i_4/MSC_i_190/MSC_i_191/precharge_cs[0]:D
  Delay (ns):              3.277
  Slack (ns):              2.673
  Arrival (ns):            9.709
  Required (ns):          12.382

Path 36
  From: DDR3_0_0/MSC_i_0/MSC_i_1/MSC_i_225/MSC_i_226/cal_select:CLK
  To:   DDR3_0_0/MSC_i_0/MSC_i_1/MSC_i_4/MSC_i_190/MSC_i_191/precharge_ob[3]:D
  Delay (ns):              3.283
  Slack (ns):              2.673
  Arrival (ns):            9.709
  Required (ns):          12.382

Path 37
  From: DDR3_0_0/MSC_i_0/MSC_i_1/MSC_i_225/MSC_i_226/cal_select:CLK
  To:   DDR3_0_0/MSC_i_0/MSC_i_1/MSC_i_225/MSC_i_226/st_timer[8]:EN
  Delay (ns):              3.108
  Slack (ns):              2.676
  Arrival (ns):            9.534
  Required (ns):          12.210

Path 38
  From: DDR3_0_0/MSC_i_0/MSC_i_1/MSC_i_4/MSC_i_190/init_sm[0]:CLK
  To:   DDR3_0_0/MSC_i_0/MSC_i_1/MSC_i_4/MSC_i_190/nwl_timer2[5]:D
  Delay (ns):              3.260
  Slack (ns):              2.676
  Arrival (ns):            9.683
  Required (ns):          12.359

Path 39
  From: DDR3_0_0/MSC_i_0/MSC_i_1/MSC_i_4/MSC_i_190/init_sm[3]:CLK
  To:   DDR3_0_0/MSC_i_0/MSC_i_1/MSC_i_4/MSC_i_190/MSC_i_191/precharge_ob[3]:D
  Delay (ns):              3.283
  Slack (ns):              2.676
  Arrival (ns):            9.706
  Required (ns):          12.382

Path 40
  From: DDR3_0_0/MSC_i_0/MSC_i_1/MSC_i_225/MSC_i_226/cal_init_mr_addr_1[5]:CLK
  To:   DDR3_0_0/MSC_i_0/MSC_i_1/MSC_i_4/MSC_i_190/MSC_i_191/precharge_ob[1]:D
  Delay (ns):              3.273
  Slack (ns):              2.677
  Arrival (ns):            9.705
  Required (ns):          12.382

Path 41
  From: DDR3_0_0/MSC_i_0/MSC_i_1/MSC_i_225/MSC_i_226/cal_select:CLK
  To:   DDR3_0_0/MSC_i_0/MSC_i_1/MSC_i_225/MSC_i_226/st_timer[14]:EN
  Delay (ns):              3.107
  Slack (ns):              2.677
  Arrival (ns):            9.533
  Required (ns):          12.210

Path 42
  From: DDR3_0_0/MSC_i_0/MSC_i_1/MSC_i_225/MSC_i_226/cal_select:CLK
  To:   DDR3_0_0/MSC_i_0/MSC_i_1/MSC_i_225/MSC_i_226/st_timer[7]:EN
  Delay (ns):              3.107
  Slack (ns):              2.677
  Arrival (ns):            9.533
  Required (ns):          12.210

Path 43
  From: DDR3_0_0/MSC_i_0/MSC_i_1/MSC_i_225/MSC_i_226/cal_init_mr_addr_1[5]:CLK
  To:   DDR3_0_0/MSC_i_0/MSC_i_1/MSC_i_4/MSC_i_190/MSC_i_191/precharge_ob[0]:D
  Delay (ns):              3.272
  Slack (ns):              2.679
  Arrival (ns):            9.704
  Required (ns):          12.383

Path 44
  From: DDR3_0_0/MSC_i_0/MSC_i_1/MSC_i_225/MSC_i_226/cal_select:CLK
  To:   DDR3_0_0/MSC_i_0/MSC_i_1/MSC_i_4/MSC_i_190/MSC_i_191/precharge_cs[0]:D
  Delay (ns):              3.273
  Slack (ns):              2.683
  Arrival (ns):            9.699
  Required (ns):          12.382

Path 45
  From: DDR3_0_0/MSC_i_0/MSC_i_1/MSC_i_225/MSC_i_226/cal_init_mr_addr_1[4]:CLK
  To:   DDR3_0_0/MSC_i_0/MSC_i_1/MSC_i_4/MSC_i_190/MSC_i_191/precharge_ob[3]:D
  Delay (ns):              3.266
  Slack (ns):              2.684
  Arrival (ns):            9.698
  Required (ns):          12.382

Path 46
  From: DDR3_0_0/MSC_i_0/MSC_i_1/MSC_i_4/MSC_i_190/init_sm[0]:CLK
  To:   DDR3_0_0/MSC_i_0/MSC_i_1/MSC_i_4/MSC_i_190/nwl_timer2[19]:D
  Delay (ns):              3.251
  Slack (ns):              2.684
  Arrival (ns):            9.674
  Required (ns):          12.358

Path 47
  From: DDR3_0_0/MSC_i_0/MSC_i_1/MSC_i_4/MSC_i_190/init_sm[0]:CLK
  To:   DDR3_0_0/MSC_i_0/MSC_i_1/MSC_i_4/MSC_i_190/MSC_i_191/precharge_ob[3]:D
  Delay (ns):              3.273
  Slack (ns):              2.686
  Arrival (ns):            9.696
  Required (ns):          12.382

Path 48
  From: DDR3_0_0/MSC_i_0/MSC_i_1/MSC_i_4/MSC_i_190/init_sm[3]:CLK
  To:   DDR3_0_0/MSC_i_0/MSC_i_1/MSC_i_4/MSC_i_190/MSC_i_191/precharge_cs[0]:D
  Delay (ns):              3.273
  Slack (ns):              2.686
  Arrival (ns):            9.696
  Required (ns):          12.382

Path 49
  From: DDR3_0_0/MSC_i_0/MSC_i_1/MSC_i_225/MSC_i_226/cal_select:CLK
  To:   DDR3_0_0/MSC_i_0/MSC_i_1/MSC_i_4/MSC_i_190/MSC_i_191/precharge_ob[1]:D
  Delay (ns):              3.269
  Slack (ns):              2.687
  Arrival (ns):            9.695
  Required (ns):          12.382

Path 50
  From: DDR3_0_0/MSC_i_0/MSC_i_1/MSC_i_225/MSC_i_226/cal_select:CLK
  To:   DDR3_0_0/MSC_i_0/MSC_i_1/MSC_i_4/MSC_i_190/MSC_i_191/precharge_ob[0]:D
  Delay (ns):              3.268
  Slack (ns):              2.689
  Arrival (ns):            9.694
  Required (ns):          12.383

Path 51
  From: DDR3_0_0/MSC_i_0/MSC_i_1/MSC_i_4/MSC_i_190/init_sm[0]:CLK
  To:   DDR3_0_0/MSC_i_0/MSC_i_1/MSC_i_4/MSC_i_190/nwl_timer2[8]:D
  Delay (ns):              3.273
  Slack (ns):              2.690
  Arrival (ns):            9.696
  Required (ns):          12.386

Path 52
  From: DDR3_0_0/MSC_i_0/MSC_i_1/MSC_i_4/MSC_i_190/init_sm[3]:CLK
  To:   DDR3_0_0/MSC_i_0/MSC_i_1/MSC_i_4/MSC_i_190/MSC_i_191/precharge_ob[1]:D
  Delay (ns):              3.269
  Slack (ns):              2.690
  Arrival (ns):            9.692
  Required (ns):          12.382

Path 53
  From: DDR3_0_0/MSC_i_0/MSC_i_1/MSC_i_4/MSC_i_190/init_sm[3]:CLK
  To:   DDR3_0_0/MSC_i_0/MSC_i_1/MSC_i_4/MSC_i_190/MSC_i_191/precharge_ob[0]:D
  Delay (ns):              3.268
  Slack (ns):              2.692
  Arrival (ns):            9.691
  Required (ns):          12.383

Path 54
  From: DDR3_0_0/MSC_i_0/MSC_i_1/MSC_i_4/MSC_i_190/user_mr_w_req:CLK
  To:   DDR3_0_0/MSC_i_0/MSC_i_1/MSC_i_4/MSC_i_190/MSC_i_191/precharge_ob[3]:D
  Delay (ns):              3.258
  Slack (ns):              2.692
  Arrival (ns):            9.690
  Required (ns):          12.382

Path 55
  From: DDR3_0_0/MSC_i_0/MSC_i_1/MSC_i_4/MSC_i_190/init_sm[1]:CLK
  To:   DDR3_0_0/MSC_i_0/MSC_i_1/MSC_i_4/MSC_i_190/MSC_i_191/precharge_ob[3]:D
  Delay (ns):              3.265
  Slack (ns):              2.693
  Arrival (ns):            9.689
  Required (ns):          12.382

Path 56
  From: DDR3_0_0/MSC_i_0/MSC_i_1/MSC_i_225/MSC_i_226/cal_init_mr_addr_1[0]:CLK
  To:   DDR3_0_0/MSC_i_0/MSC_i_1/MSC_i_4/MSC_i_190/MSC_i_191/precharge_ob[3]:D
  Delay (ns):              3.256
  Slack (ns):              2.694
  Arrival (ns):            9.688
  Required (ns):          12.382

Path 57
  From: DDR3_0_0/MSC_i_0/MSC_i_1/MSC_i_225/MSC_i_226/cal_init_mr_addr_1[4]:CLK
  To:   DDR3_0_0/MSC_i_0/MSC_i_1/MSC_i_4/MSC_i_190/MSC_i_191/precharge_cs[0]:D
  Delay (ns):              3.256
  Slack (ns):              2.694
  Arrival (ns):            9.688
  Required (ns):          12.382

Path 58
  From: DDR3_0_0/MSC_i_0/MSC_i_1/MSC_i_4/MSC_i_183/wrtq_rd_ptr[0]:CLK
  To:   DDR3_0_0/MSC_i_0/MSC_i_1/MSC_i_4/MSC_i_183/wrtq_wr_count[0]:SLn
  Delay (ns):              3.216
  Slack (ns):              2.694
  Arrival (ns):            9.637
  Required (ns):          12.331

Path 59
  From: DDR3_0_0/MSC_i_0/MSC_i_1/MSC_i_4/MSC_i_183/wrtq_rd_ptr[0]:CLK
  To:   DDR3_0_0/MSC_i_0/MSC_i_1/MSC_i_4/MSC_i_183/wrtq_wr_count[2]:SLn
  Delay (ns):              3.216
  Slack (ns):              2.694
  Arrival (ns):            9.637
  Required (ns):          12.331

Path 60
  From: DDR3_0_0/MSC_i_0/MSC_i_1/MSC_i_4/MSC_i_183/wrtq_rd_ptr[0]:CLK
  To:   DDR3_0_0/MSC_i_0/MSC_i_1/MSC_i_4/MSC_i_183/wrtq_wr_count[4]:SLn
  Delay (ns):              3.216
  Slack (ns):              2.694
  Arrival (ns):            9.637
  Required (ns):          12.331

Path 61
  From: DDR3_0_0/MSC_i_0/MSC_i_1/MSC_i_4/MSC_i_183/wrtq_rd_ptr[0]:CLK
  To:   DDR3_0_0/MSC_i_0/MSC_i_1/MSC_i_4/MSC_i_183/wrtq_wr_count[6]:SLn
  Delay (ns):              3.216
  Slack (ns):              2.694
  Arrival (ns):            9.637
  Required (ns):          12.331

Path 62
  From: DDR3_0_0/MSC_i_0/MSC_i_1/MSC_i_4/MSC_i_190/init_sm[2]:CLK
  To:   DDR3_0_0/MSC_i_0/MSC_i_1/MSC_i_4/MSC_i_190/MSC_i_191/precharge_ob[3]:D
  Delay (ns):              3.264
  Slack (ns):              2.694
  Arrival (ns):            9.688
  Required (ns):          12.382

Path 63
  From: DDR3_0_0/MSC_i_0/MSC_i_1/MSC_i_4/MSC_i_190/init_sm[0]:CLK
  To:   DDR3_0_0/MSC_i_0/MSC_i_1/MSC_i_4/MSC_i_190/MSC_i_191/precharge_cs[0]:D
  Delay (ns):              3.263
  Slack (ns):              2.696
  Arrival (ns):            9.686
  Required (ns):          12.382

Path 64
  From: DDR3_0_0/MSC_i_0/MSC_i_1/MSC_i_4/MSC_i_183/wrtq_rd_ptr[0]:CLK
  To:   DDR3_0_0/MSC_i_0/MSC_i_1/MSC_i_4/MSC_i_183/wrtq_wr_count[1]:SLn
  Delay (ns):              3.213
  Slack (ns):              2.697
  Arrival (ns):            9.634
  Required (ns):          12.331

Path 65
  From: DDR3_0_0/MSC_i_0/MSC_i_1/MSC_i_4/MSC_i_183/wrtq_rd_ptr[0]:CLK
  To:   DDR3_0_0/MSC_i_0/MSC_i_1/MSC_i_4/MSC_i_183/wrtq_wr_count[3]:SLn
  Delay (ns):              3.213
  Slack (ns):              2.697
  Arrival (ns):            9.634
  Required (ns):          12.331

Path 66
  From: DDR3_0_0/MSC_i_0/MSC_i_1/MSC_i_4/MSC_i_183/wrtq_rd_ptr[0]:CLK
  To:   DDR3_0_0/MSC_i_0/MSC_i_1/MSC_i_4/MSC_i_183/wrtq_wr_count[5]:SLn
  Delay (ns):              3.213
  Slack (ns):              2.697
  Arrival (ns):            9.634
  Required (ns):          12.331

Path 67
  From: DDR3_0_0/MSC_i_0/MSC_i_1/MSC_i_4/MSC_i_183/wrtq_rd_ptr[0]:CLK
  To:   DDR3_0_0/MSC_i_0/MSC_i_1/MSC_i_4/MSC_i_183/wrtq_wr_count[7]:SLn
  Delay (ns):              3.213
  Slack (ns):              2.697
  Arrival (ns):            9.634
  Required (ns):          12.331

Path 68
  From: DDR3_0_0/MSC_i_0/MSC_i_1/MSC_i_225/MSC_i_226/cal_init_mr_addr_1[4]:CLK
  To:   DDR3_0_0/MSC_i_0/MSC_i_1/MSC_i_4/MSC_i_190/MSC_i_191/precharge_ob[1]:D
  Delay (ns):              3.252
  Slack (ns):              2.698
  Arrival (ns):            9.684
  Required (ns):          12.382

Path 69
  From: DDR3_0_0/MSC_i_0/MSC_i_1/MSC_i_4/MSC_i_190/init_sm[0]:CLK
  To:   DDR3_0_0/MSC_i_0/MSC_i_1/MSC_i_4/MSC_i_190/nwl_timer2[9]:D
  Delay (ns):              3.238
  Slack (ns):              2.698
  Arrival (ns):            9.661
  Required (ns):          12.359

Path 70
  From: DDR3_0_0/MSC_i_0/MSC_i_1/MSC_i_225/MSC_i_226/cal_init_mr_addr_1[4]:CLK
  To:   DDR3_0_0/MSC_i_0/MSC_i_1/MSC_i_4/MSC_i_190/MSC_i_191/precharge_ob[0]:D
  Delay (ns):              3.251
  Slack (ns):              2.700
  Arrival (ns):            9.683
  Required (ns):          12.383

Path 71
  From: DDR3_0_0/MSC_i_0/MSC_i_1/MSC_i_4/MSC_i_190/init_sm[0]:CLK
  To:   DDR3_0_0/MSC_i_0/MSC_i_1/MSC_i_4/MSC_i_190/MSC_i_191/precharge_ob[1]:D
  Delay (ns):              3.259
  Slack (ns):              2.700
  Arrival (ns):            9.682
  Required (ns):          12.382

Path 72
  From: DDR3_0_0/MSC_i_0/MSC_i_1/MSC_i_4/MSC_i_190/init_sm[0]:CLK
  To:   DDR3_0_0/MSC_i_0/MSC_i_1/MSC_i_4/MSC_i_190/nwl_timer2[10]:D
  Delay (ns):              3.262
  Slack (ns):              2.700
  Arrival (ns):            9.685
  Required (ns):          12.385

Path 73
  From: DDR3_0_0/MSC_i_0/MSC_i_1/MSC_i_225/MSC_i_226/cal_init_mr_addr_1[1]:CLK
  To:   DDR3_0_0/MSC_i_0/MSC_i_1/MSC_i_4/MSC_i_190/MSC_i_191/precharge_ob[3]:D
  Delay (ns):              3.249
  Slack (ns):              2.701
  Arrival (ns):            9.681
  Required (ns):          12.382

Path 74
  From: DDR3_0_0/MSC_i_0/MSC_i_1/MSC_i_225/MSC_i_226/cal_init_mr_addr_1[3]:CLK
  To:   DDR3_0_0/MSC_i_0/MSC_i_1/MSC_i_4/MSC_i_190/MSC_i_191/precharge_ob[3]:D
  Delay (ns):              3.249
  Slack (ns):              2.701
  Arrival (ns):            9.681
  Required (ns):          12.382

Path 75
  From: DDR3_0_0/MSC_i_0/MSC_i_1/MSC_i_4/MSC_i_190/init_sm[0]:CLK
  To:   DDR3_0_0/MSC_i_0/MSC_i_1/MSC_i_4/MSC_i_190/MSC_i_191/precharge_ob[0]:D
  Delay (ns):              3.258
  Slack (ns):              2.702
  Arrival (ns):            9.681
  Required (ns):          12.383

Path 76
  From: DDR3_0_0/MSC_i_0/MSC_i_1/MSC_i_4/MSC_i_190/user_mr_w_req:CLK
  To:   DDR3_0_0/MSC_i_0/MSC_i_1/MSC_i_4/MSC_i_190/MSC_i_191/precharge_cs[0]:D
  Delay (ns):              3.248
  Slack (ns):              2.702
  Arrival (ns):            9.680
  Required (ns):          12.382

Path 77
  From: DDR3_0_0/MSC_i_0/MSC_i_1/MSC_i_4/MSC_i_190/init_sm[1]:CLK
  To:   DDR3_0_0/MSC_i_0/MSC_i_1/MSC_i_4/MSC_i_190/MSC_i_191/precharge_cs[0]:D
  Delay (ns):              3.255
  Slack (ns):              2.703
  Arrival (ns):            9.679
  Required (ns):          12.382

Path 78
  From: DDR3_0_0/MSC_i_0/MSC_i_1/MSC_i_225/MSC_i_226/cal_init_mr_addr_1[0]:CLK
  To:   DDR3_0_0/MSC_i_0/MSC_i_1/MSC_i_4/MSC_i_190/MSC_i_191/precharge_cs[0]:D
  Delay (ns):              3.246
  Slack (ns):              2.704
  Arrival (ns):            9.678
  Required (ns):          12.382

Path 79
  From: DDR3_0_0/MSC_i_0/MSC_i_1/MSC_i_4/MSC_i_190/init_sm[0]:CLK
  To:   DDR3_0_0/MSC_i_0/MSC_i_1/MSC_i_4/MSC_i_190/nwl_timer2[17]:D
  Delay (ns):              3.258
  Slack (ns):              2.704
  Arrival (ns):            9.681
  Required (ns):          12.385

Path 80
  From: DDR3_0_0/MSC_i_0/MSC_i_1/MSC_i_4/MSC_i_190/init_sm[2]:CLK
  To:   DDR3_0_0/MSC_i_0/MSC_i_1/MSC_i_4/MSC_i_190/MSC_i_191/precharge_cs[0]:D
  Delay (ns):              3.254
  Slack (ns):              2.704
  Arrival (ns):            9.678
  Required (ns):          12.382

Path 81
  From: DDR3_0_0/MSC_i_0/MSC_i_1/MSC_i_225/MSC_i_226/cal_select:CLK
  To:   DDR3_0_0/MSC_i_0/MSC_i_1/MSC_i_4/MSC_i_190/MSC_i_191/rowaddr_act[2]:EN
  Delay (ns):              3.081
  Slack (ns):              2.706
  Arrival (ns):            9.507
  Required (ns):          12.213

Path 82
  From: DDR3_0_0/MSC_i_0/MSC_i_1/MSC_i_225/MSC_i_226/cal_select:CLK
  To:   DDR3_0_0/MSC_i_0/MSC_i_1/MSC_i_4/MSC_i_190/MSC_i_191/rowaddr_act[9]:EN
  Delay (ns):              3.081
  Slack (ns):              2.706
  Arrival (ns):            9.507
  Required (ns):          12.213

Path 83
  From: DDR3_0_0/MSC_i_0/MSC_i_1/MSC_i_4/MSC_i_190/user_mr_w_req:CLK
  To:   DDR3_0_0/MSC_i_0/MSC_i_1/MSC_i_4/MSC_i_190/MSC_i_191/precharge_ob[1]:D
  Delay (ns):              3.244
  Slack (ns):              2.706
  Arrival (ns):            9.676
  Required (ns):          12.382

Path 84
  From: DDR3_0_0/MSC_i_0/MSC_i_1/MSC_i_4/MSC_i_190/init_sm[1]:CLK
  To:   DDR3_0_0/MSC_i_0/MSC_i_1/MSC_i_4/MSC_i_190/MSC_i_191/precharge_ob[1]:D
  Delay (ns):              3.251
  Slack (ns):              2.707
  Arrival (ns):            9.675
  Required (ns):          12.382

Path 85
  From: DDR3_0_0/MSC_i_0/MSC_i_1/MSC_i_225/MSC_i_226/cal_init_mr_addr_1[0]:CLK
  To:   DDR3_0_0/MSC_i_0/MSC_i_1/MSC_i_4/MSC_i_190/MSC_i_191/precharge_ob[1]:D
  Delay (ns):              3.242
  Slack (ns):              2.708
  Arrival (ns):            9.674
  Required (ns):          12.382

Path 86
  From: DDR3_0_0/MSC_i_0/MSC_i_1/MSC_i_4/MSC_i_190/init_sm[2]:CLK
  To:   DDR3_0_0/MSC_i_0/MSC_i_1/MSC_i_4/MSC_i_190/MSC_i_191/precharge_ob[1]:D
  Delay (ns):              3.250
  Slack (ns):              2.708
  Arrival (ns):            9.674
  Required (ns):          12.382

Path 87
  From: DDR3_0_0/MSC_i_0/MSC_i_1/MSC_i_4/MSC_i_190/user_mr_w_req:CLK
  To:   DDR3_0_0/MSC_i_0/MSC_i_1/MSC_i_4/MSC_i_190/MSC_i_191/precharge_ob[0]:D
  Delay (ns):              3.243
  Slack (ns):              2.708
  Arrival (ns):            9.675
  Required (ns):          12.383

Path 88
  From: DDR3_0_0/MSC_i_0/MSC_i_1/MSC_i_4/MSC_i_190/init_sm[1]:CLK
  To:   DDR3_0_0/MSC_i_0/MSC_i_1/MSC_i_4/MSC_i_190/MSC_i_191/precharge_ob[0]:D
  Delay (ns):              3.250
  Slack (ns):              2.709
  Arrival (ns):            9.674
  Required (ns):          12.383

Path 89
  From: DDR3_0_0/MSC_i_0/MSC_i_1/MSC_i_225/MSC_i_226/cal_init_mr_addr_1[0]:CLK
  To:   DDR3_0_0/MSC_i_0/MSC_i_1/MSC_i_4/MSC_i_190/MSC_i_191/precharge_ob[0]:D
  Delay (ns):              3.241
  Slack (ns):              2.710
  Arrival (ns):            9.673
  Required (ns):          12.383

Path 90
  From: DDR3_0_0/MSC_i_0/MSC_i_1/MSC_i_4/MSC_i_190/init_sm[2]:CLK
  To:   DDR3_0_0/MSC_i_0/MSC_i_1/MSC_i_4/MSC_i_190/MSC_i_191/precharge_ob[0]:D
  Delay (ns):              3.249
  Slack (ns):              2.710
  Arrival (ns):            9.673
  Required (ns):          12.383

Path 91
  From: DDR3_0_0/MSC_i_0/MSC_i_1/MSC_i_225/MSC_i_226/cal_init_mr_addr_1[1]:CLK
  To:   DDR3_0_0/MSC_i_0/MSC_i_1/MSC_i_4/MSC_i_190/MSC_i_191/precharge_cs[0]:D
  Delay (ns):              3.239
  Slack (ns):              2.711
  Arrival (ns):            9.671
  Required (ns):          12.382

Path 92
  From: DDR3_0_0/MSC_i_0/MSC_i_1/MSC_i_225/MSC_i_226/cal_init_mr_addr_1[3]:CLK
  To:   DDR3_0_0/MSC_i_0/MSC_i_1/MSC_i_4/MSC_i_190/MSC_i_191/precharge_cs[0]:D
  Delay (ns):              3.239
  Slack (ns):              2.711
  Arrival (ns):            9.671
  Required (ns):          12.382

Path 93
  From: DDR3_0_0/MSC_i_0/MSC_i_1/MSC_i_4/MSC_i_190/init_sm[0]:CLK
  To:   DDR3_0_0/MSC_i_0/MSC_i_1/MSC_i_4/MSC_i_190/nwl_timer2[18]:D
  Delay (ns):              3.223
  Slack (ns):              2.711
  Arrival (ns):            9.646
  Required (ns):          12.357

Path 94
  From: DDR3_0_0/DDRPHY_BLK_0/IOD_TRAINING_0/COREDDR_TIP_INT_U/TIP_CTRL_BLK/TRN_CLK/cmd_addr_trainer/vcophsel_calc[0]:CLK
  To:   DDR3_0_0/DDRPHY_BLK_0/IOD_TRAINING_0/COREDDR_TIP_INT_U/TIP_CTRL_BLK/TRN_CLK/cmd_addr_trainer/min_outdly_val[1]:EN
  Delay (ns):              3.146
  Slack (ns):              2.712
  Arrival (ns):            9.579
  Required (ns):          12.291

Path 95
  From: DDR3_0_0/DDRPHY_BLK_0/IOD_TRAINING_0/COREDDR_TIP_INT_U/TIP_CTRL_BLK/TRN_CLK/cmd_addr_trainer/vcophsel_calc[0]:CLK
  To:   DDR3_0_0/DDRPHY_BLK_0/IOD_TRAINING_0/COREDDR_TIP_INT_U/TIP_CTRL_BLK/TRN_CLK/cmd_addr_trainer/min_outdly_val[3]:EN
  Delay (ns):              3.146
  Slack (ns):              2.712
  Arrival (ns):            9.579
  Required (ns):          12.291

Path 96
  From: DDR3_0_0/DDRPHY_BLK_0/IOD_TRAINING_0/COREDDR_TIP_INT_U/TIP_CTRL_BLK/TRN_CLK/cmd_addr_trainer/vcophsel_calc[0]:CLK
  To:   DDR3_0_0/DDRPHY_BLK_0/IOD_TRAINING_0/COREDDR_TIP_INT_U/TIP_CTRL_BLK/TRN_CLK/cmd_addr_trainer/min_outdly_val[5]:EN
  Delay (ns):              3.146
  Slack (ns):              2.712
  Arrival (ns):            9.579
  Required (ns):          12.291

Path 97
  From: DDR3_0_0/DDRPHY_BLK_0/IOD_TRAINING_0/COREDDR_TIP_INT_U/TIP_CTRL_BLK/TRN_CLK/cmd_addr_trainer/vcophsel_calc[0]:CLK
  To:   DDR3_0_0/DDRPHY_BLK_0/IOD_TRAINING_0/COREDDR_TIP_INT_U/TIP_CTRL_BLK/TRN_CLK/cmd_addr_trainer/min_outdly_val[6]:EN
  Delay (ns):              3.146
  Slack (ns):              2.712
  Arrival (ns):            9.579
  Required (ns):          12.291

Path 98
  From: DDR3_0_0/DDRPHY_BLK_0/IOD_TRAINING_0/COREDDR_TIP_INT_U/TIP_CTRL_BLK/TRN_CLK/cmd_addr_trainer/vcophsel_calc[0]:CLK
  To:   DDR3_0_0/DDRPHY_BLK_0/IOD_TRAINING_0/COREDDR_TIP_INT_U/TIP_CTRL_BLK/TRN_CLK/cmd_addr_trainer/min_outdly_val[2]:EN
  Delay (ns):              3.145
  Slack (ns):              2.713
  Arrival (ns):            9.578
  Required (ns):          12.291

Path 99
  From: DDR3_0_0/DDRPHY_BLK_0/IOD_TRAINING_0/COREDDR_TIP_INT_U/TIP_CTRL_BLK/TRN_CLK/cmd_addr_trainer/vcophsel_calc[0]:CLK
  To:   DDR3_0_0/DDRPHY_BLK_0/IOD_TRAINING_0/COREDDR_TIP_INT_U/TIP_CTRL_BLK/TRN_CLK/cmd_addr_trainer/min_outdly_val[4]:EN
  Delay (ns):              3.145
  Slack (ns):              2.713
  Arrival (ns):            9.578
  Required (ns):          12.291

Path 100
  From: DDR3_0_0/DDRPHY_BLK_0/IOD_TRAINING_0/COREDDR_TIP_INT_U/TIP_CTRL_BLK/TRN_CLK/cmd_addr_trainer/vcophsel_calc[0]:CLK
  To:   DDR3_0_0/DDRPHY_BLK_0/IOD_TRAINING_0/COREDDR_TIP_INT_U/TIP_CTRL_BLK/TRN_CLK/cmd_addr_trainer/min_outdly_val[0]:EN
  Delay (ns):              3.144
  Slack (ns):              2.714
  Arrival (ns):            9.577
  Required (ns):          12.291

